<?xml version="1.0" encoding="UTF-8"?>
<!-- Generated by org.testng.reporters.JUnitXMLReporter -->
<testsuite ignored="0" hostname="LIN24007907" failures="0" tests="4" name="Test" time="135.557" errors="0" timestamp="2021-12-01T20:28:12 IST">
  <testcase classname="SeleniumTesting.AEMhdfc.HomepageTest" name="verifyTermPlanOnBanner" time="24.699"/>
  <testcase classname="SeleniumTesting.AEMhdfc.CategorypageTest" name="navigateToPage" time="8.975"/>
  <testcase classname="SeleniumTesting.AEMhdfc.CategorypageTest" name="verifyC2PLProduct" time="39.188"/>
  <testcase classname="SeleniumTesting.AEMhdfc.CategorypageTest" name="verifySJBProduct" time="31.019"/>
</testsuite> <!-- Test -->
