<?xml version="1.0" encoding="UTF-8"?>
<!-- Generated by org.testng.reporters.JUnitXMLReporter -->
<testsuite ignored="0" hostname="LIN24007907" failures="4" tests="41" name="Test" time="526.076" errors="0" timestamp="2021-12-04T17:01:01 IST">
  <testcase classname="SeleniumTesting.AEMhdfc.HomepageTest" name="verifyBannerCarousel" time="16.459"/>
  <testcase classname="SeleniumTesting.AEMhdfc.HomepageTest" name="verifyTermPlanOnBanner" time="11.352"/>
  <testcase classname="SeleniumTesting.AEMhdfc.HomepageTest" name="verifySavingPlansOnBanner" time="11.83"/>
  <testcase classname="SeleniumTesting.AEMhdfc.HomepageTest" name="verifyChildrenPlansOnBanner" time="10.788"/>
  <testcase classname="SeleniumTesting.AEMhdfc.HomepageTest" name="verifyRetirementPlansOnBanner" time="10.791"/>
  <testcase classname="SeleniumTesting.AEMhdfc.HomepageTest" name="verifyViewAllButton" time="3.331"/>
  <testcase classname="SeleniumTesting.AEMhdfc.HomepageTest" name="verifyULIPPlansOnBanner" time="10.565"/>
  <testcase classname="SeleniumTesting.AEMhdfc.HomepageTest" name="verifyFixedMaturityPlanOnBanner" time="14.139"/>
  <testcase classname="SeleniumTesting.AEMhdfc.HomepageTest" name="verifyHealthPlansOnBanner" time="13.976"/>
  <testcase classname="SeleniumTesting.AEMhdfc.HomepageTest" name="verifyPosPlansOnBanner" time="13.829"/>
  <testcase classname="SeleniumTesting.AEMhdfc.HomepageTest" name="verifyComboPlansOnBanner" time="19.231"/>
  <testcase classname="SeleniumTesting.AEMhdfc.HomepageTest" name="verifyGroupPlansOnBanner" time="33.103"/>
  <testcase classname="SeleniumTesting.AEMhdfc.HomepageTest" name="verifyArrowButtonsOnBanner" time="45.441"/>
  <testcase classname="SeleniumTesting.AEMhdfc.HomepageTest" name="verifyMouseIndicator" time="9.329"/>
  <testcase classname="SeleniumTesting.AEMhdfc.HomepageTest" name="verifyschedulePopupWithValidData" time="8.889"/>
  <testcase classname="SeleniumTesting.AEMhdfc.HomepageTest" name="verifyschedulepopupblankSubmit" time="10.187"/>
  <testcase classname="SeleniumTesting.AEMhdfc.HomepageTest" name="verifyschedulePopupwithoutmindata" time="6.8"/>
  <testcase classname="SeleniumTesting.AEMhdfc.HomepageTest" name="verifycalculatorWithValidData" time="36.738"/>
  <testcase classname="SeleniumTesting.AEMhdfc.HomepageTest" name="verifyCalculatorCloseBtn" time="9.598"/>
  <testcase classname="SeleniumTesting.AEMhdfc.HomepageTest" name="verifySanchayPlusBuyNowBtn" time="12.477"/>
  <testcase classname="SeleniumTesting.AEMhdfc.HomepageTest" name="verifyDisclaimer" time="6.348"/>
  <testcase classname="SeleniumTesting.AEMhdfc.HomepageTest" name="verifyProductAndPopularLinks" time="6.41"/>
  <testcase classname="SeleniumTesting.AEMhdfc.HomepageTest" name="verifyStayConnectedwithUs" time="17.609"/>
  <testcase classname="SeleniumTesting.AEMhdfc.HomepageTest" name="verifyDownloadLinks" time="12.439"/>
  <testcase classname="SeleniumTesting.AEMhdfc.HomepageTest" name="verifySubscribeOptionWithValidData" time="0.018">
    <failure type="java.lang.AssertionError" message="The following asserts failed:
	expected [https://www.hdfclife.com/] but found [https://www.hdfclife.com/#],
	expected [https://www.hdfclife.com/] but found [https://www.hdfclife.com/#],
	expected [https://www.hdfclife.com/] but found [https://www.hdfclife.com/#]">
      <![CDATA[java.lang.AssertionError: The following asserts failed:
expected [https://www.hdfclife.com/] but found [https://www.hdfclife.com/#],
expected [https://www.hdfclife.com/] but found [https://www.hdfclife.com/#],
expected [https://www.hdfclife.com/] but found [https://www.hdfclife.com/#]
at PageObjects.Homepage.emailPlaceholder(Homepage.java:519)
at SeleniumTesting.AEMhdfc.HomepageTest.verifySubscribeOptionWithValidData(HomepageTest.java:267)
at java.base/java.util.ArrayList.forEach(ArrayList.java:1511)
... Removed 33 stack frames]]>
    </failure>
  </testcase> <!-- verifySubscribeOptionWithValidData -->
  <testcase classname="SeleniumTesting.AEMhdfc.HomepageTest" name="verifyGroupWebsitesLinks" time="14.718"/>
  <testcase classname="SeleniumTesting.AEMhdfc.CategorypageTest" name="navigateToPage" time="9.075"/>
  <testcase classname="SeleniumTesting.AEMhdfc.CategorypageTest" name="verifyCalculatePremiumBtn" time="12.581"/>
  <testcase classname="SeleniumTesting.AEMhdfc.CategorypageTest" name="verifyTalkToAdvisor" time="6.618"/>
  <testcase classname="SeleniumTesting.AEMhdfc.CategorypageTest" name="verifyTalkToAdvisorPopup" time="9.733"/>
  <testcase classname="SeleniumTesting.AEMhdfc.CategorypageTest" name="verifyHomeIconInBreadCrumb" time="8.814"/>
  <testcase classname="SeleniumTesting.AEMhdfc.CategorypageTest" name="verifyC2PLProduct" time="29.316"/>
  <testcase classname="SeleniumTesting.AEMhdfc.CategorypageTest" name="verifySJBProduct" time="24.155"/>
  <testcase classname="SeleniumTesting.AEMhdfc.CategorypageTest" name="verifyLetsCalculateBtn" time="7.484">
    <failure type="java.lang.AssertionError" message="The following asserts failed:
	expected [https://onlineinsurance.hdfclife.com/buy-online-term-insurance-plans/saral-jeevan-bima/basic-details?source=NW_SJB_BuyOl&amp;amp;agentcode=00399206&amp;amp;language=en] but found [about:blank]">
      <![CDATA[java.lang.AssertionError: The following asserts failed:
expected [https://onlineinsurance.hdfclife.com/buy-online-term-insurance-plans/saral-jeevan-bima/basic-details?source=NW_SJB_BuyOl&agentcode=00399206&language=en] but found [about:blank]
at PageObjects.Homepage.verifyLink(Homepage.java:627)
at SeleniumTesting.AEMhdfc.CategorypageTest.verifyLetsCalculateBtn(CategorypageTest.java:108)
at java.base/java.util.ArrayList.forEach(ArrayList.java:1511)
... Removed 33 stack frames]]>
    </failure>
  </testcase> <!-- verifyLetsCalculateBtn -->
  <testcase classname="SeleniumTesting.AEMhdfc.CategorypageTest" name="verifyVideoOnCategoryPage" time="0.0">
    <skipped/>
  </testcase> <!-- verifyVideoOnCategoryPage -->
  <testcase classname="SeleniumTesting.AEMhdfc.CategorypageTest" name="verifyWhySection" time="0.0">
    <skipped/>
  </testcase> <!-- verifyWhySection -->
  <testcase classname="SeleniumTesting.AEMhdfc.CategorypageTest" name="verifyTermInsuranceGuideFaqSection" time="0.0">
    <skipped/>
  </testcase> <!-- verifyTermInsuranceGuideFaqSection -->
  <testcase classname="SeleniumTesting.AEMhdfc.CategorypageTest" name="verifyRidersSection" time="0.0">
    <skipped/>
  </testcase> <!-- verifyRidersSection -->
  <testcase classname="SeleniumTesting.AEMhdfc.CategorypageTest" name="verifyContactUs" time="10.918">
    <failure type="java.lang.AssertionError" message="The following asserts failed:
	expected [https://onlineinsurance.hdfclife.com/buy-online-term-insurance-plans/saral-jeevan-bima/basic-details?source=NW_SJB_BuyOl&amp;amp;agentcode=00399206&amp;amp;language=en] but found [about:blank]">
      <![CDATA[java.lang.AssertionError: The following asserts failed:
expected [https://onlineinsurance.hdfclife.com/buy-online-term-insurance-plans/saral-jeevan-bima/basic-details?source=NW_SJB_BuyOl&agentcode=00399206&language=en] but found [about:blank]
at PageObjects.Homepage.verifyLink(Homepage.java:627)
at SeleniumTesting.AEMhdfc.CategorypageTest.verifyContactUs(CategorypageTest.java:157)
at java.base/java.util.ArrayList.forEach(ArrayList.java:1511)
... Removed 33 stack frames]]>
    </failure>
  </testcase> <!-- verifyContactUs -->
  <testcase classname="SeleniumTesting.AEMhdfc.CategorypageTest" name="verifyArticlesSection" time="12.917">
    <failure type="org.openqa.selenium.StaleElementReferenceException" message="The element reference of [object String] &amp;quot;{\&amp;quot;element-6066-11e4-a52e-4f735466cecf\&amp;quot;:\&amp;quot;7c749d78-3940-4dbc-bbaf-73f7e9e566dc\&amp;quot;}&amp;quot; is stale; either the element is no longer attached to the DOM, it is not in the current frame context, or the document has been refreshed
For documentation on this error, please visit: https://www.seleniumhq.org/exceptions/stale_element_reference.html
Build info: version: &amp;apos;3.141.59&amp;apos;, revision: &amp;apos;e82be7d358&amp;apos;, time: &amp;apos;2018-11-14T08:17:03&amp;apos;
System info: host: &amp;apos;LIN24007907&amp;apos;, ip: &amp;apos;192.168.1.13&amp;apos;, os.name: &amp;apos;Windows 10&amp;apos;, os.arch: &amp;apos;amd64&amp;apos;, os.version: &amp;apos;10.0&amp;apos;, java.version: &amp;apos;17&amp;apos;
Driver info: org.openqa.selenium.firefox.FirefoxDriver
Capabilities {acceptInsecureCerts: true, browserName: firefox, browserVersion: 94.0.2, javascriptEnabled: true, moz:accessibilityChecks: false, moz:buildID: 20211119140621, moz:geckodriverVersion: 0.30.0, moz:headless: false, moz:processID: 19584, moz:profile: C:\Users\Akundar\AppData\Lo..., moz:shutdownTimeout: 60000, moz:useNonSpecCompliantPointerOrigin: false, moz:webdriverClick: true, pageLoadStrategy: normal, platform: WINDOWS, platformName: WINDOWS, platformVersion: 10.0, proxy: Proxy(), setWindowRect: true, strictFileInteractability: false, timeouts: {implicit: 0, pageLoad: 300000, script: 30000}, unhandledPromptBehavior: dismiss and notify}
Session ID: 5ee262a5-7c27-4ba7-ad63-3d9f5fdc855d">
      <![CDATA[org.openqa.selenium.StaleElementReferenceException: The element reference of [object String] "{\"element-6066-11e4-a52e-4f735466cecf\":\"7c749d78-3940-4dbc-bbaf-73f7e9e566dc\"}" is stale; either the element is no longer attached to the DOM, it is not in the current frame context, or the document has been refreshed
For documentation on this error, please visit: https://www.seleniumhq.org/exceptions/stale_element_reference.html
Build info: version: '3.141.59', revision: 'e82be7d358', time: '2018-11-14T08:17:03'
System info: host: 'LIN24007907', ip: '192.168.1.13', os.name: 'Windows 10', os.arch: 'amd64', os.version: '10.0', java.version: '17'
Driver info: org.openqa.selenium.firefox.FirefoxDriver
Capabilities {acceptInsecureCerts: true, browserName: firefox, browserVersion: 94.0.2, javascriptEnabled: true, moz:accessibilityChecks: false, moz:buildID: 20211119140621, moz:geckodriverVersion: 0.30.0, moz:headless: false, moz:processID: 19584, moz:profile: C:\Users\Akundar\AppData\Lo..., moz:shutdownTimeout: 60000, moz:useNonSpecCompliantPointerOrigin: false, moz:webdriverClick: true, pageLoadStrategy: normal, platform: WINDOWS, platformName: WINDOWS, platformVersion: 10.0, proxy: Proxy(), setWindowRect: true, strictFileInteractability: false, timeouts: {implicit: 0, pageLoad: 300000, script: 30000}, unhandledPromptBehavior: dismiss and notify}
Session ID: 5ee262a5-7c27-4ba7-ad63-3d9f5fdc855d
at org.openqa.selenium.remote.http.W3CHttpResponseCodec.createException(W3CHttpResponseCodec.java:187)
at org.openqa.selenium.remote.http.W3CHttpResponseCodec.decode(W3CHttpResponseCodec.java:122)
at org.openqa.selenium.remote.http.W3CHttpResponseCodec.decode(W3CHttpResponseCodec.java:49)
at org.openqa.selenium.remote.HttpCommandExecutor.execute(HttpCommandExecutor.java:158)
at org.openqa.selenium.remote.service.DriverCommandExecutor.execute(DriverCommandExecutor.java:83)
at org.openqa.selenium.remote.RemoteWebDriver.execute(RemoteWebDriver.java:552)
at org.openqa.selenium.remote.RemoteWebDriver.executeScript(RemoteWebDriver.java:489)
at org.openqa.selenium.support.events.EventFiringWebDriver.lambda$new$1(EventFiringWebDriver.java:105)
at jdk.proxy2/jdk.proxy2.$Proxy9.executeScript(Unknown Source)
at org.openqa.selenium.support.events.EventFiringWebDriver.executeScript(EventFiringWebDriver.java:229)
at PageObjects.Categorypage.verifyArticles(Categorypage.java:397)
at SeleniumTesting.AEMhdfc.CategorypageTest.verifyArticlesSection(CategorypageTest.java:165)
at java.base/java.util.ArrayList.forEach(ArrayList.java:1511)
... Removed 39 stack frames]]>
    </failure>
  </testcase> <!-- verifyArticlesSection -->
  <testcase classname="SeleniumTesting.AEMhdfc.CategorypageTest" name="verifyDisclaimer" time="6.372"/>
</testsuite> <!-- Test -->
