<?xml version="1.0" encoding="UTF-8"?>
<!-- Generated by org.testng.reporters.JUnitXMLReporter -->
<testsuite ignored="2" hostname="LIN24007907" failures="0" tests="6" name="Test" time="57.77" errors="0" timestamp="2021-11-29T15:19:16 IST">
  <testcase classname="SeleniumTesting.AEMhdfc.HomepageTest" name="verifyBannerCarousel" time="3.789"/>
  <testcase classname="SeleniumTesting.AEMhdfc.CategorypageTest" name="navigateToPage" time="9.434"/>
  <testcase classname="SeleniumTesting.AEMhdfc.CategorypageTest" name="verifyCalculatePremiumBtn" time="12.557"/>
  <testcase classname="SeleniumTesting.AEMhdfc.CategorypageTest" name="verifyTalkToAdvisor" time="6.278"/>
  <testcase classname="SeleniumTesting.AEMhdfc.CategorypageTest" name="verifyTalkToAdvisorPopup" time="9.607"/>
  <testcase classname="SeleniumTesting.AEMhdfc.CategorypageTest" name="verifyHomeIconInBreadCrumb" time="9.703"/>
  <testcase classname="base.BaseClass" name="@AfterSuite tearDown" time="0.0">
    <ignored/>
  </testcase> <!-- @AfterSuite tearDown -->
  <testcase classname="base.BaseClass" name="@BeforeSuite initializeDriver" time="0.0">
    <ignored/>
  </testcase> <!-- @BeforeSuite initializeDriver -->
</testsuite> <!-- Test -->
