<?xml version="1.0" encoding="UTF-8"?>
<!-- Generated by org.testng.reporters.JUnitXMLReporter -->
<testsuite ignored="2" hostname="LIN24007907" failures="0" tests="4" name="Test" time="34.108" errors="0" timestamp="2021-11-27T13:15:11 IST">
  <testcase classname="SeleniumTesting.AEMhdfc.HomepageTest" name="verifyBannerCarousel" time="3.665"/>
  <testcase classname="SeleniumTesting.AEMhdfc.CategorypageTest" name="navigateToPage" time="8.862"/>
  <testcase classname="SeleniumTesting.AEMhdfc.CategorypageTest" name="verifyCalculatePremiumBtn" time="12.445"/>
  <testcase classname="SeleniumTesting.AEMhdfc.CategorypageTest" name="verifyTalkToAdvisor" time="3.142"/>
  <testcase classname="base.BaseClass" name="@AfterSuite tearDown" time="0.0">
    <ignored/>
  </testcase> <!-- @AfterSuite tearDown -->
  <testcase classname="base.BaseClass" name="@BeforeSuite initializeDriver" time="0.0">
    <ignored/>
  </testcase> <!-- @BeforeSuite initializeDriver -->
</testsuite> <!-- Test -->
