<?xml version="1.0" encoding="UTF-8"?>
<!-- Generated by org.testng.reporters.JUnitXMLReporter -->
<testsuite ignored="0" hostname="LIN24007907" failures="0" tests="60" name="Test" time="1204.115" errors="0" timestamp="2021-12-14T00:37:09 IST">
  <testcase classname="SeleniumTesting.AEMhdfc.HomepageTest" name="verifyBannerCarousel" time="15.563"/>
  <testcase classname="SeleniumTesting.AEMhdfc.HomepageTest" name="verifyTermPlanOnBanner" time="11.568"/>
  <testcase classname="SeleniumTesting.AEMhdfc.HomepageTest" name="verifySavingPlansOnBanner" time="10.731"/>
  <testcase classname="SeleniumTesting.AEMhdfc.HomepageTest" name="verifyChildrenPlansOnBanner" time="11.071"/>
  <testcase classname="SeleniumTesting.AEMhdfc.HomepageTest" name="verifyRetirementPlansOnBanner" time="10.802"/>
  <testcase classname="SeleniumTesting.AEMhdfc.HomepageTest" name="verifyViewAllButton" time="3.191"/>
  <testcase classname="SeleniumTesting.AEMhdfc.HomepageTest" name="verifyULIPPlansOnBanner" time="10.713"/>
  <testcase classname="SeleniumTesting.AEMhdfc.HomepageTest" name="verifyFixedMaturityPlanOnBanner" time="14.508"/>
  <testcase classname="SeleniumTesting.AEMhdfc.HomepageTest" name="verifyHealthPlansOnBanner" time="14.033"/>
  <testcase classname="SeleniumTesting.AEMhdfc.HomepageTest" name="verifyPosPlansOnBanner" time="13.714"/>
  <testcase classname="SeleniumTesting.AEMhdfc.HomepageTest" name="verifyComboPlansOnBanner" time="19.404"/>
  <testcase classname="SeleniumTesting.AEMhdfc.HomepageTest" name="verifyGroupPlansOnBanner" time="32.508"/>
  <testcase classname="SeleniumTesting.AEMhdfc.HomepageTest" name="verifyArrowButtonsOnBanner" time="43.098"/>
  <testcase classname="SeleniumTesting.AEMhdfc.HomepageTest" name="verifyMouseIndicator" time="9.101"/>
  <testcase classname="SeleniumTesting.AEMhdfc.HomepageTest" name="verifyschedulePopupWithValidDataProductPage" time="8.468"/>
  <testcase classname="SeleniumTesting.AEMhdfc.HomepageTest" name="verifyschedulepopupblankSubmit" time="9.633"/>
  <testcase classname="SeleniumTesting.AEMhdfc.HomepageTest" name="verifyschedulePopupwithoutmindata" time="6.548"/>
  <testcase classname="SeleniumTesting.AEMhdfc.HomepageTest" name="verifycalculatorWithValidData" time="46.494"/>
  <testcase classname="SeleniumTesting.AEMhdfc.HomepageTest" name="verifyCalculatorCloseBtn" time="9.21"/>
  <testcase classname="SeleniumTesting.AEMhdfc.HomepageTest" name="verifySanchayPlusBuyNowBtn" time="12.692"/>
  <testcase classname="SeleniumTesting.AEMhdfc.HomepageTest" name="verifyDisclaimer" time="15.194"/>
  <testcase classname="SeleniumTesting.AEMhdfc.HomepageTest" name="verifyProductAndPopularLinks" time="6.095"/>
  <testcase classname="SeleniumTesting.AEMhdfc.HomepageTest" name="verifyStayConnectedwithUs" time="9.161"/>
  <testcase classname="SeleniumTesting.AEMhdfc.HomepageTest" name="verifyDownloadLinks" time="12.641"/>
  <testcase classname="SeleniumTesting.AEMhdfc.HomepageTest" name="verifySubscribeOptionWithValidData" time="9.277"/>
  <testcase classname="SeleniumTesting.AEMhdfc.HomepageTest" name="verifyGroupWebsitesLinks" time="13.936"/>
  <testcase classname="SeleniumTesting.AEMhdfc.HomepageTest" name="verifyArticlesOnHomePage" time="80.276"/>
  <testcase classname="SeleniumTesting.AEMhdfc.CategorypageTest" name="navigateToPage" time="10.919"/>
  <testcase classname="SeleniumTesting.AEMhdfc.CategorypageTest" name="verifyCalculatePremiumBtn" time="12.374"/>
  <testcase classname="SeleniumTesting.AEMhdfc.CategorypageTest" name="verifyTalkToAdvisor" time="6.21"/>
  <testcase classname="SeleniumTesting.AEMhdfc.CategorypageTest" name="verifyTalkToAdvisorPopup" time="9.389"/>
  <testcase classname="SeleniumTesting.AEMhdfc.CategorypageTest" name="verifyHomeIconInBreadCrumb" time="7.777"/>
  <testcase classname="SeleniumTesting.AEMhdfc.CategorypageTest" name="verifyC2PLProduct" time="29.053"/>
  <testcase classname="SeleniumTesting.AEMhdfc.CategorypageTest" name="verifySJBProduct" time="23.97"/>
  <testcase classname="SeleniumTesting.AEMhdfc.CategorypageTest" name="verifyLetsCalculateBtn" time="10.462"/>
  <testcase classname="SeleniumTesting.AEMhdfc.CategorypageTest" name="verifyVideoOnCategoryPage" time="6.083"/>
  <testcase classname="SeleniumTesting.AEMhdfc.CategorypageTest" name="verifyWhySection" time="9.227"/>
  <testcase classname="SeleniumTesting.AEMhdfc.CategorypageTest" name="verifyTermInsuranceGuideFaqSection" time="21.535"/>
  <testcase classname="SeleniumTesting.AEMhdfc.CategorypageTest" name="verifyRidersSection" time="51.651"/>
  <testcase classname="SeleniumTesting.AEMhdfc.CategorypageTest" name="verifyContactUs" time="14.23"/>
  <testcase classname="SeleniumTesting.AEMhdfc.CategorypageTest" name="verifyArticlesSection" time="83.163"/>
  <testcase classname="SeleniumTesting.AEMhdfc.CategorypageTest" name="verifyDisclaimer" time="9.125"/>
  <testcase classname="SeleniumTesting.AEMhdfc.ProductpageTest" name="navigateToProductPage" time="20.973"/>
  <testcase classname="SeleniumTesting.AEMhdfc.ProductpageTest" name="verifyTandCOption" time="24.286"/>
  <testcase classname="SeleniumTesting.AEMhdfc.ProductpageTest" name="verifyProductPageBreadcrumb" time="19.99"/>
  <testcase classname="SeleniumTesting.AEMhdfc.ProductpageTest" name="verifyRatingOption" time="9.455"/>
  <testcase classname="SeleniumTesting.AEMhdfc.ProductpageTest" name="verifyPrintBtn" time="9.328"/>
  <testcase classname="SeleniumTesting.AEMhdfc.ProductpageTest" name="verifyShareOption" time="49.671"/>
  <testcase classname="SeleniumTesting.AEMhdfc.ProductpageTest" name="verifyRatingsFromAPI" time="3.032"/>
  <testcase classname="SeleniumTesting.AEMhdfc.ProductpageTest" name="verifyDownloadBrochure" time="6.09"/>
  <testcase classname="SeleniumTesting.AEMhdfc.ProductpageTest" name="verifyCalculatePremiumBtn" time="11.31"/>
  <testcase classname="SeleniumTesting.AEMhdfc.ProductpageTest" name="verifyBuyNowBtn" time="9.344"/>
  <testcase classname="SeleniumTesting.AEMhdfc.ProductpageTest" name="verifyDownloadsSectionAfterScroll" time="106.721"/>
  <testcase classname="SeleniumTesting.AEMhdfc.ProductpageTest" name="verifyYourPlanYourBenefitsSection" time="47.165"/>
  <testcase classname="SeleniumTesting.AEMhdfc.ProductpageTest" name="verifyEligibilityCriteria" time="9.262"/>
  <testcase classname="SeleniumTesting.AEMhdfc.ProductpageTest" name="verifyVideoOnCategoryPage" time="3.022"/>
  <testcase classname="SeleniumTesting.AEMhdfc.ProductpageTest" name="verifyRidersSection" time="57.75"/>
  <testcase classname="SeleniumTesting.AEMhdfc.ProductpageTest" name="verifyScheduleACallOnProductPage" time="16.754"/>
  <testcase classname="SeleniumTesting.AEMhdfc.ProductpageTest" name="verifyFAQSection" time="12.393"/>
  <testcase classname="SeleniumTesting.AEMhdfc.ProductpageTest" name="verifyDisclaimerOnProductPage" time="9.105"/>
</testsuite> <!-- Test -->
