<?xml version="1.0" encoding="UTF-8"?>
<!-- Generated by org.testng.reporters.JUnitXMLReporter -->
<testsuite ignored="0" hostname="LIN24007907" failures="0" tests="4" name="Test" time="74.829" errors="0" timestamp="2021-12-06T09:14:36 IST">
  <testcase classname="SeleniumTesting.AEMhdfc.HomepageTest" name="verifyBannerCarousel" time="15.588"/>
  <testcase classname="SeleniumTesting.AEMhdfc.CategorypageTest" name="navigateToPage" time="8.555"/>
  <testcase classname="SeleniumTesting.AEMhdfc.ProductpageTest" name="navigateToProductPage" time="18.8"/>
  <testcase classname="SeleniumTesting.AEMhdfc.ProductpageTest" name="verifyTandCOption" time="18.286"/>
</testsuite> <!-- Test -->
