<?xml version="1.0" encoding="UTF-8"?>
<!-- Generated by org.testng.reporters.JUnitXMLReporter -->
<testsuite ignored="0" hostname="LIN24007907" failures="4" tests="41" name="Test" time="578.148" errors="0" timestamp="2021-12-05T01:21:53 IST">
  <testcase classname="SeleniumTesting.AEMhdfc.HomepageTest" name="verifyBannerCarousel" time="16.669"/>
  <testcase classname="SeleniumTesting.AEMhdfc.HomepageTest" name="verifyTermPlanOnBanner" time="11.873"/>
  <testcase classname="SeleniumTesting.AEMhdfc.HomepageTest" name="verifySavingPlansOnBanner" time="11.341"/>
  <testcase classname="SeleniumTesting.AEMhdfc.HomepageTest" name="verifyChildrenPlansOnBanner" time="11.503"/>
  <testcase classname="SeleniumTesting.AEMhdfc.HomepageTest" name="verifyRetirementPlansOnBanner" time="11.551"/>
  <testcase classname="SeleniumTesting.AEMhdfc.HomepageTest" name="verifyViewAllButton" time="3.358"/>
  <testcase classname="SeleniumTesting.AEMhdfc.HomepageTest" name="verifyULIPPlansOnBanner" time="11.459"/>
  <testcase classname="SeleniumTesting.AEMhdfc.HomepageTest" name="verifyFixedMaturityPlanOnBanner" time="14.991"/>
  <testcase classname="SeleniumTesting.AEMhdfc.HomepageTest" name="verifyHealthPlansOnBanner" time="15.584"/>
  <testcase classname="SeleniumTesting.AEMhdfc.HomepageTest" name="verifyPosPlansOnBanner" time="14.408"/>
  <testcase classname="SeleniumTesting.AEMhdfc.HomepageTest" name="verifyComboPlansOnBanner" time="19.681"/>
  <testcase classname="SeleniumTesting.AEMhdfc.HomepageTest" name="verifyGroupPlansOnBanner" time="33.633"/>
  <testcase classname="SeleniumTesting.AEMhdfc.HomepageTest" name="verifyArrowButtonsOnBanner" time="45.636"/>
  <testcase classname="SeleniumTesting.AEMhdfc.HomepageTest" name="verifyMouseIndicator" time="9.381"/>
  <testcase classname="SeleniumTesting.AEMhdfc.HomepageTest" name="verifyschedulePopupWithValidData" time="8.902"/>
  <testcase classname="SeleniumTesting.AEMhdfc.HomepageTest" name="verifyschedulepopupblankSubmit" time="10.756"/>
  <testcase classname="SeleniumTesting.AEMhdfc.HomepageTest" name="verifyschedulePopupwithoutmindata" time="6.988"/>
  <testcase classname="SeleniumTesting.AEMhdfc.HomepageTest" name="verifycalculatorWithValidData" time="38.846"/>
  <testcase classname="SeleniumTesting.AEMhdfc.HomepageTest" name="verifyCalculatorCloseBtn" time="9.776"/>
  <testcase classname="SeleniumTesting.AEMhdfc.HomepageTest" name="verifySanchayPlusBuyNowBtn" time="12.587"/>
  <testcase classname="SeleniumTesting.AEMhdfc.HomepageTest" name="verifyDisclaimer" time="6.435"/>
  <testcase classname="SeleniumTesting.AEMhdfc.HomepageTest" name="verifyProductAndPopularLinks" time="6.58"/>
  <testcase classname="SeleniumTesting.AEMhdfc.HomepageTest" name="verifyStayConnectedwithUs" time="11.699"/>
  <testcase classname="SeleniumTesting.AEMhdfc.HomepageTest" name="verifyDownloadLinks" time="12.662"/>
  <testcase classname="SeleniumTesting.AEMhdfc.HomepageTest" name="verifySubscribeOptionWithValidData" time="0.016">
    <failure type="java.lang.AssertionError" message="The following asserts failed:
	expected [https://www.hdfclife.com/] but found [https://www.hdfclife.com/#],
	expected [https://www.hdfclife.com/] but found [https://www.hdfclife.com/#],
	expected [https://www.hdfclife.com/] but found [https://www.hdfclife.com/#]">
      <![CDATA[java.lang.AssertionError: The following asserts failed:
expected [https://www.hdfclife.com/] but found [https://www.hdfclife.com/#],
expected [https://www.hdfclife.com/] but found [https://www.hdfclife.com/#],
expected [https://www.hdfclife.com/] but found [https://www.hdfclife.com/#]
at PageObjects.Homepage.emailPlaceholder(Homepage.java:519)
at SeleniumTesting.AEMhdfc.HomepageTest.verifySubscribeOptionWithValidData(HomepageTest.java:267)
at java.base/java.util.ArrayList.forEach(ArrayList.java:1511)
... Removed 33 stack frames]]>
    </failure>
  </testcase> <!-- verifySubscribeOptionWithValidData -->
  <testcase classname="SeleniumTesting.AEMhdfc.HomepageTest" name="verifyGroupWebsitesLinks" time="20.307"/>
  <testcase classname="SeleniumTesting.AEMhdfc.CategorypageTest" name="navigateToPage" time="9.575"/>
  <testcase classname="SeleniumTesting.AEMhdfc.CategorypageTest" name="verifyCalculatePremiumBtn" time="12.628"/>
  <testcase classname="SeleniumTesting.AEMhdfc.CategorypageTest" name="verifyTalkToAdvisor" time="6.706"/>
  <testcase classname="SeleniumTesting.AEMhdfc.CategorypageTest" name="verifyTalkToAdvisorPopup" time="9.74"/>
  <testcase classname="SeleniumTesting.AEMhdfc.CategorypageTest" name="verifyHomeIconInBreadCrumb" time="9.505"/>
  <testcase classname="SeleniumTesting.AEMhdfc.CategorypageTest" name="verifyC2PLProduct" time="30.71"/>
  <testcase classname="SeleniumTesting.AEMhdfc.CategorypageTest" name="verifySJBProduct" time="24.318"/>
  <testcase classname="SeleniumTesting.AEMhdfc.CategorypageTest" name="verifyLetsCalculateBtn" time="10.761"/>
  <testcase classname="SeleniumTesting.AEMhdfc.CategorypageTest" name="verifyVideoOnCategoryPage" time="6.025"/>
  <testcase classname="SeleniumTesting.AEMhdfc.CategorypageTest" name="verifyWhySection" time="9.759"/>
  <testcase classname="SeleniumTesting.AEMhdfc.CategorypageTest" name="verifyTermInsuranceGuideFaqSection" time="22.787"/>
  <testcase classname="SeleniumTesting.AEMhdfc.CategorypageTest" name="verifyRidersSection" time="3.061">
    <failure type="org.openqa.selenium.ElementClickInterceptedException" message="Element &amp;lt;a class=&amp;quot;viewMoreBtn&amp;quot; href=&amp;quot;#&amp;quot;&amp;gt; is not clickable at point (759,263) because another element &amp;lt;iframe id=&amp;quot;nv_box_content-iframe_17168&amp;quot; src=&amp;quot;&amp;quot;&amp;gt; obscures it
Build info: version: &amp;apos;3.141.59&amp;apos;, revision: &amp;apos;e82be7d358&amp;apos;, time: &amp;apos;2018-11-14T08:17:03&amp;apos;
System info: host: &amp;apos;LIN24007907&amp;apos;, ip: &amp;apos;192.168.1.13&amp;apos;, os.name: &amp;apos;Windows 10&amp;apos;, os.arch: &amp;apos;amd64&amp;apos;, os.version: &amp;apos;10.0&amp;apos;, java.version: &amp;apos;17&amp;apos;
Driver info: org.openqa.selenium.firefox.FirefoxDriver
Capabilities {acceptInsecureCerts: true, browserName: firefox, browserVersion: 94.0.2, javascriptEnabled: true, moz:accessibilityChecks: false, moz:buildID: 20211119140621, moz:geckodriverVersion: 0.30.0, moz:headless: false, moz:processID: 9388, moz:profile: C:\Users\Akundar\AppData\Lo..., moz:shutdownTimeout: 60000, moz:useNonSpecCompliantPointerOrigin: false, moz:webdriverClick: true, pageLoadStrategy: normal, platform: WINDOWS, platformName: WINDOWS, platformVersion: 10.0, proxy: Proxy(), setWindowRect: true, strictFileInteractability: false, timeouts: {implicit: 0, pageLoad: 300000, script: 30000}, unhandledPromptBehavior: dismiss and notify}
Session ID: bf425f5c-ee29-40ce-92aa-0139761e817d">
      <![CDATA[org.openqa.selenium.ElementClickInterceptedException: Element <a class="viewMoreBtn" href="#"> is not clickable at point (759,263) because another element <iframe id="nv_box_content-iframe_17168" src=""> obscures it
Build info: version: '3.141.59', revision: 'e82be7d358', time: '2018-11-14T08:17:03'
System info: host: 'LIN24007907', ip: '192.168.1.13', os.name: 'Windows 10', os.arch: 'amd64', os.version: '10.0', java.version: '17'
Driver info: org.openqa.selenium.firefox.FirefoxDriver
Capabilities {acceptInsecureCerts: true, browserName: firefox, browserVersion: 94.0.2, javascriptEnabled: true, moz:accessibilityChecks: false, moz:buildID: 20211119140621, moz:geckodriverVersion: 0.30.0, moz:headless: false, moz:processID: 9388, moz:profile: C:\Users\Akundar\AppData\Lo..., moz:shutdownTimeout: 60000, moz:useNonSpecCompliantPointerOrigin: false, moz:webdriverClick: true, pageLoadStrategy: normal, platform: WINDOWS, platformName: WINDOWS, platformVersion: 10.0, proxy: Proxy(), setWindowRect: true, strictFileInteractability: false, timeouts: {implicit: 0, pageLoad: 300000, script: 30000}, unhandledPromptBehavior: dismiss and notify}
Session ID: bf425f5c-ee29-40ce-92aa-0139761e817d
at org.openqa.selenium.remote.http.W3CHttpResponseCodec.createException(W3CHttpResponseCodec.java:187)
at org.openqa.selenium.remote.http.W3CHttpResponseCodec.decode(W3CHttpResponseCodec.java:122)
at org.openqa.selenium.remote.http.W3CHttpResponseCodec.decode(W3CHttpResponseCodec.java:49)
at org.openqa.selenium.remote.HttpCommandExecutor.execute(HttpCommandExecutor.java:158)
at org.openqa.selenium.remote.service.DriverCommandExecutor.execute(DriverCommandExecutor.java:83)
at org.openqa.selenium.remote.RemoteWebDriver.execute(RemoteWebDriver.java:552)
at org.openqa.selenium.remote.RemoteWebElement.execute(RemoteWebElement.java:285)
at org.openqa.selenium.remote.RemoteWebElement.click(RemoteWebElement.java:84)
at org.openqa.selenium.support.events.EventFiringWebDriver$EventFiringWebElement.lambda$new$0(EventFiringWebDriver.java:404)
at jdk.proxy2/jdk.proxy2.$Proxy15.click(Unknown Source)
at org.openqa.selenium.support.events.EventFiringWebDriver$EventFiringWebElement.click(EventFiringWebDriver.java:417)
at org.openqa.selenium.support.pagefactory.internal.LocatingElementHandler.invoke(LocatingElementHandler.java:51)
at jdk.proxy2/jdk.proxy2.$Proxy13.click(Unknown Source)
at PageObjects.Categorypage.verifyViewMoreOnLoad(Categorypage.java:314)
at SeleniumTesting.AEMhdfc.CategorypageTest.verifyRidersSection(CategorypageTest.java:144)
at java.base/java.util.ArrayList.forEach(ArrayList.java:1511)
... Removed 42 stack frames]]>
    </failure>
  </testcase> <!-- verifyRidersSection -->
  <testcase classname="SeleniumTesting.AEMhdfc.CategorypageTest" name="verifyContactUs" time="3.079">
    <failure type="org.openqa.selenium.ElementClickInterceptedException" message="Element &amp;lt;a class=&amp;quot;bannerAdBtn siteButton&amp;quot; href=&amp;quot;/contact-us&amp;quot;&amp;gt; is not clickable at point (1184,250) because another element &amp;lt;div id=&amp;quot;nv_js-modal-overlay_17168&amp;quot;&amp;gt; obscures it
Build info: version: &amp;apos;3.141.59&amp;apos;, revision: &amp;apos;e82be7d358&amp;apos;, time: &amp;apos;2018-11-14T08:17:03&amp;apos;
System info: host: &amp;apos;LIN24007907&amp;apos;, ip: &amp;apos;192.168.1.13&amp;apos;, os.name: &amp;apos;Windows 10&amp;apos;, os.arch: &amp;apos;amd64&amp;apos;, os.version: &amp;apos;10.0&amp;apos;, java.version: &amp;apos;17&amp;apos;
Driver info: org.openqa.selenium.firefox.FirefoxDriver
Capabilities {acceptInsecureCerts: true, browserName: firefox, browserVersion: 94.0.2, javascriptEnabled: true, moz:accessibilityChecks: false, moz:buildID: 20211119140621, moz:geckodriverVersion: 0.30.0, moz:headless: false, moz:processID: 9388, moz:profile: C:\Users\Akundar\AppData\Lo..., moz:shutdownTimeout: 60000, moz:useNonSpecCompliantPointerOrigin: false, moz:webdriverClick: true, pageLoadStrategy: normal, platform: WINDOWS, platformName: WINDOWS, platformVersion: 10.0, proxy: Proxy(), setWindowRect: true, strictFileInteractability: false, timeouts: {implicit: 0, pageLoad: 300000, script: 30000}, unhandledPromptBehavior: dismiss and notify}
Session ID: bf425f5c-ee29-40ce-92aa-0139761e817d">
      <![CDATA[org.openqa.selenium.ElementClickInterceptedException: Element <a class="bannerAdBtn siteButton" href="/contact-us"> is not clickable at point (1184,250) because another element <div id="nv_js-modal-overlay_17168"> obscures it
Build info: version: '3.141.59', revision: 'e82be7d358', time: '2018-11-14T08:17:03'
System info: host: 'LIN24007907', ip: '192.168.1.13', os.name: 'Windows 10', os.arch: 'amd64', os.version: '10.0', java.version: '17'
Driver info: org.openqa.selenium.firefox.FirefoxDriver
Capabilities {acceptInsecureCerts: true, browserName: firefox, browserVersion: 94.0.2, javascriptEnabled: true, moz:accessibilityChecks: false, moz:buildID: 20211119140621, moz:geckodriverVersion: 0.30.0, moz:headless: false, moz:processID: 9388, moz:profile: C:\Users\Akundar\AppData\Lo..., moz:shutdownTimeout: 60000, moz:useNonSpecCompliantPointerOrigin: false, moz:webdriverClick: true, pageLoadStrategy: normal, platform: WINDOWS, platformName: WINDOWS, platformVersion: 10.0, proxy: Proxy(), setWindowRect: true, strictFileInteractability: false, timeouts: {implicit: 0, pageLoad: 300000, script: 30000}, unhandledPromptBehavior: dismiss and notify}
Session ID: bf425f5c-ee29-40ce-92aa-0139761e817d
at org.openqa.selenium.remote.http.W3CHttpResponseCodec.createException(W3CHttpResponseCodec.java:187)
at org.openqa.selenium.remote.http.W3CHttpResponseCodec.decode(W3CHttpResponseCodec.java:122)
at org.openqa.selenium.remote.http.W3CHttpResponseCodec.decode(W3CHttpResponseCodec.java:49)
at org.openqa.selenium.remote.HttpCommandExecutor.execute(HttpCommandExecutor.java:158)
at org.openqa.selenium.remote.service.DriverCommandExecutor.execute(DriverCommandExecutor.java:83)
at org.openqa.selenium.remote.RemoteWebDriver.execute(RemoteWebDriver.java:552)
at org.openqa.selenium.remote.RemoteWebElement.execute(RemoteWebElement.java:285)
at org.openqa.selenium.remote.RemoteWebElement.click(RemoteWebElement.java:84)
at org.openqa.selenium.support.events.EventFiringWebDriver$EventFiringWebElement.lambda$new$0(EventFiringWebDriver.java:404)
at jdk.proxy2/jdk.proxy2.$Proxy15.click(Unknown Source)
at org.openqa.selenium.support.events.EventFiringWebDriver$EventFiringWebElement.click(EventFiringWebDriver.java:417)
at org.openqa.selenium.support.pagefactory.internal.LocatingElementHandler.invoke(LocatingElementHandler.java:51)
at jdk.proxy2/jdk.proxy2.$Proxy13.click(Unknown Source)
at PageObjects.Categorypage.clickContactUsBtn(Categorypage.java:384)
at SeleniumTesting.AEMhdfc.CategorypageTest.verifyContactUs(CategorypageTest.java:156)
at java.base/java.util.ArrayList.forEach(ArrayList.java:1511)
... Removed 42 stack frames]]>
    </failure>
  </testcase> <!-- verifyContactUs -->
  <testcase classname="SeleniumTesting.AEMhdfc.CategorypageTest" name="verifyArticlesSection" time="13.096">
    <failure type="org.openqa.selenium.StaleElementReferenceException" message="The element reference of [object String] &amp;quot;{\&amp;quot;element-6066-11e4-a52e-4f735466cecf\&amp;quot;:\&amp;quot;f5cfc235-a1d5-4be6-ae71-3977d06d521a\&amp;quot;}&amp;quot; is stale; either the element is no longer attached to the DOM, it is not in the current frame context, or the document has been refreshed
For documentation on this error, please visit: https://www.seleniumhq.org/exceptions/stale_element_reference.html
Build info: version: &amp;apos;3.141.59&amp;apos;, revision: &amp;apos;e82be7d358&amp;apos;, time: &amp;apos;2018-11-14T08:17:03&amp;apos;
System info: host: &amp;apos;LIN24007907&amp;apos;, ip: &amp;apos;192.168.1.13&amp;apos;, os.name: &amp;apos;Windows 10&amp;apos;, os.arch: &amp;apos;amd64&amp;apos;, os.version: &amp;apos;10.0&amp;apos;, java.version: &amp;apos;17&amp;apos;
Driver info: org.openqa.selenium.firefox.FirefoxDriver
Capabilities {acceptInsecureCerts: true, browserName: firefox, browserVersion: 94.0.2, javascriptEnabled: true, moz:accessibilityChecks: false, moz:buildID: 20211119140621, moz:geckodriverVersion: 0.30.0, moz:headless: false, moz:processID: 9388, moz:profile: C:\Users\Akundar\AppData\Lo..., moz:shutdownTimeout: 60000, moz:useNonSpecCompliantPointerOrigin: false, moz:webdriverClick: true, pageLoadStrategy: normal, platform: WINDOWS, platformName: WINDOWS, platformVersion: 10.0, proxy: Proxy(), setWindowRect: true, strictFileInteractability: false, timeouts: {implicit: 0, pageLoad: 300000, script: 30000}, unhandledPromptBehavior: dismiss and notify}
Session ID: bf425f5c-ee29-40ce-92aa-0139761e817d">
      <![CDATA[org.openqa.selenium.StaleElementReferenceException: The element reference of [object String] "{\"element-6066-11e4-a52e-4f735466cecf\":\"f5cfc235-a1d5-4be6-ae71-3977d06d521a\"}" is stale; either the element is no longer attached to the DOM, it is not in the current frame context, or the document has been refreshed
For documentation on this error, please visit: https://www.seleniumhq.org/exceptions/stale_element_reference.html
Build info: version: '3.141.59', revision: 'e82be7d358', time: '2018-11-14T08:17:03'
System info: host: 'LIN24007907', ip: '192.168.1.13', os.name: 'Windows 10', os.arch: 'amd64', os.version: '10.0', java.version: '17'
Driver info: org.openqa.selenium.firefox.FirefoxDriver
Capabilities {acceptInsecureCerts: true, browserName: firefox, browserVersion: 94.0.2, javascriptEnabled: true, moz:accessibilityChecks: false, moz:buildID: 20211119140621, moz:geckodriverVersion: 0.30.0, moz:headless: false, moz:processID: 9388, moz:profile: C:\Users\Akundar\AppData\Lo..., moz:shutdownTimeout: 60000, moz:useNonSpecCompliantPointerOrigin: false, moz:webdriverClick: true, pageLoadStrategy: normal, platform: WINDOWS, platformName: WINDOWS, platformVersion: 10.0, proxy: Proxy(), setWindowRect: true, strictFileInteractability: false, timeouts: {implicit: 0, pageLoad: 300000, script: 30000}, unhandledPromptBehavior: dismiss and notify}
Session ID: bf425f5c-ee29-40ce-92aa-0139761e817d
at org.openqa.selenium.remote.http.W3CHttpResponseCodec.createException(W3CHttpResponseCodec.java:187)
at org.openqa.selenium.remote.http.W3CHttpResponseCodec.decode(W3CHttpResponseCodec.java:122)
at org.openqa.selenium.remote.http.W3CHttpResponseCodec.decode(W3CHttpResponseCodec.java:49)
at org.openqa.selenium.remote.HttpCommandExecutor.execute(HttpCommandExecutor.java:158)
at org.openqa.selenium.remote.service.DriverCommandExecutor.execute(DriverCommandExecutor.java:83)
at org.openqa.selenium.remote.RemoteWebDriver.execute(RemoteWebDriver.java:552)
at org.openqa.selenium.remote.RemoteWebDriver.executeScript(RemoteWebDriver.java:489)
at org.openqa.selenium.support.events.EventFiringWebDriver.lambda$new$1(EventFiringWebDriver.java:105)
at jdk.proxy2/jdk.proxy2.$Proxy9.executeScript(Unknown Source)
at org.openqa.selenium.support.events.EventFiringWebDriver.executeScript(EventFiringWebDriver.java:229)
at PageObjects.Categorypage.verifyArticles(Categorypage.java:396)
at SeleniumTesting.AEMhdfc.CategorypageTest.verifyArticlesSection(CategorypageTest.java:165)
at java.base/java.util.ArrayList.forEach(ArrayList.java:1511)
... Removed 39 stack frames]]>
    </failure>
  </testcase> <!-- verifyArticlesSection -->
  <testcase classname="SeleniumTesting.AEMhdfc.CategorypageTest" name="verifyDisclaimer" time="6.374"/>
</testsuite> <!-- Test -->
