<?xml version="1.0" encoding="UTF-8"?>
<!-- Generated by org.testng.reporters.JUnitXMLReporter -->
<testsuite ignored="0" hostname="LIN24007907" failures="1" tests="69" name="Test" time="1740.913" errors="0" timestamp="2021-12-20T12:28:11 IST">
  <testcase classname="SeleniumTesting.AEMhdfc.HomepageTest" name="verifyBannerCarousel" time="15.858"/>
  <testcase classname="SeleniumTesting.AEMhdfc.HomepageTest" name="verifyTermPlanOnBanner" time="13.734"/>
  <testcase classname="SeleniumTesting.AEMhdfc.HomepageTest" name="verifySavingPlansOnBanner" time="11.692"/>
  <testcase classname="SeleniumTesting.AEMhdfc.HomepageTest" name="verifyChildrenPlansOnBanner" time="11.44"/>
  <testcase classname="SeleniumTesting.AEMhdfc.HomepageTest" name="verifyRetirementPlansOnBanner" time="11.474"/>
  <testcase classname="SeleniumTesting.AEMhdfc.HomepageTest" name="verifyViewAllButton" time="3.181"/>
  <testcase classname="SeleniumTesting.AEMhdfc.HomepageTest" name="verifyULIPPlansOnBanner" time="11.907"/>
  <testcase classname="SeleniumTesting.AEMhdfc.HomepageTest" name="verifyFixedMaturityPlanOnBanner" time="15.416"/>
  <testcase classname="SeleniumTesting.AEMhdfc.HomepageTest" name="verifyHealthPlansOnBanner" time="15.023"/>
  <testcase classname="SeleniumTesting.AEMhdfc.HomepageTest" name="verifyPosPlansOnBanner" time="15.158"/>
  <testcase classname="SeleniumTesting.AEMhdfc.HomepageTest" name="verifyComboPlansOnBanner" time="20.229"/>
  <testcase classname="SeleniumTesting.AEMhdfc.HomepageTest" name="verifyGroupPlansOnBanner" time="33.415"/>
  <testcase classname="SeleniumTesting.AEMhdfc.HomepageTest" name="verifyArrowButtonsOnBanner" time="43.158"/>
  <testcase classname="SeleniumTesting.AEMhdfc.HomepageTest" name="verifyMouseIndicator" time="9.119"/>
  <testcase classname="SeleniumTesting.AEMhdfc.HomepageTest" name="verifyschedulePopupWithValidDataProductPage" time="8.449"/>
  <testcase classname="SeleniumTesting.AEMhdfc.HomepageTest" name="verifyschedulepopupblankSubmit" time="9.642"/>
  <testcase classname="SeleniumTesting.AEMhdfc.HomepageTest" name="verifyschedulePopupwithoutmindata" time="6.513"/>
  <testcase classname="SeleniumTesting.AEMhdfc.HomepageTest" name="verifycalculatorWithValidData" time="44.153"/>
  <testcase classname="SeleniumTesting.AEMhdfc.HomepageTest" name="verifyCalculatorCloseBtn" time="9.26"/>
  <testcase classname="SeleniumTesting.AEMhdfc.HomepageTest" name="verifySanchayPlusBuyNowBtn" time="12.695"/>
  <testcase classname="SeleniumTesting.AEMhdfc.HomepageTest" name="verifyDisclaimer" time="15.168"/>
  <testcase classname="SeleniumTesting.AEMhdfc.HomepageTest" name="verifyProductAndPopularLinks" time="6.129"/>
  <testcase classname="SeleniumTesting.AEMhdfc.HomepageTest" name="verifyStayConnectedwithUs" time="9.942"/>
  <testcase classname="SeleniumTesting.AEMhdfc.HomepageTest" name="verifyDownloadLinks" time="12.569"/>
  <testcase classname="SeleniumTesting.AEMhdfc.HomepageTest" name="verifySubscribeOptionWithValidData" time="9.272"/>
  <testcase classname="SeleniumTesting.AEMhdfc.HomepageTest" name="verifyGroupWebsitesLinks" time="16.131"/>
  <testcase classname="SeleniumTesting.AEMhdfc.HomepageTest" name="verifyArticlesOnHomePage" time="92.733"/>
  <testcase classname="SeleniumTesting.AEMhdfc.CategorypageTest" name="navigateToPage" time="11.618"/>
  <testcase classname="SeleniumTesting.AEMhdfc.CategorypageTest" name="verifyCalculatePremiumBtn" time="12.474"/>
  <testcase classname="SeleniumTesting.AEMhdfc.CategorypageTest" name="verifyTalkToAdvisor" time="6.246"/>
  <testcase classname="SeleniumTesting.AEMhdfc.CategorypageTest" name="verifyTalkToAdvisorPopup" time="9.416"/>
  <testcase classname="SeleniumTesting.AEMhdfc.CategorypageTest" name="verifyHomeIconInBreadCrumb" time="9.24"/>
  <testcase classname="SeleniumTesting.AEMhdfc.CategorypageTest" name="verifyC2PLProduct" time="31.781"/>
  <testcase classname="SeleniumTesting.AEMhdfc.CategorypageTest" name="verifySJBProduct" time="25.527"/>
  <testcase classname="SeleniumTesting.AEMhdfc.CategorypageTest" name="verifyLetsCalculateBtn" time="12.076"/>
  <testcase classname="SeleniumTesting.AEMhdfc.CategorypageTest" name="verifyVideoOnCategoryPage" time="6.02"/>
  <testcase classname="SeleniumTesting.AEMhdfc.CategorypageTest" name="verifyWhySection" time="9.268"/>
  <testcase classname="SeleniumTesting.AEMhdfc.CategorypageTest" name="verifyTermInsuranceGuideFaqSection" time="21.616"/>
  <testcase classname="SeleniumTesting.AEMhdfc.CategorypageTest" name="verifyRidersSection" time="51.789"/>
  <testcase classname="SeleniumTesting.AEMhdfc.CategorypageTest" name="verifyContactUs" time="15.92"/>
  <testcase classname="SeleniumTesting.AEMhdfc.CategorypageTest" name="verifyArticlesSection" time="100.711"/>
  <testcase classname="SeleniumTesting.AEMhdfc.CategorypageTest" name="verifyDisclaimer" time="9.136"/>
  <testcase classname="SeleniumTesting.AEMhdfc.ProductpageTest" name="navigateToProductPage" time="22.385"/>
  <testcase classname="SeleniumTesting.AEMhdfc.ProductpageTest" name="verifyTandCOption" time="24.31"/>
  <testcase classname="SeleniumTesting.AEMhdfc.ProductpageTest" name="verifyProductPageBreadcrumb" time="23.261"/>
  <testcase classname="SeleniumTesting.AEMhdfc.ProductpageTest" name="verifyRatingOption" time="9.434"/>
  <testcase classname="SeleniumTesting.AEMhdfc.ProductpageTest" name="verifyPrintBtn" time="9.363"/>
  <testcase classname="SeleniumTesting.AEMhdfc.ProductpageTest" name="verifyShareOption" time="49.628"/>
  <testcase classname="SeleniumTesting.AEMhdfc.ProductpageTest" name="verifyRatingsFromAPI" time="3.041"/>
  <testcase classname="SeleniumTesting.AEMhdfc.ProductpageTest" name="verifyDownloadBrochure" time="6.136"/>
  <testcase classname="SeleniumTesting.AEMhdfc.ProductpageTest" name="verifyCalculatePremiumBtn" time="11.351"/>
  <testcase classname="SeleniumTesting.AEMhdfc.ProductpageTest" name="verifyBuyNowBtn" time="9.381"/>
  <testcase classname="SeleniumTesting.AEMhdfc.ProductpageTest" name="verifyDownloadsSectionAfterScroll" time="107.672"/>
  <testcase classname="SeleniumTesting.AEMhdfc.ProductpageTest" name="verifyYourPlanYourBenefitsSection" time="30.136">
    <failure type="org.openqa.selenium.TimeoutException" message="timeout: Timed out receiving message from renderer: 30.000
  (Session info: MicrosoftEdge=96.0.1054.62)
Build info: version: &amp;apos;3.141.59&amp;apos;, revision: &amp;apos;e82be7d358&amp;apos;, time: &amp;apos;2018-11-14T08:17:03&amp;apos;
System info: host: &amp;apos;LIN24007907&amp;apos;, ip: &amp;apos;192.168.1.13&amp;apos;, os.name: &amp;apos;Windows 10&amp;apos;, os.arch: &amp;apos;amd64&amp;apos;, os.version: &amp;apos;10.0&amp;apos;, java.version: &amp;apos;17&amp;apos;
Driver info: com.microsoft.edge.seleniumtools.EdgeDriver
Capabilities {acceptInsecureCerts: false, browserName: msedge, browserVersion: 96.0.1054.62, javascriptEnabled: true, ms:edgeOptions: {debuggerAddress: localhost:61301}, msedge: {msedgedriverVersion: 96.0.1054.62 (f97cb2ce0103f..., userDataDir: C:\Users\Akundar\AppData\Lo...}, networkConnectionEnabled: false, pageLoadStrategy: normal, platform: WINDOWS, platformName: WINDOWS, proxy: Proxy(), setWindowRect: true, strictFileInteractability: false, timeouts: {implicit: 0, pageLoad: 300000, script: 30000}, unhandledPromptBehavior: dismiss and notify, webauthn:extension:credBlob: true, webauthn:extension:largeBlob: true, webauthn:virtualAuthenticators: true}
Session ID: b1b2accbd6a8ae6b8be6d77e863a1e9a">
      <![CDATA[org.openqa.selenium.TimeoutException: timeout: Timed out receiving message from renderer: 30.000
  (Session info: MicrosoftEdge=96.0.1054.62)
Build info: version: '3.141.59', revision: 'e82be7d358', time: '2018-11-14T08:17:03'
System info: host: 'LIN24007907', ip: '192.168.1.13', os.name: 'Windows 10', os.arch: 'amd64', os.version: '10.0', java.version: '17'
Driver info: com.microsoft.edge.seleniumtools.EdgeDriver
Capabilities {acceptInsecureCerts: false, browserName: msedge, browserVersion: 96.0.1054.62, javascriptEnabled: true, ms:edgeOptions: {debuggerAddress: localhost:61301}, msedge: {msedgedriverVersion: 96.0.1054.62 (f97cb2ce0103f..., userDataDir: C:\Users\Akundar\AppData\Lo...}, networkConnectionEnabled: false, pageLoadStrategy: normal, platform: WINDOWS, platformName: WINDOWS, proxy: Proxy(), setWindowRect: true, strictFileInteractability: false, timeouts: {implicit: 0, pageLoad: 300000, script: 30000}, unhandledPromptBehavior: dismiss and notify, webauthn:extension:credBlob: true, webauthn:extension:largeBlob: true, webauthn:virtualAuthenticators: true}
Session ID: b1b2accbd6a8ae6b8be6d77e863a1e9a
at org.openqa.selenium.remote.http.W3CHttpResponseCodec.createException(W3CHttpResponseCodec.java:187)
at org.openqa.selenium.remote.http.W3CHttpResponseCodec.decode(W3CHttpResponseCodec.java:122)
at org.openqa.selenium.remote.http.W3CHttpResponseCodec.decode(W3CHttpResponseCodec.java:49)
at org.openqa.selenium.remote.HttpCommandExecutor.execute(HttpCommandExecutor.java:158)
at org.openqa.selenium.remote.service.DriverCommandExecutor.execute(DriverCommandExecutor.java:83)
at org.openqa.selenium.remote.RemoteWebDriver.execute(RemoteWebDriver.java:552)
at org.openqa.selenium.remote.RemoteWebDriver.executeScript(RemoteWebDriver.java:489)
at org.openqa.selenium.support.events.EventFiringWebDriver.lambda$new$1(EventFiringWebDriver.java:105)
at jdk.proxy2/jdk.proxy2.$Proxy25.executeScript(Unknown Source)
at org.openqa.selenium.support.events.EventFiringWebDriver.executeScript(EventFiringWebDriver.java:229)
at SeleniumTesting.AEMhdfc.ProductpageTest.verifyYourPlanYourBenefitsSection(ProductpageTest.java:153)
at java.base/java.util.ArrayList.forEach(ArrayList.java:1511)
... Removed 39 stack frames]]>
    </failure>
  </testcase> <!-- verifyYourPlanYourBenefitsSection -->
  <testcase classname="SeleniumTesting.AEMhdfc.ProductpageTest" name="verifyEligibilityCriteria" time="9.294"/>
  <testcase classname="SeleniumTesting.AEMhdfc.ProductpageTest" name="verifyVideoOnCategoryPage" time="3.013"/>
  <testcase classname="SeleniumTesting.AEMhdfc.ProductpageTest" name="verifyRidersSection" time="57.814"/>
  <testcase classname="SeleniumTesting.AEMhdfc.ProductpageTest" name="verifyScheduleACallOnProductPage" time="16.815"/>
  <testcase classname="SeleniumTesting.AEMhdfc.ProductpageTest" name="verifyFAQSection" time="12.387"/>
  <testcase classname="SeleniumTesting.AEMhdfc.ProductpageTest" name="verifyDisclaimerOnProductPage" time="9.141"/>
  <testcase classname="SeleniumTesting.AEMhdfc.CustomerservicelandingTest" name="navigateToCustomerServiceLandingPage" time="5.365"/>
  <testcase classname="SeleniumTesting.AEMhdfc.CustomerservicelandingTest" name="verifyCustomerServiceLandingPopup" time="15.461"/>
  <testcase classname="SeleniumTesting.AEMhdfc.CustomerservicelandingTest" name="verifyBannerCarousel" time="35.391"/>
  <testcase classname="SeleniumTesting.AEMhdfc.CustomerservicelandingTest" name="verifyBreadcrumb" time="11.326"/>
  <testcase classname="SeleniumTesting.AEMhdfc.CustomerservicelandingTest" name="verifyQuickLinksSection" time="177.124"/>
  <testcase classname="SeleniumTesting.AEMhdfc.CustomerservicelandingTest" name="verifyFAQSection" time="7.233"/>
  <testcase classname="SeleniumTesting.AEMhdfc.CustomerservicelandingTest" name="verifyTiles" time="211.263"/>
  <testcase classname="SeleniumTesting.AEMhdfc.CustomerservicelandingTest" name="verifyAadharSection" time="10.583"/>
  <testcase classname="SeleniumTesting.AEMhdfc.CustomerservicelandingTest" name="verifyContactUsSection" time="10.208"/>
</testsuite> <!-- Test -->
