<?xml version="1.0" encoding="UTF-8"?>
<!-- Generated by org.testng.reporters.JUnitXMLReporter -->
<testsuite ignored="0" hostname="LIN24007907" failures="0" tests="41" name="Test" time="561.318" errors="0" timestamp="2021-12-03T18:59:44 IST">
  <testcase classname="SeleniumTesting.AEMhdfc.HomepageTest" name="verifyBannerCarousel" time="15.582"/>
  <testcase classname="SeleniumTesting.AEMhdfc.HomepageTest" name="verifyTermPlanOnBanner" time="9.966"/>
  <testcase classname="SeleniumTesting.AEMhdfc.HomepageTest" name="verifySavingPlansOnBanner" time="8.791"/>
  <testcase classname="SeleniumTesting.AEMhdfc.HomepageTest" name="verifyChildrenPlansOnBanner" time="8.565"/>
  <testcase classname="SeleniumTesting.AEMhdfc.HomepageTest" name="verifyRetirementPlansOnBanner" time="8.644"/>
  <testcase classname="SeleniumTesting.AEMhdfc.HomepageTest" name="verifyViewAllButton" time="3.26"/>
  <testcase classname="SeleniumTesting.AEMhdfc.HomepageTest" name="verifyULIPPlansOnBanner" time="8.655"/>
  <testcase classname="SeleniumTesting.AEMhdfc.HomepageTest" name="verifyFixedMaturityPlanOnBanner" time="12.952"/>
  <testcase classname="SeleniumTesting.AEMhdfc.HomepageTest" name="verifyHealthPlansOnBanner" time="11.94"/>
  <testcase classname="SeleniumTesting.AEMhdfc.HomepageTest" name="verifyPosPlansOnBanner" time="12.084"/>
  <testcase classname="SeleniumTesting.AEMhdfc.HomepageTest" name="verifyComboPlansOnBanner" time="17.472"/>
  <testcase classname="SeleniumTesting.AEMhdfc.HomepageTest" name="verifyGroupPlansOnBanner" time="30.385"/>
  <testcase classname="SeleniumTesting.AEMhdfc.HomepageTest" name="verifyArrowButtonsOnBanner" time="43.139"/>
  <testcase classname="SeleniumTesting.AEMhdfc.HomepageTest" name="verifyMouseIndicator" time="9.145"/>
  <testcase classname="SeleniumTesting.AEMhdfc.HomepageTest" name="verifyschedulePopupWithValidData" time="8.461"/>
  <testcase classname="SeleniumTesting.AEMhdfc.HomepageTest" name="verifyschedulepopupblankSubmit" time="9.685"/>
  <testcase classname="SeleniumTesting.AEMhdfc.HomepageTest" name="verifyschedulePopupwithoutmindata" time="6.556"/>
  <testcase classname="SeleniumTesting.AEMhdfc.HomepageTest" name="verifycalculatorWithValidData" time="40.61"/>
  <testcase classname="SeleniumTesting.AEMhdfc.HomepageTest" name="verifyCalculatorCloseBtn" time="9.253"/>
  <testcase classname="SeleniumTesting.AEMhdfc.HomepageTest" name="verifySanchayPlusBuyNowBtn" time="12.35"/>
  <testcase classname="SeleniumTesting.AEMhdfc.HomepageTest" name="verifyDisclaimer" time="6.136"/>
  <testcase classname="SeleniumTesting.AEMhdfc.HomepageTest" name="verifyProductAndPopularLinks" time="6.596"/>
  <testcase classname="SeleniumTesting.AEMhdfc.HomepageTest" name="verifyStayConnectedwithUs" time="11.232"/>
  <testcase classname="SeleniumTesting.AEMhdfc.HomepageTest" name="verifyDownloadLinks" time="12.48"/>
  <testcase classname="SeleniumTesting.AEMhdfc.HomepageTest" name="verifySubscribeOptionWithValidData" time="9.292"/>
  <testcase classname="SeleniumTesting.AEMhdfc.HomepageTest" name="verifyGroupWebsitesLinks" time="17.476"/>
  <testcase classname="SeleniumTesting.AEMhdfc.CategorypageTest" name="navigateToPage" time="10.32"/>
  <testcase classname="SeleniumTesting.AEMhdfc.CategorypageTest" name="verifyCalculatePremiumBtn" time="12.433"/>
  <testcase classname="SeleniumTesting.AEMhdfc.CategorypageTest" name="verifyTalkToAdvisor" time="6.26"/>
  <testcase classname="SeleniumTesting.AEMhdfc.CategorypageTest" name="verifyTalkToAdvisorPopup" time="9.395"/>
  <testcase classname="SeleniumTesting.AEMhdfc.CategorypageTest" name="verifyHomeIconInBreadCrumb" time="9.57"/>
  <testcase classname="SeleniumTesting.AEMhdfc.CategorypageTest" name="verifyC2PLProduct" time="27.28"/>
  <testcase classname="SeleniumTesting.AEMhdfc.CategorypageTest" name="verifySJBProduct" time="22.138"/>
  <testcase classname="SeleniumTesting.AEMhdfc.CategorypageTest" name="verifyLetsCalculateWithValidData" time="8.658"/>
  <testcase classname="SeleniumTesting.AEMhdfc.CategorypageTest" name="verifyVideoOnCategoryPage" time="6.016"/>
  <testcase classname="SeleniumTesting.AEMhdfc.CategorypageTest" name="verifyWhySection" time="9.317"/>
  <testcase classname="SeleniumTesting.AEMhdfc.CategorypageTest" name="verifyTermInsuranceGuideFaqSection" time="21.556"/>
  <testcase classname="SeleniumTesting.AEMhdfc.CategorypageTest" name="verifyRidersSection" time="24.397"/>
  <testcase classname="SeleniumTesting.AEMhdfc.CategorypageTest" name="verifyContactUs" time="12.547"/>
  <testcase classname="SeleniumTesting.AEMhdfc.CategorypageTest" name="verifyArticlesSection" time="15.178"/>
  <testcase classname="SeleniumTesting.AEMhdfc.CategorypageTest" name="verifyDisclaimer" time="6.167"/>
</testsuite> <!-- Test -->
