<?xml version="1.0" encoding="UTF-8"?>
<!-- Generated by org.testng.reporters.JUnitXMLReporter -->
<testsuite ignored="0" hostname="LIN24007907" failures="1" tests="60" name="Test" time="1077.278" errors="0" timestamp="2021-12-13T22:38:53 IST">
  <testcase classname="SeleniumTesting.AEMhdfc.HomepageTest" name="verifyBannerCarousel" time="15.777"/>
  <testcase classname="SeleniumTesting.AEMhdfc.HomepageTest" name="verifyTermPlanOnBanner" time="12.344"/>
  <testcase classname="SeleniumTesting.AEMhdfc.HomepageTest" name="verifySavingPlansOnBanner" time="11.088"/>
  <testcase classname="SeleniumTesting.AEMhdfc.HomepageTest" name="verifyChildrenPlansOnBanner" time="11.132"/>
  <testcase classname="SeleniumTesting.AEMhdfc.HomepageTest" name="verifyRetirementPlansOnBanner" time="11.483"/>
  <testcase classname="SeleniumTesting.AEMhdfc.HomepageTest" name="verifyViewAllButton" time="3.231"/>
  <testcase classname="SeleniumTesting.AEMhdfc.HomepageTest" name="verifyULIPPlansOnBanner" time="11.094"/>
  <testcase classname="SeleniumTesting.AEMhdfc.HomepageTest" name="verifyFixedMaturityPlanOnBanner" time="15.231"/>
  <testcase classname="SeleniumTesting.AEMhdfc.HomepageTest" name="verifyHealthPlansOnBanner" time="14.475"/>
  <testcase classname="SeleniumTesting.AEMhdfc.HomepageTest" name="verifyPosPlansOnBanner" time="14.622"/>
  <testcase classname="SeleniumTesting.AEMhdfc.HomepageTest" name="verifyComboPlansOnBanner" time="19.975"/>
  <testcase classname="SeleniumTesting.AEMhdfc.HomepageTest" name="verifyGroupPlansOnBanner" time="33.395"/>
  <testcase classname="SeleniumTesting.AEMhdfc.HomepageTest" name="verifyArrowButtonsOnBanner" time="43.821"/>
  <testcase classname="SeleniumTesting.AEMhdfc.HomepageTest" name="verifyMouseIndicator" time="9.144"/>
  <testcase classname="SeleniumTesting.AEMhdfc.HomepageTest" name="verifyschedulePopupWithValidDataProductPage" time="8.592"/>
  <testcase classname="SeleniumTesting.AEMhdfc.HomepageTest" name="verifyschedulepopupblankSubmit" time="9.807"/>
  <testcase classname="SeleniumTesting.AEMhdfc.HomepageTest" name="verifyschedulePopupwithoutmindata" time="6.626"/>
  <testcase classname="SeleniumTesting.AEMhdfc.HomepageTest" name="verifycalculatorWithValidData" time="40.845"/>
  <testcase classname="SeleniumTesting.AEMhdfc.HomepageTest" name="verifyCalculatorCloseBtn" time="9.309"/>
  <testcase classname="SeleniumTesting.AEMhdfc.HomepageTest" name="verifySanchayPlusBuyNowBtn" time="12.709"/>
  <testcase classname="SeleniumTesting.AEMhdfc.HomepageTest" name="verifyDisclaimer" time="15.209"/>
  <testcase classname="SeleniumTesting.AEMhdfc.HomepageTest" name="verifyProductAndPopularLinks" time="6.795"/>
  <testcase classname="SeleniumTesting.AEMhdfc.HomepageTest" name="verifyStayConnectedwithUs" time="10.112"/>
  <testcase classname="SeleniumTesting.AEMhdfc.HomepageTest" name="verifyDownloadLinks" time="12.608"/>
  <testcase classname="SeleniumTesting.AEMhdfc.HomepageTest" name="verifySubscribeOptionWithValidData" time="9.353"/>
  <testcase classname="SeleniumTesting.AEMhdfc.HomepageTest" name="verifyGroupWebsitesLinks" time="17.224"/>
  <testcase classname="SeleniumTesting.AEMhdfc.HomepageTest" name="verifyArticlesOnHomePage" time="84.21"/>
  <testcase classname="SeleniumTesting.AEMhdfc.CategorypageTest" name="navigateToPage" time="10.911"/>
  <testcase classname="SeleniumTesting.AEMhdfc.CategorypageTest" name="verifyCalculatePremiumBtn" time="12.462"/>
  <testcase classname="SeleniumTesting.AEMhdfc.CategorypageTest" name="verifyTalkToAdvisor" time="6.243"/>
  <testcase classname="SeleniumTesting.AEMhdfc.CategorypageTest" name="verifyTalkToAdvisorPopup" time="9.501"/>
  <testcase classname="SeleniumTesting.AEMhdfc.CategorypageTest" name="verifyHomeIconInBreadCrumb" time="8.192"/>
  <testcase classname="SeleniumTesting.AEMhdfc.CategorypageTest" name="verifyC2PLProduct" time="29.725"/>
  <testcase classname="SeleniumTesting.AEMhdfc.CategorypageTest" name="verifySJBProduct" time="24.075"/>
  <testcase classname="SeleniumTesting.AEMhdfc.CategorypageTest" name="verifyLetsCalculateBtn" time="11.081"/>
  <testcase classname="SeleniumTesting.AEMhdfc.CategorypageTest" name="verifyVideoOnCategoryPage" time="6.04"/>
  <testcase classname="SeleniumTesting.AEMhdfc.CategorypageTest" name="verifyWhySection" time="9.349"/>
  <testcase classname="SeleniumTesting.AEMhdfc.CategorypageTest" name="verifyTermInsuranceGuideFaqSection" time="21.639"/>
  <testcase classname="SeleniumTesting.AEMhdfc.CategorypageTest" name="verifyRidersSection" time="51.84"/>
  <testcase classname="SeleniumTesting.AEMhdfc.CategorypageTest" name="verifyContactUs" time="15.053"/>
  <testcase classname="SeleniumTesting.AEMhdfc.CategorypageTest" name="verifyArticlesSection" time="83.899"/>
  <testcase classname="SeleniumTesting.AEMhdfc.CategorypageTest" name="verifyDisclaimer" time="9.148"/>
  <testcase classname="SeleniumTesting.AEMhdfc.ProductpageTest" name="navigateToProductPage" time="22.041"/>
  <testcase classname="SeleniumTesting.AEMhdfc.ProductpageTest" name="verifyTandCOption" time="24.273"/>
  <testcase classname="SeleniumTesting.AEMhdfc.ProductpageTest" name="verifyProductPageBreadcrumb" time="20.858"/>
  <testcase classname="SeleniumTesting.AEMhdfc.ProductpageTest" name="verifyRatingOption" time="9.497"/>
  <testcase classname="SeleniumTesting.AEMhdfc.ProductpageTest" name="verifyPrintBtn" time="9.403"/>
  <testcase classname="SeleniumTesting.AEMhdfc.ProductpageTest" name="verifyShareOption" time="50.624"/>
  <testcase classname="SeleniumTesting.AEMhdfc.ProductpageTest" name="verifyRatingsFromAPI" time="3.072"/>
  <testcase classname="SeleniumTesting.AEMhdfc.ProductpageTest" name="verifyDownloadBrochure" time="6.115"/>
  <testcase classname="SeleniumTesting.AEMhdfc.ProductpageTest" name="verifyCalculatePremiumBtn" time="11.474"/>
  <testcase classname="SeleniumTesting.AEMhdfc.ProductpageTest" name="verifyBuyNowBtn" time="9.442"/>
  <testcase classname="SeleniumTesting.AEMhdfc.ProductpageTest" name="verifyDownloadsSectionAfterScroll" time="106.952"/>
  <testcase classname="SeleniumTesting.AEMhdfc.ProductpageTest" name="verifyYourPlanYourBenefitsSection" time="8.687">
    <failure type="org.openqa.selenium.ElementClickInterceptedException" message="element click intercepted: Element is not clickable at point (689, 1194)
  (Session info: chrome=96.0.4664.93)
Build info: version: &amp;apos;3.141.59&amp;apos;, revision: &amp;apos;e82be7d358&amp;apos;, time: &amp;apos;2018-11-14T08:17:03&amp;apos;
System info: host: &amp;apos;LIN24007907&amp;apos;, ip: &amp;apos;192.168.1.13&amp;apos;, os.name: &amp;apos;Windows 10&amp;apos;, os.arch: &amp;apos;amd64&amp;apos;, os.version: &amp;apos;10.0&amp;apos;, java.version: &amp;apos;17&amp;apos;
Driver info: org.openqa.selenium.chrome.ChromeDriver
Capabilities {acceptInsecureCerts: false, browserName: chrome, browserVersion: 96.0.4664.93, chrome: {chromedriverVersion: 96.0.4664.45 (76e4c1bb2ab46..., userDataDir: C:\Users\Akundar\AppData\Lo...}, goog:chromeOptions: {debuggerAddress: localhost:55355}, javascriptEnabled: true, networkConnectionEnabled: false, pageLoadStrategy: normal, platform: WINDOWS, platformName: WINDOWS, proxy: Proxy(), setWindowRect: true, strictFileInteractability: false, timeouts: {implicit: 0, pageLoad: 300000, script: 30000}, unhandledPromptBehavior: dismiss and notify, webauthn:extension:credBlob: true, webauthn:extension:largeBlob: true, webauthn:virtualAuthenticators: true}
Session ID: 25b76a5366ea37c264b2f84f2fb314d1">
      <![CDATA[org.openqa.selenium.ElementClickInterceptedException: element click intercepted: Element is not clickable at point (689, 1194)
  (Session info: chrome=96.0.4664.93)
Build info: version: '3.141.59', revision: 'e82be7d358', time: '2018-11-14T08:17:03'
System info: host: 'LIN24007907', ip: '192.168.1.13', os.name: 'Windows 10', os.arch: 'amd64', os.version: '10.0', java.version: '17'
Driver info: org.openqa.selenium.chrome.ChromeDriver
Capabilities {acceptInsecureCerts: false, browserName: chrome, browserVersion: 96.0.4664.93, chrome: {chromedriverVersion: 96.0.4664.45 (76e4c1bb2ab46..., userDataDir: C:\Users\Akundar\AppData\Lo...}, goog:chromeOptions: {debuggerAddress: localhost:55355}, javascriptEnabled: true, networkConnectionEnabled: false, pageLoadStrategy: normal, platform: WINDOWS, platformName: WINDOWS, proxy: Proxy(), setWindowRect: true, strictFileInteractability: false, timeouts: {implicit: 0, pageLoad: 300000, script: 30000}, unhandledPromptBehavior: dismiss and notify, webauthn:extension:credBlob: true, webauthn:extension:largeBlob: true, webauthn:virtualAuthenticators: true}
Session ID: 25b76a5366ea37c264b2f84f2fb314d1
at org.openqa.selenium.remote.http.W3CHttpResponseCodec.createException(W3CHttpResponseCodec.java:187)
at org.openqa.selenium.remote.http.W3CHttpResponseCodec.decode(W3CHttpResponseCodec.java:122)
at org.openqa.selenium.remote.http.W3CHttpResponseCodec.decode(W3CHttpResponseCodec.java:49)
at org.openqa.selenium.remote.HttpCommandExecutor.execute(HttpCommandExecutor.java:158)
at org.openqa.selenium.remote.service.DriverCommandExecutor.execute(DriverCommandExecutor.java:83)
at org.openqa.selenium.remote.RemoteWebDriver.execute(RemoteWebDriver.java:552)
at org.openqa.selenium.remote.RemoteWebElement.execute(RemoteWebElement.java:285)
at org.openqa.selenium.remote.RemoteWebElement.click(RemoteWebElement.java:84)
at org.openqa.selenium.support.events.EventFiringWebDriver$EventFiringWebElement.lambda$new$0(EventFiringWebDriver.java:404)
at jdk.proxy2/jdk.proxy2.$Proxy30.click(Unknown Source)
at org.openqa.selenium.support.events.EventFiringWebDriver$EventFiringWebElement.click(EventFiringWebDriver.java:417)
at org.openqa.selenium.support.pagefactory.internal.LocatingElementHandler.invoke(LocatingElementHandler.java:51)
at jdk.proxy2/jdk.proxy2.$Proxy28.click(Unknown Source)
at PageObjects.Productpage.verifyBenefitsSection(Productpage.java:397)
at SeleniumTesting.AEMhdfc.ProductpageTest.verifyYourPlanYourBenefitsSection(ProductpageTest.java:154)
at java.base/java.util.ArrayList.forEach(ArrayList.java:1511)
... Removed 42 stack frames]]>
    </failure>
  </testcase> <!-- verifyYourPlanYourBenefitsSection -->
  <testcase classname="SeleniumTesting.AEMhdfc.ProductpageTest" name="verifyEligibilityCriteria" time="0.0">
    <skipped/>
  </testcase> <!-- verifyEligibilityCriteria -->
  <testcase classname="SeleniumTesting.AEMhdfc.ProductpageTest" name="verifyVideoOnCategoryPage" time="0.0">
    <skipped/>
  </testcase> <!-- verifyVideoOnCategoryPage -->
  <testcase classname="SeleniumTesting.AEMhdfc.ProductpageTest" name="verifyRidersSection" time="0.0">
    <skipped/>
  </testcase> <!-- verifyRidersSection -->
  <testcase classname="SeleniumTesting.AEMhdfc.ProductpageTest" name="verifyScheduleACallOnProductPage" time="0.0">
    <skipped/>
  </testcase> <!-- verifyScheduleACallOnProductPage -->
  <testcase classname="SeleniumTesting.AEMhdfc.ProductpageTest" name="verifyFAQSection" time="0.0">
    <skipped/>
  </testcase> <!-- verifyFAQSection -->
  <testcase classname="SeleniumTesting.AEMhdfc.ProductpageTest" name="verifyDisclaimerOnProductPage" time="0.0">
    <skipped/>
  </testcase> <!-- verifyDisclaimerOnProductPage -->
</testsuite> <!-- Test -->
