<?xml version="1.0" encoding="UTF-8"?>
<testsuite xmlns:xsi="http://www.w3.org/2001/XMLSchema-instance" xsi:noNamespaceSchemaLocation="https://maven.apache.org/surefire/maven-surefire-plugin/xsd/surefire-test-report-3.0.xsd" version="3.0" name="TestSuite" time="470.61" tests="21" errors="0" skipped="1" failures="1">
  <properties>
[...]
</properties>
  <testcase name="verifyBannerCarousel" classname="SeleniumTesting.AEMhdfc.HomepageTest" time="15.664">
    <system-out><![CDATA[Before navigating to: 'https://www.hdfclife.com/'
Navigated to:'https://www.hdfclife.com/'
Trying to find Element By : By.xpath: //li[@data-slide-to='1']
Found Element By : By.xpath: //li[@data-slide-to='1']
Trying to click on: [[ChromeDriver: chrome on WINDOWS (528eb51b9004ee795b3c9e4d173864de)] -> xpath: //li[@data-slide-to='1']]
Clicked on: [[ChromeDriver: chrome on WINDOWS (528eb51b9004ee795b3c9e4d173864de)] -> xpath: //li[@data-slide-to='1']]
Trying to find Element By : By.xpath: //div[@class='carousel-item active']//img[@class='bg-align']
Found Element By : By.xpath: //div[@class='carousel-item active']//img[@class='bg-align']
Trying to find Element By : By.xpath: //li[@data-slide-to='2']
Found Element By : By.xpath: //li[@data-slide-to='2']
Trying to click on: [[ChromeDriver: chrome on WINDOWS (528eb51b9004ee795b3c9e4d173864de)] -> xpath: //li[@data-slide-to='2']]
Clicked on: [[ChromeDriver: chrome on WINDOWS (528eb51b9004ee795b3c9e4d173864de)] -> xpath: //li[@data-slide-to='2']]
Trying to find Element By : By.xpath: //div[@class='carousel-item active']//img[@class='bg-align']
Found Element By : By.xpath: //div[@class='carousel-item active']//img[@class='bg-align']
Trying to find Element By : By.xpath: //li[@data-slide-to='3']
Found Element By : By.xpath: //li[@data-slide-to='3']
Trying to click on: [[ChromeDriver: chrome on WINDOWS (528eb51b9004ee795b3c9e4d173864de)] -> xpath: //li[@data-slide-to='3']]
Clicked on: [[ChromeDriver: chrome on WINDOWS (528eb51b9004ee795b3c9e4d173864de)] -> xpath: //li[@data-slide-to='3']]
Trying to find Element By : By.xpath: //div[@class='carousel-item active']//img[@class='bg-align']
Found Element By : By.xpath: //div[@class='carousel-item active']//img[@class='bg-align']
Trying to find Element By : By.xpath: //li[@data-slide-to='4']
Found Element By : By.xpath: //li[@data-slide-to='4']
Trying to click on: [[ChromeDriver: chrome on WINDOWS (528eb51b9004ee795b3c9e4d173864de)] -> xpath: //li[@data-slide-to='4']]
Clicked on: [[ChromeDriver: chrome on WINDOWS (528eb51b9004ee795b3c9e4d173864de)] -> xpath: //li[@data-slide-to='4']]
Trying to find Element By : By.xpath: //div[@class='carousel-item active']//img[@class='bg-align']
Found Element By : By.xpath: //div[@class='carousel-item active']//img[@class='bg-align']
Trying to find Element By : By.xpath: //li[@data-slide-to='0']
Found Element By : By.xpath: //li[@data-slide-to='0']
Trying to click on: [[ChromeDriver: chrome on WINDOWS (528eb51b9004ee795b3c9e4d173864de)] -> xpath: //li[@data-slide-to='0']]
Clicked on: [[ChromeDriver: chrome on WINDOWS (528eb51b9004ee795b3c9e4d173864de)] -> xpath: //li[@data-slide-to='0']]
Trying to find Element By : By.xpath: //div[@class='carousel-item active']//img[@class='bg-align']
Found Element By : By.xpath: //div[@class='carousel-item active']//img[@class='bg-align']
]]></system-out>
    <system-err><![CDATA[Dec 13, 2021 1:52:10 PM org.openqa.selenium.remote.DesiredCapabilities chrome
INFO: Using `new ChromeOptions()` is preferred to `DesiredCapabilities.chrome()`
Starting ChromeDriver 96.0.4664.45 (76e4c1bb2ab4671b8beba3444e61c0f17584b2fc-refs/branch-heads/4664@{#947}) on port 36930
Only local connections are allowed.
Please see https://chromedriver.chromium.org/security-considerations for suggestions on keeping ChromeDriver safe.
ChromeDriver was started successfully.
[1639383730.710][WARNING]: Deprecated chrome option is ignored: useAutomationExtension
[1639383730.710][WARNING]: Deprecated chrome option is ignored: useAutomationExtension
Dec 13, 2021 1:52:11 PM org.openqa.selenium.remote.ProtocolHandshake createSession
INFO: Detected dialect: W3C
]]></system-err>
  </testcase>
  <testcase name="navigateToPage" classname="SeleniumTesting.AEMhdfc.CategorypageTest" time="12.683">
    <system-out><![CDATA[Before navigating to: 'https://www.hdfclife.com/'
Navigated to:'https://www.hdfclife.com/'
Trying to find Element By : By.xpath: //a[@class='megaMenuLink']
Found Element By : By.xpath: //a[@class='megaMenuLink']
Trying to click on: [[ChromeDriver: chrome on WINDOWS (0d9111958ca32ebda0d06c47854f3902)] -> xpath: //a[@class='megaMenuLink']]
Clicked on: [[ChromeDriver: chrome on WINDOWS (0d9111958ca32ebda0d06c47854f3902)] -> xpath: //a[@class='megaMenuLink']]
Trying to find Element By : By.xpath: (//a[@class='moreMenuLink gtm-moreMenuLink'])[1]
Found Element By : By.xpath: (//a[@class='moreMenuLink gtm-moreMenuLink'])[1]
Trying to click on: [[ChromeDriver: chrome on WINDOWS (0d9111958ca32ebda0d06c47854f3902)] -> xpath: (//a[@class='moreMenuLink gtm-moreMenuLink'])[1]]
Clicked on: [[ChromeDriver: chrome on WINDOWS (0d9111958ca32ebda0d06c47854f3902)] -> xpath: (//a[@class='moreMenuLink gtm-moreMenuLink'])[1]]
]]></system-out>
    <system-err><![CDATA[Dec 13, 2021 1:52:31 PM org.openqa.selenium.remote.DesiredCapabilities chrome
INFO: Using `new ChromeOptions()` is preferred to `DesiredCapabilities.chrome()`
Starting ChromeDriver 96.0.4664.45 (76e4c1bb2ab4671b8beba3444e61c0f17584b2fc-refs/branch-heads/4664@{#947}) on port 35155
Only local connections are allowed.
Please see https://chromedriver.chromium.org/security-considerations for suggestions on keeping ChromeDriver safe.
ChromeDriver was started successfully.
[1639383752.064][WARNING]: Deprecated chrome option is ignored: useAutomationExtension
[1639383752.064][WARNING]: Deprecated chrome option is ignored: useAutomationExtension
Dec 13, 2021 1:52:32 PM org.openqa.selenium.remote.ProtocolHandshake createSession
INFO: Detected dialect: W3C
]]></system-err>
  </testcase>
  <testcase name="navigateToProductPage" classname="SeleniumTesting.AEMhdfc.ProductpageTest" time="24.335">
    <system-out><![CDATA[Before navigating to: 'https://www.hdfclife.com/'
Navigated to:'https://www.hdfclife.com/'
Trying to find Element By : By.xpath: //a[@class='megaMenuLink']
Found Element By : By.xpath: //a[@class='megaMenuLink']
Trying to click on: [[ChromeDriver: chrome on WINDOWS (aaa06c9289d587cbcba1d3229543df40)] -> xpath: //a[@class='megaMenuLink']]
Clicked on: [[ChromeDriver: chrome on WINDOWS (aaa06c9289d587cbcba1d3229543df40)] -> xpath: //a[@class='megaMenuLink']]
Trying to find Element By : By.xpath: (//a[@class='moreMenuLink gtm-moreMenuLink'])[1]
Found Element By : By.xpath: (//a[@class='moreMenuLink gtm-moreMenuLink'])[1]
Trying to click on: [[ChromeDriver: chrome on WINDOWS (aaa06c9289d587cbcba1d3229543df40)] -> xpath: (//a[@class='moreMenuLink gtm-moreMenuLink'])[1]]
Clicked on: [[ChromeDriver: chrome on WINDOWS (aaa06c9289d587cbcba1d3229543df40)] -> xpath: (//a[@class='moreMenuLink gtm-moreMenuLink'])[1]]
Trying to find Element By : By.xpath: (//a[@class='siteButton outlinedBtn learMoreBtn dataLayerBtnClick'])[1]
Found Element By : By.xpath: (//a[@class='siteButton outlinedBtn learMoreBtn dataLayerBtnClick'])[1]
Trying to find Element By : By.xpath: (//a[@class='siteButton outlinedBtn learMoreBtn dataLayerBtnClick'])[1]
Found Element By : By.xpath: (//a[@class='siteButton outlinedBtn learMoreBtn dataLayerBtnClick'])[1]
Trying to find Element By : By.xpath: (//a[@class='siteButton outlinedBtn learMoreBtn dataLayerBtnClick'])[1]
Found Element By : By.xpath: (//a[@class='siteButton outlinedBtn learMoreBtn dataLayerBtnClick'])[1]
Trying to find Element By : By.xpath: (//a[@class='siteButton outlinedBtn learMoreBtn dataLayerBtnClick'])[1]
Found Element By : By.xpath: (//a[@class='siteButton outlinedBtn learMoreBtn dataLayerBtnClick'])[1]
Trying to click on: [[ChromeDriver: chrome on WINDOWS (aaa06c9289d587cbcba1d3229543df40)] -> xpath: (//a[@class='siteButton outlinedBtn learMoreBtn dataLayerBtnClick'])[1]]
Clicked on: [[ChromeDriver: chrome on WINDOWS (aaa06c9289d587cbcba1d3229543df40)] -> xpath: (//a[@class='siteButton outlinedBtn learMoreBtn dataLayerBtnClick'])[1]]
]]></system-out>
    <system-err><![CDATA[Dec 13, 2021 1:52:49 PM org.openqa.selenium.remote.DesiredCapabilities chrome
INFO: Using `new ChromeOptions()` is preferred to `DesiredCapabilities.chrome()`
Starting ChromeDriver 96.0.4664.45 (76e4c1bb2ab4671b8beba3444e61c0f17584b2fc-refs/branch-heads/4664@{#947}) on port 37556
Only local connections are allowed.
Please see https://chromedriver.chromium.org/security-considerations for suggestions on keeping ChromeDriver safe.
ChromeDriver was started successfully.
[1639383770.165][WARNING]: Deprecated chrome option is ignored: useAutomationExtension
[1639383770.165][WARNING]: Deprecated chrome option is ignored: useAutomationExtension
Dec 13, 2021 1:52:50 PM org.openqa.selenium.remote.ProtocolHandshake createSession
INFO: Detected dialect: W3C
]]></system-err>
  </testcase>
  <testcase name="verifyTandCOption" classname="SeleniumTesting.AEMhdfc.ProductpageTest" time="24.338">
    <system-out><![CDATA[Trying to find Element By : By.xpath: //a[@class='popuptext']
Found Element By : By.xpath: //a[@class='popuptext']
Trying to find Element By : By.xpath: //a[@class='popuptext']
Found Element By : By.xpath: //a[@class='popuptext']
Trying to click on: [[ChromeDriver: chrome on WINDOWS (aaa06c9289d587cbcba1d3229543df40)] -> xpath: //a[@class='popuptext']]
Clicked on: [[ChromeDriver: chrome on WINDOWS (aaa06c9289d587cbcba1d3229543df40)] -> xpath: //a[@class='popuptext']]
Trying to find Element By : By.xpath: //a[@data-toggle='collapse']
Found Element By : By.xpath: //a[@data-toggle='collapse']
Trying to find Element By : By.xpath: //a[@data-toggle='collapse']
Found Element By : By.xpath: //a[@data-toggle='collapse']
Trying to click on: [[ChromeDriver: chrome on WINDOWS (aaa06c9289d587cbcba1d3229543df40)] -> xpath: //a[@data-toggle='collapse']]
Clicked on: [[ChromeDriver: chrome on WINDOWS (aaa06c9289d587cbcba1d3229543df40)] -> xpath: //a[@data-toggle='collapse']]
]]></system-out>
  </testcase>
  <testcase name="verifyProductPageBreadcrumb" classname="SeleniumTesting.AEMhdfc.ProductpageTest" time="28.434">
    <system-out><![CDATA[Trying to find Element By : By.xpath: //img[@class='homeIconImg']
Found Element By : By.xpath: //img[@class='homeIconImg']
Trying to find Element By : By.xpath: //img[@class='homeIconImg']
Found Element By : By.xpath: //img[@class='homeIconImg']
Trying to click on: [[ChromeDriver: chrome on WINDOWS (aaa06c9289d587cbcba1d3229543df40)] -> xpath: //img[@class='homeIconImg']]
Clicked on: [[ChromeDriver: chrome on WINDOWS (aaa06c9289d587cbcba1d3229543df40)] -> xpath: //img[@class='homeIconImg']]
Navigating back to previous page
Navigated back to previous page
Trying to find Element By : By.xpath: //label[normalize-space()='Term Insurance Plans']
Found Element By : By.xpath: //label[normalize-space()='Term Insurance Plans']
Trying to find Element By : By.xpath: //label[normalize-space()='Term Insurance Plans']
Found Element By : By.xpath: //label[normalize-space()='Term Insurance Plans']
Trying to click on: [[ChromeDriver: chrome on WINDOWS (aaa06c9289d587cbcba1d3229543df40)] -> xpath: //label[normalize-space()='Term Insurance Plans']]
Clicked on: [[ChromeDriver: chrome on WINDOWS (aaa06c9289d587cbcba1d3229543df40)] -> xpath: //label[normalize-space()='Term Insurance Plans']]
Navigating back to previous page
Navigated back to previous page
]]></system-out>
  </testcase>
  <testcase name="verifyRatingOption" classname="SeleniumTesting.AEMhdfc.ProductpageTest" time="9.5">
    <system-out><![CDATA[Trying to find Element By : By.xpath: //div[@class='icon-wrap rate']
Found Element By : By.xpath: //div[@class='icon-wrap rate']
Trying to find Element By : By.xpath: //div[@class='icon-wrap rate']
Found Element By : By.xpath: //div[@class='icon-wrap rate']
Trying to find Element By : By.cssSelector: #rate-msg
Found Element By : By.cssSelector: #rate-msg
Trying to find Element By : By.xpath: (//*[name()='svg'][@class='starttest'])[2]
Found Element By : By.xpath: (//*[name()='svg'][@class='starttest'])[2]
Trying to click on: [[ChromeDriver: chrome on WINDOWS (aaa06c9289d587cbcba1d3229543df40)] -> xpath: (//*[name()='svg'][@class='starttest'])[2]]
Clicked on: [[ChromeDriver: chrome on WINDOWS (aaa06c9289d587cbcba1d3229543df40)] -> xpath: (//*[name()='svg'][@class='starttest'])[2]]
Trying to find Element By : By.xpath: //div[@class='icon-wrap rate']
Found Element By : By.xpath: //div[@class='icon-wrap rate']
Trying to find Element By : By.cssSelector: #rate-msg
Found Element By : By.cssSelector: #rate-msg
]]></system-out>
  </testcase>
  <testcase name="verifyPrintBtn" classname="SeleniumTesting.AEMhdfc.ProductpageTest" time="9.406">
    <system-out><![CDATA[Trying to find Element By : By.xpath: //div[@class='icon-wrap print']
Found Element By : By.xpath: //div[@class='icon-wrap print']
Trying to find Element By : By.xpath: //div[@class='icon-wrap print']
Found Element By : By.xpath: //div[@class='icon-wrap print']
Trying to click on: [[ChromeDriver: chrome on WINDOWS (aaa06c9289d587cbcba1d3229543df40)] -> xpath: //div[@class='icon-wrap print']]
Clicked on: [[ChromeDriver: chrome on WINDOWS (aaa06c9289d587cbcba1d3229543df40)] -> xpath: //div[@class='icon-wrap print']]
]]></system-out>
  </testcase>
  <testcase name="verifyShareOption" classname="SeleniumTesting.AEMhdfc.ProductpageTest" time="0">
    <skipped message="element click intercepted: Element &lt;li class=&quot;share_social&quot; data-medium=&quot;facebook&quot;&gt;...&lt;/li&gt; is not clickable at point (220, 164). Other element would receive the click: &lt;section class=&quot;downloads-section&quot;&gt;...&lt;/section&gt;&#10;  (Session info: chrome=96.0.4664.93)&#10;Build info: version: &apos;3.141.59&apos;, revision: &apos;e82be7d358&apos;, time: &apos;2018-11-14T08:17:03&apos;&#10;System info: host: &apos;LIN24007907&apos;, ip: &apos;192.168.1.13&apos;, os.name: &apos;Windows 10&apos;, os.arch: &apos;amd64&apos;, os.version: &apos;10.0&apos;, java.version: &apos;17&apos;&#10;Driver info: org.openqa.selenium.chrome.ChromeDriver&#10;Capabilities {acceptInsecureCerts: false, browserName: chrome, browserVersion: 96.0.4664.93, chrome: {chromedriverVersion: 96.0.4664.45 (76e4c1bb2ab46..., userDataDir: C:\Users\Akundar\AppData\Lo...}, goog:chromeOptions: {debuggerAddress: localhost:51584}, javascriptEnabled: true, networkConnectionEnabled: false, pageLoadStrategy: normal, platform: WINDOWS, platformName: WINDOWS, proxy: Proxy(), setWindowRect: true, strictFileInteractability: false, timeouts: {implicit: 0, pageLoad: 300000, script: 30000}, unhandledPromptBehavior: dismiss and notify, webauthn:extension:credBlob: true, webauthn:extension:largeBlob: true, webauthn:virtualAuthenticators: true}&#10;Session ID: aaa06c9289d587cbcba1d3229543df40"/>
    <system-out><![CDATA[Trying to find Element By : By.xpath: //div[@class='icon-wrap share']
Found Element By : By.xpath: //div[@class='icon-wrap share']
Trying to find Element By : By.xpath: //div[@class='icon-wrap share']
Found Element By : By.xpath: //div[@class='icon-wrap share']
Trying to find Element By : By.xpath: //li[@class='share_social'][@data-medium='facebook']
Found Element By : By.xpath: //li[@class='share_social'][@data-medium='facebook']
Trying to find Element By : By.xpath: //li[@class='share_social'][@data-medium='facebook']
Found Element By : By.xpath: //li[@class='share_social'][@data-medium='facebook']
Trying to click on: [[ChromeDriver: chrome on WINDOWS (aaa06c9289d587cbcba1d3229543df40)] -> xpath: //li[@class='share_social'][@data-medium='facebook']]
]]></system-out>
  </testcase>
  <testcase name="verifyShareOption" classname="SeleniumTesting.AEMhdfc.ProductpageTest" time="49.648">
    <system-out><![CDATA[Trying to find Element By : By.xpath: //div[@class='icon-wrap share']
Found Element By : By.xpath: //div[@class='icon-wrap share']
Trying to find Element By : By.xpath: //div[@class='icon-wrap share']
Found Element By : By.xpath: //div[@class='icon-wrap share']
Trying to find Element By : By.xpath: //li[@class='share_social'][@data-medium='facebook']
Found Element By : By.xpath: //li[@class='share_social'][@data-medium='facebook']
Trying to find Element By : By.xpath: //li[@class='share_social'][@data-medium='facebook']
Found Element By : By.xpath: //li[@class='share_social'][@data-medium='facebook']
Trying to click on: [[ChromeDriver: chrome on WINDOWS (aaa06c9289d587cbcba1d3229543df40)] -> xpath: //li[@class='share_social'][@data-medium='facebook']]
Clicked on: [[ChromeDriver: chrome on WINDOWS (aaa06c9289d587cbcba1d3229543df40)] -> xpath: //li[@class='share_social'][@data-medium='facebook']]
Trying to find Element By : By.xpath: //div[@class='icon-wrap share']
Found Element By : By.xpath: //div[@class='icon-wrap share']
Trying to find Element By : By.xpath: //div[@class='icon-wrap share']
Found Element By : By.xpath: //div[@class='icon-wrap share']
Trying to find Element By : By.xpath: //li[@class='share_social'][@data-medium='twitter']
Found Element By : By.xpath: //li[@class='share_social'][@data-medium='twitter']
Trying to find Element By : By.xpath: //li[@class='share_social'][@data-medium='twitter']
Found Element By : By.xpath: //li[@class='share_social'][@data-medium='twitter']
Trying to click on: [[ChromeDriver: chrome on WINDOWS (aaa06c9289d587cbcba1d3229543df40)] -> xpath: //li[@class='share_social'][@data-medium='twitter']]
Clicked on: [[ChromeDriver: chrome on WINDOWS (aaa06c9289d587cbcba1d3229543df40)] -> xpath: //li[@class='share_social'][@data-medium='twitter']]
Trying to find Element By : By.xpath: //div[@class='icon-wrap share']
Found Element By : By.xpath: //div[@class='icon-wrap share']
Trying to find Element By : By.xpath: //div[@class='icon-wrap share']
Found Element By : By.xpath: //div[@class='icon-wrap share']
Trying to find Element By : By.xpath: //li[@class='share_social'][@data-medium='linkedin']
Found Element By : By.xpath: //li[@class='share_social'][@data-medium='linkedin']
Trying to find Element By : By.xpath: //li[@class='share_social'][@data-medium='linkedin']
Found Element By : By.xpath: //li[@class='share_social'][@data-medium='linkedin']
Trying to click on: [[ChromeDriver: chrome on WINDOWS (aaa06c9289d587cbcba1d3229543df40)] -> xpath: //li[@class='share_social'][@data-medium='linkedin']]
Clicked on: [[ChromeDriver: chrome on WINDOWS (aaa06c9289d587cbcba1d3229543df40)] -> xpath: //li[@class='share_social'][@data-medium='linkedin']]
]]></system-out>
  </testcase>
  <testcase name="verifyRatingsFromAPI" classname="SeleniumTesting.AEMhdfc.ProductpageTest" time="3.043">
    <system-out><![CDATA[Trying to find Element By : By.xpath: //div[@class='five-star-wrapper'][@id='starRating']
Found Element By : By.xpath: //div[@class='five-star-wrapper'][@id='starRating']
]]></system-out>
  </testcase>
  <testcase name="verifyDownloadBrochure" classname="SeleniumTesting.AEMhdfc.ProductpageTest" time="6.135">
    <system-out><![CDATA[Trying to find Element By : By.xpath: //a[@class='product-download-btn downloadPdfClick']
Found Element By : By.xpath: //a[@class='product-download-btn downloadPdfClick']
Trying to find Element By : By.xpath: //a[@class='product-download-btn downloadPdfClick']
Found Element By : By.xpath: //a[@class='product-download-btn downloadPdfClick']
Trying to click on: [[ChromeDriver: chrome on WINDOWS (aaa06c9289d587cbcba1d3229543df40)] -> xpath: //a[@class='product-download-btn downloadPdfClick']]
Clicked on: [[ChromeDriver: chrome on WINDOWS (aaa06c9289d587cbcba1d3229543df40)] -> xpath: //a[@class='product-download-btn downloadPdfClick']]
]]></system-out>
  </testcase>
  <testcase name="verifyCalculatePremiumBtn" classname="SeleniumTesting.AEMhdfc.ProductpageTest" time="11.379">
    <system-out><![CDATA[Trying to find Element By : By.xpath: //a[@class='product-calculate-btn outlined-button-hover dataLayerBtnClick']
Found Element By : By.xpath: //a[@class='product-calculate-btn outlined-button-hover dataLayerBtnClick']
Trying to find Element By : By.xpath: //a[@class='product-calculate-btn outlined-button-hover dataLayerBtnClick']
Found Element By : By.xpath: //a[@class='product-calculate-btn outlined-button-hover dataLayerBtnClick']
Trying to click on: [[ChromeDriver: chrome on WINDOWS (aaa06c9289d587cbcba1d3229543df40)] -> xpath: //a[@class='product-calculate-btn outlined-button-hover dataLayerBtnClick']]
Clicked on: [[ChromeDriver: chrome on WINDOWS (aaa06c9289d587cbcba1d3229543df40)] -> xpath: //a[@class='product-calculate-btn outlined-button-hover dataLayerBtnClick']]
]]></system-out>
  </testcase>
  <testcase name="verifyBuyNowBtn" classname="SeleniumTesting.AEMhdfc.ProductpageTest" time="9.367">
    <system-out><![CDATA[Trying to find Element By : By.xpath: //a[@class='product-buynow-btn btnred dataLayerBtnClick']
Found Element By : By.xpath: //a[@class='product-buynow-btn btnred dataLayerBtnClick']
Trying to find Element By : By.xpath: //a[@class='product-buynow-btn btnred dataLayerBtnClick']
Found Element By : By.xpath: //a[@class='product-buynow-btn btnred dataLayerBtnClick']
Trying to click on: [[ChromeDriver: chrome on WINDOWS (aaa06c9289d587cbcba1d3229543df40)] -> xpath: //a[@class='product-buynow-btn btnred dataLayerBtnClick']]
Clicked on: [[ChromeDriver: chrome on WINDOWS (aaa06c9289d587cbcba1d3229543df40)] -> xpath: //a[@class='product-buynow-btn btnred dataLayerBtnClick']]
]]></system-out>
  </testcase>
  <testcase name="verifyDownloadsSectionAfterScroll" classname="SeleniumTesting.AEMhdfc.ProductpageTest" time="107.943">
    <system-out><![CDATA[Trying to find Element By : By.xpath: //div[@class='icon-wrap rate']
Found Element By : By.xpath: //div[@class='icon-wrap rate']
Trying to find Element By : By.xpath: //div[@class='icon-wrap rate']
Found Element By : By.xpath: //div[@class='icon-wrap rate']
Trying to find Element By : By.cssSelector: #rate-msg
Found Element By : By.cssSelector: #rate-msg
Trying to find Element By : By.xpath: (//*[name()='svg'][@class='starttest'])[2]
Found Element By : By.xpath: (//*[name()='svg'][@class='starttest'])[2]
Trying to click on: [[ChromeDriver: chrome on WINDOWS (aaa06c9289d587cbcba1d3229543df40)] -> xpath: (//*[name()='svg'][@class='starttest'])[2]]
Clicked on: [[ChromeDriver: chrome on WINDOWS (aaa06c9289d587cbcba1d3229543df40)] -> xpath: (//*[name()='svg'][@class='starttest'])[2]]
Trying to find Element By : By.xpath: //div[@class='icon-wrap rate']
Found Element By : By.xpath: //div[@class='icon-wrap rate']
Trying to find Element By : By.cssSelector: #rate-msg
Found Element By : By.cssSelector: #rate-msg
Trying to find Element By : By.xpath: //div[@class='icon-wrap print']
Found Element By : By.xpath: //div[@class='icon-wrap print']
Trying to find Element By : By.xpath: //div[@class='icon-wrap print']
Found Element By : By.xpath: //div[@class='icon-wrap print']
Trying to click on: [[ChromeDriver: chrome on WINDOWS (aaa06c9289d587cbcba1d3229543df40)] -> xpath: //div[@class='icon-wrap print']]
Clicked on: [[ChromeDriver: chrome on WINDOWS (aaa06c9289d587cbcba1d3229543df40)] -> xpath: //div[@class='icon-wrap print']]
Trying to find Element By : By.xpath: //div[@class='icon-wrap share']
Found Element By : By.xpath: //div[@class='icon-wrap share']
Trying to find Element By : By.xpath: //div[@class='icon-wrap share']
Found Element By : By.xpath: //div[@class='icon-wrap share']
Trying to find Element By : By.xpath: //li[@class='share_social'][@data-medium='facebook']
Found Element By : By.xpath: //li[@class='share_social'][@data-medium='facebook']
Trying to find Element By : By.xpath: //li[@class='share_social'][@data-medium='facebook']
Found Element By : By.xpath: //li[@class='share_social'][@data-medium='facebook']
Trying to click on: [[ChromeDriver: chrome on WINDOWS (aaa06c9289d587cbcba1d3229543df40)] -> xpath: //li[@class='share_social'][@data-medium='facebook']]
Clicked on: [[ChromeDriver: chrome on WINDOWS (aaa06c9289d587cbcba1d3229543df40)] -> xpath: //li[@class='share_social'][@data-medium='facebook']]
Trying to find Element By : By.xpath: //div[@class='icon-wrap share']
Found Element By : By.xpath: //div[@class='icon-wrap share']
Trying to find Element By : By.xpath: //div[@class='icon-wrap share']
Found Element By : By.xpath: //div[@class='icon-wrap share']
Trying to find Element By : By.xpath: //li[@class='share_social'][@data-medium='twitter']
Found Element By : By.xpath: //li[@class='share_social'][@data-medium='twitter']
Trying to find Element By : By.xpath: //li[@class='share_social'][@data-medium='twitter']
Found Element By : By.xpath: //li[@class='share_social'][@data-medium='twitter']
Trying to click on: [[ChromeDriver: chrome on WINDOWS (aaa06c9289d587cbcba1d3229543df40)] -> xpath: //li[@class='share_social'][@data-medium='twitter']]
Clicked on: [[ChromeDriver: chrome on WINDOWS (aaa06c9289d587cbcba1d3229543df40)] -> xpath: //li[@class='share_social'][@data-medium='twitter']]
Trying to find Element By : By.xpath: //div[@class='icon-wrap share']
Found Element By : By.xpath: //div[@class='icon-wrap share']
Trying to find Element By : By.xpath: //div[@class='icon-wrap share']
Found Element By : By.xpath: //div[@class='icon-wrap share']
Trying to find Element By : By.xpath: //li[@class='share_social'][@data-medium='linkedin']
Found Element By : By.xpath: //li[@class='share_social'][@data-medium='linkedin']
Trying to find Element By : By.xpath: //li[@class='share_social'][@data-medium='linkedin']
Found Element By : By.xpath: //li[@class='share_social'][@data-medium='linkedin']
Trying to click on: [[ChromeDriver: chrome on WINDOWS (aaa06c9289d587cbcba1d3229543df40)] -> xpath: //li[@class='share_social'][@data-medium='linkedin']]
Clicked on: [[ChromeDriver: chrome on WINDOWS (aaa06c9289d587cbcba1d3229543df40)] -> xpath: //li[@class='share_social'][@data-medium='linkedin']]
Trying to find Element By : By.xpath: //div[@class='five-star-wrapper'][@id='starRating']
Found Element By : By.xpath: //div[@class='five-star-wrapper'][@id='starRating']
Trying to find Element By : By.xpath: //a[@class='product-download-btn downloadPdfClick']
Found Element By : By.xpath: //a[@class='product-download-btn downloadPdfClick']
Trying to find Element By : By.xpath: //a[@class='product-download-btn downloadPdfClick']
Found Element By : By.xpath: //a[@class='product-download-btn downloadPdfClick']
Trying to click on: [[ChromeDriver: chrome on WINDOWS (aaa06c9289d587cbcba1d3229543df40)] -> xpath: //a[@class='product-download-btn downloadPdfClick']]
Clicked on: [[ChromeDriver: chrome on WINDOWS (aaa06c9289d587cbcba1d3229543df40)] -> xpath: //a[@class='product-download-btn downloadPdfClick']]
Trying to find Element By : By.xpath: //a[@class='product-calculate-btn outlined-button-hover dataLayerBtnClick']
Found Element By : By.xpath: //a[@class='product-calculate-btn outlined-button-hover dataLayerBtnClick']
Trying to find Element By : By.xpath: //a[@class='product-calculate-btn outlined-button-hover dataLayerBtnClick']
Found Element By : By.xpath: //a[@class='product-calculate-btn outlined-button-hover dataLayerBtnClick']
Trying to click on: [[ChromeDriver: chrome on WINDOWS (aaa06c9289d587cbcba1d3229543df40)] -> xpath: //a[@class='product-calculate-btn outlined-button-hover dataLayerBtnClick']]
Clicked on: [[ChromeDriver: chrome on WINDOWS (aaa06c9289d587cbcba1d3229543df40)] -> xpath: //a[@class='product-calculate-btn outlined-button-hover dataLayerBtnClick']]
Trying to find Element By : By.xpath: //a[@class='product-buynow-btn btnred dataLayerBtnClick']
Found Element By : By.xpath: //a[@class='product-buynow-btn btnred dataLayerBtnClick']
Trying to find Element By : By.xpath: //a[@class='product-buynow-btn btnred dataLayerBtnClick']
Found Element By : By.xpath: //a[@class='product-buynow-btn btnred dataLayerBtnClick']
Trying to click on: [[ChromeDriver: chrome on WINDOWS (aaa06c9289d587cbcba1d3229543df40)] -> xpath: //a[@class='product-buynow-btn btnred dataLayerBtnClick']]
Clicked on: [[ChromeDriver: chrome on WINDOWS (aaa06c9289d587cbcba1d3229543df40)] -> xpath: //a[@class='product-buynow-btn btnred dataLayerBtnClick']]
]]></system-out>
  </testcase>
  <testcase name="verifyYourPlanYourBenefitsSection" classname="SeleniumTesting.AEMhdfc.ProductpageTest" time="27.632">
    <system-out><![CDATA[Trying to find Element By : By.xpath: (//a[@class='talk-to-advisor-link outlined-button-hover product-benefits-cards-data-layer'])[1]
Found Element By : By.xpath: (//a[@class='talk-to-advisor-link outlined-button-hover product-benefits-cards-data-layer'])[1]
Trying to find Element By : By.xpath: (//a[@class='talk-to-advisor-link outlined-button-hover product-benefits-cards-data-layer'])[1]
Found Element By : By.xpath: (//a[@class='talk-to-advisor-link outlined-button-hover product-benefits-cards-data-layer'])[1]
Trying to click on: [[ChromeDriver: chrome on WINDOWS (aaa06c9289d587cbcba1d3229543df40)] -> xpath: (//a[@class='talk-to-advisor-link outlined-button-hover product-benefits-cards-data-layer'])[1]]
Clicked on: [[ChromeDriver: chrome on WINDOWS (aaa06c9289d587cbcba1d3229543df40)] -> xpath: (//a[@class='talk-to-advisor-link outlined-button-hover product-benefits-cards-data-layer'])[1]]
Trying to find Element By : By.xpath: //input[@class='first-name']
Found Element By : By.xpath: //input[@class='first-name']
Trying to find Element By : By.xpath: //input[@class='modilewidth']
Found Element By : By.xpath: //input[@class='modilewidth']
Trying to find Element By : By.id: insurance_category
Found Element By : By.id: insurance_category
Trying to find Element By : By.id: insurance_category
Found Element By : By.id: insurance_category
Trying to find Element By : By.id: insurance_category
Found Element By : By.id: insurance_category
Trying to find Element By : By.xpath: .//option[@value = "Health Plans"]
Found Element By : By.xpath: .//option[@value = "Health Plans"]
Trying to click on: [[[[ChromeDriver: chrome on WINDOWS (aaa06c9289d587cbcba1d3229543df40)] -> id: insurance_category]] -> xpath: .//option[@value = "Health Plans"]]
Clicked on: [[[[ChromeDriver: chrome on WINDOWS (aaa06c9289d587cbcba1d3229543df40)] -> id: insurance_category]] -> xpath: .//option[@value = "Health Plans"]]
Trying to find Element By : By.xpath: //span[@class='close-icon1']
Found Element By : By.xpath: //span[@class='close-icon1']
Trying to find Element By : By.xpath: //span[@class='close-icon1']
Found Element By : By.xpath: //span[@class='close-icon1']
Trying to click on: [[ChromeDriver: chrome on WINDOWS (aaa06c9289d587cbcba1d3229543df40)] -> xpath: //span[@class='close-icon1']]
Clicked on: [[ChromeDriver: chrome on WINDOWS (aaa06c9289d587cbcba1d3229543df40)] -> xpath: //span[@class='close-icon1']]
]]></system-out>
  </testcase>
  <testcase name="verifyEligibilityCriteria" classname="SeleniumTesting.AEMhdfc.ProductpageTest" time="9.265">
    <system-out><![CDATA[Trying to find Element By : By.id: view-eligibility-table
Found Element By : By.id: view-eligibility-table
Trying to find Element By : By.id: view-eligibility-table
Found Element By : By.id: view-eligibility-table
Trying to click on: [[ChromeDriver: chrome on WINDOWS (aaa06c9289d587cbcba1d3229543df40)] -> id: view-eligibility-table]
Clicked on: [[ChromeDriver: chrome on WINDOWS (aaa06c9289d587cbcba1d3229543df40)] -> id: view-eligibility-table]
Trying to find Element By : By.className: close-table
Found Element By : By.className: close-table
Trying to find Element By : By.className: close-table
Found Element By : By.className: close-table
Trying to find Element By : By.className: close-table
Found Element By : By.className: close-table
Trying to click on: [[ChromeDriver: chrome on WINDOWS (aaa06c9289d587cbcba1d3229543df40)] -> class name: close-table]
Clicked on: [[ChromeDriver: chrome on WINDOWS (aaa06c9289d587cbcba1d3229543df40)] -> class name: close-table]
Trying to find Element By : By.id: view-eligibility-table
Found Element By : By.id: view-eligibility-table
]]></system-out>
  </testcase>
  <testcase name="verifyVideoOnCategoryPage" classname="SeleniumTesting.AEMhdfc.ProductpageTest" time="3.006"/>
  <testcase name="verifyRidersSection" classname="SeleniumTesting.AEMhdfc.ProductpageTest" time="57.852">
    <system-out><![CDATA[Trying to find Element By : By.xpath: (//a[@class='viewMoreBtn'])[3]
Found Element By : By.xpath: (//a[@class='viewMoreBtn'])[3]
Trying to find Element By : By.xpath: (//a[@class='viewMoreBtn'])[3]
Found Element By : By.xpath: (//a[@class='viewMoreBtn'])[3]
Trying to click on: [[ChromeDriver: chrome on WINDOWS (aaa06c9289d587cbcba1d3229543df40)] -> xpath: (//a[@class='viewMoreBtn'])[3]]
Clicked on: [[ChromeDriver: chrome on WINDOWS (aaa06c9289d587cbcba1d3229543df40)] -> xpath: (//a[@class='viewMoreBtn'])[3]]
Trying to find Element By : By.xpath: (//ul[@class='insuranceBenList'])[1]
Found Element By : By.xpath: (//ul[@class='insuranceBenList'])[1]
Trying to find Element By : By.tagName: a
Found Element By : By.tagName: a
Trying to find Element By : By.xpath: (//ul[@class='insuranceBenList'])[2]
Found Element By : By.xpath: (//ul[@class='insuranceBenList'])[2]
Trying to find Element By : By.tagName: a
Found Element By : By.tagName: a
]]></system-out>
  </testcase>
  <testcase name="verifyScheduleACallOnProductPage" classname="SeleniumTesting.AEMhdfc.ProductpageTest" time="16.753">
    <system-out><![CDATA[Trying to find Element By : By.xpath: //button[@class='btn btn-primary btnred schedule-btn scb-data-layer']
Found Element By : By.xpath: //button[@class='btn btn-primary btnred schedule-btn scb-data-layer']
Trying to click on: [[ChromeDriver: chrome on WINDOWS (aaa06c9289d587cbcba1d3229543df40)] -> xpath: //button[@class='btn btn-primary btnred schedule-btn scb-data-layer']]
Clicked on: [[ChromeDriver: chrome on WINDOWS (aaa06c9289d587cbcba1d3229543df40)] -> xpath: //button[@class='btn btn-primary btnred schedule-btn scb-data-layer']]
Trying to find Element By : By.xpath: //div[@id='myModal']//input[@placeholder='Name']
Found Element By : By.xpath: //div[@id='myModal']//input[@placeholder='Name']
Trying to find Element By : By.xpath: //div[@id='myModal']//input[@placeholder='Mobile Number']
Found Element By : By.xpath: //div[@id='myModal']//input[@placeholder='Mobile Number']
Trying to find Element By : By.xpath: (//select[@id='insurance_category'])[5]
Found Element By : By.xpath: (//select[@id='insurance_category'])[5]
Trying to find Element By : By.xpath: (//select[@id='insurance_category'])[5]
Found Element By : By.xpath: (//select[@id='insurance_category'])[5]
Trying to find Element By : By.xpath: (//select[@id='insurance_category'])[5]
Found Element By : By.xpath: (//select[@id='insurance_category'])[5]
Trying to find Element By : By.xpath: .//option[@value = "Investment Plans"]
Found Element By : By.xpath: .//option[@value = "Investment Plans"]
Trying to click on: [[[[ChromeDriver: chrome on WINDOWS (aaa06c9289d587cbcba1d3229543df40)] -> xpath: (//select[@id='insurance_category'])[5]]] -> xpath: .//option[@value = "Investment Plans"]]
Clicked on: [[[[ChromeDriver: chrome on WINDOWS (aaa06c9289d587cbcba1d3229543df40)] -> xpath: (//select[@id='insurance_category'])[5]]] -> xpath: .//option[@value = "Investment Plans"]]
Trying to find Element By : By.xpath: (//span[@class='close-icon1'])[5]
Found Element By : By.xpath: (//span[@class='close-icon1'])[5]
Trying to find Element By : By.xpath: (//span[@class='close-icon1'])[5]
Found Element By : By.xpath: (//span[@class='close-icon1'])[5]
Trying to click on: [[ChromeDriver: chrome on WINDOWS (aaa06c9289d587cbcba1d3229543df40)] -> xpath: (//span[@class='close-icon1'])[5]]
Clicked on: [[ChromeDriver: chrome on WINDOWS (aaa06c9289d587cbcba1d3229543df40)] -> xpath: (//span[@class='close-icon1'])[5]]
Trying to find Element By : By.xpath: //button[@class='btn btn-primary btnred schedule-btn scb-data-layer']
Found Element By : By.xpath: //button[@class='btn btn-primary btnred schedule-btn scb-data-layer']
Trying to click on: [[ChromeDriver: chrome on WINDOWS (aaa06c9289d587cbcba1d3229543df40)] -> xpath: //button[@class='btn btn-primary btnred schedule-btn scb-data-layer']]
Clicked on: [[ChromeDriver: chrome on WINDOWS (aaa06c9289d587cbcba1d3229543df40)] -> xpath: //button[@class='btn btn-primary btnred schedule-btn scb-data-layer']]
Trying to find Element By : By.xpath: //div[@id='myModal']//input[@placeholder='Name']
Found Element By : By.xpath: //div[@id='myModal']//input[@placeholder='Name']
Trying to find Element By : By.xpath: //div[@id='myModal']//input[@placeholder='Mobile Number']
Found Element By : By.xpath: //div[@id='myModal']//input[@placeholder='Mobile Number']
Trying to find Element By : By.xpath: //span[contains(text(),'Field should contain minimum 3 and max 50 characters')]
Found Element By : By.xpath: //span[contains(text(),'Field should contain minimum 3 and max 50 characters')]
Trying to find Element By : By.xpath: //span[contains(text(),'Field should contain minimum 3 and max 50 characters')]
Found Element By : By.xpath: //span[contains(text(),'Field should contain minimum 3 and max 50 characters')]
Trying to find Element By : By.xpath: //span[contains(text(),'Field should contain minimum 3 and max 50 characters')]
Found Element By : By.xpath: //span[contains(text(),'Field should contain minimum 3 and max 50 characters')]
Trying to find Element By : By.xpath: //span[contains(text(),'Please enter valid mobile number')]
Found Element By : By.xpath: //span[contains(text(),'Please enter valid mobile number')]
Trying to find Element By : By.xpath: (//span[@class='close-icon1'])[5]
Found Element By : By.xpath: (//span[@class='close-icon1'])[5]
Trying to find Element By : By.xpath: (//span[@class='close-icon1'])[5]
Found Element By : By.xpath: (//span[@class='close-icon1'])[5]
Trying to click on: [[ChromeDriver: chrome on WINDOWS (aaa06c9289d587cbcba1d3229543df40)] -> xpath: (//span[@class='close-icon1'])[5]]
Clicked on: [[ChromeDriver: chrome on WINDOWS (aaa06c9289d587cbcba1d3229543df40)] -> xpath: (//span[@class='close-icon1'])[5]]
]]></system-out>
  </testcase>
  <testcase name="verifyFAQSection" classname="SeleniumTesting.AEMhdfc.ProductpageTest" time="12.434">
    <system-out><![CDATA[Trying to find Element By : By.xpath: //h2[@class='tabAccordMenu opened']
Found Element By : By.xpath: //h2[@class='tabAccordMenu opened']
Trying to find Element By : By.xpath: //h2[@class='tabAccordMenu opened']
Found Element By : By.xpath: //h2[@class='tabAccordMenu opened']
Trying to click on: [[ChromeDriver: chrome on WINDOWS (aaa06c9289d587cbcba1d3229543df40)] -> xpath: //h2[@class='tabAccordMenu opened']]
Clicked on: [[ChromeDriver: chrome on WINDOWS (aaa06c9289d587cbcba1d3229543df40)] -> xpath: //h2[@class='tabAccordMenu opened']]
Trying to find Element By : By.xpath: (//h2[@class='tabAccordMenu'])[2]
Found Element By : By.xpath: (//h2[@class='tabAccordMenu'])[2]
Trying to find Element By : By.xpath: (//h2[@class='tabAccordMenu'])[2]
Found Element By : By.xpath: (//h2[@class='tabAccordMenu'])[2]
Trying to click on: [[ChromeDriver: chrome on WINDOWS (aaa06c9289d587cbcba1d3229543df40)] -> xpath: (//h2[@class='tabAccordMenu'])[2]]
Clicked on: [[ChromeDriver: chrome on WINDOWS (aaa06c9289d587cbcba1d3229543df40)] -> xpath: (//h2[@class='tabAccordMenu'])[2]]
Trying to find Element By : By.xpath: //h2[@class='tabAccordMenu opened']
Found Element By : By.xpath: //h2[@class='tabAccordMenu opened']
Trying to find Element By : By.xpath: //h2[@class='tabAccordMenu opened']
Found Element By : By.xpath: //h2[@class='tabAccordMenu opened']
Trying to click on: [[ChromeDriver: chrome on WINDOWS (aaa06c9289d587cbcba1d3229543df40)] -> xpath: //h2[@class='tabAccordMenu opened']]
Clicked on: [[ChromeDriver: chrome on WINDOWS (aaa06c9289d587cbcba1d3229543df40)] -> xpath: //h2[@class='tabAccordMenu opened']]
Trying to find Element By : By.xpath: (//a[@class='viewMoreBtn'])[4]
Found Element By : By.xpath: (//a[@class='viewMoreBtn'])[4]
]]></system-out>
  </testcase>
  <testcase name="verifyDisclaimerOnProductPage" classname="SeleniumTesting.AEMhdfc.ProductpageTest" time="4.25">
    <failure message="element click intercepted: Element is not clickable at point (765, 694)&#10;  (Session info: chrome=96.0.4664.93)&#10;Build info: version: &apos;3.141.59&apos;, revision: &apos;e82be7d358&apos;, time: &apos;2018-11-14T08:17:03&apos;&#10;System info: host: &apos;LIN24007907&apos;, ip: &apos;192.168.1.13&apos;, os.name: &apos;Windows 10&apos;, os.arch: &apos;amd64&apos;, os.version: &apos;10.0&apos;, java.version: &apos;17&apos;&#10;Driver info: org.openqa.selenium.chrome.ChromeDriver&#10;Capabilities {acceptInsecureCerts: false, browserName: chrome, browserVersion: 96.0.4664.93, chrome: {chromedriverVersion: 96.0.4664.45 (76e4c1bb2ab46..., userDataDir: C:\Users\Akundar\AppData\Lo...}, goog:chromeOptions: {debuggerAddress: localhost:51584}, javascriptEnabled: true, networkConnectionEnabled: false, pageLoadStrategy: normal, platform: WINDOWS, platformName: WINDOWS, proxy: Proxy(), setWindowRect: true, strictFileInteractability: false, timeouts: {implicit: 0, pageLoad: 300000, script: 30000}, unhandledPromptBehavior: dismiss and notify, webauthn:extension:credBlob: true, webauthn:extension:largeBlob: true, webauthn:virtualAuthenticators: true}&#10;Session ID: aaa06c9289d587cbcba1d3229543df40" type="org.openqa.selenium.ElementClickInterceptedException"><![CDATA[org.openqa.selenium.ElementClickInterceptedException: 
element click intercepted: Element is not clickable at point (765, 694)
  (Session info: chrome=96.0.4664.93)
Build info: version: '3.141.59', revision: 'e82be7d358', time: '2018-11-14T08:17:03'
System info: host: 'LIN24007907', ip: '192.168.1.13', os.name: 'Windows 10', os.arch: 'amd64', os.version: '10.0', java.version: '17'
Driver info: org.openqa.selenium.chrome.ChromeDriver
Capabilities {acceptInsecureCerts: false, browserName: chrome, browserVersion: 96.0.4664.93, chrome: {chromedriverVersion: 96.0.4664.45 (76e4c1bb2ab46..., userDataDir: C:\Users\Akundar\AppData\Lo...}, goog:chromeOptions: {debuggerAddress: localhost:51584}, javascriptEnabled: true, networkConnectionEnabled: false, pageLoadStrategy: normal, platform: WINDOWS, platformName: WINDOWS, proxy: Proxy(), setWindowRect: true, strictFileInteractability: false, timeouts: {implicit: 0, pageLoad: 300000, script: 30000}, unhandledPromptBehavior: dismiss and notify, webauthn:extension:credBlob: true, webauthn:extension:largeBlob: true, webauthn:virtualAuthenticators: true}
Session ID: aaa06c9289d587cbcba1d3229543df40
	at SeleniumTesting.AEMhdfc.ProductpageTest.verifyDisclaimerOnProductPage(ProductpageTest.java:211)
]]></failure>
    <system-out><![CDATA[Trying to find Element By : By.xpath: //a[@data-toggle='collapse']
Found Element By : By.xpath: //a[@data-toggle='collapse']
Trying to find Element By : By.xpath: //a[@data-toggle='collapse']
Found Element By : By.xpath: //a[@data-toggle='collapse']
Trying to click on: [[ChromeDriver: chrome on WINDOWS (aaa06c9289d587cbcba1d3229543df40)] -> xpath: //a[@data-toggle='collapse']]
]]></system-out>
  </testcase>
</testsuite>