<?xml version="1.0" encoding="UTF-8"?>
<testsuite xmlns:xsi="http://www.w3.org/2001/XMLSchema-instance" xsi:noNamespaceSchemaLocation="https://maven.apache.org/surefire/maven-surefire-plugin/xsd/surefire-test-report-3.0.xsd" version="3.0" name="TestSuite" time="579.209" tests="41" errors="0" skipped="0" failures="4">
  <properties>
[...]
</properties>
  <testcase name="verifyBannerCarousel" classname="SeleniumTesting.AEMhdfc.HomepageTest" time="16.665">
    <system-out><![CDATA[Before navigating to: 'https://www.hdfclife.com/'
Navigated to:'https://www.hdfclife.com/'
Homepage test cases started
Trying to find Element By : By.xpath: //li[@data-slide-to='1']
Found Element By : By.xpath: //li[@data-slide-to='1']
Trying to click on: [[FirefoxDriver: firefox on WINDOWS (62209bf6-91d8-4eeb-b1af-c3d9469c1fd0)] -> xpath: //li[@data-slide-to='1']]
Clicked on: [[FirefoxDriver: firefox on WINDOWS (62209bf6-91d8-4eeb-b1af-c3d9469c1fd0)] -> xpath: //li[@data-slide-to='1']]
Trying to find Element By : By.xpath: //div[@class='carousel-item active']//img[@class='bg-align']
Found Element By : By.xpath: //div[@class='carousel-item active']//img[@class='bg-align']
Trying to find Element By : By.xpath: //li[@data-slide-to='2']
Found Element By : By.xpath: //li[@data-slide-to='2']
Trying to click on: [[FirefoxDriver: firefox on WINDOWS (62209bf6-91d8-4eeb-b1af-c3d9469c1fd0)] -> xpath: //li[@data-slide-to='2']]
Clicked on: [[FirefoxDriver: firefox on WINDOWS (62209bf6-91d8-4eeb-b1af-c3d9469c1fd0)] -> xpath: //li[@data-slide-to='2']]
Trying to find Element By : By.xpath: //div[@class='carousel-item active']//img[@class='bg-align']
Found Element By : By.xpath: //div[@class='carousel-item active']//img[@class='bg-align']
Trying to find Element By : By.xpath: //li[@data-slide-to='3']
Found Element By : By.xpath: //li[@data-slide-to='3']
Trying to click on: [[FirefoxDriver: firefox on WINDOWS (62209bf6-91d8-4eeb-b1af-c3d9469c1fd0)] -> xpath: //li[@data-slide-to='3']]
Clicked on: [[FirefoxDriver: firefox on WINDOWS (62209bf6-91d8-4eeb-b1af-c3d9469c1fd0)] -> xpath: //li[@data-slide-to='3']]
Trying to find Element By : By.xpath: //div[@class='carousel-item active']//img[@class='bg-align']
Found Element By : By.xpath: //div[@class='carousel-item active']//img[@class='bg-align']
Trying to find Element By : By.xpath: //li[@data-slide-to='4']
Found Element By : By.xpath: //li[@data-slide-to='4']
Trying to click on: [[FirefoxDriver: firefox on WINDOWS (62209bf6-91d8-4eeb-b1af-c3d9469c1fd0)] -> xpath: //li[@data-slide-to='4']]
Clicked on: [[FirefoxDriver: firefox on WINDOWS (62209bf6-91d8-4eeb-b1af-c3d9469c1fd0)] -> xpath: //li[@data-slide-to='4']]
Trying to find Element By : By.xpath: //div[@class='carousel-item active']//img[@class='bg-align']
Found Element By : By.xpath: //div[@class='carousel-item active']//img[@class='bg-align']
Trying to find Element By : By.xpath: //li[@data-slide-to='0']
Found Element By : By.xpath: //li[@data-slide-to='0']
Trying to click on: [[FirefoxDriver: firefox on WINDOWS (62209bf6-91d8-4eeb-b1af-c3d9469c1fd0)] -> xpath: //li[@data-slide-to='0']]
Clicked on: [[FirefoxDriver: firefox on WINDOWS (62209bf6-91d8-4eeb-b1af-c3d9469c1fd0)] -> xpath: //li[@data-slide-to='0']]
Trying to find Element By : By.xpath: //div[@class='carousel-item active']//img[@class='bg-align']
Found Element By : By.xpath: //div[@class='carousel-item active']//img[@class='bg-align']
]]></system-out>
    <system-err><![CDATA[Dec 05, 2021 1:12:15 AM org.openqa.selenium.remote.DesiredCapabilities firefox
INFO: Using `new FirefoxOptions()` is preferred to `DesiredCapabilities.firefox()`
1638646936502	geckodriver	INFO	Listening on 127.0.0.1:47467
1638646936708	mozrunner::runner	INFO	Running command: "C:\\Program Files\\Mozilla Firefox\\firefox.exe" "--marionette" "-no-remote" "-profile" "C:\\Users\\Akundar\\AppData\\Local\\Temp\\rust_mozprofilel3wlcC"
1638646937662	Marionette	INFO	Marionette enabled
console.warn: SearchSettings: "get: No settings file exists, new profile?" (new NotFoundError("Could not open the file at C:\\Users\\Akundar\\AppData\\Local\\Temp\\rust_mozprofilel3wlcC\\search.json.mozlz4", (void 0)))
1638646940120	Marionette	INFO	Listening on port 63768
1638646940390	RemoteAgent	WARN	TLS certificate errors will be ignored for this session
Dec 05, 2021 1:12:20 AM org.openqa.selenium.remote.ProtocolHandshake createSession
INFO: Detected dialect: W3C
JavaScript warning: https://assets.adobedtm.com/13917eaed364/9ece96efaa49/launch-EN179fadd8bab443e8b83f75e8281ae451.min.js, line 5: WEBGL_debug_renderer_info is deprecated in Firefox and will be removed. Please use RENDERER.
JavaScript error: https://cdn.notifyvisitors.com/ext/js/nv-push-upl.js, line 1: ReferenceError: Notification is not defined
JavaScript error: https://lifeai-widget.apps-hdfclife.com/?source=www.hdfclife.com, line 5: TypeError: navigator.serviceWorker.unregister is not a function
]]></system-err>
  </testcase>
  <testcase name="verifyTermPlanOnBanner" classname="SeleniumTesting.AEMhdfc.HomepageTest" time="11.864">
    <system-out><![CDATA[Trying to find Element By : By.xpath: //a[@onclick='categoryBox(this)'][1]
Found Element By : By.xpath: //a[@onclick='categoryBox(this)'][1]
Trying to click on: [[FirefoxDriver: firefox on WINDOWS (62209bf6-91d8-4eeb-b1af-c3d9469c1fd0)] -> xpath: //a[@onclick='categoryBox(this)'][1]]
Clicked on: [[FirefoxDriver: firefox on WINDOWS (62209bf6-91d8-4eeb-b1af-c3d9469c1fd0)] -> xpath: //a[@onclick='categoryBox(this)'][1]]
Navigating back to previous page
Navigated back to previous page
]]></system-out>
    <system-err><![CDATA[JavaScript warning: https://assets.adobedtm.com/13917eaed364/9ece96efaa49/launch-EN179fadd8bab443e8b83f75e8281ae451.min.js, line 5: WEBGL_debug_renderer_info is deprecated in Firefox and will be removed. Please use RENDERER.
JavaScript error: https://www.gstatic.com/recaptcha/releases/_7Co1fh8iT2hcjvquYJ_3zSP/recaptcha__en.js, line 67: Error: reCAPTCHA has already been rendered in this element
JavaScript error: https://www.gstatic.com/recaptcha/releases/_7Co1fh8iT2hcjvquYJ_3zSP/recaptcha__en.js, line 67: Error: reCAPTCHA has already been rendered in this element
JavaScript error: https://www.gstatic.com/recaptcha/releases/_7Co1fh8iT2hcjvquYJ_3zSP/recaptcha__en.js, line 67: Error: reCAPTCHA has already been rendered in this element
JavaScript error: https://www.gstatic.com/recaptcha/releases/_7Co1fh8iT2hcjvquYJ_3zSP/recaptcha__en.js, line 67: Error: reCAPTCHA has already been rendered in this element
JavaScript error: https://www.gstatic.com/recaptcha/releases/_7Co1fh8iT2hcjvquYJ_3zSP/recaptcha__en.js, line 67: Error: reCAPTCHA has already been rendered in this element
JavaScript error: https://cdn.notifyvisitors.com/ext/js/nv-push-upl.js, line 1: ReferenceError: Notification is not defined
JavaScript warning: https://assets.adobedtm.com/13917eaed364/9ece96efaa49/launch-EN179fadd8bab443e8b83f75e8281ae451.min.js, line 5: WEBGL_debug_renderer_info is deprecated in Firefox and will be removed. Please use RENDERER.
JavaScript error: https://cdn.notifyvisitors.com/ext/js/nv-push-upl.js, line 1: ReferenceError: Notification is not defined
]]></system-err>
  </testcase>
  <testcase name="verifySavingPlansOnBanner" classname="SeleniumTesting.AEMhdfc.HomepageTest" time="11.354">
    <system-out><![CDATA[Trying to find Element By : By.xpath: //a[@href='/savings-plans']//div
Found Element By : By.xpath: //a[@href='/savings-plans']//div
Trying to find Element By : By.xpath: //a[@href='/savings-plans']//div
Found Element By : By.xpath: //a[@href='/savings-plans']//div
Trying to click on: [[FirefoxDriver: firefox on WINDOWS (62209bf6-91d8-4eeb-b1af-c3d9469c1fd0)] -> xpath: //a[@href='/savings-plans']//div]
Clicked on: [[FirefoxDriver: firefox on WINDOWS (62209bf6-91d8-4eeb-b1af-c3d9469c1fd0)] -> xpath: //a[@href='/savings-plans']//div]
Navigating back to previous page
Navigated back to previous page
]]></system-out>
    <system-err><![CDATA[JavaScript error: https://www.hdfclife.com/savings-plans, line 107: SyntaxError: illegal character U+0040
JavaScript warning: https://assets.adobedtm.com/13917eaed364/9ece96efaa49/launch-EN179fadd8bab443e8b83f75e8281ae451.min.js, line 5: WEBGL_debug_renderer_info is deprecated in Firefox and will be removed. Please use RENDERER.
JavaScript error: https://cdn.notifyvisitors.com/ext/js/nv-push-upl.js, line 1: ReferenceError: Notification is not defined
JavaScript warning: https://assets.adobedtm.com/13917eaed364/9ece96efaa49/launch-EN179fadd8bab443e8b83f75e8281ae451.min.js, line 5: WEBGL_debug_renderer_info is deprecated in Firefox and will be removed. Please use RENDERER.
JavaScript error: https://cdn.notifyvisitors.com/ext/js/nv-push-upl.js, line 1: ReferenceError: Notification is not defined
]]></system-err>
  </testcase>
  <testcase name="verifyChildrenPlansOnBanner" classname="SeleniumTesting.AEMhdfc.HomepageTest" time="11.491">
    <system-out><![CDATA[Trying to find Element By : By.xpath: //a[@href='/children-insurance-plans']//div
Found Element By : By.xpath: //a[@href='/children-insurance-plans']//div
Trying to find Element By : By.xpath: //a[@href='/children-insurance-plans']//div
Found Element By : By.xpath: //a[@href='/children-insurance-plans']//div
Trying to click on: [[FirefoxDriver: firefox on WINDOWS (62209bf6-91d8-4eeb-b1af-c3d9469c1fd0)] -> xpath: //a[@href='/children-insurance-plans']//div]
Clicked on: [[FirefoxDriver: firefox on WINDOWS (62209bf6-91d8-4eeb-b1af-c3d9469c1fd0)] -> xpath: //a[@href='/children-insurance-plans']//div]
Navigating back to previous page
Navigated back to previous page
]]></system-out>
    <system-err><![CDATA[JavaScript warning: https://assets.adobedtm.com/13917eaed364/9ece96efaa49/launch-EN179fadd8bab443e8b83f75e8281ae451.min.js, line 5: WEBGL_debug_renderer_info is deprecated in Firefox and will be removed. Please use RENDERER.
JavaScript error: https://www.gstatic.com/recaptcha/releases/_7Co1fh8iT2hcjvquYJ_3zSP/recaptcha__en.js, line 67: Error: reCAPTCHA has already been rendered in this element
JavaScript error: https://cdn.notifyvisitors.com/ext/js/nv-push-upl.js, line 1: ReferenceError: Notification is not defined
JavaScript warning: https://assets.adobedtm.com/13917eaed364/9ece96efaa49/launch-EN179fadd8bab443e8b83f75e8281ae451.min.js, line 5: WEBGL_debug_renderer_info is deprecated in Firefox and will be removed. Please use RENDERER.
JavaScript error: https://cdn.notifyvisitors.com/ext/js/nv-push-upl.js, line 1: ReferenceError: Notification is not defined
]]></system-err>
  </testcase>
  <testcase name="verifyRetirementPlansOnBanner" classname="SeleniumTesting.AEMhdfc.HomepageTest" time="11.555">
    <system-out><![CDATA[Trying to find Element By : By.xpath: //a[@href='/retirement-and-pension-plans']//div//h2[@class='h5']
Found Element By : By.xpath: //a[@href='/retirement-and-pension-plans']//div//h2[@class='h5']
Trying to find Element By : By.xpath: //a[@href='/retirement-and-pension-plans']//div//h2[@class='h5']
Found Element By : By.xpath: //a[@href='/retirement-and-pension-plans']//div//h2[@class='h5']
Trying to click on: [[FirefoxDriver: firefox on WINDOWS (62209bf6-91d8-4eeb-b1af-c3d9469c1fd0)] -> xpath: //a[@href='/retirement-and-pension-plans']//div//h2[@class='h5']]
Clicked on: [[FirefoxDriver: firefox on WINDOWS (62209bf6-91d8-4eeb-b1af-c3d9469c1fd0)] -> xpath: //a[@href='/retirement-and-pension-plans']//div//h2[@class='h5']]
Navigating back to previous page
Navigated back to previous page
]]></system-out>
    <system-err><![CDATA[JavaScript error: https://www.hdfclife.com/retirement-and-pension-plans, line 116: SyntaxError: illegal character U+0040
JavaScript warning: https://assets.adobedtm.com/13917eaed364/9ece96efaa49/launch-EN179fadd8bab443e8b83f75e8281ae451.min.js, line 5: WEBGL_debug_renderer_info is deprecated in Firefox and will be removed. Please use RENDERER.
JavaScript error: https://cdn.notifyvisitors.com/ext/js/nv-push-upl.js, line 1: ReferenceError: Notification is not defined
JavaScript warning: https://assets.adobedtm.com/13917eaed364/9ece96efaa49/launch-EN179fadd8bab443e8b83f75e8281ae451.min.js, line 5: WEBGL_debug_renderer_info is deprecated in Firefox and will be removed. Please use RENDERER.
JavaScript error: https://cdn.notifyvisitors.com/ext/js/nv-push-upl.js, line 1: ReferenceError: Notification is not defined
]]></system-err>
  </testcase>
  <testcase name="verifyViewAllButton" classname="SeleniumTesting.AEMhdfc.HomepageTest" time="3.357">
    <system-out><![CDATA[Trying to find Element By : By.xpath: //div[@class='viewall']
Found Element By : By.xpath: //div[@class='viewall']
Trying to find Element By : By.xpath: //div[@class='viewall']
Found Element By : By.xpath: //div[@class='viewall']
Trying to click on: [[FirefoxDriver: firefox on WINDOWS (62209bf6-91d8-4eeb-b1af-c3d9469c1fd0)] -> xpath: //div[@class='viewall']]
Clicked on: [[FirefoxDriver: firefox on WINDOWS (62209bf6-91d8-4eeb-b1af-c3d9469c1fd0)] -> xpath: //div[@class='viewall']]
]]></system-out>
    <system-err><![CDATA[JavaScript error: https://lifeai-widget.apps-hdfclife.com/?source=www.hdfclife.com, line 5: TypeError: navigator.serviceWorker.unregister is not a function
]]></system-err>
  </testcase>
  <testcase name="verifyULIPPlansOnBanner" classname="SeleniumTesting.AEMhdfc.HomepageTest" time="11.489">
    <system-out><![CDATA[Trying to find Element By : By.xpath: //a[@class='tile']//div//span[@class='bg-Term_plans bg-plans-4']
Found Element By : By.xpath: //a[@class='tile']//div//span[@class='bg-Term_plans bg-plans-4']
Trying to find Element By : By.xpath: //a[@class='tile']//div//span[@class='bg-Term_plans bg-plans-4']
Found Element By : By.xpath: //a[@class='tile']//div//span[@class='bg-Term_plans bg-plans-4']
Trying to click on: [[FirefoxDriver: firefox on WINDOWS (62209bf6-91d8-4eeb-b1af-c3d9469c1fd0)] -> xpath: //a[@class='tile']//div//span[@class='bg-Term_plans bg-plans-4']]
Clicked on: [[FirefoxDriver: firefox on WINDOWS (62209bf6-91d8-4eeb-b1af-c3d9469c1fd0)] -> xpath: //a[@class='tile']//div//span[@class='bg-Term_plans bg-plans-4']]
Navigating back to previous page
Navigated back to previous page
]]></system-out>
    <system-err><![CDATA[JavaScript warning: https://assets.adobedtm.com/13917eaed364/9ece96efaa49/launch-EN179fadd8bab443e8b83f75e8281ae451.min.js, line 5: WEBGL_debug_renderer_info is deprecated in Firefox and will be removed. Please use RENDERER.
JavaScript error: https://cdn.notifyvisitors.com/ext/js/nv-push-upl.js, line 1: ReferenceError: Notification is not defined
JavaScript warning: https://assets.adobedtm.com/13917eaed364/9ece96efaa49/launch-EN179fadd8bab443e8b83f75e8281ae451.min.js, line 5: WEBGL_debug_renderer_info is deprecated in Firefox and will be removed. Please use RENDERER.
JavaScript error: https://cdn.notifyvisitors.com/ext/js/nv-push-upl.js, line 1: ReferenceError: Notification is not defined
]]></system-err>
  </testcase>
  <testcase name="verifyFixedMaturityPlanOnBanner" classname="SeleniumTesting.AEMhdfc.HomepageTest" time="14.962">
    <system-out><![CDATA[Trying to find Element By : By.xpath: //div[@class='viewall']
Found Element By : By.xpath: //div[@class='viewall']
Trying to find Element By : By.xpath: //div[@class='viewall']
Found Element By : By.xpath: //div[@class='viewall']
Trying to click on: [[FirefoxDriver: firefox on WINDOWS (62209bf6-91d8-4eeb-b1af-c3d9469c1fd0)] -> xpath: //div[@class='viewall']]
Clicked on: [[FirefoxDriver: firefox on WINDOWS (62209bf6-91d8-4eeb-b1af-c3d9469c1fd0)] -> xpath: //div[@class='viewall']]
Trying to find Element By : By.xpath: //a[@href='/savings-plans/sanchay-fixed-maturity-plan']//div
Found Element By : By.xpath: //a[@href='/savings-plans/sanchay-fixed-maturity-plan']//div
Trying to find Element By : By.xpath: //a[@href='/savings-plans/sanchay-fixed-maturity-plan']//div
Found Element By : By.xpath: //a[@href='/savings-plans/sanchay-fixed-maturity-plan']//div
Trying to click on: [[FirefoxDriver: firefox on WINDOWS (62209bf6-91d8-4eeb-b1af-c3d9469c1fd0)] -> xpath: //a[@href='/savings-plans/sanchay-fixed-maturity-plan']//div]
Clicked on: [[FirefoxDriver: firefox on WINDOWS (62209bf6-91d8-4eeb-b1af-c3d9469c1fd0)] -> xpath: //a[@href='/savings-plans/sanchay-fixed-maturity-plan']//div]
Navigating back to previous page
Navigated back to previous page
]]></system-out>
    <system-err><![CDATA[JavaScript error: https://lifeai-widget.apps-hdfclife.com/?source=www.hdfclife.com, line 5: TypeError: navigator.serviceWorker.unregister is not a function
JavaScript warning: https://assets.adobedtm.com/13917eaed364/9ece96efaa49/launch-EN179fadd8bab443e8b83f75e8281ae451.min.js, line 5: WEBGL_debug_renderer_info is deprecated in Firefox and will be removed. Please use RENDERER.
JavaScript error: https://www.gstatic.com/recaptcha/releases/_7Co1fh8iT2hcjvquYJ_3zSP/recaptcha__en.js, line 67: Error: reCAPTCHA has already been rendered in this element
JavaScript error: https://www.gstatic.com/recaptcha/releases/_7Co1fh8iT2hcjvquYJ_3zSP/recaptcha__en.js, line 67: Error: reCAPTCHA has already been rendered in this element
JavaScript error: https://www.gstatic.com/recaptcha/releases/_7Co1fh8iT2hcjvquYJ_3zSP/recaptcha__en.js, line 67: Error: reCAPTCHA has already been rendered in this element
JavaScript error: https://www.gstatic.com/recaptcha/releases/_7Co1fh8iT2hcjvquYJ_3zSP/recaptcha__en.js, line 67: Error: reCAPTCHA has already been rendered in this element
JavaScript error: https://www.gstatic.com/recaptcha/releases/_7Co1fh8iT2hcjvquYJ_3zSP/recaptcha__en.js, line 67: Error: reCAPTCHA has already been rendered in this element
JavaScript error: https://www.gstatic.com/recaptcha/releases/_7Co1fh8iT2hcjvquYJ_3zSP/recaptcha__en.js, line 67: Error: reCAPTCHA has already been rendered in this element
JavaScript error: https://cdn.notifyvisitors.com/ext/js/nv-push-upl.js, line 1: ReferenceError: Notification is not defined
JavaScript warning: https://assets.adobedtm.com/13917eaed364/9ece96efaa49/launch-EN179fadd8bab443e8b83f75e8281ae451.min.js, line 5: WEBGL_debug_renderer_info is deprecated in Firefox and will be removed. Please use RENDERER.
JavaScript error: https://cdn.notifyvisitors.com/ext/js/nv-push-upl.js, line 1: ReferenceError: Notification is not defined
]]></system-err>
  </testcase>
  <testcase name="verifyHealthPlansOnBanner" classname="SeleniumTesting.AEMhdfc.HomepageTest" time="15.604">
    <system-out><![CDATA[Trying to find Element By : By.xpath: //div[@class='viewall']
Found Element By : By.xpath: //div[@class='viewall']
Trying to find Element By : By.xpath: //div[@class='viewall']
Found Element By : By.xpath: //div[@class='viewall']
Trying to click on: [[FirefoxDriver: firefox on WINDOWS (62209bf6-91d8-4eeb-b1af-c3d9469c1fd0)] -> xpath: //div[@class='viewall']]
Clicked on: [[FirefoxDriver: firefox on WINDOWS (62209bf6-91d8-4eeb-b1af-c3d9469c1fd0)] -> xpath: //div[@class='viewall']]
Trying to find Element By : By.xpath: //a[@href='/health-insurance-plans']//div//h2[@class='h5']
Found Element By : By.xpath: //a[@href='/health-insurance-plans']//div//h2[@class='h5']
Trying to find Element By : By.xpath: //a[@href='/health-insurance-plans']//div//h2[@class='h5']
Found Element By : By.xpath: //a[@href='/health-insurance-plans']//div//h2[@class='h5']
Trying to click on: [[FirefoxDriver: firefox on WINDOWS (62209bf6-91d8-4eeb-b1af-c3d9469c1fd0)] -> xpath: //a[@href='/health-insurance-plans']//div//h2[@class='h5']]
Clicked on: [[FirefoxDriver: firefox on WINDOWS (62209bf6-91d8-4eeb-b1af-c3d9469c1fd0)] -> xpath: //a[@href='/health-insurance-plans']//div//h2[@class='h5']]
Navigating back to previous page
Navigated back to previous page
]]></system-out>
    <system-err><![CDATA[JavaScript error: https://lifeai-widget.apps-hdfclife.com/?source=www.hdfclife.com, line 5: TypeError: navigator.serviceWorker.unregister is not a function
JavaScript error: https://www.hdfclife.com/health-insurance-plans, line 135: SyntaxError: illegal character U+0040
JavaScript warning: https://assets.adobedtm.com/13917eaed364/9ece96efaa49/launch-EN179fadd8bab443e8b83f75e8281ae451.min.js, line 5: WEBGL_debug_renderer_info is deprecated in Firefox and will be removed. Please use RENDERER.
JavaScript error: https://cdn.notifyvisitors.com/ext/js/nv-push-upl.js, line 1: ReferenceError: Notification is not defined
JavaScript warning: https://assets.adobedtm.com/13917eaed364/9ece96efaa49/launch-EN179fadd8bab443e8b83f75e8281ae451.min.js, line 5: WEBGL_debug_renderer_info is deprecated in Firefox and will be removed. Please use RENDERER.
JavaScript error: https://cdn.notifyvisitors.com/ext/js/nv-push-upl.js, line 1: ReferenceError: Notification is not defined
]]></system-err>
  </testcase>
  <testcase name="verifyPosPlansOnBanner" classname="SeleniumTesting.AEMhdfc.HomepageTest" time="14.385">
    <system-out><![CDATA[Trying to find Element By : By.xpath: //div[@class='viewall']
Found Element By : By.xpath: //div[@class='viewall']
Trying to find Element By : By.xpath: //div[@class='viewall']
Found Element By : By.xpath: //div[@class='viewall']
Trying to click on: [[FirefoxDriver: firefox on WINDOWS (62209bf6-91d8-4eeb-b1af-c3d9469c1fd0)] -> xpath: //div[@class='viewall']]
Clicked on: [[FirefoxDriver: firefox on WINDOWS (62209bf6-91d8-4eeb-b1af-c3d9469c1fd0)] -> xpath: //div[@class='viewall']]
Trying to find Element By : By.xpath: //a[@href='/savings-plans/pos-guaranteed-savings-plan']//div//h2[@class='h5']
Found Element By : By.xpath: //a[@href='/savings-plans/pos-guaranteed-savings-plan']//div//h2[@class='h5']
Trying to find Element By : By.xpath: //a[@href='/savings-plans/pos-guaranteed-savings-plan']//div//h2[@class='h5']
Found Element By : By.xpath: //a[@href='/savings-plans/pos-guaranteed-savings-plan']//div//h2[@class='h5']
Trying to click on: [[FirefoxDriver: firefox on WINDOWS (62209bf6-91d8-4eeb-b1af-c3d9469c1fd0)] -> xpath: //a[@href='/savings-plans/pos-guaranteed-savings-plan']//div//h2[@class='h5']]
Clicked on: [[FirefoxDriver: firefox on WINDOWS (62209bf6-91d8-4eeb-b1af-c3d9469c1fd0)] -> xpath: //a[@href='/savings-plans/pos-guaranteed-savings-plan']//div//h2[@class='h5']]
Navigating back to previous page
Navigated back to previous page
]]></system-out>
    <system-err><![CDATA[JavaScript error: https://lifeai-widget.apps-hdfclife.com/?source=www.hdfclife.com, line 5: TypeError: navigator.serviceWorker.unregister is not a function
JavaScript warning: https://assets.adobedtm.com/13917eaed364/9ece96efaa49/launch-EN179fadd8bab443e8b83f75e8281ae451.min.js, line 5: WEBGL_debug_renderer_info is deprecated in Firefox and will be removed. Please use RENDERER.
JavaScript error: https://www.gstatic.com/recaptcha/releases/_7Co1fh8iT2hcjvquYJ_3zSP/recaptcha__en.js, line 65: Error: reCAPTCHA placeholder element must be an element or id
JavaScript error: https://www.gstatic.com/recaptcha/releases/_7Co1fh8iT2hcjvquYJ_3zSP/recaptcha__en.js, line 67: Error: reCAPTCHA has already been rendered in this element
JavaScript error: https://www.gstatic.com/recaptcha/releases/_7Co1fh8iT2hcjvquYJ_3zSP/recaptcha__en.js, line 67: Error: reCAPTCHA has already been rendered in this element
JavaScript error: https://www.gstatic.com/recaptcha/releases/_7Co1fh8iT2hcjvquYJ_3zSP/recaptcha__en.js, line 67: Error: reCAPTCHA has already been rendered in this element
JavaScript error: https://www.gstatic.com/recaptcha/releases/_7Co1fh8iT2hcjvquYJ_3zSP/recaptcha__en.js, line 67: Error: reCAPTCHA has already been rendered in this element
JavaScript error: https://www.gstatic.com/recaptcha/releases/_7Co1fh8iT2hcjvquYJ_3zSP/recaptcha__en.js, line 67: Error: reCAPTCHA has already been rendered in this element
JavaScript error: https://www.gstatic.com/recaptcha/releases/_7Co1fh8iT2hcjvquYJ_3zSP/recaptcha__en.js, line 67: Error: reCAPTCHA has already been rendered in this element
JavaScript error: https://www.gstatic.com/recaptcha/releases/_7Co1fh8iT2hcjvquYJ_3zSP/recaptcha__en.js, line 67: Error: reCAPTCHA has already been rendered in this element
JavaScript error: https://cdn.notifyvisitors.com/ext/js/nv-push-upl.js, line 1: ReferenceError: Notification is not defined
JavaScript warning: https://assets.adobedtm.com/13917eaed364/9ece96efaa49/launch-EN179fadd8bab443e8b83f75e8281ae451.min.js, line 5: WEBGL_debug_renderer_info is deprecated in Firefox and will be removed. Please use RENDERER.
JavaScript error: https://cdn.notifyvisitors.com/ext/js/nv-push-upl.js, line 1: ReferenceError: Notification is not defined
]]></system-err>
  </testcase>
  <testcase name="verifyComboPlansOnBanner" classname="SeleniumTesting.AEMhdfc.HomepageTest" time="19.709">
    <system-out><![CDATA[Trying to find Element By : By.xpath: //div[@class='viewall']
Found Element By : By.xpath: //div[@class='viewall']
Trying to find Element By : By.xpath: //div[@class='viewall']
Found Element By : By.xpath: //div[@class='viewall']
Trying to click on: [[FirefoxDriver: firefox on WINDOWS (62209bf6-91d8-4eeb-b1af-c3d9469c1fd0)] -> xpath: //div[@class='viewall']]
Clicked on: [[FirefoxDriver: firefox on WINDOWS (62209bf6-91d8-4eeb-b1af-c3d9469c1fd0)] -> xpath: //div[@class='viewall']]
Trying to find Element By : By.xpath: //div[@class='swiper-button-next']
Found Element By : By.xpath: //div[@class='swiper-button-next']
Trying to click on: [[FirefoxDriver: firefox on WINDOWS (62209bf6-91d8-4eeb-b1af-c3d9469c1fd0)] -> xpath: //div[@class='swiper-button-next']]
Clicked on: [[FirefoxDriver: firefox on WINDOWS (62209bf6-91d8-4eeb-b1af-c3d9469c1fd0)] -> xpath: //div[@class='swiper-button-next']]
Trying to find Element By : By.xpath: //a[@class='tile']//div//span[@class='bg-Term_plans bg-plans-8']
Found Element By : By.xpath: //a[@class='tile']//div//span[@class='bg-Term_plans bg-plans-8']
Trying to find Element By : By.xpath: //a[@class='tile']//div//span[@class='bg-Term_plans bg-plans-8']
Found Element By : By.xpath: //a[@class='tile']//div//span[@class='bg-Term_plans bg-plans-8']
Trying to click on: [[FirefoxDriver: firefox on WINDOWS (62209bf6-91d8-4eeb-b1af-c3d9469c1fd0)] -> xpath: //a[@class='tile']//div//span[@class='bg-Term_plans bg-plans-8']]
Clicked on: [[FirefoxDriver: firefox on WINDOWS (62209bf6-91d8-4eeb-b1af-c3d9469c1fd0)] -> xpath: //a[@class='tile']//div//span[@class='bg-Term_plans bg-plans-8']]
Navigating back to previous page
Navigated back to previous page
]]></system-out>
    <system-err><![CDATA[JavaScript error: https://lifeai-widget.apps-hdfclife.com/?source=www.hdfclife.com, line 5: TypeError: navigator.serviceWorker.unregister is not a function
JavaScript warning: https://assets.adobedtm.com/13917eaed364/9ece96efaa49/launch-EN179fadd8bab443e8b83f75e8281ae451.min.js, line 5: WEBGL_debug_renderer_info is deprecated in Firefox and will be removed. Please use RENDERER.
JavaScript error: https://www.gstatic.com/recaptcha/releases/_7Co1fh8iT2hcjvquYJ_3zSP/recaptcha__en.js, line 67: Error: reCAPTCHA has already been rendered in this element
JavaScript error: https://www.gstatic.com/recaptcha/releases/_7Co1fh8iT2hcjvquYJ_3zSP/recaptcha__en.js, line 67: Error: reCAPTCHA has already been rendered in this element
JavaScript error: https://www.gstatic.com/recaptcha/releases/_7Co1fh8iT2hcjvquYJ_3zSP/recaptcha__en.js, line 67: Error: reCAPTCHA has already been rendered in this element
JavaScript error: https://www.gstatic.com/recaptcha/releases/_7Co1fh8iT2hcjvquYJ_3zSP/recaptcha__en.js, line 67: Error: reCAPTCHA has already been rendered in this element
JavaScript error: https://www.gstatic.com/recaptcha/releases/_7Co1fh8iT2hcjvquYJ_3zSP/recaptcha__en.js, line 67: Error: reCAPTCHA has already been rendered in this element
JavaScript error: https://www.gstatic.com/recaptcha/releases/_7Co1fh8iT2hcjvquYJ_3zSP/recaptcha__en.js, line 67: Error: reCAPTCHA has already been rendered in this element
JavaScript error: https://cdn.notifyvisitors.com/ext/js/nv-push-upl.js, line 1: ReferenceError: Notification is not defined
JavaScript warning: https://assets.adobedtm.com/13917eaed364/9ece96efaa49/launch-EN179fadd8bab443e8b83f75e8281ae451.min.js, line 5: WEBGL_debug_renderer_info is deprecated in Firefox and will be removed. Please use RENDERER.
JavaScript error: https://cdn.notifyvisitors.com/ext/js/nv-push-upl.js, line 1: ReferenceError: Notification is not defined
]]></system-err>
  </testcase>
  <testcase name="verifyGroupPlansOnBanner" classname="SeleniumTesting.AEMhdfc.HomepageTest" time="33.645">
    <system-out><![CDATA[Trying to find Element By : By.xpath: //div[@class='viewall']
Found Element By : By.xpath: //div[@class='viewall']
Trying to find Element By : By.xpath: //div[@class='viewall']
Found Element By : By.xpath: //div[@class='viewall']
Trying to click on: [[FirefoxDriver: firefox on WINDOWS (62209bf6-91d8-4eeb-b1af-c3d9469c1fd0)] -> xpath: //div[@class='viewall']]
Clicked on: [[FirefoxDriver: firefox on WINDOWS (62209bf6-91d8-4eeb-b1af-c3d9469c1fd0)] -> xpath: //div[@class='viewall']]
Trying to find Element By : By.xpath: //div[@class='swiper-button-next']
Found Element By : By.xpath: //div[@class='swiper-button-next']
Trying to find Element By : By.xpath: //div[@class='swiper-button-next']
Found Element By : By.xpath: //div[@class='swiper-button-next']
Trying to click on: [[FirefoxDriver: firefox on WINDOWS (62209bf6-91d8-4eeb-b1af-c3d9469c1fd0)] -> xpath: //div[@class='swiper-button-next']]
Clicked on: [[FirefoxDriver: firefox on WINDOWS (62209bf6-91d8-4eeb-b1af-c3d9469c1fd0)] -> xpath: //div[@class='swiper-button-next']]
Trying to find Element By : By.xpath: //div[@class='swiper-button-next']
Found Element By : By.xpath: //div[@class='swiper-button-next']
Trying to find Element By : By.xpath: //div[@class='swiper-button-next']
Found Element By : By.xpath: //div[@class='swiper-button-next']
Trying to click on: [[FirefoxDriver: firefox on WINDOWS (62209bf6-91d8-4eeb-b1af-c3d9469c1fd0)] -> xpath: //div[@class='swiper-button-next']]
Clicked on: [[FirefoxDriver: firefox on WINDOWS (62209bf6-91d8-4eeb-b1af-c3d9469c1fd0)] -> xpath: //div[@class='swiper-button-next']]
Trying to find Element By : By.xpath: //div[@class='swiper-button-next']
Found Element By : By.xpath: //div[@class='swiper-button-next']
Trying to find Element By : By.xpath: //div[@class='swiper-button-next']
Found Element By : By.xpath: //div[@class='swiper-button-next']
Trying to click on: [[FirefoxDriver: firefox on WINDOWS (62209bf6-91d8-4eeb-b1af-c3d9469c1fd0)] -> xpath: //div[@class='swiper-button-next']]
Clicked on: [[FirefoxDriver: firefox on WINDOWS (62209bf6-91d8-4eeb-b1af-c3d9469c1fd0)] -> xpath: //div[@class='swiper-button-next']]
Trying to find Element By : By.xpath: //div[@class='swiper-button-next']
Found Element By : By.xpath: //div[@class='swiper-button-next']
Trying to find Element By : By.xpath: //div[@class='swiper-button-next']
Found Element By : By.xpath: //div[@class='swiper-button-next']
Trying to click on: [[FirefoxDriver: firefox on WINDOWS (62209bf6-91d8-4eeb-b1af-c3d9469c1fd0)] -> xpath: //div[@class='swiper-button-next']]
Clicked on: [[FirefoxDriver: firefox on WINDOWS (62209bf6-91d8-4eeb-b1af-c3d9469c1fd0)] -> xpath: //div[@class='swiper-button-next']]
Trying to find Element By : By.xpath: //div[@class='swiper-button-next']
Found Element By : By.xpath: //div[@class='swiper-button-next']
Trying to find Element By : By.xpath: //div[@class='swiper-button-next']
Found Element By : By.xpath: //div[@class='swiper-button-next']
Trying to click on: [[FirefoxDriver: firefox on WINDOWS (62209bf6-91d8-4eeb-b1af-c3d9469c1fd0)] -> xpath: //div[@class='swiper-button-next']]
Clicked on: [[FirefoxDriver: firefox on WINDOWS (62209bf6-91d8-4eeb-b1af-c3d9469c1fd0)] -> xpath: //div[@class='swiper-button-next']]
Trying to find Element By : By.xpath: //a[@class='tile']//div//span[@class='bg-Term_plans bg-plans-9']
Found Element By : By.xpath: //a[@class='tile']//div//span[@class='bg-Term_plans bg-plans-9']
Trying to find Element By : By.xpath: //a[@class='tile']//div//span[@class='bg-Term_plans bg-plans-9']
Found Element By : By.xpath: //a[@class='tile']//div//span[@class='bg-Term_plans bg-plans-9']
Trying to click on: [[FirefoxDriver: firefox on WINDOWS (62209bf6-91d8-4eeb-b1af-c3d9469c1fd0)] -> xpath: //a[@class='tile']//div//span[@class='bg-Term_plans bg-plans-9']]
Clicked on: [[FirefoxDriver: firefox on WINDOWS (62209bf6-91d8-4eeb-b1af-c3d9469c1fd0)] -> xpath: //a[@class='tile']//div//span[@class='bg-Term_plans bg-plans-9']]
Navigating back to previous page
Navigated back to previous page
]]></system-out>
    <system-err><![CDATA[JavaScript error: https://lifeai-widget.apps-hdfclife.com/?source=www.hdfclife.com, line 5: TypeError: navigator.serviceWorker.unregister is not a function
JavaScript warning: https://assets.adobedtm.com/13917eaed364/9ece96efaa49/launch-EN179fadd8bab443e8b83f75e8281ae451.min.js, line 5: WEBGL_debug_renderer_info is deprecated in Firefox and will be removed. Please use RENDERER.
JavaScript error: https://cdn.notifyvisitors.com/ext/js/nv-push-upl.js, line 1: ReferenceError: Notification is not defined
JavaScript warning: https://assets.adobedtm.com/13917eaed364/9ece96efaa49/launch-EN179fadd8bab443e8b83f75e8281ae451.min.js, line 5: WEBGL_debug_renderer_info is deprecated in Firefox and will be removed. Please use RENDERER.
JavaScript error: https://cdn.notifyvisitors.com/ext/js/nv-push-upl.js, line 1: ReferenceError: Notification is not defined
]]></system-err>
  </testcase>
  <testcase name="verifyArrowButtonsOnBanner" classname="SeleniumTesting.AEMhdfc.HomepageTest" time="45.631">
    <system-out><![CDATA[Trying to find Element By : By.xpath: //div[@class='viewall']
Found Element By : By.xpath: //div[@class='viewall']
Trying to find Element By : By.xpath: //div[@class='viewall']
Found Element By : By.xpath: //div[@class='viewall']
Trying to click on: [[FirefoxDriver: firefox on WINDOWS (62209bf6-91d8-4eeb-b1af-c3d9469c1fd0)] -> xpath: //div[@class='viewall']]
Clicked on: [[FirefoxDriver: firefox on WINDOWS (62209bf6-91d8-4eeb-b1af-c3d9469c1fd0)] -> xpath: //div[@class='viewall']]
Trying to find Element By : By.xpath: //div[@class='swiper-button-next']
Found Element By : By.xpath: //div[@class='swiper-button-next']
Trying to find Element By : By.xpath: //div[@class='swiper-button-next']
Found Element By : By.xpath: //div[@class='swiper-button-next']
Trying to click on: [[FirefoxDriver: firefox on WINDOWS (62209bf6-91d8-4eeb-b1af-c3d9469c1fd0)] -> xpath: //div[@class='swiper-button-next']]
Clicked on: [[FirefoxDriver: firefox on WINDOWS (62209bf6-91d8-4eeb-b1af-c3d9469c1fd0)] -> xpath: //div[@class='swiper-button-next']]
Trying to find Element By : By.xpath: //div[@class='swiper-button-next']
Found Element By : By.xpath: //div[@class='swiper-button-next']
Trying to find Element By : By.xpath: //div[@class='swiper-button-next']
Found Element By : By.xpath: //div[@class='swiper-button-next']
Trying to click on: [[FirefoxDriver: firefox on WINDOWS (62209bf6-91d8-4eeb-b1af-c3d9469c1fd0)] -> xpath: //div[@class='swiper-button-next']]
Clicked on: [[FirefoxDriver: firefox on WINDOWS (62209bf6-91d8-4eeb-b1af-c3d9469c1fd0)] -> xpath: //div[@class='swiper-button-next']]
Trying to find Element By : By.xpath: //div[@class='swiper-button-next']
Found Element By : By.xpath: //div[@class='swiper-button-next']
Trying to find Element By : By.xpath: //div[@class='swiper-button-next']
Found Element By : By.xpath: //div[@class='swiper-button-next']
Trying to click on: [[FirefoxDriver: firefox on WINDOWS (62209bf6-91d8-4eeb-b1af-c3d9469c1fd0)] -> xpath: //div[@class='swiper-button-next']]
Clicked on: [[FirefoxDriver: firefox on WINDOWS (62209bf6-91d8-4eeb-b1af-c3d9469c1fd0)] -> xpath: //div[@class='swiper-button-next']]
Trying to find Element By : By.xpath: //div[@class='swiper-button-next']
Found Element By : By.xpath: //div[@class='swiper-button-next']
Trying to find Element By : By.xpath: //div[@class='swiper-button-next']
Found Element By : By.xpath: //div[@class='swiper-button-next']
Trying to click on: [[FirefoxDriver: firefox on WINDOWS (62209bf6-91d8-4eeb-b1af-c3d9469c1fd0)] -> xpath: //div[@class='swiper-button-next']]
Clicked on: [[FirefoxDriver: firefox on WINDOWS (62209bf6-91d8-4eeb-b1af-c3d9469c1fd0)] -> xpath: //div[@class='swiper-button-next']]
Trying to find Element By : By.xpath: //div[@class='swiper-button-next']
Found Element By : By.xpath: //div[@class='swiper-button-next']
Trying to find Element By : By.xpath: //div[@class='swiper-button-next']
Found Element By : By.xpath: //div[@class='swiper-button-next']
Trying to click on: [[FirefoxDriver: firefox on WINDOWS (62209bf6-91d8-4eeb-b1af-c3d9469c1fd0)] -> xpath: //div[@class='swiper-button-next']]
Clicked on: [[FirefoxDriver: firefox on WINDOWS (62209bf6-91d8-4eeb-b1af-c3d9469c1fd0)] -> xpath: //div[@class='swiper-button-next']]
Trying to find Element By : By.xpath: //div[@class='swiper-button-next swiper-button-disabled']
Found Element By : By.xpath: //div[@class='swiper-button-next swiper-button-disabled']
Trying to find Element By : By.xpath: //div[@class='swiper-button-prev']
Found Element By : By.xpath: //div[@class='swiper-button-prev']
Trying to find Element By : By.xpath: //div[@class='swiper-button-prev']
Found Element By : By.xpath: //div[@class='swiper-button-prev']
Trying to click on: [[FirefoxDriver: firefox on WINDOWS (62209bf6-91d8-4eeb-b1af-c3d9469c1fd0)] -> xpath: //div[@class='swiper-button-prev']]
Clicked on: [[FirefoxDriver: firefox on WINDOWS (62209bf6-91d8-4eeb-b1af-c3d9469c1fd0)] -> xpath: //div[@class='swiper-button-prev']]
Trying to find Element By : By.xpath: //div[@class='swiper-button-prev']
Found Element By : By.xpath: //div[@class='swiper-button-prev']
Trying to find Element By : By.xpath: //div[@class='swiper-button-prev']
Found Element By : By.xpath: //div[@class='swiper-button-prev']
Trying to click on: [[FirefoxDriver: firefox on WINDOWS (62209bf6-91d8-4eeb-b1af-c3d9469c1fd0)] -> xpath: //div[@class='swiper-button-prev']]
Clicked on: [[FirefoxDriver: firefox on WINDOWS (62209bf6-91d8-4eeb-b1af-c3d9469c1fd0)] -> xpath: //div[@class='swiper-button-prev']]
Trying to find Element By : By.xpath: //div[@class='swiper-button-prev']
Found Element By : By.xpath: //div[@class='swiper-button-prev']
Trying to find Element By : By.xpath: //div[@class='swiper-button-prev']
Found Element By : By.xpath: //div[@class='swiper-button-prev']
Trying to click on: [[FirefoxDriver: firefox on WINDOWS (62209bf6-91d8-4eeb-b1af-c3d9469c1fd0)] -> xpath: //div[@class='swiper-button-prev']]
Clicked on: [[FirefoxDriver: firefox on WINDOWS (62209bf6-91d8-4eeb-b1af-c3d9469c1fd0)] -> xpath: //div[@class='swiper-button-prev']]
Trying to find Element By : By.xpath: //div[@class='swiper-button-prev']
Found Element By : By.xpath: //div[@class='swiper-button-prev']
Trying to find Element By : By.xpath: //div[@class='swiper-button-prev']
Found Element By : By.xpath: //div[@class='swiper-button-prev']
Trying to click on: [[FirefoxDriver: firefox on WINDOWS (62209bf6-91d8-4eeb-b1af-c3d9469c1fd0)] -> xpath: //div[@class='swiper-button-prev']]
Clicked on: [[FirefoxDriver: firefox on WINDOWS (62209bf6-91d8-4eeb-b1af-c3d9469c1fd0)] -> xpath: //div[@class='swiper-button-prev']]
Trying to find Element By : By.xpath: //div[@class='swiper-button-prev']
Found Element By : By.xpath: //div[@class='swiper-button-prev']
Trying to find Element By : By.xpath: //div[@class='swiper-button-prev']
Found Element By : By.xpath: //div[@class='swiper-button-prev']
Trying to click on: [[FirefoxDriver: firefox on WINDOWS (62209bf6-91d8-4eeb-b1af-c3d9469c1fd0)] -> xpath: //div[@class='swiper-button-prev']]
Clicked on: [[FirefoxDriver: firefox on WINDOWS (62209bf6-91d8-4eeb-b1af-c3d9469c1fd0)] -> xpath: //div[@class='swiper-button-prev']]
Trying to find Element By : By.xpath: //div[@class='swiper-button-prev swiper-button-disabled']
Found Element By : By.xpath: //div[@class='swiper-button-prev swiper-button-disabled']
Trying to find Element By : By.xpath: //div[@class='swiper-button-next']
Found Element By : By.xpath: //div[@class='swiper-button-next']
Trying to find Element By : By.xpath: //div[@class='swiper-button-next']
Found Element By : By.xpath: //div[@class='swiper-button-next']
Trying to click on: [[FirefoxDriver: firefox on WINDOWS (62209bf6-91d8-4eeb-b1af-c3d9469c1fd0)] -> xpath: //div[@class='swiper-button-next']]
Clicked on: [[FirefoxDriver: firefox on WINDOWS (62209bf6-91d8-4eeb-b1af-c3d9469c1fd0)] -> xpath: //div[@class='swiper-button-next']]
Trying to find Element By : By.xpath: //div[@class='swiper-button-prev']
Found Element By : By.xpath: //div[@class='swiper-button-prev']
]]></system-out>
    <system-err><![CDATA[JavaScript error: https://lifeai-widget.apps-hdfclife.com/?source=www.hdfclife.com, line 5: TypeError: navigator.serviceWorker.unregister is not a function
]]></system-err>
  </testcase>
  <testcase name="verifyMouseIndicator" classname="SeleniumTesting.AEMhdfc.HomepageTest" time="9.352">
    <system-out><![CDATA[Trying to find Element By : By.xpath: //li[@data-slide-to='0']
Found Element By : By.xpath: //li[@data-slide-to='0']
Trying to find Element By : By.xpath: (//a[@href='javascript:void(0)'])[3]
Found Element By : By.xpath: (//a[@href='javascript:void(0)'])[3]
Trying to find Element By : By.xpath: (//a[@href='javascript:void(0)'])[3]
Found Element By : By.xpath: (//a[@href='javascript:void(0)'])[3]
Trying to click on: [[FirefoxDriver: firefox on WINDOWS (62209bf6-91d8-4eeb-b1af-c3d9469c1fd0)] -> xpath: (//a[@href='javascript:void(0)'])[3]]
Clicked on: [[FirefoxDriver: firefox on WINDOWS (62209bf6-91d8-4eeb-b1af-c3d9469c1fd0)] -> xpath: (//a[@href='javascript:void(0)'])[3]]
]]></system-out>
  </testcase>
  <testcase name="verifyschedulePopupWithValidData[Amit Kundar, 9.768462054E9](1)" classname="SeleniumTesting.AEMhdfc.HomepageTest" time="8.962">
    <system-out><![CDATA[Trying to find Element By : By.xpath: //button[@class='btn btn-primary btnred schedule-btn scb-data-layer']
Found Element By : By.xpath: //button[@class='btn btn-primary btnred schedule-btn scb-data-layer']
Trying to click on: [[FirefoxDriver: firefox on WINDOWS (62209bf6-91d8-4eeb-b1af-c3d9469c1fd0)] -> xpath: //button[@class='btn btn-primary btnred schedule-btn scb-data-layer']]
Clicked on: [[FirefoxDriver: firefox on WINDOWS (62209bf6-91d8-4eeb-b1af-c3d9469c1fd0)] -> xpath: //button[@class='btn btn-primary btnred schedule-btn scb-data-layer']]
Trying to find Element By : By.xpath: //input[@class='first-name']
Found Element By : By.xpath: //input[@class='first-name']
Trying to find Element By : By.xpath: //input[@class='modilewidth']
Found Element By : By.xpath: //input[@class='modilewidth']
Trying to find Element By : By.id: insurance_category
Found Element By : By.id: insurance_category
Trying to find Element By : By.id: insurance_category
Found Element By : By.id: insurance_category
Trying to find Element By : By.id: insurance_category
Found Element By : By.id: insurance_category
Trying to find Element By : By.xpath: .//option[@value = "Health Plans"]
Found Element By : By.xpath: .//option[@value = "Health Plans"]
Trying to click on: [[[[FirefoxDriver: firefox on WINDOWS (62209bf6-91d8-4eeb-b1af-c3d9469c1fd0)] -> id: insurance_category]] -> xpath: .//option[@value = "Health Plans"]]
Clicked on: [[[[FirefoxDriver: firefox on WINDOWS (62209bf6-91d8-4eeb-b1af-c3d9469c1fd0)] -> id: insurance_category]] -> xpath: .//option[@value = "Health Plans"]]
Trying to find Element By : By.xpath: //span[@class='close-icon1']
Found Element By : By.xpath: //span[@class='close-icon1']
Trying to find Element By : By.xpath: //span[@class='close-icon1']
Found Element By : By.xpath: //span[@class='close-icon1']
Trying to click on: [[FirefoxDriver: firefox on WINDOWS (62209bf6-91d8-4eeb-b1af-c3d9469c1fd0)] -> xpath: //span[@class='close-icon1']]
Clicked on: [[FirefoxDriver: firefox on WINDOWS (62209bf6-91d8-4eeb-b1af-c3d9469c1fd0)] -> xpath: //span[@class='close-icon1']]
]]></system-out>
    <system-err><![CDATA[ERROR StatusLogger Log4j2 could not find a logging implementation. Please add log4j-core to the classpath. Using SimpleLogger to log to the console...
]]></system-err>
  </testcase>
  <testcase name="verifyschedulepopupblankSubmit" classname="SeleniumTesting.AEMhdfc.HomepageTest" time="10.715">
    <system-out><![CDATA[Trying to find Element By : By.xpath: //button[@class='btn btn-primary btnred schedule-btn scb-data-layer']
Found Element By : By.xpath: //button[@class='btn btn-primary btnred schedule-btn scb-data-layer']
Trying to click on: [[FirefoxDriver: firefox on WINDOWS (62209bf6-91d8-4eeb-b1af-c3d9469c1fd0)] -> xpath: //button[@class='btn btn-primary btnred schedule-btn scb-data-layer']]
Clicked on: [[FirefoxDriver: firefox on WINDOWS (62209bf6-91d8-4eeb-b1af-c3d9469c1fd0)] -> xpath: //button[@class='btn btn-primary btnred schedule-btn scb-data-layer']]
Trying to find Element By : By.id: scheduleCallBtn
Found Element By : By.id: scheduleCallBtn
Trying to click on: [[FirefoxDriver: firefox on WINDOWS (62209bf6-91d8-4eeb-b1af-c3d9469c1fd0)] -> id: scheduleCallBtn]
Clicked on: [[FirefoxDriver: firefox on WINDOWS (62209bf6-91d8-4eeb-b1af-c3d9469c1fd0)] -> id: scheduleCallBtn]
Trying to find Element By : By.xpath: //span[contains(text(),'Please enter valid name')]
Found Element By : By.xpath: //span[contains(text(),'Please enter valid name')]
Trying to find Element By : By.xpath: //span[contains(text(),'Please enter valid name')]
Found Element By : By.xpath: //span[contains(text(),'Please enter valid name')]
Trying to find Element By : By.xpath: //span[contains(text(),'Please enter mobile number')]
Found Element By : By.xpath: //span[contains(text(),'Please enter mobile number')]
Trying to find Element By : By.xpath: //span[contains(text(),'Please enter mobile number')]
Found Element By : By.xpath: //span[contains(text(),'Please enter mobile number')]
Trying to find Element By : By.xpath: //span[contains(text(),'Please select plan type')]
Found Element By : By.xpath: //span[contains(text(),'Please select plan type')]
Trying to find Element By : By.xpath: //span[contains(text(),'Please select plan type')]
Found Element By : By.xpath: //span[contains(text(),'Please select plan type')]
Trying to find Element By : By.className: scb-checkbox
Found Element By : By.className: scb-checkbox
Trying to find Element By : By.className: scb-checkbox
Found Element By : By.className: scb-checkbox
Trying to click on: [[FirefoxDriver: firefox on WINDOWS (62209bf6-91d8-4eeb-b1af-c3d9469c1fd0)] -> class name: scb-checkbox]
Clicked on: [[FirefoxDriver: firefox on WINDOWS (62209bf6-91d8-4eeb-b1af-c3d9469c1fd0)] -> class name: scb-checkbox]
Trying to find Element By : By.xpath: //span[@class='scb-checkbox-error error-txt']
Found Element By : By.xpath: //span[@class='scb-checkbox-error error-txt']
Trying to find Element By : By.xpath: //span[@class='close-icon1']
Found Element By : By.xpath: //span[@class='close-icon1']
Trying to find Element By : By.xpath: //span[@class='close-icon1']
Found Element By : By.xpath: //span[@class='close-icon1']
Trying to click on: [[FirefoxDriver: firefox on WINDOWS (62209bf6-91d8-4eeb-b1af-c3d9469c1fd0)] -> xpath: //span[@class='close-icon1']]
Clicked on: [[FirefoxDriver: firefox on WINDOWS (62209bf6-91d8-4eeb-b1af-c3d9469c1fd0)] -> xpath: //span[@class='close-icon1']]
]]></system-out>
  </testcase>
  <testcase name="verifyschedulePopupwithoutmindata" classname="SeleniumTesting.AEMhdfc.HomepageTest" time="7.024">
    <system-out><![CDATA[Trying to find Element By : By.xpath: //button[@class='btn btn-primary btnred schedule-btn scb-data-layer']
Found Element By : By.xpath: //button[@class='btn btn-primary btnred schedule-btn scb-data-layer']
Trying to click on: [[FirefoxDriver: firefox on WINDOWS (62209bf6-91d8-4eeb-b1af-c3d9469c1fd0)] -> xpath: //button[@class='btn btn-primary btnred schedule-btn scb-data-layer']]
Clicked on: [[FirefoxDriver: firefox on WINDOWS (62209bf6-91d8-4eeb-b1af-c3d9469c1fd0)] -> xpath: //button[@class='btn btn-primary btnred schedule-btn scb-data-layer']]
Trying to find Element By : By.xpath: //input[@class='first-name']
Found Element By : By.xpath: //input[@class='first-name']
Trying to find Element By : By.xpath: //input[@class='modilewidth']
Found Element By : By.xpath: //input[@class='modilewidth']
Trying to find Element By : By.xpath: //span[contains(text(),'Field should contain minimum 3 and max 50 characters')]
Found Element By : By.xpath: //span[contains(text(),'Field should contain minimum 3 and max 50 characters')]
Trying to find Element By : By.xpath: //span[contains(text(),'Field should contain minimum 3 and max 50 characters')]
Found Element By : By.xpath: //span[contains(text(),'Field should contain minimum 3 and max 50 characters')]
Trying to find Element By : By.xpath: //span[contains(text(),'Field should contain minimum 3 and max 50 characters')]
Found Element By : By.xpath: //span[contains(text(),'Field should contain minimum 3 and max 50 characters')]
Trying to find Element By : By.xpath: //span[contains(text(),'Please enter valid mobile number')]
Found Element By : By.xpath: //span[contains(text(),'Please enter valid mobile number')]
Trying to find Element By : By.xpath: //span[@class='close-icon1']
Found Element By : By.xpath: //span[@class='close-icon1']
Trying to find Element By : By.xpath: //span[@class='close-icon1']
Found Element By : By.xpath: //span[@class='close-icon1']
Trying to click on: [[FirefoxDriver: firefox on WINDOWS (62209bf6-91d8-4eeb-b1af-c3d9469c1fd0)] -> xpath: //span[@class='close-icon1']]
Clicked on: [[FirefoxDriver: firefox on WINDOWS (62209bf6-91d8-4eeb-b1af-c3d9469c1fd0)] -> xpath: //span[@class='close-icon1']]
]]></system-out>
  </testcase>
  <testcase name="verifycalculatorWithValidData" classname="SeleniumTesting.AEMhdfc.HomepageTest" time="38.807">
    <system-out><![CDATA[Trying to find Element By : By.xpath: //h5[contains(text(),'How Much Life Insurance')]
Found Element By : By.xpath: //h5[contains(text(),'How Much Life Insurance')]
Trying to find Element By : By.xpath: //button[@class='calculate-btn btn btn-primary btnred cal-data-layer']
Found Element By : By.xpath: //button[@class='calculate-btn btn btn-primary btnred cal-data-layer']
Trying to click on: [[FirefoxDriver: firefox on WINDOWS (62209bf6-91d8-4eeb-b1af-c3d9469c1fd0)] -> xpath: //button[@class='calculate-btn btn btn-primary btnred cal-data-layer']]
Clicked on: [[FirefoxDriver: firefox on WINDOWS (62209bf6-91d8-4eeb-b1af-c3d9469c1fd0)] -> xpath: //button[@class='calculate-btn btn btn-primary btnred cal-data-layer']]
Trying to find Element By : By.xpath: (//input[@class='years'])[1]
Found Element By : By.xpath: (//input[@class='years'])[1]
Trying to find Element By : By.xpath: (//input[@class='years'])[2]
Found Element By : By.xpath: (//input[@class='years'])[2]
Trying to find Element By : By.id: annual-income
Found Element By : By.id: annual-income
Trying to find Element By : By.id: monthly-expenses
Found Element By : By.id: monthly-expenses
Trying to find Element By : By.id: insurance-cover
Found Element By : By.id: insurance-cover
Trying to find Element By : By.id: qualification
Found Element By : By.id: qualification
Trying to find Element By : By.xpath: .//option[@value = "graduate"]
Found Element By : By.xpath: .//option[@value = "graduate"]
Trying to find Element By : By.id: liabilities
Found Element By : By.id: liabilities
Trying to find Element By : By.xpath: .//option[@value = "0"]
Found Element By : By.xpath: .//option[@value = "0"]
Trying to find Element By : By.id: calculateHlv
Found Element By : By.id: calculateHlv
Trying to click on: [[FirefoxDriver: firefox on WINDOWS (62209bf6-91d8-4eeb-b1af-c3d9469c1fd0)] -> id: calculateHlv]
Clicked on: [[FirefoxDriver: firefox on WINDOWS (62209bf6-91d8-4eeb-b1af-c3d9469c1fd0)] -> id: calculateHlv]
Trying to find Element By : By.xpath: //section[@class='calculator-section calculateSection']//h2[1]
Found Element By : By.xpath: //section[@class='calculator-section calculateSection']//h2[1]
Trying to find Element By : By.xpath: //p[contains(text(),'Your Required life cover to protect your family’s ')]
Found Element By : By.xpath: //p[contains(text(),'Your Required life cover to protect your family’s ')]
Trying to find Element By : By.xpath: //a[@class='siteButton btnred']
Found Element By : By.xpath: //a[@class='siteButton btnred']
Trying to find Element By : By.xpath: //div[@class='recomendPlans']//a[1]
Found Element By : By.xpath: //div[@class='recomendPlans']//a[1]
Trying to find Element By : By.xpath: //div[@class='recomendPlans']//a[1]
Found Element By : By.xpath: //div[@class='recomendPlans']//a[1]
Trying to click on: [[FirefoxDriver: firefox on WINDOWS (62209bf6-91d8-4eeb-b1af-c3d9469c1fd0)] -> xpath: //div[@class='recomendPlans']//a[1]]
Clicked on: [[FirefoxDriver: firefox on WINDOWS (62209bf6-91d8-4eeb-b1af-c3d9469c1fd0)] -> xpath: //div[@class='recomendPlans']//a[1]]
Navigating back to previous page
Navigated back to previous page
Trying to find Element By : By.xpath: //button[@class='calculate-btn btn btn-primary btnred cal-data-layer']
Found Element By : By.xpath: //button[@class='calculate-btn btn btn-primary btnred cal-data-layer']
Trying to click on: [[FirefoxDriver: firefox on WINDOWS (62209bf6-91d8-4eeb-b1af-c3d9469c1fd0)] -> xpath: //button[@class='calculate-btn btn btn-primary btnred cal-data-layer']]
Clicked on: [[FirefoxDriver: firefox on WINDOWS (62209bf6-91d8-4eeb-b1af-c3d9469c1fd0)] -> xpath: //button[@class='calculate-btn btn btn-primary btnred cal-data-layer']]
Trying to find Element By : By.xpath: (//input[@class='years'])[1]
Found Element By : By.xpath: (//input[@class='years'])[1]
Trying to find Element By : By.xpath: (//input[@class='years'])[2]
Found Element By : By.xpath: (//input[@class='years'])[2]
Trying to find Element By : By.id: annual-income
Found Element By : By.id: annual-income
Trying to find Element By : By.id: monthly-expenses
Found Element By : By.id: monthly-expenses
Trying to find Element By : By.id: insurance-cover
Found Element By : By.id: insurance-cover
Trying to find Element By : By.id: qualification
Found Element By : By.id: qualification
Trying to find Element By : By.xpath: .//option[@value = "graduate"]
Found Element By : By.xpath: .//option[@value = "graduate"]
Trying to find Element By : By.id: liabilities
Found Element By : By.id: liabilities
Trying to find Element By : By.xpath: .//option[@value = "0"]
Found Element By : By.xpath: .//option[@value = "0"]
Trying to find Element By : By.id: calculateHlv
Found Element By : By.id: calculateHlv
Trying to click on: [[FirefoxDriver: firefox on WINDOWS (62209bf6-91d8-4eeb-b1af-c3d9469c1fd0)] -> id: calculateHlv]
Clicked on: [[FirefoxDriver: firefox on WINDOWS (62209bf6-91d8-4eeb-b1af-c3d9469c1fd0)] -> id: calculateHlv]
Trying to find Element By : By.xpath: //a[@class='siteButton btnred']
Found Element By : By.xpath: //a[@class='siteButton btnred']
Trying to click on: [[FirefoxDriver: firefox on WINDOWS (62209bf6-91d8-4eeb-b1af-c3d9469c1fd0)] -> xpath: //a[@class='siteButton btnred']]
Clicked on: [[FirefoxDriver: firefox on WINDOWS (62209bf6-91d8-4eeb-b1af-c3d9469c1fd0)] -> xpath: //a[@class='siteButton btnred']]
Navigating back to previous page
Navigated back to previous page
]]></system-out>
    <system-err><![CDATA[JavaScript warning: https://assets.adobedtm.com/launch-EN179fadd8bab443e8b83f75e8281ae451.min.js, line 5: WEBGL_debug_renderer_info is deprecated in Firefox and will be removed. Please use RENDERER.
JavaScript error: https://onlineinsurance.hdfclife.com/buy-online-term-insurance-plans/click-2-protect-life/static/3rdparty/jquery/3.6.0/jquery-3.6.0.min.js, line 2: SecurityError: Permission denied to access property "jQuery360066408547925363391" on cross-origin object
JavaScript error: https://onlineinsurance.hdfclife.com/buy-online-term-insurance-plans/click-2-protect-life/static/3rdparty/jquery/3.6.0/jquery-3.6.0.min.js, line 2: SecurityError: Permission denied to access property "jQuery360066408547925363391" on cross-origin object
JavaScript warning: https://assets.adobedtm.com/13917eaed364/9ece96efaa49/launch-EN179fadd8bab443e8b83f75e8281ae451.min.js, line 5: WEBGL_debug_renderer_info is deprecated in Firefox and will be removed. Please use RENDERER.
JavaScript error: https://cdn.notifyvisitors.com/ext/js/nv-push-upl.js, line 1: ReferenceError: Notification is not defined
JavaScript error: https://lifeai-widget.apps-hdfclife.com/?source=www.hdfclife.com, line 5: TypeError: navigator.serviceWorker.unregister is not a function
JavaScript warning: https://assets.adobedtm.com/13917eaed364/9ece96efaa49/launch-EN179fadd8bab443e8b83f75e8281ae451.min.js, line 5: WEBGL_debug_renderer_info is deprecated in Firefox and will be removed. Please use RENDERER.
JavaScript error: https://www.gstatic.com/recaptcha/releases/_7Co1fh8iT2hcjvquYJ_3zSP/recaptcha__en.js, line 67: Error: reCAPTCHA has already been rendered in this element
JavaScript error: https://www.gstatic.com/recaptcha/releases/_7Co1fh8iT2hcjvquYJ_3zSP/recaptcha__en.js, line 67: Error: reCAPTCHA has already been rendered in this element
JavaScript error: https://www.gstatic.com/recaptcha/releases/_7Co1fh8iT2hcjvquYJ_3zSP/recaptcha__en.js, line 67: Error: reCAPTCHA has already been rendered in this element
JavaScript error: https://www.gstatic.com/recaptcha/releases/_7Co1fh8iT2hcjvquYJ_3zSP/recaptcha__en.js, line 67: Error: reCAPTCHA has already been rendered in this element
JavaScript error: https://www.gstatic.com/recaptcha/releases/_7Co1fh8iT2hcjvquYJ_3zSP/recaptcha__en.js, line 67: Error: reCAPTCHA has already been rendered in this element
JavaScript warning: https://assets.adobedtm.com/13917eaed364/9ece96efaa49/launch-EN179fadd8bab443e8b83f75e8281ae451.min.js, line 5: WEBGL_debug_renderer_info is deprecated in Firefox and will be removed. Please use RENDERER.
JavaScript error: https://cdn.notifyvisitors.com/ext/js/nv-push-upl.js, line 1: ReferenceError: Notification is not defined
]]></system-err>
  </testcase>
  <testcase name="verifyCalculatorCloseBtn" classname="SeleniumTesting.AEMhdfc.HomepageTest" time="9.79">
    <system-out><![CDATA[Trying to find Element By : By.xpath: //button[@class='calculate-btn btn btn-primary btnred cal-data-layer']
Found Element By : By.xpath: //button[@class='calculate-btn btn btn-primary btnred cal-data-layer']
Trying to click on: [[FirefoxDriver: firefox on WINDOWS (62209bf6-91d8-4eeb-b1af-c3d9469c1fd0)] -> xpath: //button[@class='calculate-btn btn btn-primary btnred cal-data-layer']]
Clicked on: [[FirefoxDriver: firefox on WINDOWS (62209bf6-91d8-4eeb-b1af-c3d9469c1fd0)] -> xpath: //button[@class='calculate-btn btn btn-primary btnred cal-data-layer']]
Trying to find Element By : By.xpath: //span[@class='close-icon calculateClose']
Found Element By : By.xpath: //span[@class='close-icon calculateClose']
Trying to find Element By : By.xpath: //span[@class='close-icon calculateClose']
Found Element By : By.xpath: //span[@class='close-icon calculateClose']
Trying to click on: [[FirefoxDriver: firefox on WINDOWS (62209bf6-91d8-4eeb-b1af-c3d9469c1fd0)] -> xpath: //span[@class='close-icon calculateClose']]
Clicked on: [[FirefoxDriver: firefox on WINDOWS (62209bf6-91d8-4eeb-b1af-c3d9469c1fd0)] -> xpath: //span[@class='close-icon calculateClose']]
]]></system-out>
    <system-err><![CDATA[JavaScript error: https://lifeai-widget.apps-hdfclife.com/?source=www.hdfclife.com, line 5: TypeError: navigator.serviceWorker.unregister is not a function
]]></system-err>
  </testcase>
  <testcase name="verifySanchayPlusBuyNowBtn" classname="SeleniumTesting.AEMhdfc.HomepageTest" time="12.571">
    <system-out><![CDATA[Trying to find Element By : By.xpath: //a[@data-button-name='BUY NOW']
Found Element By : By.xpath: //a[@data-button-name='BUY NOW']
Trying to find Element By : By.xpath: //a[@data-button-name='BUY NOW']
Found Element By : By.xpath: //a[@data-button-name='BUY NOW']
Trying to click on: [[FirefoxDriver: firefox on WINDOWS (62209bf6-91d8-4eeb-b1af-c3d9469c1fd0)] -> xpath: //a[@data-button-name='BUY NOW']]
Clicked on: [[FirefoxDriver: firefox on WINDOWS (62209bf6-91d8-4eeb-b1af-c3d9469c1fd0)] -> xpath: //a[@data-button-name='BUY NOW']]
]]></system-out>
    <system-err><![CDATA[JavaScript warning: https://assets.adobedtm.com/launch-EN179fadd8bab443e8b83f75e8281ae451.min.js, line 5: WEBGL_debug_renderer_info is deprecated in Firefox and will be removed. Please use RENDERER.
JavaScript warning: https://onlineinsurance.hdfclife.com/buy-online-savings-plans/static/ux/scripts-ops/global.js, line 69: unreachable code after return statement
JavaScript warning: https://onlineinsurance.hdfclife.com/buy-online-savings-plans/sanchayplus-savings-plan?source=NW_SANCHAYP_HP_BuyNow&agentcode=00399206&language=sanchp_EN, line 1067: unreachable code after return statement
JavaScript warning: https://onlineinsurance.hdfclife.com/buy-online-savings-plans/sanchayplus-savings-plan?source=NW_SANCHAYP_HP_BuyNow&agentcode=00399206&language=sanchp_EN, line 1067: unreachable code after return statement
JavaScript error: https://cdn.notifyvisitors.com/ext/js/nv-push-upl.js, line 1: ReferenceError: Notification is not defined
JavaScript error: https://s.go-mpulse.net/boomerang/WKJVT-PHRJL-CDKKK-QFMPG-AE956, line 13: TypeError: ServiceWorker script at https://onlineinsurance.hdfclife.com/service-worker.js?nvhash=2.3 for scope https://onlineinsurance.hdfclife.com/ threw an exception during script evaluation.
]]></system-err>
  </testcase>
  <testcase name="verifyDisclaimer" classname="SeleniumTesting.AEMhdfc.HomepageTest" time="6.438">
    <system-out><![CDATA[Trying to find Element By : By.xpath: //a[@data-toggle='collapse']
Found Element By : By.xpath: //a[@data-toggle='collapse']
Trying to find Element By : By.xpath: //a[@data-toggle='collapse']
Found Element By : By.xpath: //a[@data-toggle='collapse']
Trying to find Element By : By.xpath: //a[@data-toggle='collapse']
Found Element By : By.xpath: //a[@data-toggle='collapse']
Trying to click on: [[FirefoxDriver: firefox on WINDOWS (62209bf6-91d8-4eeb-b1af-c3d9469c1fd0)] -> xpath: //a[@data-toggle='collapse']]
Clicked on: [[FirefoxDriver: firefox on WINDOWS (62209bf6-91d8-4eeb-b1af-c3d9469c1fd0)] -> xpath: //a[@data-toggle='collapse']]
]]></system-out>
  </testcase>
  <testcase name="verifyProductAndPopularLinks" classname="SeleniumTesting.AEMhdfc.HomepageTest" time="6.592">
    <system-out><![CDATA[Popular and Product Listing Footer link check started
Trying to find Element By : By.cssSelector: .wrapper.footerMenuSec a
Found Element By : By.cssSelector: .wrapper.footerMenuSec a
https://www.hdfclife.com/term-insurance-plans------>OK
https://www.hdfclife.com/ulip-plans------>OK
https://onlinepayments.hdfclife.com/HDFCLife/quick_pay.html?source=NW_HP_PP_POPLinks&agentcode=00399206&utm_medium=website&utm_source=home-page&utm_campaign&utm_content=banner&prod=PP------>OK
https://myaccount.hdfclife.com/?source=NW_HP_MyACC_POPLinks&agentcode=00399206&utm_medium=website&utm_source=home-page&utm_campaign&utm_content=banner&prod=MyACC------>OK
https://www.hdfclife.com/fund-performance------>OK
https://www.hdfclife.com/term-insurance-plans/click-2-protect-life------>OK
https://www.hdfclife.com/term-insurance-plans/saral-jeevan-bima------>OK
https://www.hdfclife.com/term-insurance-plans------>OK
https://www.hdfclife.com/ulip-plans/click-2-wealth-ulip-plan------>OK
https://www.hdfclife.com/ulip-plans/click-2-invest-ulip-plan------>OK
https://www.hdfclife.com/ulip-plans/progrowth-plus-ulip-plan------>OK
https://www.hdfclife.com/ulip-plans------>OK
https://www.hdfclife.com/children-insurance-plans/youngstar-super-premium------>OK
https://www.hdfclife.com/children-insurance-plans/youngstar-udaan------>OK
https://www.hdfclife.com/children-insurance-plans------>OK
https://www.hdfclife.com/savings-plans/pos-guaranteed-savings-plan------>OK
https://www.hdfclife.com/retirement-and-pension-plans/pension-guaranteed-plan------>OK
https://www.hdfclife.com/retirement-and-pension-plans/new-immediate-annuity-plan------>OK
https://www.hdfclife.com/retirement-and-pension-plans/guaranteed-pension-plan------>OK
https://www.hdfclife.com/retirement-and-pension-plans/click-2-retire------>OK
https://www.hdfclife.com/retirement-and-pension-plans------>OK
https://www.hdfclife.com/savings-plans/sanchay-fixed-maturity-plan------>OK
https://www.hdfclife.com/savings-plans/sanchay-par-advantage------>OK
https://www.hdfclife.com/savings-plans/sanchay-plus------>OK
https://www.hdfclife.com/savings-plans------>OK
https://www.hdfclife.com/health-insurance-plans/click-2-protect-corona-kavach------>OK
https://www.hdfclife.com/health-insurance-plans/click-2-protect-health-plan------>OK
https://www.hdfclife.com/health-insurance-plans/cancer-care-insurance------>OK
https://www.hdfclife.com/health-insurance-plans/cardiac-care------>OK
https://www.hdfclife.com/health-insurance-plans------>OK
https://www.hdfclife.com/sanchay-maximiser------>OK
Popular and Product Listing Footer link check ended
]]></system-out>
  </testcase>
  <testcase name="verifyStayConnectedwithUs" classname="SeleniumTesting.AEMhdfc.HomepageTest" time="11.704">
    <system-out><![CDATA[Stay Connected With Us Footer link check started
Trying to find Element By : By.cssSelector: .stayConnectedSec.footerFormBlk a
Found Element By : By.cssSelector: .stayConnectedSec.footerFormBlk a
Trying to find Element By : By.cssSelector: .stayConnectedSec.footerFormBlk a
Found Element By : By.cssSelector: .stayConnectedSec.footerFormBlk a
Trying to find Element By : By.cssSelector: .stayConnectedSec.footerFormBlk a
Found Element By : By.cssSelector: .stayConnectedSec.footerFormBlk a
Trying to find Element By : By.cssSelector: .stayConnectedSec.footerFormBlk a
Found Element By : By.cssSelector: .stayConnectedSec.footerFormBlk a
Trying to find Element By : By.cssSelector: .stayConnectedSec.footerFormBlk a
Found Element By : By.cssSelector: .stayConnectedSec.footerFormBlk a
Trying to find Element By : By.cssSelector: .stayConnectedSec.footerFormBlk a
Found Element By : By.cssSelector: .stayConnectedSec.footerFormBlk a
Trying to find Element By : By.cssSelector: .stayConnectedSec.footerFormBlk a
Found Element By : By.cssSelector: .stayConnectedSec.footerFormBlk a
Trying to find Element By : By.cssSelector: .stayConnectedSec.footerFormBlk a
Found Element By : By.cssSelector: .stayConnectedSec.footerFormBlk a
Trying to find Element By : By.cssSelector: .stayConnectedSec.footerFormBlk a
Found Element By : By.cssSelector: .stayConnectedSec.footerFormBlk a
Trying to find Element By : By.cssSelector: .stayConnectedSec.footerFormBlk a
Found Element By : By.cssSelector: .stayConnectedSec.footerFormBlk a
Trying to find Element By : By.cssSelector: .stayConnectedSec.footerFormBlk a
Found Element By : By.cssSelector: .stayConnectedSec.footerFormBlk a
Trying to find Element By : By.cssSelector: .stayConnectedSec.footerFormBlk a
Found Element By : By.cssSelector: .stayConnectedSec.footerFormBlk a
Trying to find Element By : By.cssSelector: .stayConnectedSec.footerFormBlk a
Found Element By : By.cssSelector: .stayConnectedSec.footerFormBlk a
Trying to find Element By : By.cssSelector: .stayConnectedSec.footerFormBlk a
Found Element By : By.cssSelector: .stayConnectedSec.footerFormBlk a
Trying to find Element By : By.cssSelector: .stayConnectedSec.footerFormBlk a
Found Element By : By.cssSelector: .stayConnectedSec.footerFormBlk a
Trying to find Element By : By.cssSelector: .stayConnectedSec.footerFormBlk a
Found Element By : By.cssSelector: .stayConnectedSec.footerFormBlk a
Trying to find Element By : By.cssSelector: .stayConnectedSec.footerFormBlk a
Found Element By : By.cssSelector: .stayConnectedSec.footerFormBlk a
Trying to find Element By : By.cssSelector: .stayConnectedSec.footerFormBlk a
Found Element By : By.cssSelector: .stayConnectedSec.footerFormBlk a
Trying to find Element By : By.cssSelector: .stayConnectedSec.footerFormBlk a
Found Element By : By.cssSelector: .stayConnectedSec.footerFormBlk a
Trying to find Element By : By.cssSelector: .stayConnectedSec.footerFormBlk a
Found Element By : By.cssSelector: .stayConnectedSec.footerFormBlk a
Trying to find Element By : By.cssSelector: .stayConnectedSec.footerFormBlk a
Found Element By : By.cssSelector: .stayConnectedSec.footerFormBlk a
Trying to find Element By : By.cssSelector: .stayConnectedSec.footerFormBlk a
Found Element By : By.cssSelector: .stayConnectedSec.footerFormBlk a
Trying to find Element By : By.cssSelector: .stayConnectedSec.footerFormBlk a
Found Element By : By.cssSelector: .stayConnectedSec.footerFormBlk a
Trying to find Element By : By.cssSelector: .stayConnectedSec.footerFormBlk a
Found Element By : By.cssSelector: .stayConnectedSec.footerFormBlk a
Trying to find Element By : By.cssSelector: .stayConnectedSec.footerFormBlk a
Found Element By : By.cssSelector: .stayConnectedSec.footerFormBlk a
https://www.facebook.com/HDFClife------>OK
https://www.linkedin.com/company/hdfc-life------>Request denied
https://twitter.com/HDFClife------>OK
https://www.youtube.com/user/hdfclife10------>OK
https://www.instagram.com/hdfclife/------>OK
https://www.slideshare.net/hdfclife------>OK
Stay Connected With Us Footer link check ended
]]></system-out>
  </testcase>
  <testcase name="verifyDownloadLinks" classname="SeleniumTesting.AEMhdfc.HomepageTest" time="12.647">
    <system-out><![CDATA[Trying to find Element By : By.xpath: //a[@class='appleIcon']
Found Element By : By.xpath: //a[@class='appleIcon']
Trying to click on: [[FirefoxDriver: firefox on WINDOWS (62209bf6-91d8-4eeb-b1af-c3d9469c1fd0)] -> xpath: //a[@class='appleIcon']]
Clicked on: [[FirefoxDriver: firefox on WINDOWS (62209bf6-91d8-4eeb-b1af-c3d9469c1fd0)] -> xpath: //a[@class='appleIcon']]
Trying to find Element By : By.xpath: (//a[@data-position='Download App Icon'])[2]
Found Element By : By.xpath: (//a[@data-position='Download App Icon'])[2]
Trying to click on: [[FirefoxDriver: firefox on WINDOWS (62209bf6-91d8-4eeb-b1af-c3d9469c1fd0)] -> xpath: (//a[@data-position='Download App Icon'])[2]]
Clicked on: [[FirefoxDriver: firefox on WINDOWS (62209bf6-91d8-4eeb-b1af-c3d9469c1fd0)] -> xpath: (//a[@data-position='Download App Icon'])[2]]
]]></system-out>
  </testcase>
  <testcase name="verifySubscribeOptionWithValidData" classname="SeleniumTesting.AEMhdfc.HomepageTest" time="0.128">
    <failure message="The following asserts failed:&#10;	expected [https://www.hdfclife.com/] but found [https://www.hdfclife.com/#],&#10;	expected [https://www.hdfclife.com/] but found [https://www.hdfclife.com/#],&#10;	expected [https://www.hdfclife.com/] but found [https://www.hdfclife.com/#]" type="java.lang.AssertionError"><![CDATA[java.lang.AssertionError: 
The following asserts failed:
	expected [https://www.hdfclife.com/] but found [https://www.hdfclife.com/#],
	expected [https://www.hdfclife.com/] but found [https://www.hdfclife.com/#],
	expected [https://www.hdfclife.com/] but found [https://www.hdfclife.com/#]
	at SeleniumTesting.AEMhdfc.HomepageTest.verifySubscribeOptionWithValidData(HomepageTest.java:267)
]]></failure>
    <system-out><![CDATA[Trying to find Element By : By.className: emailAddress
Found Element By : By.className: emailAddress
]]></system-out>
  </testcase>
  <testcase name="verifyGroupWebsitesLinks" classname="SeleniumTesting.AEMhdfc.HomepageTest" time="20.483">
    <system-out><![CDATA[Group Websites link check started
Trying to find Element By : By.cssSelector: .wrapper.externalLinks a
Found Element By : By.cssSelector: .wrapper.externalLinks a
Trying to find Element By : By.cssSelector: .wrapper.externalLinks a
Found Element By : By.cssSelector: .wrapper.externalLinks a
Trying to find Element By : By.cssSelector: .wrapper.externalLinks a
Found Element By : By.cssSelector: .wrapper.externalLinks a
Trying to find Element By : By.cssSelector: .wrapper.externalLinks a
Found Element By : By.cssSelector: .wrapper.externalLinks a
Trying to find Element By : By.cssSelector: .wrapper.externalLinks a
Found Element By : By.cssSelector: .wrapper.externalLinks a
Trying to find Element By : By.cssSelector: .wrapper.externalLinks a
Found Element By : By.cssSelector: .wrapper.externalLinks a
Trying to find Element By : By.cssSelector: .wrapper.externalLinks a
Found Element By : By.cssSelector: .wrapper.externalLinks a
Trying to find Element By : By.cssSelector: .wrapper.externalLinks a
Found Element By : By.cssSelector: .wrapper.externalLinks a
Trying to find Element By : By.cssSelector: .wrapper.externalLinks a
Found Element By : By.cssSelector: .wrapper.externalLinks a
Trying to find Element By : By.cssSelector: .wrapper.externalLinks a
Found Element By : By.cssSelector: .wrapper.externalLinks a
Trying to find Element By : By.cssSelector: .wrapper.externalLinks a
Found Element By : By.cssSelector: .wrapper.externalLinks a
Trying to find Element By : By.cssSelector: .wrapper.externalLinks a
Found Element By : By.cssSelector: .wrapper.externalLinks a
Trying to find Element By : By.cssSelector: .wrapper.externalLinks a
Found Element By : By.cssSelector: .wrapper.externalLinks a
Trying to find Element By : By.cssSelector: .wrapper.externalLinks a
Found Element By : By.cssSelector: .wrapper.externalLinks a
Trying to find Element By : By.cssSelector: .wrapper.externalLinks a
Found Element By : By.cssSelector: .wrapper.externalLinks a
Trying to find Element By : By.cssSelector: .wrapper.externalLinks a
Found Element By : By.cssSelector: .wrapper.externalLinks a
Trying to find Element By : By.cssSelector: .wrapper.externalLinks a
Found Element By : By.cssSelector: .wrapper.externalLinks a
Trying to find Element By : By.cssSelector: .wrapper.externalLinks a
Found Element By : By.cssSelector: .wrapper.externalLinks a
Trying to find Element By : By.cssSelector: .wrapper.externalLinks a
Found Element By : By.cssSelector: .wrapper.externalLinks a
Trying to find Element By : By.cssSelector: .wrapper.externalLinks a
Found Element By : By.cssSelector: .wrapper.externalLinks a
Trying to find Element By : By.cssSelector: .wrapper.externalLinks a
Found Element By : By.cssSelector: .wrapper.externalLinks a
Trying to find Element By : By.cssSelector: .wrapper.externalLinks a
Found Element By : By.cssSelector: .wrapper.externalLinks a
Trying to find Element By : By.cssSelector: .wrapper.externalLinks a
Found Element By : By.cssSelector: .wrapper.externalLinks a
Trying to find Element By : By.cssSelector: .wrapper.externalLinks a
Found Element By : By.cssSelector: .wrapper.externalLinks a
Trying to find Element By : By.cssSelector: .wrapper.externalLinks a
Found Element By : By.cssSelector: .wrapper.externalLinks a
Trying to find Element By : By.cssSelector: .wrapper.externalLinks a
Found Element By : By.cssSelector: .wrapper.externalLinks a
Trying to find Element By : By.cssSelector: .wrapper.externalLinks a
Found Element By : By.cssSelector: .wrapper.externalLinks a
Trying to find Element By : By.cssSelector: .wrapper.externalLinks a
Found Element By : By.cssSelector: .wrapper.externalLinks a
Trying to find Element By : By.cssSelector: .wrapper.externalLinks a
Found Element By : By.cssSelector: .wrapper.externalLinks a
Trying to find Element By : By.cssSelector: .wrapper.externalLinks a
Found Element By : By.cssSelector: .wrapper.externalLinks a
Trying to find Element By : By.cssSelector: .wrapper.externalLinks a
Found Element By : By.cssSelector: .wrapper.externalLinks a
Trying to find Element By : By.cssSelector: .wrapper.externalLinks a
Found Element By : By.cssSelector: .wrapper.externalLinks a
Trying to find Element By : By.cssSelector: .wrapper.externalLinks a
Found Element By : By.cssSelector: .wrapper.externalLinks a
Trying to find Element By : By.cssSelector: .wrapper.externalLinks a
Found Element By : By.cssSelector: .wrapper.externalLinks a
Trying to find Element By : By.cssSelector: .wrapper.externalLinks a
Found Element By : By.cssSelector: .wrapper.externalLinks a
Trying to find Element By : By.cssSelector: .wrapper.externalLinks a
Found Element By : By.cssSelector: .wrapper.externalLinks a
Trying to find Element By : By.cssSelector: .wrapper.externalLinks a
Found Element By : By.cssSelector: .wrapper.externalLinks a
Trying to find Element By : By.cssSelector: .wrapper.externalLinks a
Found Element By : By.cssSelector: .wrapper.externalLinks a
Trying to find Element By : By.cssSelector: .wrapper.externalLinks a
Found Element By : By.cssSelector: .wrapper.externalLinks a
Trying to find Element By : By.cssSelector: .wrapper.externalLinks a
Found Element By : By.cssSelector: .wrapper.externalLinks a
Trying to find Element By : By.cssSelector: .wrapper.externalLinks a
Found Element By : By.cssSelector: .wrapper.externalLinks a
Trying to find Element By : By.cssSelector: .wrapper.externalLinks a
Found Element By : By.cssSelector: .wrapper.externalLinks a
Trying to find Element By : By.cssSelector: .wrapper.externalLinks a
Found Element By : By.cssSelector: .wrapper.externalLinks a
Trying to find Element By : By.cssSelector: .wrapper.externalLinks a
Found Element By : By.cssSelector: .wrapper.externalLinks a
Trying to find Element By : By.cssSelector: .wrapper.externalLinks a
Found Element By : By.cssSelector: .wrapper.externalLinks a
Trying to find Element By : By.cssSelector: .wrapper.externalLinks a
Found Element By : By.cssSelector: .wrapper.externalLinks a
Trying to find Element By : By.cssSelector: .wrapper.externalLinks a
Found Element By : By.cssSelector: .wrapper.externalLinks a
Trying to find Element By : By.cssSelector: .wrapper.externalLinks a
Found Element By : By.cssSelector: .wrapper.externalLinks a
Trying to find Element By : By.cssSelector: .wrapper.externalLinks a
Found Element By : By.cssSelector: .wrapper.externalLinks a
Trying to find Element By : By.cssSelector: .wrapper.externalLinks a
Found Element By : By.cssSelector: .wrapper.externalLinks a
Trying to find Element By : By.cssSelector: .wrapper.externalLinks a
Found Element By : By.cssSelector: .wrapper.externalLinks a
Trying to find Element By : By.cssSelector: .wrapper.externalLinks a
Found Element By : By.cssSelector: .wrapper.externalLinks a
Trying to find Element By : By.cssSelector: .wrapper.externalLinks a
Found Element By : By.cssSelector: .wrapper.externalLinks a
Trying to find Element By : By.cssSelector: .wrapper.externalLinks a
Found Element By : By.cssSelector: .wrapper.externalLinks a
Trying to find Element By : By.cssSelector: .wrapper.externalLinks a
Found Element By : By.cssSelector: .wrapper.externalLinks a
Trying to find Element By : By.cssSelector: .wrapper.externalLinks a
Found Element By : By.cssSelector: .wrapper.externalLinks a
Trying to find Element By : By.cssSelector: .wrapper.externalLinks a
Found Element By : By.cssSelector: .wrapper.externalLinks a
Trying to find Element By : By.cssSelector: .wrapper.externalLinks a
Found Element By : By.cssSelector: .wrapper.externalLinks a
Trying to find Element By : By.cssSelector: .wrapper.externalLinks a
Found Element By : By.cssSelector: .wrapper.externalLinks a
Trying to find Element By : By.cssSelector: .wrapper.externalLinks a
Found Element By : By.cssSelector: .wrapper.externalLinks a
Trying to find Element By : By.cssSelector: .wrapper.externalLinks a
Found Element By : By.cssSelector: .wrapper.externalLinks a
Trying to find Element By : By.cssSelector: .wrapper.externalLinks a
Found Element By : By.cssSelector: .wrapper.externalLinks a
Trying to find Element By : By.cssSelector: .wrapper.externalLinks a
Found Element By : By.cssSelector: .wrapper.externalLinks a
Trying to find Element By : By.cssSelector: .wrapper.externalLinks a
Found Element By : By.cssSelector: .wrapper.externalLinks a
Trying to find Element By : By.cssSelector: .wrapper.externalLinks a
Found Element By : By.cssSelector: .wrapper.externalLinks a
Trying to find Element By : By.cssSelector: .wrapper.externalLinks a
Found Element By : By.cssSelector: .wrapper.externalLinks a
Trying to find Element By : By.cssSelector: .wrapper.externalLinks a
[...]
JavaScript error: https://www.gstatic.com/recaptcha/releases/_7Co1fh8iT2hcjvquYJ_3zSP/recaptcha__en.js, line 67: Error: reCAPTCHA has already been rendered in this element
JavaScript error: https://www.gstatic.com/recaptcha/releases/_7Co1fh8iT2hcjvquYJ_3zSP/recaptcha__en.js, line 67: Error: reCAPTCHA has already been rendered in this element
JavaScript error: https://www.gstatic.com/recaptcha/releases/_7Co1fh8iT2hcjvquYJ_3zSP/recaptcha__en.js, line 67: Error: reCAPTCHA has already been rendered in this element
JavaScript error: https://cdn.notifyvisitors.com/ext/js/nv-push-upl.js, line 1: ReferenceError: Notification is not defined
JavaScript warning: https://assets.adobedtm.com/13917eaed364/9ece96efaa49/launch-EN179fadd8bab443e8b83f75e8281ae451.min.js, line 5: WEBGL_debug_renderer_info is deprecated in Firefox and will be removed. Please use RENDERER.
JavaScript error: https://cdn.notifyvisitors.com/ext/js/nv-push-upl.js, line 1: ReferenceError: Notification is not defined
JavaScript error: https://lifeai-widget.apps-hdfclife.com/?source=www.hdfclife.com, line 5: TypeError: navigator.serviceWorker.unregister is not a function
JavaScript warning: https://assets.adobedtm.com/launch-EN179fadd8bab443e8b83f75e8281ae451.min.js, line 5: WEBGL_debug_renderer_info is deprecated in Firefox and will be removed. Please use RENDERER.
JavaScript error: https://cdn.notifyvisitors.com/ext/js/nv-push-upl.js, line 1: ReferenceError: Notification is not defined
JavaScript error: , line 0: TypeError: ServiceWorker script at https://onlineinsurance.hdfclife.com/service-worker.js?nvhash=2.3 for scope https://onlineinsurance.hdfclife.com/ threw an exception during script evaluation.
]]></system-err>
  </testcase>
  <testcase name="verifyLetsCalculateBtn" classname="SeleniumTesting.AEMhdfc.CategorypageTest" time="10.765">
    <system-out><![CDATA[Trying to find Element By : By.xpath: (//a[@class='bannerAdBtn siteButton'])[1]
Found Element By : By.xpath: (//a[@class='bannerAdBtn siteButton'])[1]
Trying to find Element By : By.xpath: (//a[@class='bannerAdBtn siteButton'])[1]
Found Element By : By.xpath: (//a[@class='bannerAdBtn siteButton'])[1]
Trying to click on: [[FirefoxDriver: firefox on WINDOWS (bf425f5c-ee29-40ce-92aa-0139761e817d)] -> xpath: (//a[@class='bannerAdBtn siteButton'])[1]]
Clicked on: [[FirefoxDriver: firefox on WINDOWS (bf425f5c-ee29-40ce-92aa-0139761e817d)] -> xpath: (//a[@class='bannerAdBtn siteButton'])[1]]
Navigating back to previous page
Navigated back to previous page
]]></system-out>
    <system-err><![CDATA[JavaScript warning: https://assets.adobedtm.com/13917eaed364/9ece96efaa49/launch-EN179fadd8bab443e8b83f75e8281ae451.min.js, line 5: WEBGL_debug_renderer_info is deprecated in Firefox and will be removed. Please use RENDERER.
JavaScript error: https://cdn.notifyvisitors.com/ext/js/nv-push-upl.js, line 1: ReferenceError: Notification is not defined
JavaScript warning: https://assets.adobedtm.com/13917eaed364/9ece96efaa49/launch-EN179fadd8bab443e8b83f75e8281ae451.min.js, line 5: WEBGL_debug_renderer_info is deprecated in Firefox and will be removed. Please use RENDERER.
JavaScript error: https://cdn.notifyvisitors.com/ext/js/nv-push-upl.js, line 1: ReferenceError: Notification is not defined
]]></system-err>
  </testcase>
  <testcase name="verifyVideoOnCategoryPage" classname="SeleniumTesting.AEMhdfc.CategorypageTest" time="6.021"/>
  <testcase name="verifyWhySection" classname="SeleniumTesting.AEMhdfc.CategorypageTest" time="9.764">
    <system-out><![CDATA[Trying to find Element By : By.xpath: (//a[@class='viewMoreBtn'])[1]
Found Element By : By.xpath: (//a[@class='viewMoreBtn'])[1]
Trying to find Element By : By.xpath: (//a[@class='viewMoreBtn'])[1]
Found Element By : By.xpath: (//a[@class='viewMoreBtn'])[1]
Trying to click on: [[FirefoxDriver: firefox on WINDOWS (bf425f5c-ee29-40ce-92aa-0139761e817d)] -> xpath: (//a[@class='viewMoreBtn'])[1]]
Clicked on: [[FirefoxDriver: firefox on WINDOWS (bf425f5c-ee29-40ce-92aa-0139761e817d)] -> xpath: (//a[@class='viewMoreBtn'])[1]]
Trying to find Element By : By.xpath: (//a[@class='viewMoreBtn viewLessBtn'])[1]
Found Element By : By.xpath: (//a[@class='viewMoreBtn viewLessBtn'])[1]
Trying to find Element By : By.xpath: (//a[@class='viewMoreBtn viewLessBtn'])[1]
Found Element By : By.xpath: (//a[@class='viewMoreBtn viewLessBtn'])[1]
Trying to click on: [[FirefoxDriver: firefox on WINDOWS (bf425f5c-ee29-40ce-92aa-0139761e817d)] -> xpath: (//a[@class='viewMoreBtn viewLessBtn'])[1]]
Clicked on: [[FirefoxDriver: firefox on WINDOWS (bf425f5c-ee29-40ce-92aa-0139761e817d)] -> xpath: (//a[@class='viewMoreBtn viewLessBtn'])[1]]
Trying to find Element By : By.xpath: (//a[@class='viewMoreBtn'])[1]
Found Element By : By.xpath: (//a[@class='viewMoreBtn'])[1]
]]></system-out>
    <system-err><![CDATA[JavaScript error: https://lifeai-widget.apps-hdfclife.com/?source=www.hdfclife.com, line 5: TypeError: navigator.serviceWorker.unregister is not a function
]]></system-err>
  </testcase>
  <testcase name="verifyTermInsuranceGuideFaqSection" classname="SeleniumTesting.AEMhdfc.CategorypageTest" time="22.805">
    <system-out><![CDATA[Trying to find Element By : By.xpath: //h2[@class='tabAccordMenu opened']
Found Element By : By.xpath: //h2[@class='tabAccordMenu opened']

Trying to find Element By : By.xpath: //h2[@class='tabAccordMenu opened']
Found Element By : By.xpath: //h2[@class='tabAccordMenu opened']
Trying to click on: [[FirefoxDriver: firefox on WINDOWS (bf425f5c-ee29-40ce-92aa-0139761e817d)] -> xpath: //h2[@class='tabAccordMenu opened']]
Clicked on: [[FirefoxDriver: firefox on WINDOWS (bf425f5c-ee29-40ce-92aa-0139761e817d)] -> xpath: //h2[@class='tabAccordMenu opened']]
Trying to find Element By : By.xpath: (//h2[@class='tabAccordMenu'])[2]
Found Element By : By.xpath: (//h2[@class='tabAccordMenu'])[2]
Trying to find Element By : By.xpath: (//h2[@class='tabAccordMenu'])[2]
Found Element By : By.xpath: (//h2[@class='tabAccordMenu'])[2]
Trying to click on: [[FirefoxDriver: firefox on WINDOWS (bf425f5c-ee29-40ce-92aa-0139761e817d)] -> xpath: (//h2[@class='tabAccordMenu'])[2]]
Clicked on: [[FirefoxDriver: firefox on WINDOWS (bf425f5c-ee29-40ce-92aa-0139761e817d)] -> xpath: (//h2[@class='tabAccordMenu'])[2]]
Trying to find Element By : By.xpath: //h2[@class='tabAccordMenu opened']
Found Element By : By.xpath: //h2[@class='tabAccordMenu opened']
Trying to find Element By : By.xpath: //h2[@class='tabAccordMenu opened']
Found Element By : By.xpath: //h2[@class='tabAccordMenu opened']
Trying to click on: [[FirefoxDriver: firefox on WINDOWS (bf425f5c-ee29-40ce-92aa-0139761e817d)] -> xpath: //h2[@class='tabAccordMenu opened']]
Clicked on: [[FirefoxDriver: firefox on WINDOWS (bf425f5c-ee29-40ce-92aa-0139761e817d)] -> xpath: //h2[@class='tabAccordMenu opened']]
Trying to find Element By : By.xpath: (//a[@class='viewMoreBtn'])[2]
Found Element By : By.xpath: (//a[@class='viewMoreBtn'])[2]
Trying to find Element By : By.xpath: (//a[@class='viewMoreBtn'])[2]
Found Element By : By.xpath: (//a[@class='viewMoreBtn'])[2]
Trying to click on: [[FirefoxDriver: firefox on WINDOWS (bf425f5c-ee29-40ce-92aa-0139761e817d)] -> xpath: (//a[@class='viewMoreBtn'])[2]]
Clicked on: [[FirefoxDriver: firefox on WINDOWS (bf425f5c-ee29-40ce-92aa-0139761e817d)] -> xpath: (//a[@class='viewMoreBtn'])[2]]
Trying to find Element By : By.xpath: //a[@class='viewMoreBtn viewLessBtn']
Found Element By : By.xpath: //a[@class='viewMoreBtn viewLessBtn']
Trying to click on: [[FirefoxDriver: firefox on WINDOWS (bf425f5c-ee29-40ce-92aa-0139761e817d)] -> xpath: //a[@class='viewMoreBtn viewLessBtn']]
Clicked on: [[FirefoxDriver: firefox on WINDOWS (bf425f5c-ee29-40ce-92aa-0139761e817d)] -> xpath: //a[@class='viewMoreBtn viewLessBtn']]
Trying to find Element By : By.xpath: (//a[@class='viewMoreBtn'])[2]
Found Element By : By.xpath: (//a[@class='viewMoreBtn'])[2]
]]></system-out>
  </testcase>
  <testcase name="verifyRidersSection" classname="SeleniumTesting.AEMhdfc.CategorypageTest" time="3.172">
    <failure message="Element &lt;a class=&quot;viewMoreBtn&quot; href=&quot;#&quot;&gt; is not clickable at point (759,263) because another element &lt;iframe id=&quot;nv_box_content-iframe_17168&quot; src=&quot;&quot;&gt; obscures it&#10;Build info: version: &apos;3.141.59&apos;, revision: &apos;e82be7d358&apos;, time: &apos;2018-11-14T08:17:03&apos;&#10;System info: host: &apos;LIN24007907&apos;, ip: &apos;192.168.1.13&apos;, os.name: &apos;Windows 10&apos;, os.arch: &apos;amd64&apos;, os.version: &apos;10.0&apos;, java.version: &apos;17&apos;&#10;Driver info: org.openqa.selenium.firefox.FirefoxDriver&#10;Capabilities {acceptInsecureCerts: true, browserName: firefox, browserVersion: 94.0.2, javascriptEnabled: true, moz:accessibilityChecks: false, moz:buildID: 20211119140621, moz:geckodriverVersion: 0.30.0, moz:headless: false, moz:processID: 9388, moz:profile: C:\Users\Akundar\AppData\Lo..., moz:shutdownTimeout: 60000, moz:useNonSpecCompliantPointerOrigin: false, moz:webdriverClick: true, pageLoadStrategy: normal, platform: WINDOWS, platformName: WINDOWS, platformVersion: 10.0, proxy: Proxy(), setWindowRect: true, strictFileInteractability: false, timeouts: {implicit: 0, pageLoad: 300000, script: 30000}, unhandledPromptBehavior: dismiss and notify}&#10;Session ID: bf425f5c-ee29-40ce-92aa-0139761e817d" type="org.openqa.selenium.ElementClickInterceptedException"><![CDATA[org.openqa.selenium.ElementClickInterceptedException: 
Element <a class="viewMoreBtn" href="#"> is not clickable at point (759,263) because another element <iframe id="nv_box_content-iframe_17168" src=""> obscures it
Build info: version: '3.141.59', revision: 'e82be7d358', time: '2018-11-14T08:17:03'
System info: host: 'LIN24007907', ip: '192.168.1.13', os.name: 'Windows 10', os.arch: 'amd64', os.version: '10.0', java.version: '17'
Driver info: org.openqa.selenium.firefox.FirefoxDriver
Capabilities {acceptInsecureCerts: true, browserName: firefox, browserVersion: 94.0.2, javascriptEnabled: true, moz:accessibilityChecks: false, moz:buildID: 20211119140621, moz:geckodriverVersion: 0.30.0, moz:headless: false, moz:processID: 9388, moz:profile: C:\Users\Akundar\AppData\Lo..., moz:shutdownTimeout: 60000, moz:useNonSpecCompliantPointerOrigin: false, moz:webdriverClick: true, pageLoadStrategy: normal, platform: WINDOWS, platformName: WINDOWS, platformVersion: 10.0, proxy: Proxy(), setWindowRect: true, strictFileInteractability: false, timeouts: {implicit: 0, pageLoad: 300000, script: 30000}, unhandledPromptBehavior: dismiss and notify}
Session ID: bf425f5c-ee29-40ce-92aa-0139761e817d
	at SeleniumTesting.AEMhdfc.CategorypageTest.verifyRidersSection(CategorypageTest.java:144)
]]></failure>
    <system-out><![CDATA[Trying to find Element By : By.xpath: (//a[@class='viewMoreBtn'])[5]
Found Element By : By.xpath: (//a[@class='viewMoreBtn'])[5]
Trying to find Element By : By.xpath: (//a[@class='viewMoreBtn'])[5]
Found Element By : By.xpath: (//a[@class='viewMoreBtn'])[5]
Trying to click on: [[FirefoxDriver: firefox on WINDOWS (bf425f5c-ee29-40ce-92aa-0139761e817d)] -> xpath: (//a[@class='viewMoreBtn'])[5]]
]]></system-out>
  </testcase>
  <testcase name="verifyContactUs" classname="SeleniumTesting.AEMhdfc.CategorypageTest" time="3.183">
    <failure message="Element &lt;a class=&quot;bannerAdBtn siteButton&quot; href=&quot;/contact-us&quot;&gt; is not clickable at point (1184,250) because another element &lt;div id=&quot;nv_js-modal-overlay_17168&quot;&gt; obscures it&#10;Build info: version: &apos;3.141.59&apos;, revision: &apos;e82be7d358&apos;, time: &apos;2018-11-14T08:17:03&apos;&#10;System info: host: &apos;LIN24007907&apos;, ip: &apos;192.168.1.13&apos;, os.name: &apos;Windows 10&apos;, os.arch: &apos;amd64&apos;, os.version: &apos;10.0&apos;, java.version: &apos;17&apos;&#10;Driver info: org.openqa.selenium.firefox.FirefoxDriver&#10;Capabilities {acceptInsecureCerts: true, browserName: firefox, browserVersion: 94.0.2, javascriptEnabled: true, moz:accessibilityChecks: false, moz:buildID: 20211119140621, moz:geckodriverVersion: 0.30.0, moz:headless: false, moz:processID: 9388, moz:profile: C:\Users\Akundar\AppData\Lo..., moz:shutdownTimeout: 60000, moz:useNonSpecCompliantPointerOrigin: false, moz:webdriverClick: true, pageLoadStrategy: normal, platform: WINDOWS, platformName: WINDOWS, platformVersion: 10.0, proxy: Proxy(), setWindowRect: true, strictFileInteractability: false, timeouts: {implicit: 0, pageLoad: 300000, script: 30000}, unhandledPromptBehavior: dismiss and notify}&#10;Session ID: bf425f5c-ee29-40ce-92aa-0139761e817d" type="org.openqa.selenium.ElementClickInterceptedException"><![CDATA[org.openqa.selenium.ElementClickInterceptedException: 
Element <a class="bannerAdBtn siteButton" href="/contact-us"> is not clickable at point (1184,250) because another element <div id="nv_js-modal-overlay_17168"> obscures it
Build info: version: '3.141.59', revision: 'e82be7d358', time: '2018-11-14T08:17:03'
System info: host: 'LIN24007907', ip: '192.168.1.13', os.name: 'Windows 10', os.arch: 'amd64', os.version: '10.0', java.version: '17'
Driver info: org.openqa.selenium.firefox.FirefoxDriver
Capabilities {acceptInsecureCerts: true, browserName: firefox, browserVersion: 94.0.2, javascriptEnabled: true, moz:accessibilityChecks: false, moz:buildID: 20211119140621, moz:geckodriverVersion: 0.30.0, moz:headless: false, moz:processID: 9388, moz:profile: C:\Users\Akundar\AppData\Lo..., moz:shutdownTimeout: 60000, moz:useNonSpecCompliantPointerOrigin: false, moz:webdriverClick: true, pageLoadStrategy: normal, platform: WINDOWS, platformName: WINDOWS, platformVersion: 10.0, proxy: Proxy(), setWindowRect: true, strictFileInteractability: false, timeouts: {implicit: 0, pageLoad: 300000, script: 30000}, unhandledPromptBehavior: dismiss and notify}
Session ID: bf425f5c-ee29-40ce-92aa-0139761e817d
	at SeleniumTesting.AEMhdfc.CategorypageTest.verifyContactUs(CategorypageTest.java:156)
]]></failure>
    <system-out><![CDATA[Trying to find Element By : By.xpath: (//a[@class='bannerAdBtn siteButton'])[2]
Found Element By : By.xpath: (//a[@class='bannerAdBtn siteButton'])[2]
Trying to find Element By : By.xpath: (//a[@class='bannerAdBtn siteButton'])[2]
Found Element By : By.xpath: (//a[@class='bannerAdBtn siteButton'])[2]
Trying to click on: [[FirefoxDriver: firefox on WINDOWS (bf425f5c-ee29-40ce-92aa-0139761e817d)] -> xpath: (//a[@class='bannerAdBtn siteButton'])[2]]
]]></system-out>
  </testcase>
  <testcase name="verifyArticlesSection" classname="SeleniumTesting.AEMhdfc.CategorypageTest" time="13.254">
    <failure message="The element reference of [object String] &quot;{\&quot;element-6066-11e4-a52e-4f735466cecf\&quot;:\&quot;f5cfc235-a1d5-4be6-ae71-3977d06d521a\&quot;}&quot; is stale; either the element is no longer attached to the DOM, it is not in the current frame context, or the document has been refreshed&#10;For documentation on this error, please visit: https://www.seleniumhq.org/exceptions/stale_element_reference.html&#10;Build info: version: &apos;3.141.59&apos;, revision: &apos;e82be7d358&apos;, time: &apos;2018-11-14T08:17:03&apos;&#10;System info: host: &apos;LIN24007907&apos;, ip: &apos;192.168.1.13&apos;, os.name: &apos;Windows 10&apos;, os.arch: &apos;amd64&apos;, os.version: &apos;10.0&apos;, java.version: &apos;17&apos;&#10;Driver info: org.openqa.selenium.firefox.FirefoxDriver&#10;Capabilities {acceptInsecureCerts: true, browserName: firefox, browserVersion: 94.0.2, javascriptEnabled: true, moz:accessibilityChecks: false, moz:buildID: 20211119140621, moz:geckodriverVersion: 0.30.0, moz:headless: false, moz:processID: 9388, moz:profile: C:\Users\Akundar\AppData\Lo..., moz:shutdownTimeout: 60000, moz:useNonSpecCompliantPointerOrigin: false, moz:webdriverClick: true, pageLoadStrategy: normal, platform: WINDOWS, platformName: WINDOWS, platformVersion: 10.0, proxy: Proxy(), setWindowRect: true, strictFileInteractability: false, timeouts: {implicit: 0, pageLoad: 300000, script: 30000}, unhandledPromptBehavior: dismiss and notify}&#10;Session ID: bf425f5c-ee29-40ce-92aa-0139761e817d" type="org.openqa.selenium.StaleElementReferenceException"><![CDATA[org.openqa.selenium.StaleElementReferenceException: 
The element reference of [object String] "{\"element-6066-11e4-a52e-4f735466cecf\":\"f5cfc235-a1d5-4be6-ae71-3977d06d521a\"}" is stale; either the element is no longer attached to the DOM, it is not in the current frame context, or the document has been refreshed
For documentation on this error, please visit: https://www.seleniumhq.org/exceptions/stale_element_reference.html
Build info: version: '3.141.59', revision: 'e82be7d358', time: '2018-11-14T08:17:03'
System info: host: 'LIN24007907', ip: '192.168.1.13', os.name: 'Windows 10', os.arch: 'amd64', os.version: '10.0', java.version: '17'
Driver info: org.openqa.selenium.firefox.FirefoxDriver
Capabilities {acceptInsecureCerts: true, browserName: firefox, browserVersion: 94.0.2, javascriptEnabled: true, moz:accessibilityChecks: false, moz:buildID: 20211119140621, moz:geckodriverVersion: 0.30.0, moz:headless: false, moz:processID: 9388, moz:profile: C:\Users\Akundar\AppData\Lo..., moz:shutdownTimeout: 60000, moz:useNonSpecCompliantPointerOrigin: false, moz:webdriverClick: true, pageLoadStrategy: normal, platform: WINDOWS, platformName: WINDOWS, platformVersion: 10.0, proxy: Proxy(), setWindowRect: true, strictFileInteractability: false, timeouts: {implicit: 0, pageLoad: 300000, script: 30000}, unhandledPromptBehavior: dismiss and notify}
Session ID: bf425f5c-ee29-40ce-92aa-0139761e817d
	at SeleniumTesting.AEMhdfc.CategorypageTest.verifyArticlesSection(CategorypageTest.java:165)
]]></failure>
    <system-out><![CDATA[Trying to find Element By : By.xpath: (//div[@class='row'])[12]
Found Element By : By.xpath: (//div[@class='row'])[12]
Trying to find Element By : By.tagName: a
Found Element By : By.tagName: a
 the number of buttons in second row in download riders section : 6
Navigating back to previous page
Navigated back to previous page
]]></system-out>
    <system-err><![CDATA[JavaScript warning: https://assets.adobedtm.com/13917eaed364/9ece96efaa49/launch-EN179fadd8bab443e8b83f75e8281ae451.min.js, line 5: WEBGL_debug_renderer_info is deprecated in Firefox and will be removed. Please use RENDERER.
JavaScript error: https://www.hdfclife.com/etc.clientlibs/hdfclifeinsurancecompany/clientlibs/clientlib-api.min.js, line 14: TypeError: can't redefine non-configurable property "subscribeKcApiObj"
JavaScript error: https://cdn.notifyvisitors.com/ext/js/nv-push-upl.js, line 1: ReferenceError: Notification is not defined
JavaScript warning: https://assets.adobedtm.com/13917eaed364/9ece96efaa49/launch-EN179fadd8bab443e8b83f75e8281ae451.min.js, line 5: WEBGL_debug_renderer_info is deprecated in Firefox and will be removed. Please use RENDERER.
JavaScript error: https://cdn.notifyvisitors.com/ext/js/nv-push-upl.js, line 1: ReferenceError: Notification is not defined
]]></system-err>
  </testcase>
  <testcase name="verifyDisclaimer" classname="SeleniumTesting.AEMhdfc.CategorypageTest" time="6.373">
    <system-out><![CDATA[Trying to find Element By : By.xpath: //a[@data-toggle='collapse']
Found Element By : By.xpath: //a[@data-toggle='collapse']
Trying to find Element By : By.xpath: //a[@data-toggle='collapse']
Found Element By : By.xpath: //a[@data-toggle='collapse']
Trying to click on: [[FirefoxDriver: firefox on WINDOWS (bf425f5c-ee29-40ce-92aa-0139761e817d)] -> xpath: //a[@data-toggle='collapse']]
Clicked on: [[FirefoxDriver: firefox on WINDOWS (bf425f5c-ee29-40ce-92aa-0139761e817d)] -> xpath: //a[@data-toggle='collapse']]
]]></system-out>
    <system-err><![CDATA[JavaScript error: https://lifeai-widget.apps-hdfclife.com/?source=www.hdfclife.com, line 5: TypeError: navigator.serviceWorker.unregister is not a function
]]></system-err>
  </testcase>
</testsuite>