<?xml version="1.0" encoding="UTF-8"?>
<testsuite xmlns:xsi="http://www.w3.org/2001/XMLSchema-instance" xsi:noNamespaceSchemaLocation="https://maven.apache.org/surefire/maven-surefire-plugin/xsd/surefire-test-report-3.0.xsd" version="3.0" name="TestSuite" time="3,401.027" tests="138" errors="0" skipped="94" failures="33">
  <properties>
[...]
</properties>
  <testcase name="verifyBannerCarousel" classname="SeleniumTesting.AEMhdfc.HomepageTest" time="15.536">
    <system-out><![CDATA[Before navigating to: 'https://www.hdfclife.com/'
Navigated to:'https://www.hdfclife.com/'
14:23:55.518 [main] INFO  SeleniumTesting.AEMhdfc.HomepageTest - Homepage test cases started
Trying to find Element By : By.xpath: //li[@data-slide-to='1']
Found Element By : By.xpath: //li[@data-slide-to='1']
Trying to click on: [[ChromeDriver: chrome on WINDOWS (2544260066e7214d73e607460947d161)] -> xpath: //li[@data-slide-to='1']]
Clicked on: [[ChromeDriver: chrome on WINDOWS (2544260066e7214d73e607460947d161)] -> xpath: //li[@data-slide-to='1']]
Trying to find Element By : By.xpath: //div[@class='carousel-item active']//img[@class='bg-align']
Found Element By : By.xpath: //div[@class='carousel-item active']//img[@class='bg-align']
Trying to find Element By : By.xpath: //li[@data-slide-to='2']
Found Element By : By.xpath: //li[@data-slide-to='2']
Trying to click on: [[ChromeDriver: chrome on WINDOWS (2544260066e7214d73e607460947d161)] -> xpath: //li[@data-slide-to='2']]
Clicked on: [[ChromeDriver: chrome on WINDOWS (2544260066e7214d73e607460947d161)] -> xpath: //li[@data-slide-to='2']]
Trying to find Element By : By.xpath: //div[@class='carousel-item active']//img[@class='bg-align']
Found Element By : By.xpath: //div[@class='carousel-item active']//img[@class='bg-align']
Trying to find Element By : By.xpath: //li[@data-slide-to='3']
Found Element By : By.xpath: //li[@data-slide-to='3']
Trying to click on: [[ChromeDriver: chrome on WINDOWS (2544260066e7214d73e607460947d161)] -> xpath: //li[@data-slide-to='3']]
Clicked on: [[ChromeDriver: chrome on WINDOWS (2544260066e7214d73e607460947d161)] -> xpath: //li[@data-slide-to='3']]
Trying to find Element By : By.xpath: //div[@class='carousel-item active']//img[@class='bg-align']
Found Element By : By.xpath: //div[@class='carousel-item active']//img[@class='bg-align']
Trying to find Element By : By.xpath: //li[@data-slide-to='4']
Found Element By : By.xpath: //li[@data-slide-to='4']
Trying to click on: [[ChromeDriver: chrome on WINDOWS (2544260066e7214d73e607460947d161)] -> xpath: //li[@data-slide-to='4']]
Clicked on: [[ChromeDriver: chrome on WINDOWS (2544260066e7214d73e607460947d161)] -> xpath: //li[@data-slide-to='4']]
Trying to find Element By : By.xpath: //div[@class='carousel-item active']//img[@class='bg-align']
Found Element By : By.xpath: //div[@class='carousel-item active']//img[@class='bg-align']
Trying to find Element By : By.xpath: //li[@data-slide-to='0']
Found Element By : By.xpath: //li[@data-slide-to='0']
Trying to click on: [[ChromeDriver: chrome on WINDOWS (2544260066e7214d73e607460947d161)] -> xpath: //li[@data-slide-to='0']]
Clicked on: [[ChromeDriver: chrome on WINDOWS (2544260066e7214d73e607460947d161)] -> xpath: //li[@data-slide-to='0']]
Trying to find Element By : By.xpath: //div[@class='carousel-item active']//img[@class='bg-align']
Found Element By : By.xpath: //div[@class='carousel-item active']//img[@class='bg-align']
]]></system-out>
    <system-err><![CDATA[SLF4J: Failed to load class "org.slf4j.impl.StaticLoggerBinder".
SLF4J: Defaulting to no-operation (NOP) logger implementation
SLF4J: See http://www.slf4j.org/codes.html#StaticLoggerBinder for further details.
Starting ChromeDriver 96.0.4664.45 (76e4c1bb2ab4671b8beba3444e61c0f17584b2fc-refs/branch-heads/4664@{#947}) on port 24578
Only local connections are allowed.
Please see https://chromedriver.chromium.org/security-considerations for suggestions on keeping ChromeDriver safe.
ChromeDriver was started successfully.
Jan 06, 2022 2:23:53 PM org.openqa.selenium.remote.ProtocolHandshake createSession
INFO: Detected dialect: W3C
]]></system-err>
  </testcase>
  <testcase name="verifyTermPlanOnBanner" classname="SeleniumTesting.AEMhdfc.HomepageTest" time="0">
    <skipped message="The following asserts failed:&#10;	expected [https://www.hdfclife.com/term-insurance-plans/click-2-protect-life] but found [https://www.hdfclife.com/savings-plans]"/>
    <system-out><![CDATA[Trying to find Element By : By.xpath: //a[@onclick='categoryBox(this)'][1]
Found Element By : By.xpath: //a[@onclick='categoryBox(this)'][1]
Trying to click on: [[ChromeDriver: chrome on WINDOWS (2544260066e7214d73e607460947d161)] -> xpath: //a[@onclick='categoryBox(this)'][1]]
Clicked on: [[ChromeDriver: chrome on WINDOWS (2544260066e7214d73e607460947d161)] -> xpath: //a[@onclick='categoryBox(this)'][1]]
Navigating back to previous page
Navigated back to previous page
]]></system-out>
  </testcase>
  <testcase name="verifyTermPlanOnBanner" classname="SeleniumTesting.AEMhdfc.HomepageTest" time="0">
    <skipped message="The following asserts failed:&#10;	expected [https://www.hdfclife.com/term-insurance-plans/click-2-protect-life] but found [https://www.hdfclife.com/savings-plans]"/>
    <system-out><![CDATA[Trying to find Element By : By.xpath: //a[@onclick='categoryBox(this)'][1]
Found Element By : By.xpath: //a[@onclick='categoryBox(this)'][1]
Trying to click on: [[ChromeDriver: chrome on WINDOWS (2544260066e7214d73e607460947d161)] -> xpath: //a[@onclick='categoryBox(this)'][1]]
Clicked on: [[ChromeDriver: chrome on WINDOWS (2544260066e7214d73e607460947d161)] -> xpath: //a[@onclick='categoryBox(this)'][1]]
Navigating back to previous page
Navigated back to previous page
]]></system-out>
  </testcase>
  <testcase name="verifyTermPlanOnBanner" classname="SeleniumTesting.AEMhdfc.HomepageTest" time="0">
    <skipped message="The following asserts failed:&#10;	expected [https://www.hdfclife.com/term-insurance-plans/click-2-protect-life] but found [https://www.hdfclife.com/savings-plans]"/>
    <system-out><![CDATA[Trying to find Element By : By.xpath: //a[@onclick='categoryBox(this)'][1]
Found Element By : By.xpath: //a[@onclick='categoryBox(this)'][1]
Trying to click on: [[ChromeDriver: chrome on WINDOWS (2544260066e7214d73e607460947d161)] -> xpath: //a[@onclick='categoryBox(this)'][1]]
Clicked on: [[ChromeDriver: chrome on WINDOWS (2544260066e7214d73e607460947d161)] -> xpath: //a[@onclick='categoryBox(this)'][1]]
Navigating back to previous page
Navigated back to previous page
]]></system-out>
  </testcase>
  <testcase name="verifyTermPlanOnBanner" classname="SeleniumTesting.AEMhdfc.HomepageTest" time="8.383">
    <failure message="The following asserts failed:&#10;	expected [https://www.hdfclife.com/term-insurance-plans/click-2-protect-life] but found [https://www.hdfclife.com/savings-plans]" type="java.lang.AssertionError"><![CDATA[java.lang.AssertionError: 
The following asserts failed:
	expected [https://www.hdfclife.com/term-insurance-plans/click-2-protect-life] but found [https://www.hdfclife.com/savings-plans]
	at SeleniumTesting.AEMhdfc.HomepageTest.verifyTermPlanOnBanner(HomepageTest.java:66)
]]></failure>
    <system-out><![CDATA[Trying to find Element By : By.xpath: //a[@onclick='categoryBox(this)'][1]
Found Element By : By.xpath: //a[@onclick='categoryBox(this)'][1]
Trying to click on: [[ChromeDriver: chrome on WINDOWS (2544260066e7214d73e607460947d161)] -> xpath: //a[@onclick='categoryBox(this)'][1]]
Clicked on: [[ChromeDriver: chrome on WINDOWS (2544260066e7214d73e607460947d161)] -> xpath: //a[@onclick='categoryBox(this)'][1]]
Navigating back to previous page
Navigated back to previous page
]]></system-out>
  </testcase>
  <testcase name="verifySavingPlansOnBanner" classname="SeleniumTesting.AEMhdfc.HomepageTest" time="11.379">
    <system-out><![CDATA[Trying to find Element By : By.xpath: //a[@href='/savings-plans']//div
Found Element By : By.xpath: //a[@href='/savings-plans']//div
Trying to find Element By : By.xpath: //a[@href='/savings-plans']//div
Found Element By : By.xpath: //a[@href='/savings-plans']//div
Trying to click on: [[ChromeDriver: chrome on WINDOWS (2544260066e7214d73e607460947d161)] -> xpath: //a[@href='/savings-plans']//div]
Clicked on: [[ChromeDriver: chrome on WINDOWS (2544260066e7214d73e607460947d161)] -> xpath: //a[@href='/savings-plans']//div]
Navigating back to previous page
Navigated back to previous page
]]></system-out>
  </testcase>
  <testcase name="verifyChildrenPlansOnBanner" classname="SeleniumTesting.AEMhdfc.HomepageTest" time="11.572">
    <system-out><![CDATA[Trying to find Element By : By.xpath: //a[@href='/children-insurance-plans']//div
Found Element By : By.xpath: //a[@href='/children-insurance-plans']//div
Trying to find Element By : By.xpath: //a[@href='/children-insurance-plans']//div
Found Element By : By.xpath: //a[@href='/children-insurance-plans']//div
Trying to click on: [[ChromeDriver: chrome on WINDOWS (2544260066e7214d73e607460947d161)] -> xpath: //a[@href='/children-insurance-plans']//div]
Clicked on: [[ChromeDriver: chrome on WINDOWS (2544260066e7214d73e607460947d161)] -> xpath: //a[@href='/children-insurance-plans']//div]
Navigating back to previous page
Navigated back to previous page
]]></system-out>
  </testcase>
  <testcase name="verifyRetirementPlansOnBanner" classname="SeleniumTesting.AEMhdfc.HomepageTest" time="0">
    <skipped message="element not interactable&#10;  (Session info: headless chrome=96.0.4664.110)&#10;Build info: version: &apos;3.141.59&apos;, revision: &apos;e82be7d358&apos;, time: &apos;2018-11-14T08:17:03&apos;&#10;System info: host: &apos;LIN24007907&apos;, ip: &apos;192.168.1.13&apos;, os.name: &apos;Windows 10&apos;, os.arch: &apos;amd64&apos;, os.version: &apos;10.0&apos;, java.version: &apos;17&apos;&#10;Driver info: org.openqa.selenium.chrome.ChromeDriver&#10;Capabilities {acceptInsecureCerts: false, browserName: chrome, browserVersion: 96.0.4664.110, chrome: {chromedriverVersion: 96.0.4664.45 (76e4c1bb2ab46..., userDataDir: C:\Users\Akundar\AppData\Lo...}, goog:chromeOptions: {debuggerAddress: localhost:51808}, javascriptEnabled: true, networkConnectionEnabled: false, pageLoadStrategy: normal, platform: WINDOWS, platformName: WINDOWS, proxy: Proxy(), setWindowRect: true, strictFileInteractability: false, timeouts: {implicit: 0, pageLoad: 300000, script: 30000}, unhandledPromptBehavior: dismiss and notify, webauthn:extension:credBlob: true, webauthn:extension:largeBlob: true, webauthn:virtualAuthenticators: true}&#10;Session ID: 2544260066e7214d73e607460947d161"/>
    <system-out><![CDATA[Trying to find Element By : By.xpath: //a[@href='/retirement-and-pension-plans']//div//h2[@class='h5']
Found Element By : By.xpath: //a[@href='/retirement-and-pension-plans']//div//h2[@class='h5']
Trying to find Element By : By.xpath: //a[@href='/retirement-and-pension-plans']//div//h2[@class='h5']
Found Element By : By.xpath: //a[@href='/retirement-and-pension-plans']//div//h2[@class='h5']
Trying to click on: [[ChromeDriver: chrome on WINDOWS (2544260066e7214d73e607460947d161)] -> xpath: //a[@href='/retirement-and-pension-plans']//div//h2[@class='h5']]
]]></system-out>
  </testcase>
  <testcase name="verifyRetirementPlansOnBanner" classname="SeleniumTesting.AEMhdfc.HomepageTest" time="0">
    <skipped message="element not interactable&#10;  (Session info: headless chrome=96.0.4664.110)&#10;Build info: version: &apos;3.141.59&apos;, revision: &apos;e82be7d358&apos;, time: &apos;2018-11-14T08:17:03&apos;&#10;System info: host: &apos;LIN24007907&apos;, ip: &apos;192.168.1.13&apos;, os.name: &apos;Windows 10&apos;, os.arch: &apos;amd64&apos;, os.version: &apos;10.0&apos;, java.version: &apos;17&apos;&#10;Driver info: org.openqa.selenium.chrome.ChromeDriver&#10;Capabilities {acceptInsecureCerts: false, browserName: chrome, browserVersion: 96.0.4664.110, chrome: {chromedriverVersion: 96.0.4664.45 (76e4c1bb2ab46..., userDataDir: C:\Users\Akundar\AppData\Lo...}, goog:chromeOptions: {debuggerAddress: localhost:51808}, javascriptEnabled: true, networkConnectionEnabled: false, pageLoadStrategy: normal, platform: WINDOWS, platformName: WINDOWS, proxy: Proxy(), setWindowRect: true, strictFileInteractability: false, timeouts: {implicit: 0, pageLoad: 300000, script: 30000}, unhandledPromptBehavior: dismiss and notify, webauthn:extension:credBlob: true, webauthn:extension:largeBlob: true, webauthn:virtualAuthenticators: true}&#10;Session ID: 2544260066e7214d73e607460947d161"/>
    <system-out><![CDATA[Trying to find Element By : By.xpath: //a[@href='/retirement-and-pension-plans']//div//h2[@class='h5']
Found Element By : By.xpath: //a[@href='/retirement-and-pension-plans']//div//h2[@class='h5']
Trying to find Element By : By.xpath: //a[@href='/retirement-and-pension-plans']//div//h2[@class='h5']
Found Element By : By.xpath: //a[@href='/retirement-and-pension-plans']//div//h2[@class='h5']
Trying to click on: [[ChromeDriver: chrome on WINDOWS (2544260066e7214d73e607460947d161)] -> xpath: //a[@href='/retirement-and-pension-plans']//div//h2[@class='h5']]
]]></system-out>
  </testcase>
  <testcase name="verifyRetirementPlansOnBanner" classname="SeleniumTesting.AEMhdfc.HomepageTest" time="0">
    <skipped message="element not interactable&#10;  (Session info: headless chrome=96.0.4664.110)&#10;Build info: version: &apos;3.141.59&apos;, revision: &apos;e82be7d358&apos;, time: &apos;2018-11-14T08:17:03&apos;&#10;System info: host: &apos;LIN24007907&apos;, ip: &apos;192.168.1.13&apos;, os.name: &apos;Windows 10&apos;, os.arch: &apos;amd64&apos;, os.version: &apos;10.0&apos;, java.version: &apos;17&apos;&#10;Driver info: org.openqa.selenium.chrome.ChromeDriver&#10;Capabilities {acceptInsecureCerts: false, browserName: chrome, browserVersion: 96.0.4664.110, chrome: {chromedriverVersion: 96.0.4664.45 (76e4c1bb2ab46..., userDataDir: C:\Users\Akundar\AppData\Lo...}, goog:chromeOptions: {debuggerAddress: localhost:51808}, javascriptEnabled: true, networkConnectionEnabled: false, pageLoadStrategy: normal, platform: WINDOWS, platformName: WINDOWS, proxy: Proxy(), setWindowRect: true, strictFileInteractability: false, timeouts: {implicit: 0, pageLoad: 300000, script: 30000}, unhandledPromptBehavior: dismiss and notify, webauthn:extension:credBlob: true, webauthn:extension:largeBlob: true, webauthn:virtualAuthenticators: true}&#10;Session ID: 2544260066e7214d73e607460947d161"/>
    <system-out><![CDATA[Trying to find Element By : By.xpath: //a[@href='/retirement-and-pension-plans']//div//h2[@class='h5']
Found Element By : By.xpath: //a[@href='/retirement-and-pension-plans']//div//h2[@class='h5']
Trying to find Element By : By.xpath: //a[@href='/retirement-and-pension-plans']//div//h2[@class='h5']
Found Element By : By.xpath: //a[@href='/retirement-and-pension-plans']//div//h2[@class='h5']
Trying to click on: [[ChromeDriver: chrome on WINDOWS (2544260066e7214d73e607460947d161)] -> xpath: //a[@href='/retirement-and-pension-plans']//div//h2[@class='h5']]
]]></system-out>
  </testcase>
  <testcase name="verifyRetirementPlansOnBanner" classname="SeleniumTesting.AEMhdfc.HomepageTest" time="33.073">
    <failure message="element not interactable&#10;  (Session info: headless chrome=96.0.4664.110)&#10;Build info: version: &apos;3.141.59&apos;, revision: &apos;e82be7d358&apos;, time: &apos;2018-11-14T08:17:03&apos;&#10;System info: host: &apos;LIN24007907&apos;, ip: &apos;192.168.1.13&apos;, os.name: &apos;Windows 10&apos;, os.arch: &apos;amd64&apos;, os.version: &apos;10.0&apos;, java.version: &apos;17&apos;&#10;Driver info: org.openqa.selenium.chrome.ChromeDriver&#10;Capabilities {acceptInsecureCerts: false, browserName: chrome, browserVersion: 96.0.4664.110, chrome: {chromedriverVersion: 96.0.4664.45 (76e4c1bb2ab46..., userDataDir: C:\Users\Akundar\AppData\Lo...}, goog:chromeOptions: {debuggerAddress: localhost:51808}, javascriptEnabled: true, networkConnectionEnabled: false, pageLoadStrategy: normal, platform: WINDOWS, platformName: WINDOWS, proxy: Proxy(), setWindowRect: true, strictFileInteractability: false, timeouts: {implicit: 0, pageLoad: 300000, script: 30000}, unhandledPromptBehavior: dismiss and notify, webauthn:extension:credBlob: true, webauthn:extension:largeBlob: true, webauthn:virtualAuthenticators: true}&#10;Session ID: 2544260066e7214d73e607460947d161" type="org.openqa.selenium.ElementNotInteractableException"><![CDATA[org.openqa.selenium.ElementNotInteractableException: 
element not interactable
  (Session info: headless chrome=96.0.4664.110)
Build info: version: '3.141.59', revision: 'e82be7d358', time: '2018-11-14T08:17:03'
System info: host: 'LIN24007907', ip: '192.168.1.13', os.name: 'Windows 10', os.arch: 'amd64', os.version: '10.0', java.version: '17'
Driver info: org.openqa.selenium.chrome.ChromeDriver
Capabilities {acceptInsecureCerts: false, browserName: chrome, browserVersion: 96.0.4664.110, chrome: {chromedriverVersion: 96.0.4664.45 (76e4c1bb2ab46..., userDataDir: C:\Users\Akundar\AppData\Lo...}, goog:chromeOptions: {debuggerAddress: localhost:51808}, javascriptEnabled: true, networkConnectionEnabled: false, pageLoadStrategy: normal, platform: WINDOWS, platformName: WINDOWS, proxy: Proxy(), setWindowRect: true, strictFileInteractability: false, timeouts: {implicit: 0, pageLoad: 300000, script: 30000}, unhandledPromptBehavior: dismiss and notify, webauthn:extension:credBlob: true, webauthn:extension:largeBlob: true, webauthn:virtualAuthenticators: true}
Session ID: 2544260066e7214d73e607460947d161
	at SeleniumTesting.AEMhdfc.HomepageTest.verifyRetirementPlansOnBanner(HomepageTest.java:87)
]]></failure>
    <system-out><![CDATA[Trying to find Element By : By.xpath: //a[@href='/retirement-and-pension-plans']//div//h2[@class='h5']
Found Element By : By.xpath: //a[@href='/retirement-and-pension-plans']//div//h2[@class='h5']
Trying to find Element By : By.xpath: //a[@href='/retirement-and-pension-plans']//div//h2[@class='h5']
Found Element By : By.xpath: //a[@href='/retirement-and-pension-plans']//div//h2[@class='h5']
Trying to click on: [[ChromeDriver: chrome on WINDOWS (2544260066e7214d73e607460947d161)] -> xpath: //a[@href='/retirement-and-pension-plans']//div//h2[@class='h5']]
]]></system-out>
  </testcase>
  <testcase name="verifyViewAllButton" classname="SeleniumTesting.AEMhdfc.HomepageTest" time="3.557">
    <system-out><![CDATA[Trying to find Element By : By.xpath: //div[@class='viewall']
Found Element By : By.xpath: //div[@class='viewall']
Trying to find Element By : By.xpath: //div[@class='viewall']
Found Element By : By.xpath: //div[@class='viewall']
Trying to click on: [[ChromeDriver: chrome on WINDOWS (2544260066e7214d73e607460947d161)] -> xpath: //div[@class='viewall']]
Clicked on: [[ChromeDriver: chrome on WINDOWS (2544260066e7214d73e607460947d161)] -> xpath: //div[@class='viewall']]
]]></system-out>
  </testcase>
  <testcase name="verifyULIPPlansOnBanner" classname="SeleniumTesting.AEMhdfc.HomepageTest" time="0">
    <skipped message="element not interactable&#10;  (Session info: headless chrome=96.0.4664.110)&#10;Build info: version: &apos;3.141.59&apos;, revision: &apos;e82be7d358&apos;, time: &apos;2018-11-14T08:17:03&apos;&#10;System info: host: &apos;LIN24007907&apos;, ip: &apos;192.168.1.13&apos;, os.name: &apos;Windows 10&apos;, os.arch: &apos;amd64&apos;, os.version: &apos;10.0&apos;, java.version: &apos;17&apos;&#10;Driver info: org.openqa.selenium.chrome.ChromeDriver&#10;Capabilities {acceptInsecureCerts: false, browserName: chrome, browserVersion: 96.0.4664.110, chrome: {chromedriverVersion: 96.0.4664.45 (76e4c1bb2ab46..., userDataDir: C:\Users\Akundar\AppData\Lo...}, goog:chromeOptions: {debuggerAddress: localhost:51808}, javascriptEnabled: true, networkConnectionEnabled: false, pageLoadStrategy: normal, platform: WINDOWS, platformName: WINDOWS, proxy: Proxy(), setWindowRect: true, strictFileInteractability: false, timeouts: {implicit: 0, pageLoad: 300000, script: 30000}, unhandledPromptBehavior: dismiss and notify, webauthn:extension:credBlob: true, webauthn:extension:largeBlob: true, webauthn:virtualAuthenticators: true}&#10;Session ID: 2544260066e7214d73e607460947d161"/>
    <system-out><![CDATA[Trying to find Element By : By.xpath: //a[@class='tile']//div//span[@class='bg-Term_plans bg-plans-4']
Found Element By : By.xpath: //a[@class='tile']//div//span[@class='bg-Term_plans bg-plans-4']
Trying to find Element By : By.xpath: //a[@class='tile']//div//span[@class='bg-Term_plans bg-plans-4']
Found Element By : By.xpath: //a[@class='tile']//div//span[@class='bg-Term_plans bg-plans-4']
Trying to click on: [[ChromeDriver: chrome on WINDOWS (2544260066e7214d73e607460947d161)] -> xpath: //a[@class='tile']//div//span[@class='bg-Term_plans bg-plans-4']]
]]></system-out>
  </testcase>
  <testcase name="verifyULIPPlansOnBanner" classname="SeleniumTesting.AEMhdfc.HomepageTest" time="0">
    <skipped message="element not interactable&#10;  (Session info: headless chrome=96.0.4664.110)&#10;Build info: version: &apos;3.141.59&apos;, revision: &apos;e82be7d358&apos;, time: &apos;2018-11-14T08:17:03&apos;&#10;System info: host: &apos;LIN24007907&apos;, ip: &apos;192.168.1.13&apos;, os.name: &apos;Windows 10&apos;, os.arch: &apos;amd64&apos;, os.version: &apos;10.0&apos;, java.version: &apos;17&apos;&#10;Driver info: org.openqa.selenium.chrome.ChromeDriver&#10;Capabilities {acceptInsecureCerts: false, browserName: chrome, browserVersion: 96.0.4664.110, chrome: {chromedriverVersion: 96.0.4664.45 (76e4c1bb2ab46..., userDataDir: C:\Users\Akundar\AppData\Lo...}, goog:chromeOptions: {debuggerAddress: localhost:51808}, javascriptEnabled: true, networkConnectionEnabled: false, pageLoadStrategy: normal, platform: WINDOWS, platformName: WINDOWS, proxy: Proxy(), setWindowRect: true, strictFileInteractability: false, timeouts: {implicit: 0, pageLoad: 300000, script: 30000}, unhandledPromptBehavior: dismiss and notify, webauthn:extension:credBlob: true, webauthn:extension:largeBlob: true, webauthn:virtualAuthenticators: true}&#10;Session ID: 2544260066e7214d73e607460947d161"/>
    <system-out><![CDATA[Trying to find Element By : By.xpath: //a[@class='tile']//div//span[@class='bg-Term_plans bg-plans-4']
Found Element By : By.xpath: //a[@class='tile']//div//span[@class='bg-Term_plans bg-plans-4']
Trying to find Element By : By.xpath: //a[@class='tile']//div//span[@class='bg-Term_plans bg-plans-4']
Found Element By : By.xpath: //a[@class='tile']//div//span[@class='bg-Term_plans bg-plans-4']
Trying to click on: [[ChromeDriver: chrome on WINDOWS (2544260066e7214d73e607460947d161)] -> xpath: //a[@class='tile']//div//span[@class='bg-Term_plans bg-plans-4']]
]]></system-out>
  </testcase>
  <testcase name="verifyULIPPlansOnBanner" classname="SeleniumTesting.AEMhdfc.HomepageTest" time="0">
    <skipped message="element not interactable&#10;  (Session info: headless chrome=96.0.4664.110)&#10;Build info: version: &apos;3.141.59&apos;, revision: &apos;e82be7d358&apos;, time: &apos;2018-11-14T08:17:03&apos;&#10;System info: host: &apos;LIN24007907&apos;, ip: &apos;192.168.1.13&apos;, os.name: &apos;Windows 10&apos;, os.arch: &apos;amd64&apos;, os.version: &apos;10.0&apos;, java.version: &apos;17&apos;&#10;Driver info: org.openqa.selenium.chrome.ChromeDriver&#10;Capabilities {acceptInsecureCerts: false, browserName: chrome, browserVersion: 96.0.4664.110, chrome: {chromedriverVersion: 96.0.4664.45 (76e4c1bb2ab46..., userDataDir: C:\Users\Akundar\AppData\Lo...}, goog:chromeOptions: {debuggerAddress: localhost:51808}, javascriptEnabled: true, networkConnectionEnabled: false, pageLoadStrategy: normal, platform: WINDOWS, platformName: WINDOWS, proxy: Proxy(), setWindowRect: true, strictFileInteractability: false, timeouts: {implicit: 0, pageLoad: 300000, script: 30000}, unhandledPromptBehavior: dismiss and notify, webauthn:extension:credBlob: true, webauthn:extension:largeBlob: true, webauthn:virtualAuthenticators: true}&#10;Session ID: 2544260066e7214d73e607460947d161"/>
    <system-out><![CDATA[Trying to find Element By : By.xpath: //a[@class='tile']//div//span[@class='bg-Term_plans bg-plans-4']
Found Element By : By.xpath: //a[@class='tile']//div//span[@class='bg-Term_plans bg-plans-4']
Trying to find Element By : By.xpath: //a[@class='tile']//div//span[@class='bg-Term_plans bg-plans-4']
Found Element By : By.xpath: //a[@class='tile']//div//span[@class='bg-Term_plans bg-plans-4']
Trying to click on: [[ChromeDriver: chrome on WINDOWS (2544260066e7214d73e607460947d161)] -> xpath: //a[@class='tile']//div//span[@class='bg-Term_plans bg-plans-4']]
]]></system-out>
  </testcase>
  <testcase name="verifyULIPPlansOnBanner" classname="SeleniumTesting.AEMhdfc.HomepageTest" time="33.104">
    <failure message="element not interactable&#10;  (Session info: headless chrome=96.0.4664.110)&#10;Build info: version: &apos;3.141.59&apos;, revision: &apos;e82be7d358&apos;, time: &apos;2018-11-14T08:17:03&apos;&#10;System info: host: &apos;LIN24007907&apos;, ip: &apos;192.168.1.13&apos;, os.name: &apos;Windows 10&apos;, os.arch: &apos;amd64&apos;, os.version: &apos;10.0&apos;, java.version: &apos;17&apos;&#10;Driver info: org.openqa.selenium.chrome.ChromeDriver&#10;Capabilities {acceptInsecureCerts: false, browserName: chrome, browserVersion: 96.0.4664.110, chrome: {chromedriverVersion: 96.0.4664.45 (76e4c1bb2ab46..., userDataDir: C:\Users\Akundar\AppData\Lo...}, goog:chromeOptions: {debuggerAddress: localhost:51808}, javascriptEnabled: true, networkConnectionEnabled: false, pageLoadStrategy: normal, platform: WINDOWS, platformName: WINDOWS, proxy: Proxy(), setWindowRect: true, strictFileInteractability: false, timeouts: {implicit: 0, pageLoad: 300000, script: 30000}, unhandledPromptBehavior: dismiss and notify, webauthn:extension:credBlob: true, webauthn:extension:largeBlob: true, webauthn:virtualAuthenticators: true}&#10;Session ID: 2544260066e7214d73e607460947d161" type="org.openqa.selenium.ElementNotInteractableException"><![CDATA[org.openqa.selenium.ElementNotInteractableException: 
element not interactable
  (Session info: headless chrome=96.0.4664.110)
Build info: version: '3.141.59', revision: 'e82be7d358', time: '2018-11-14T08:17:03'
System info: host: 'LIN24007907', ip: '192.168.1.13', os.name: 'Windows 10', os.arch: 'amd64', os.version: '10.0', java.version: '17'
Driver info: org.openqa.selenium.chrome.ChromeDriver
Capabilities {acceptInsecureCerts: false, browserName: chrome, browserVersion: 96.0.4664.110, chrome: {chromedriverVersion: 96.0.4664.45 (76e4c1bb2ab46..., userDataDir: C:\Users\Akundar\AppData\Lo...}, goog:chromeOptions: {debuggerAddress: localhost:51808}, javascriptEnabled: true, networkConnectionEnabled: false, pageLoadStrategy: normal, platform: WINDOWS, platformName: WINDOWS, proxy: Proxy(), setWindowRect: true, strictFileInteractability: false, timeouts: {implicit: 0, pageLoad: 300000, script: 30000}, unhandledPromptBehavior: dismiss and notify, webauthn:extension:credBlob: true, webauthn:extension:largeBlob: true, webauthn:virtualAuthenticators: true}
Session ID: 2544260066e7214d73e607460947d161
	at SeleniumTesting.AEMhdfc.HomepageTest.verifyULIPPlansOnBanner(HomepageTest.java:94)
]]></failure>
    <system-out><![CDATA[Trying to find Element By : By.xpath: //a[@class='tile']//div//span[@class='bg-Term_plans bg-plans-4']
Found Element By : By.xpath: //a[@class='tile']//div//span[@class='bg-Term_plans bg-plans-4']
Trying to find Element By : By.xpath: //a[@class='tile']//div//span[@class='bg-Term_plans bg-plans-4']
Found Element By : By.xpath: //a[@class='tile']//div//span[@class='bg-Term_plans bg-plans-4']
Trying to click on: [[ChromeDriver: chrome on WINDOWS (2544260066e7214d73e607460947d161)] -> xpath: //a[@class='tile']//div//span[@class='bg-Term_plans bg-plans-4']]
]]></system-out>
  </testcase>
  <testcase name="verifyFixedMaturityPlanOnBanner" classname="SeleniumTesting.AEMhdfc.HomepageTest" time="0">
    <skipped message="element not interactable&#10;  (Session info: headless chrome=96.0.4664.110)&#10;Build info: version: &apos;3.141.59&apos;, revision: &apos;e82be7d358&apos;, time: &apos;2018-11-14T08:17:03&apos;&#10;System info: host: &apos;LIN24007907&apos;, ip: &apos;192.168.1.13&apos;, os.name: &apos;Windows 10&apos;, os.arch: &apos;amd64&apos;, os.version: &apos;10.0&apos;, java.version: &apos;17&apos;&#10;Driver info: org.openqa.selenium.chrome.ChromeDriver&#10;Capabilities {acceptInsecureCerts: false, browserName: chrome, browserVersion: 96.0.4664.110, chrome: {chromedriverVersion: 96.0.4664.45 (76e4c1bb2ab46..., userDataDir: C:\Users\Akundar\AppData\Lo...}, goog:chromeOptions: {debuggerAddress: localhost:51808}, javascriptEnabled: true, networkConnectionEnabled: false, pageLoadStrategy: normal, platform: WINDOWS, platformName: WINDOWS, proxy: Proxy(), setWindowRect: true, strictFileInteractability: false, timeouts: {implicit: 0, pageLoad: 300000, script: 30000}, unhandledPromptBehavior: dismiss and notify, webauthn:extension:credBlob: true, webauthn:extension:largeBlob: true, webauthn:virtualAuthenticators: true}&#10;Session ID: 2544260066e7214d73e607460947d161"/>
    <system-out><![CDATA[Trying to find Element By : By.xpath: //div[@class='viewall']
Found Element By : By.xpath: //div[@class='viewall']
Trying to find Element By : By.xpath: //div[@class='viewall']
Found Element By : By.xpath: //div[@class='viewall']
Trying to click on: [[ChromeDriver: chrome on WINDOWS (2544260066e7214d73e607460947d161)] -> xpath: //div[@class='viewall']]
]]></system-out>
  </testcase>
  <testcase name="verifyFixedMaturityPlanOnBanner" classname="SeleniumTesting.AEMhdfc.HomepageTest" time="0">
    <skipped message="element not interactable&#10;  (Session info: headless chrome=96.0.4664.110)&#10;Build info: version: &apos;3.141.59&apos;, revision: &apos;e82be7d358&apos;, time: &apos;2018-11-14T08:17:03&apos;&#10;System info: host: &apos;LIN24007907&apos;, ip: &apos;192.168.1.13&apos;, os.name: &apos;Windows 10&apos;, os.arch: &apos;amd64&apos;, os.version: &apos;10.0&apos;, java.version: &apos;17&apos;&#10;Driver info: org.openqa.selenium.chrome.ChromeDriver&#10;Capabilities {acceptInsecureCerts: false, browserName: chrome, browserVersion: 96.0.4664.110, chrome: {chromedriverVersion: 96.0.4664.45 (76e4c1bb2ab46..., userDataDir: C:\Users\Akundar\AppData\Lo...}, goog:chromeOptions: {debuggerAddress: localhost:51808}, javascriptEnabled: true, networkConnectionEnabled: false, pageLoadStrategy: normal, platform: WINDOWS, platformName: WINDOWS, proxy: Proxy(), setWindowRect: true, strictFileInteractability: false, timeouts: {implicit: 0, pageLoad: 300000, script: 30000}, unhandledPromptBehavior: dismiss and notify, webauthn:extension:credBlob: true, webauthn:extension:largeBlob: true, webauthn:virtualAuthenticators: true}&#10;Session ID: 2544260066e7214d73e607460947d161"/>
    <system-out><![CDATA[Trying to find Element By : By.xpath: //div[@class='viewall']
Found Element By : By.xpath: //div[@class='viewall']
Trying to find Element By : By.xpath: //div[@class='viewall']
Found Element By : By.xpath: //div[@class='viewall']
Trying to click on: [[ChromeDriver: chrome on WINDOWS (2544260066e7214d73e607460947d161)] -> xpath: //div[@class='viewall']]
]]></system-out>
  </testcase>
  <testcase name="verifyFixedMaturityPlanOnBanner" classname="SeleniumTesting.AEMhdfc.HomepageTest" time="0">
    <skipped message="element not interactable&#10;  (Session info: headless chrome=96.0.4664.110)&#10;Build info: version: &apos;3.141.59&apos;, revision: &apos;e82be7d358&apos;, time: &apos;2018-11-14T08:17:03&apos;&#10;System info: host: &apos;LIN24007907&apos;, ip: &apos;192.168.1.13&apos;, os.name: &apos;Windows 10&apos;, os.arch: &apos;amd64&apos;, os.version: &apos;10.0&apos;, java.version: &apos;17&apos;&#10;Driver info: org.openqa.selenium.chrome.ChromeDriver&#10;Capabilities {acceptInsecureCerts: false, browserName: chrome, browserVersion: 96.0.4664.110, chrome: {chromedriverVersion: 96.0.4664.45 (76e4c1bb2ab46..., userDataDir: C:\Users\Akundar\AppData\Lo...}, goog:chromeOptions: {debuggerAddress: localhost:51808}, javascriptEnabled: true, networkConnectionEnabled: false, pageLoadStrategy: normal, platform: WINDOWS, platformName: WINDOWS, proxy: Proxy(), setWindowRect: true, strictFileInteractability: false, timeouts: {implicit: 0, pageLoad: 300000, script: 30000}, unhandledPromptBehavior: dismiss and notify, webauthn:extension:credBlob: true, webauthn:extension:largeBlob: true, webauthn:virtualAuthenticators: true}&#10;Session ID: 2544260066e7214d73e607460947d161"/>
    <system-out><![CDATA[Trying to find Element By : By.xpath: //div[@class='viewall']
Found Element By : By.xpath: //div[@class='viewall']
Trying to find Element By : By.xpath: //div[@class='viewall']
Found Element By : By.xpath: //div[@class='viewall']
Trying to click on: [[ChromeDriver: chrome on WINDOWS (2544260066e7214d73e607460947d161)] -> xpath: //div[@class='viewall']]
]]></system-out>
  </testcase>
  <testcase name="verifyFixedMaturityPlanOnBanner" classname="SeleniumTesting.AEMhdfc.HomepageTest" time="30.079">
    <failure message="element not interactable&#10;  (Session info: headless chrome=96.0.4664.110)&#10;Build info: version: &apos;3.141.59&apos;, revision: &apos;e82be7d358&apos;, time: &apos;2018-11-14T08:17:03&apos;&#10;System info: host: &apos;LIN24007907&apos;, ip: &apos;192.168.1.13&apos;, os.name: &apos;Windows 10&apos;, os.arch: &apos;amd64&apos;, os.version: &apos;10.0&apos;, java.version: &apos;17&apos;&#10;Driver info: org.openqa.selenium.chrome.ChromeDriver&#10;Capabilities {acceptInsecureCerts: false, browserName: chrome, browserVersion: 96.0.4664.110, chrome: {chromedriverVersion: 96.0.4664.45 (76e4c1bb2ab46..., userDataDir: C:\Users\Akundar\AppData\Lo...}, goog:chromeOptions: {debuggerAddress: localhost:51808}, javascriptEnabled: true, networkConnectionEnabled: false, pageLoadStrategy: normal, platform: WINDOWS, platformName: WINDOWS, proxy: Proxy(), setWindowRect: true, strictFileInteractability: false, timeouts: {implicit: 0, pageLoad: 300000, script: 30000}, unhandledPromptBehavior: dismiss and notify, webauthn:extension:credBlob: true, webauthn:extension:largeBlob: true, webauthn:virtualAuthenticators: true}&#10;Session ID: 2544260066e7214d73e607460947d161" type="org.openqa.selenium.ElementNotInteractableException"><![CDATA[org.openqa.selenium.ElementNotInteractableException: 
element not interactable
  (Session info: headless chrome=96.0.4664.110)
Build info: version: '3.141.59', revision: 'e82be7d358', time: '2018-11-14T08:17:03'
System info: host: 'LIN24007907', ip: '192.168.1.13', os.name: 'Windows 10', os.arch: 'amd64', os.version: '10.0', java.version: '17'
Driver info: org.openqa.selenium.chrome.ChromeDriver
Capabilities {acceptInsecureCerts: false, browserName: chrome, browserVersion: 96.0.4664.110, chrome: {chromedriverVersion: 96.0.4664.45 (76e4c1bb2ab46..., userDataDir: C:\Users\Akundar\AppData\Lo...}, goog:chromeOptions: {debuggerAddress: localhost:51808}, javascriptEnabled: true, networkConnectionEnabled: false, pageLoadStrategy: normal, platform: WINDOWS, platformName: WINDOWS, proxy: Proxy(), setWindowRect: true, strictFileInteractability: false, timeouts: {implicit: 0, pageLoad: 300000, script: 30000}, unhandledPromptBehavior: dismiss and notify, webauthn:extension:credBlob: true, webauthn:extension:largeBlob: true, webauthn:virtualAuthenticators: true}
Session ID: 2544260066e7214d73e607460947d161
	at SeleniumTesting.AEMhdfc.HomepageTest.verifyFixedMaturityPlanOnBanner(HomepageTest.java:72)
]]></failure>
    <system-out><![CDATA[Trying to find Element By : By.xpath: //div[@class='viewall']
Found Element By : By.xpath: //div[@class='viewall']
Trying to find Element By : By.xpath: //div[@class='viewall']
Found Element By : By.xpath: //div[@class='viewall']
Trying to click on: [[ChromeDriver: chrome on WINDOWS (2544260066e7214d73e607460947d161)] -> xpath: //div[@class='viewall']]
]]></system-out>
  </testcase>
  <testcase name="verifyHealthPlansOnBanner" classname="SeleniumTesting.AEMhdfc.HomepageTest" time="0">
    <skipped message="element not interactable&#10;  (Session info: headless chrome=96.0.4664.110)&#10;Build info: version: &apos;3.141.59&apos;, revision: &apos;e82be7d358&apos;, time: &apos;2018-11-14T08:17:03&apos;&#10;System info: host: &apos;LIN24007907&apos;, ip: &apos;192.168.1.13&apos;, os.name: &apos;Windows 10&apos;, os.arch: &apos;amd64&apos;, os.version: &apos;10.0&apos;, java.version: &apos;17&apos;&#10;Driver info: org.openqa.selenium.chrome.ChromeDriver&#10;Capabilities {acceptInsecureCerts: false, browserName: chrome, browserVersion: 96.0.4664.110, chrome: {chromedriverVersion: 96.0.4664.45 (76e4c1bb2ab46..., userDataDir: C:\Users\Akundar\AppData\Lo...}, goog:chromeOptions: {debuggerAddress: localhost:51808}, javascriptEnabled: true, networkConnectionEnabled: false, pageLoadStrategy: normal, platform: WINDOWS, platformName: WINDOWS, proxy: Proxy(), setWindowRect: true, strictFileInteractability: false, timeouts: {implicit: 0, pageLoad: 300000, script: 30000}, unhandledPromptBehavior: dismiss and notify, webauthn:extension:credBlob: true, webauthn:extension:largeBlob: true, webauthn:virtualAuthenticators: true}&#10;Session ID: 2544260066e7214d73e607460947d161"/>
    <system-out><![CDATA[Trying to find Element By : By.xpath: //div[@class='viewall']
Found Element By : By.xpath: //div[@class='viewall']
Trying to find Element By : By.xpath: //div[@class='viewall']
Found Element By : By.xpath: //div[@class='viewall']
Trying to click on: [[ChromeDriver: chrome on WINDOWS (2544260066e7214d73e607460947d161)] -> xpath: //div[@class='viewall']]
]]></system-out>
  </testcase>
  <testcase name="verifyHealthPlansOnBanner" classname="SeleniumTesting.AEMhdfc.HomepageTest" time="0">
    <skipped message="element not interactable&#10;  (Session info: headless chrome=96.0.4664.110)&#10;Build info: version: &apos;3.141.59&apos;, revision: &apos;e82be7d358&apos;, time: &apos;2018-11-14T08:17:03&apos;&#10;System info: host: &apos;LIN24007907&apos;, ip: &apos;192.168.1.13&apos;, os.name: &apos;Windows 10&apos;, os.arch: &apos;amd64&apos;, os.version: &apos;10.0&apos;, java.version: &apos;17&apos;&#10;Driver info: org.openqa.selenium.chrome.ChromeDriver&#10;Capabilities {acceptInsecureCerts: false, browserName: chrome, browserVersion: 96.0.4664.110, chrome: {chromedriverVersion: 96.0.4664.45 (76e4c1bb2ab46..., userDataDir: C:\Users\Akundar\AppData\Lo...}, goog:chromeOptions: {debuggerAddress: localhost:51808}, javascriptEnabled: true, networkConnectionEnabled: false, pageLoadStrategy: normal, platform: WINDOWS, platformName: WINDOWS, proxy: Proxy(), setWindowRect: true, strictFileInteractability: false, timeouts: {implicit: 0, pageLoad: 300000, script: 30000}, unhandledPromptBehavior: dismiss and notify, webauthn:extension:credBlob: true, webauthn:extension:largeBlob: true, webauthn:virtualAuthenticators: true}&#10;Session ID: 2544260066e7214d73e607460947d161"/>
    <system-out><![CDATA[Trying to find Element By : By.xpath: //div[@class='viewall']
Found Element By : By.xpath: //div[@class='viewall']
Trying to find Element By : By.xpath: //div[@class='viewall']
Found Element By : By.xpath: //div[@class='viewall']
Trying to click on: [[ChromeDriver: chrome on WINDOWS (2544260066e7214d73e607460947d161)] -> xpath: //div[@class='viewall']]
]]></system-out>
  </testcase>
  <testcase name="verifyHealthPlansOnBanner" classname="SeleniumTesting.AEMhdfc.HomepageTest" time="0">
    <skipped message="element not interactable&#10;  (Session info: headless chrome=96.0.4664.110)&#10;Build info: version: &apos;3.141.59&apos;, revision: &apos;e82be7d358&apos;, time: &apos;2018-11-14T08:17:03&apos;&#10;System info: host: &apos;LIN24007907&apos;, ip: &apos;192.168.1.13&apos;, os.name: &apos;Windows 10&apos;, os.arch: &apos;amd64&apos;, os.version: &apos;10.0&apos;, java.version: &apos;17&apos;&#10;Driver info: org.openqa.selenium.chrome.ChromeDriver&#10;Capabilities {acceptInsecureCerts: false, browserName: chrome, browserVersion: 96.0.4664.110, chrome: {chromedriverVersion: 96.0.4664.45 (76e4c1bb2ab46..., userDataDir: C:\Users\Akundar\AppData\Lo...}, goog:chromeOptions: {debuggerAddress: localhost:51808}, javascriptEnabled: true, networkConnectionEnabled: false, pageLoadStrategy: normal, platform: WINDOWS, platformName: WINDOWS, proxy: Proxy(), setWindowRect: true, strictFileInteractability: false, timeouts: {implicit: 0, pageLoad: 300000, script: 30000}, unhandledPromptBehavior: dismiss and notify, webauthn:extension:credBlob: true, webauthn:extension:largeBlob: true, webauthn:virtualAuthenticators: true}&#10;Session ID: 2544260066e7214d73e607460947d161"/>
    <system-out><![CDATA[Trying to find Element By : By.xpath: //div[@class='viewall']
Found Element By : By.xpath: //div[@class='viewall']
Trying to find Element By : By.xpath: //div[@class='viewall']
Found Element By : By.xpath: //div[@class='viewall']
Trying to click on: [[ChromeDriver: chrome on WINDOWS (2544260066e7214d73e607460947d161)] -> xpath: //div[@class='viewall']]
]]></system-out>
  </testcase>
  <testcase name="verifyHealthPlansOnBanner" classname="SeleniumTesting.AEMhdfc.HomepageTest" time="30.079">
    <failure message="element not interactable&#10;  (Session info: headless chrome=96.0.4664.110)&#10;Build info: version: &apos;3.141.59&apos;, revision: &apos;e82be7d358&apos;, time: &apos;2018-11-14T08:17:03&apos;&#10;System info: host: &apos;LIN24007907&apos;, ip: &apos;192.168.1.13&apos;, os.name: &apos;Windows 10&apos;, os.arch: &apos;amd64&apos;, os.version: &apos;10.0&apos;, java.version: &apos;17&apos;&#10;Driver info: org.openqa.selenium.chrome.ChromeDriver&#10;Capabilities {acceptInsecureCerts: false, browserName: chrome, browserVersion: 96.0.4664.110, chrome: {chromedriverVersion: 96.0.4664.45 (76e4c1bb2ab46..., userDataDir: C:\Users\Akundar\AppData\Lo...}, goog:chromeOptions: {debuggerAddress: localhost:51808}, javascriptEnabled: true, networkConnectionEnabled: false, pageLoadStrategy: normal, platform: WINDOWS, platformName: WINDOWS, proxy: Proxy(), setWindowRect: true, strictFileInteractability: false, timeouts: {implicit: 0, pageLoad: 300000, script: 30000}, unhandledPromptBehavior: dismiss and notify, webauthn:extension:credBlob: true, webauthn:extension:largeBlob: true, webauthn:virtualAuthenticators: true}&#10;Session ID: 2544260066e7214d73e607460947d161" type="org.openqa.selenium.ElementNotInteractableException"><![CDATA[org.openqa.selenium.ElementNotInteractableException: 
element not interactable
  (Session info: headless chrome=96.0.4664.110)
Build info: version: '3.141.59', revision: 'e82be7d358', time: '2018-11-14T08:17:03'
System info: host: 'LIN24007907', ip: '192.168.1.13', os.name: 'Windows 10', os.arch: 'amd64', os.version: '10.0', java.version: '17'
Driver info: org.openqa.selenium.chrome.ChromeDriver
Capabilities {acceptInsecureCerts: false, browserName: chrome, browserVersion: 96.0.4664.110, chrome: {chromedriverVersion: 96.0.4664.45 (76e4c1bb2ab46..., userDataDir: C:\Users\Akundar\AppData\Lo...}, goog:chromeOptions: {debuggerAddress: localhost:51808}, javascriptEnabled: true, networkConnectionEnabled: false, pageLoadStrategy: normal, platform: WINDOWS, platformName: WINDOWS, proxy: Proxy(), setWindowRect: true, strictFileInteractability: false, timeouts: {implicit: 0, pageLoad: 300000, script: 30000}, unhandledPromptBehavior: dismiss and notify, webauthn:extension:credBlob: true, webauthn:extension:largeBlob: true, webauthn:virtualAuthenticators: true}
Session ID: 2544260066e7214d73e607460947d161
	at SeleniumTesting.AEMhdfc.HomepageTest.verifyHealthPlansOnBanner(HomepageTest.java:114)
]]></failure>
    <system-out><![CDATA[Trying to find Element By : By.xpath: //div[@class='viewall']
Found Element By : By.xpath: //div[@class='viewall']
Trying to find Element By : By.xpath: //div[@class='viewall']
Found Element By : By.xpath: //div[@class='viewall']
Trying to click on: [[ChromeDriver: chrome on WINDOWS (2544260066e7214d73e607460947d161)] -> xpath: //div[@class='viewall']]
]]></system-out>
  </testcase>
  <testcase name="verifyPosPlansOnBanner" classname="SeleniumTesting.AEMhdfc.HomepageTest" time="0">
    <skipped message="element not interactable&#10;  (Session info: headless chrome=96.0.4664.110)&#10;Build info: version: &apos;3.141.59&apos;, revision: &apos;e82be7d358&apos;, time: &apos;2018-11-14T08:17:03&apos;&#10;System info: host: &apos;LIN24007907&apos;, ip: &apos;192.168.1.13&apos;, os.name: &apos;Windows 10&apos;, os.arch: &apos;amd64&apos;, os.version: &apos;10.0&apos;, java.version: &apos;17&apos;&#10;Driver info: org.openqa.selenium.chrome.ChromeDriver&#10;Capabilities {acceptInsecureCerts: false, browserName: chrome, browserVersion: 96.0.4664.110, chrome: {chromedriverVersion: 96.0.4664.45 (76e4c1bb2ab46..., userDataDir: C:\Users\Akundar\AppData\Lo...}, goog:chromeOptions: {debuggerAddress: localhost:51808}, javascriptEnabled: true, networkConnectionEnabled: false, pageLoadStrategy: normal, platform: WINDOWS, platformName: WINDOWS, proxy: Proxy(), setWindowRect: true, strictFileInteractability: false, timeouts: {implicit: 0, pageLoad: 300000, script: 30000}, unhandledPromptBehavior: dismiss and notify, webauthn:extension:credBlob: true, webauthn:extension:largeBlob: true, webauthn:virtualAuthenticators: true}&#10;Session ID: 2544260066e7214d73e607460947d161"/>
    <system-out><![CDATA[Trying to find Element By : By.xpath: //div[@class='viewall']
Found Element By : By.xpath: //div[@class='viewall']
Trying to find Element By : By.xpath: //div[@class='viewall']
Found Element By : By.xpath: //div[@class='viewall']
Trying to click on: [[ChromeDriver: chrome on WINDOWS (2544260066e7214d73e607460947d161)] -> xpath: //div[@class='viewall']]
]]></system-out>
  </testcase>
  <testcase name="verifyPosPlansOnBanner" classname="SeleniumTesting.AEMhdfc.HomepageTest" time="0">
    <skipped message="element not interactable&#10;  (Session info: headless chrome=96.0.4664.110)&#10;Build info: version: &apos;3.141.59&apos;, revision: &apos;e82be7d358&apos;, time: &apos;2018-11-14T08:17:03&apos;&#10;System info: host: &apos;LIN24007907&apos;, ip: &apos;192.168.1.13&apos;, os.name: &apos;Windows 10&apos;, os.arch: &apos;amd64&apos;, os.version: &apos;10.0&apos;, java.version: &apos;17&apos;&#10;Driver info: org.openqa.selenium.chrome.ChromeDriver&#10;Capabilities {acceptInsecureCerts: false, browserName: chrome, browserVersion: 96.0.4664.110, chrome: {chromedriverVersion: 96.0.4664.45 (76e4c1bb2ab46..., userDataDir: C:\Users\Akundar\AppData\Lo...}, goog:chromeOptions: {debuggerAddress: localhost:51808}, javascriptEnabled: true, networkConnectionEnabled: false, pageLoadStrategy: normal, platform: WINDOWS, platformName: WINDOWS, proxy: Proxy(), setWindowRect: true, strictFileInteractability: false, timeouts: {implicit: 0, pageLoad: 300000, script: 30000}, unhandledPromptBehavior: dismiss and notify, webauthn:extension:credBlob: true, webauthn:extension:largeBlob: true, webauthn:virtualAuthenticators: true}&#10;Session ID: 2544260066e7214d73e607460947d161"/>
    <system-out><![CDATA[Trying to find Element By : By.xpath: //div[@class='viewall']
Found Element By : By.xpath: //div[@class='viewall']
Trying to find Element By : By.xpath: //div[@class='viewall']
Found Element By : By.xpath: //div[@class='viewall']
Trying to click on: [[ChromeDriver: chrome on WINDOWS (2544260066e7214d73e607460947d161)] -> xpath: //div[@class='viewall']]
]]></system-out>
  </testcase>
  <testcase name="verifyPosPlansOnBanner" classname="SeleniumTesting.AEMhdfc.HomepageTest" time="0">
    <skipped message="element not interactable&#10;  (Session info: headless chrome=96.0.4664.110)&#10;Build info: version: &apos;3.141.59&apos;, revision: &apos;e82be7d358&apos;, time: &apos;2018-11-14T08:17:03&apos;&#10;System info: host: &apos;LIN24007907&apos;, ip: &apos;192.168.1.13&apos;, os.name: &apos;Windows 10&apos;, os.arch: &apos;amd64&apos;, os.version: &apos;10.0&apos;, java.version: &apos;17&apos;&#10;Driver info: org.openqa.selenium.chrome.ChromeDriver&#10;Capabilities {acceptInsecureCerts: false, browserName: chrome, browserVersion: 96.0.4664.110, chrome: {chromedriverVersion: 96.0.4664.45 (76e4c1bb2ab46..., userDataDir: C:\Users\Akundar\AppData\Lo...}, goog:chromeOptions: {debuggerAddress: localhost:51808}, javascriptEnabled: true, networkConnectionEnabled: false, pageLoadStrategy: normal, platform: WINDOWS, platformName: WINDOWS, proxy: Proxy(), setWindowRect: true, strictFileInteractability: false, timeouts: {implicit: 0, pageLoad: 300000, script: 30000}, unhandledPromptBehavior: dismiss and notify, webauthn:extension:credBlob: true, webauthn:extension:largeBlob: true, webauthn:virtualAuthenticators: true}&#10;Session ID: 2544260066e7214d73e607460947d161"/>
    <system-out><![CDATA[Trying to find Element By : By.xpath: //div[@class='viewall']
Found Element By : By.xpath: //div[@class='viewall']
Trying to find Element By : By.xpath: //div[@class='viewall']
Found Element By : By.xpath: //div[@class='viewall']
Trying to click on: [[ChromeDriver: chrome on WINDOWS (2544260066e7214d73e607460947d161)] -> xpath: //div[@class='viewall']]
]]></system-out>
  </testcase>
  <testcase name="verifyPosPlansOnBanner" classname="SeleniumTesting.AEMhdfc.HomepageTest" time="30.047">
    <failure message="element not interactable&#10;  (Session info: headless chrome=96.0.4664.110)&#10;Build info: version: &apos;3.141.59&apos;, revision: &apos;e82be7d358&apos;, time: &apos;2018-11-14T08:17:03&apos;&#10;System info: host: &apos;LIN24007907&apos;, ip: &apos;192.168.1.13&apos;, os.name: &apos;Windows 10&apos;, os.arch: &apos;amd64&apos;, os.version: &apos;10.0&apos;, java.version: &apos;17&apos;&#10;Driver info: org.openqa.selenium.chrome.ChromeDriver&#10;Capabilities {acceptInsecureCerts: false, browserName: chrome, browserVersion: 96.0.4664.110, chrome: {chromedriverVersion: 96.0.4664.45 (76e4c1bb2ab46..., userDataDir: C:\Users\Akundar\AppData\Lo...}, goog:chromeOptions: {debuggerAddress: localhost:51808}, javascriptEnabled: true, networkConnectionEnabled: false, pageLoadStrategy: normal, platform: WINDOWS, platformName: WINDOWS, proxy: Proxy(), setWindowRect: true, strictFileInteractability: false, timeouts: {implicit: 0, pageLoad: 300000, script: 30000}, unhandledPromptBehavior: dismiss and notify, webauthn:extension:credBlob: true, webauthn:extension:largeBlob: true, webauthn:virtualAuthenticators: true}&#10;Session ID: 2544260066e7214d73e607460947d161" type="org.openqa.selenium.ElementNotInteractableException"><![CDATA[org.openqa.selenium.ElementNotInteractableException: 
element not interactable
  (Session info: headless chrome=96.0.4664.110)
Build info: version: '3.141.59', revision: 'e82be7d358', time: '2018-11-14T08:17:03'
System info: host: 'LIN24007907', ip: '192.168.1.13', os.name: 'Windows 10', os.arch: 'amd64', os.version: '10.0', java.version: '17'
Driver info: org.openqa.selenium.chrome.ChromeDriver
Capabilities {acceptInsecureCerts: false, browserName: chrome, browserVersion: 96.0.4664.110, chrome: {chromedriverVersion: 96.0.4664.45 (76e4c1bb2ab46..., userDataDir: C:\Users\Akundar\AppData\Lo...}, goog:chromeOptions: {debuggerAddress: localhost:51808}, javascriptEnabled: true, networkConnectionEnabled: false, pageLoadStrategy: normal, platform: WINDOWS, platformName: WINDOWS, proxy: Proxy(), setWindowRect: true, strictFileInteractability: false, timeouts: {implicit: 0, pageLoad: 300000, script: 30000}, unhandledPromptBehavior: dismiss and notify, webauthn:extension:credBlob: true, webauthn:extension:largeBlob: true, webauthn:virtualAuthenticators: true}
Session ID: 2544260066e7214d73e607460947d161
	at SeleniumTesting.AEMhdfc.HomepageTest.verifyPosPlansOnBanner(HomepageTest.java:122)
]]></failure>
    <system-out><![CDATA[Trying to find Element By : By.xpath: //div[@class='viewall']
Found Element By : By.xpath: //div[@class='viewall']
Trying to find Element By : By.xpath: //div[@class='viewall']
Found Element By : By.xpath: //div[@class='viewall']
Trying to click on: [[ChromeDriver: chrome on WINDOWS (2544260066e7214d73e607460947d161)] -> xpath: //div[@class='viewall']]
]]></system-out>
  </testcase>
  <testcase name="verifyComboPlansOnBanner" classname="SeleniumTesting.AEMhdfc.HomepageTest" time="0">
    <skipped message="element not interactable&#10;  (Session info: headless chrome=96.0.4664.110)&#10;Build info: version: &apos;3.141.59&apos;, revision: &apos;e82be7d358&apos;, time: &apos;2018-11-14T08:17:03&apos;&#10;System info: host: &apos;LIN24007907&apos;, ip: &apos;192.168.1.13&apos;, os.name: &apos;Windows 10&apos;, os.arch: &apos;amd64&apos;, os.version: &apos;10.0&apos;, java.version: &apos;17&apos;&#10;Driver info: org.openqa.selenium.chrome.ChromeDriver&#10;Capabilities {acceptInsecureCerts: false, browserName: chrome, browserVersion: 96.0.4664.110, chrome: {chromedriverVersion: 96.0.4664.45 (76e4c1bb2ab46..., userDataDir: C:\Users\Akundar\AppData\Lo...}, goog:chromeOptions: {debuggerAddress: localhost:51808}, javascriptEnabled: true, networkConnectionEnabled: false, pageLoadStrategy: normal, platform: WINDOWS, platformName: WINDOWS, proxy: Proxy(), setWindowRect: true, strictFileInteractability: false, timeouts: {implicit: 0, pageLoad: 300000, script: 30000}, unhandledPromptBehavior: dismiss and notify, webauthn:extension:credBlob: true, webauthn:extension:largeBlob: true, webauthn:virtualAuthenticators: true}&#10;Session ID: 2544260066e7214d73e607460947d161"/>
    <system-out><![CDATA[Trying to find Element By : By.xpath: //div[@class='viewall']
Found Element By : By.xpath: //div[@class='viewall']
Trying to find Element By : By.xpath: //div[@class='viewall']
Found Element By : By.xpath: //div[@class='viewall']
Trying to click on: [[ChromeDriver: chrome on WINDOWS (2544260066e7214d73e607460947d161)] -> xpath: //div[@class='viewall']]
]]></system-out>
  </testcase>
  <testcase name="verifyComboPlansOnBanner" classname="SeleniumTesting.AEMhdfc.HomepageTest" time="0">
    <skipped message="element not interactable&#10;  (Session info: headless chrome=96.0.4664.110)&#10;Build info: version: &apos;3.141.59&apos;, revision: &apos;e82be7d358&apos;, time: &apos;2018-11-14T08:17:03&apos;&#10;System info: host: &apos;LIN24007907&apos;, ip: &apos;192.168.1.13&apos;, os.name: &apos;Windows 10&apos;, os.arch: &apos;amd64&apos;, os.version: &apos;10.0&apos;, java.version: &apos;17&apos;&#10;Driver info: org.openqa.selenium.chrome.ChromeDriver&#10;Capabilities {acceptInsecureCerts: false, browserName: chrome, browserVersion: 96.0.4664.110, chrome: {chromedriverVersion: 96.0.4664.45 (76e4c1bb2ab46..., userDataDir: C:\Users\Akundar\AppData\Lo...}, goog:chromeOptions: {debuggerAddress: localhost:51808}, javascriptEnabled: true, networkConnectionEnabled: false, pageLoadStrategy: normal, platform: WINDOWS, platformName: WINDOWS, proxy: Proxy(), setWindowRect: true, strictFileInteractability: false, timeouts: {implicit: 0, pageLoad: 300000, script: 30000}, unhandledPromptBehavior: dismiss and notify, webauthn:extension:credBlob: true, webauthn:extension:largeBlob: true, webauthn:virtualAuthenticators: true}&#10;Session ID: 2544260066e7214d73e607460947d161"/>
    <system-out><![CDATA[Trying to find Element By : By.xpath: //div[@class='viewall']
Found Element By : By.xpath: //div[@class='viewall']
Trying to find Element By : By.xpath: //div[@class='viewall']
Found Element By : By.xpath: //div[@class='viewall']
Trying to click on: [[ChromeDriver: chrome on WINDOWS (2544260066e7214d73e607460947d161)] -> xpath: //div[@class='viewall']]
]]></system-out>
  </testcase>
  <testcase name="verifyComboPlansOnBanner" classname="SeleniumTesting.AEMhdfc.HomepageTest" time="0">
    <skipped message="element not interactable&#10;  (Session info: headless chrome=96.0.4664.110)&#10;Build info: version: &apos;3.141.59&apos;, revision: &apos;e82be7d358&apos;, time: &apos;2018-11-14T08:17:03&apos;&#10;System info: host: &apos;LIN24007907&apos;, ip: &apos;192.168.1.13&apos;, os.name: &apos;Windows 10&apos;, os.arch: &apos;amd64&apos;, os.version: &apos;10.0&apos;, java.version: &apos;17&apos;&#10;Driver info: org.openqa.selenium.chrome.ChromeDriver&#10;Capabilities {acceptInsecureCerts: false, browserName: chrome, browserVersion: 96.0.4664.110, chrome: {chromedriverVersion: 96.0.4664.45 (76e4c1bb2ab46..., userDataDir: C:\Users\Akundar\AppData\Lo...}, goog:chromeOptions: {debuggerAddress: localhost:51808}, javascriptEnabled: true, networkConnectionEnabled: false, pageLoadStrategy: normal, platform: WINDOWS, platformName: WINDOWS, proxy: Proxy(), setWindowRect: true, strictFileInteractability: false, timeouts: {implicit: 0, pageLoad: 300000, script: 30000}, unhandledPromptBehavior: dismiss and notify, webauthn:extension:credBlob: true, webauthn:extension:largeBlob: true, webauthn:virtualAuthenticators: true}&#10;Session ID: 2544260066e7214d73e607460947d161"/>
    <system-out><![CDATA[Trying to find Element By : By.xpath: //div[@class='viewall']
Found Element By : By.xpath: //div[@class='viewall']
Trying to find Element By : By.xpath: //div[@class='viewall']
Found Element By : By.xpath: //div[@class='viewall']
Trying to click on: [[ChromeDriver: chrome on WINDOWS (2544260066e7214d73e607460947d161)] -> xpath: //div[@class='viewall']]
]]></system-out>
  </testcase>
  <testcase name="verifyComboPlansOnBanner" classname="SeleniumTesting.AEMhdfc.HomepageTest" time="30.061">
    <failure message="element not interactable&#10;  (Session info: headless chrome=96.0.4664.110)&#10;Build info: version: &apos;3.141.59&apos;, revision: &apos;e82be7d358&apos;, time: &apos;2018-11-14T08:17:03&apos;&#10;System info: host: &apos;LIN24007907&apos;, ip: &apos;192.168.1.13&apos;, os.name: &apos;Windows 10&apos;, os.arch: &apos;amd64&apos;, os.version: &apos;10.0&apos;, java.version: &apos;17&apos;&#10;Driver info: org.openqa.selenium.chrome.ChromeDriver&#10;Capabilities {acceptInsecureCerts: false, browserName: chrome, browserVersion: 96.0.4664.110, chrome: {chromedriverVersion: 96.0.4664.45 (76e4c1bb2ab46..., userDataDir: C:\Users\Akundar\AppData\Lo...}, goog:chromeOptions: {debuggerAddress: localhost:51808}, javascriptEnabled: true, networkConnectionEnabled: false, pageLoadStrategy: normal, platform: WINDOWS, platformName: WINDOWS, proxy: Proxy(), setWindowRect: true, strictFileInteractability: false, timeouts: {implicit: 0, pageLoad: 300000, script: 30000}, unhandledPromptBehavior: dismiss and notify, webauthn:extension:credBlob: true, webauthn:extension:largeBlob: true, webauthn:virtualAuthenticators: true}&#10;Session ID: 2544260066e7214d73e607460947d161" type="org.openqa.selenium.ElementNotInteractableException"><![CDATA[org.openqa.selenium.ElementNotInteractableException: 
element not interactable
  (Session info: headless chrome=96.0.4664.110)
Build info: version: '3.141.59', revision: 'e82be7d358', time: '2018-11-14T08:17:03'
System info: host: 'LIN24007907', ip: '192.168.1.13', os.name: 'Windows 10', os.arch: 'amd64', os.version: '10.0', java.version: '17'
Driver info: org.openqa.selenium.chrome.ChromeDriver
Capabilities {acceptInsecureCerts: false, browserName: chrome, browserVersion: 96.0.4664.110, chrome: {chromedriverVersion: 96.0.4664.45 (76e4c1bb2ab46..., userDataDir: C:\Users\Akundar\AppData\Lo...}, goog:chromeOptions: {debuggerAddress: localhost:51808}, javascriptEnabled: true, networkConnectionEnabled: false, pageLoadStrategy: normal, platform: WINDOWS, platformName: WINDOWS, proxy: Proxy(), setWindowRect: true, strictFileInteractability: false, timeouts: {implicit: 0, pageLoad: 300000, script: 30000}, unhandledPromptBehavior: dismiss and notify, webauthn:extension:credBlob: true, webauthn:extension:largeBlob: true, webauthn:virtualAuthenticators: true}
Session ID: 2544260066e7214d73e607460947d161
	at SeleniumTesting.AEMhdfc.HomepageTest.verifyComboPlansOnBanner(HomepageTest.java:130)
]]></failure>
    <system-out><![CDATA[Trying to find Element By : By.xpath: //div[@class='viewall']
Found Element By : By.xpath: //div[@class='viewall']
Trying to find Element By : By.xpath: //div[@class='viewall']
Found Element By : By.xpath: //div[@class='viewall']
Trying to click on: [[ChromeDriver: chrome on WINDOWS (2544260066e7214d73e607460947d161)] -> xpath: //div[@class='viewall']]
]]></system-out>
  </testcase>
  <testcase name="verifyGroupPlansOnBanner" classname="SeleniumTesting.AEMhdfc.HomepageTest" time="0">
    <skipped message="element not interactable&#10;  (Session info: headless chrome=96.0.4664.110)&#10;Build info: version: &apos;3.141.59&apos;, revision: &apos;e82be7d358&apos;, time: &apos;2018-11-14T08:17:03&apos;&#10;System info: host: &apos;LIN24007907&apos;, ip: &apos;192.168.1.13&apos;, os.name: &apos;Windows 10&apos;, os.arch: &apos;amd64&apos;, os.version: &apos;10.0&apos;, java.version: &apos;17&apos;&#10;Driver info: org.openqa.selenium.chrome.ChromeDriver&#10;Capabilities {acceptInsecureCerts: false, browserName: chrome, browserVersion: 96.0.4664.110, chrome: {chromedriverVersion: 96.0.4664.45 (76e4c1bb2ab46..., userDataDir: C:\Users\Akundar\AppData\Lo...}, goog:chromeOptions: {debuggerAddress: localhost:51808}, javascriptEnabled: true, networkConnectionEnabled: false, pageLoadStrategy: normal, platform: WINDOWS, platformName: WINDOWS, proxy: Proxy(), setWindowRect: true, strictFileInteractability: false, timeouts: {implicit: 0, pageLoad: 300000, script: 30000}, unhandledPromptBehavior: dismiss and notify, webauthn:extension:credBlob: true, webauthn:extension:largeBlob: true, webauthn:virtualAuthenticators: true}&#10;Session ID: 2544260066e7214d73e607460947d161"/>
    <system-out><![CDATA[Trying to find Element By : By.xpath: //div[@class='viewall']
Found Element By : By.xpath: //div[@class='viewall']
Trying to find Element By : By.xpath: //div[@class='viewall']
Found Element By : By.xpath: //div[@class='viewall']
Trying to click on: [[ChromeDriver: chrome on WINDOWS (2544260066e7214d73e607460947d161)] -> xpath: //div[@class='viewall']]
]]></system-out>
  </testcase>
  <testcase name="verifyGroupPlansOnBanner" classname="SeleniumTesting.AEMhdfc.HomepageTest" time="0">
    <skipped message="element not interactable&#10;  (Session info: headless chrome=96.0.4664.110)&#10;Build info: version: &apos;3.141.59&apos;, revision: &apos;e82be7d358&apos;, time: &apos;2018-11-14T08:17:03&apos;&#10;System info: host: &apos;LIN24007907&apos;, ip: &apos;192.168.1.13&apos;, os.name: &apos;Windows 10&apos;, os.arch: &apos;amd64&apos;, os.version: &apos;10.0&apos;, java.version: &apos;17&apos;&#10;Driver info: org.openqa.selenium.chrome.ChromeDriver&#10;Capabilities {acceptInsecureCerts: false, browserName: chrome, browserVersion: 96.0.4664.110, chrome: {chromedriverVersion: 96.0.4664.45 (76e4c1bb2ab46..., userDataDir: C:\Users\Akundar\AppData\Lo...}, goog:chromeOptions: {debuggerAddress: localhost:51808}, javascriptEnabled: true, networkConnectionEnabled: false, pageLoadStrategy: normal, platform: WINDOWS, platformName: WINDOWS, proxy: Proxy(), setWindowRect: true, strictFileInteractability: false, timeouts: {implicit: 0, pageLoad: 300000, script: 30000}, unhandledPromptBehavior: dismiss and notify, webauthn:extension:credBlob: true, webauthn:extension:largeBlob: true, webauthn:virtualAuthenticators: true}&#10;Session ID: 2544260066e7214d73e607460947d161"/>
    <system-out><![CDATA[Trying to find Element By : By.xpath: //div[@class='viewall']
Found Element By : By.xpath: //div[@class='viewall']
Trying to find Element By : By.xpath: //div[@class='viewall']
Found Element By : By.xpath: //div[@class='viewall']
Trying to click on: [[ChromeDriver: chrome on WINDOWS (2544260066e7214d73e607460947d161)] -> xpath: //div[@class='viewall']]
]]></system-out>
  </testcase>
  <testcase name="verifyGroupPlansOnBanner" classname="SeleniumTesting.AEMhdfc.HomepageTest" time="0">
    <skipped message="element not interactable&#10;  (Session info: headless chrome=96.0.4664.110)&#10;Build info: version: &apos;3.141.59&apos;, revision: &apos;e82be7d358&apos;, time: &apos;2018-11-14T08:17:03&apos;&#10;System info: host: &apos;LIN24007907&apos;, ip: &apos;192.168.1.13&apos;, os.name: &apos;Windows 10&apos;, os.arch: &apos;amd64&apos;, os.version: &apos;10.0&apos;, java.version: &apos;17&apos;&#10;Driver info: org.openqa.selenium.chrome.ChromeDriver&#10;Capabilities {acceptInsecureCerts: false, browserName: chrome, browserVersion: 96.0.4664.110, chrome: {chromedriverVersion: 96.0.4664.45 (76e4c1bb2ab46..., userDataDir: C:\Users\Akundar\AppData\Lo...}, goog:chromeOptions: {debuggerAddress: localhost:51808}, javascriptEnabled: true, networkConnectionEnabled: false, pageLoadStrategy: normal, platform: WINDOWS, platformName: WINDOWS, proxy: Proxy(), setWindowRect: true, strictFileInteractability: false, timeouts: {implicit: 0, pageLoad: 300000, script: 30000}, unhandledPromptBehavior: dismiss and notify, webauthn:extension:credBlob: true, webauthn:extension:largeBlob: true, webauthn:virtualAuthenticators: true}&#10;Session ID: 2544260066e7214d73e607460947d161"/>
    <system-out><![CDATA[Trying to find Element By : By.xpath: //div[@class='viewall']
Found Element By : By.xpath: //div[@class='viewall']
Trying to find Element By : By.xpath: //div[@class='viewall']
Found Element By : By.xpath: //div[@class='viewall']
Trying to click on: [[ChromeDriver: chrome on WINDOWS (2544260066e7214d73e607460947d161)] -> xpath: //div[@class='viewall']]
]]></system-out>
  </testcase>
  <testcase name="verifyGroupPlansOnBanner" classname="SeleniumTesting.AEMhdfc.HomepageTest" time="30.079">
    <failure message="element not interactable&#10;  (Session info: headless chrome=96.0.4664.110)&#10;Build info: version: &apos;3.141.59&apos;, revision: &apos;e82be7d358&apos;, time: &apos;2018-11-14T08:17:03&apos;&#10;System info: host: &apos;LIN24007907&apos;, ip: &apos;192.168.1.13&apos;, os.name: &apos;Windows 10&apos;, os.arch: &apos;amd64&apos;, os.version: &apos;10.0&apos;, java.version: &apos;17&apos;&#10;Driver info: org.openqa.selenium.chrome.ChromeDriver&#10;Capabilities {acceptInsecureCerts: false, browserName: chrome, browserVersion: 96.0.4664.110, chrome: {chromedriverVersion: 96.0.4664.45 (76e4c1bb2ab46..., userDataDir: C:\Users\Akundar\AppData\Lo...}, goog:chromeOptions: {debuggerAddress: localhost:51808}, javascriptEnabled: true, networkConnectionEnabled: false, pageLoadStrategy: normal, platform: WINDOWS, platformName: WINDOWS, proxy: Proxy(), setWindowRect: true, strictFileInteractability: false, timeouts: {implicit: 0, pageLoad: 300000, script: 30000}, unhandledPromptBehavior: dismiss and notify, webauthn:extension:credBlob: true, webauthn:extension:largeBlob: true, webauthn:virtualAuthenticators: true}&#10;Session ID: 2544260066e7214d73e607460947d161" type="org.openqa.selenium.ElementNotInteractableException"><![CDATA[org.openqa.selenium.ElementNotInteractableException: 
element not interactable
  (Session info: headless chrome=96.0.4664.110)
Build info: version: '3.141.59', revision: 'e82be7d358', time: '2018-11-14T08:17:03'
System info: host: 'LIN24007907', ip: '192.168.1.13', os.name: 'Windows 10', os.arch: 'amd64', os.version: '10.0', java.version: '17'
Driver info: org.openqa.selenium.chrome.ChromeDriver
Capabilities {acceptInsecureCerts: false, browserName: chrome, browserVersion: 96.0.4664.110, chrome: {chromedriverVersion: 96.0.4664.45 (76e4c1bb2ab46..., userDataDir: C:\Users\Akundar\AppData\Lo...}, goog:chromeOptions: {debuggerAddress: localhost:51808}, javascriptEnabled: true, networkConnectionEnabled: false, pageLoadStrategy: normal, platform: WINDOWS, platformName: WINDOWS, proxy: Proxy(), setWindowRect: true, strictFileInteractability: false, timeouts: {implicit: 0, pageLoad: 300000, script: 30000}, unhandledPromptBehavior: dismiss and notify, webauthn:extension:credBlob: true, webauthn:extension:largeBlob: true, webauthn:virtualAuthenticators: true}
Session ID: 2544260066e7214d73e607460947d161
	at SeleniumTesting.AEMhdfc.HomepageTest.verifyGroupPlansOnBanner(HomepageTest.java:141)
]]></failure>
    <system-out><![CDATA[Trying to find Element By : By.xpath: //div[@class='viewall']
Found Element By : By.xpath: //div[@class='viewall']
Trying to find Element By : By.xpath: //div[@class='viewall']
Found Element By : By.xpath: //div[@class='viewall']
Trying to click on: [[ChromeDriver: chrome on WINDOWS (2544260066e7214d73e607460947d161)] -> xpath: //div[@class='viewall']]
]]></system-out>
  </testcase>
  <testcase name="verifyArrowButtonsOnBanner" classname="SeleniumTesting.AEMhdfc.HomepageTest" time="0">
    <skipped message="element not interactable&#10;  (Session info: headless chrome=96.0.4664.110)&#10;Build info: version: &apos;3.141.59&apos;, revision: &apos;e82be7d358&apos;, time: &apos;2018-11-14T08:17:03&apos;&#10;System info: host: &apos;LIN24007907&apos;, ip: &apos;192.168.1.13&apos;, os.name: &apos;Windows 10&apos;, os.arch: &apos;amd64&apos;, os.version: &apos;10.0&apos;, java.version: &apos;17&apos;&#10;Driver info: org.openqa.selenium.chrome.ChromeDriver&#10;Capabilities {acceptInsecureCerts: false, browserName: chrome, browserVersion: 96.0.4664.110, chrome: {chromedriverVersion: 96.0.4664.45 (76e4c1bb2ab46..., userDataDir: C:\Users\Akundar\AppData\Lo...}, goog:chromeOptions: {debuggerAddress: localhost:51808}, javascriptEnabled: true, networkConnectionEnabled: false, pageLoadStrategy: normal, platform: WINDOWS, platformName: WINDOWS, proxy: Proxy(), setWindowRect: true, strictFileInteractability: false, timeouts: {implicit: 0, pageLoad: 300000, script: 30000}, unhandledPromptBehavior: dismiss and notify, webauthn:extension:credBlob: true, webauthn:extension:largeBlob: true, webauthn:virtualAuthenticators: true}&#10;Session ID: 2544260066e7214d73e607460947d161"/>
    <system-out><![CDATA[Trying to find Element By : By.xpath: //div[@class='viewall']
Found Element By : By.xpath: //div[@class='viewall']
Trying to find Element By : By.xpath: //div[@class='viewall']
Found Element By : By.xpath: //div[@class='viewall']
Trying to click on: [[ChromeDriver: chrome on WINDOWS (2544260066e7214d73e607460947d161)] -> xpath: //div[@class='viewall']]
]]></system-out>
  </testcase>
  <testcase name="verifyArrowButtonsOnBanner" classname="SeleniumTesting.AEMhdfc.HomepageTest" time="0">
    <skipped message="element not interactable&#10;  (Session info: headless chrome=96.0.4664.110)&#10;Build info: version: &apos;3.141.59&apos;, revision: &apos;e82be7d358&apos;, time: &apos;2018-11-14T08:17:03&apos;&#10;System info: host: &apos;LIN24007907&apos;, ip: &apos;192.168.1.13&apos;, os.name: &apos;Windows 10&apos;, os.arch: &apos;amd64&apos;, os.version: &apos;10.0&apos;, java.version: &apos;17&apos;&#10;Driver info: org.openqa.selenium.chrome.ChromeDriver&#10;Capabilities {acceptInsecureCerts: false, browserName: chrome, browserVersion: 96.0.4664.110, chrome: {chromedriverVersion: 96.0.4664.45 (76e4c1bb2ab46..., userDataDir: C:\Users\Akundar\AppData\Lo...}, goog:chromeOptions: {debuggerAddress: localhost:51808}, javascriptEnabled: true, networkConnectionEnabled: false, pageLoadStrategy: normal, platform: WINDOWS, platformName: WINDOWS, proxy: Proxy(), setWindowRect: true, strictFileInteractability: false, timeouts: {implicit: 0, pageLoad: 300000, script: 30000}, unhandledPromptBehavior: dismiss and notify, webauthn:extension:credBlob: true, webauthn:extension:largeBlob: true, webauthn:virtualAuthenticators: true}&#10;Session ID: 2544260066e7214d73e607460947d161"/>
    <system-out><![CDATA[Trying to find Element By : By.xpath: //div[@class='viewall']
Found Element By : By.xpath: //div[@class='viewall']
Trying to find Element By : By.xpath: //div[@class='viewall']
Found Element By : By.xpath: //div[@class='viewall']
Trying to click on: [[ChromeDriver: chrome on WINDOWS (2544260066e7214d73e607460947d161)] -> xpath: //div[@class='viewall']]
]]></system-out>
  </testcase>
  <testcase name="verifyArrowButtonsOnBanner" classname="SeleniumTesting.AEMhdfc.HomepageTest" time="0">
    <skipped message="element not interactable&#10;  (Session info: headless chrome=96.0.4664.110)&#10;Build info: version: &apos;3.141.59&apos;, revision: &apos;e82be7d358&apos;, time: &apos;2018-11-14T08:17:03&apos;&#10;System info: host: &apos;LIN24007907&apos;, ip: &apos;192.168.1.13&apos;, os.name: &apos;Windows 10&apos;, os.arch: &apos;amd64&apos;, os.version: &apos;10.0&apos;, java.version: &apos;17&apos;&#10;Driver info: org.openqa.selenium.chrome.ChromeDriver&#10;Capabilities {acceptInsecureCerts: false, browserName: chrome, browserVersion: 96.0.4664.110, chrome: {chromedriverVersion: 96.0.4664.45 (76e4c1bb2ab46..., userDataDir: C:\Users\Akundar\AppData\Lo...}, goog:chromeOptions: {debuggerAddress: localhost:51808}, javascriptEnabled: true, networkConnectionEnabled: false, pageLoadStrategy: normal, platform: WINDOWS, platformName: WINDOWS, proxy: Proxy(), setWindowRect: true, strictFileInteractability: false, timeouts: {implicit: 0, pageLoad: 300000, script: 30000}, unhandledPromptBehavior: dismiss and notify, webauthn:extension:credBlob: true, webauthn:extension:largeBlob: true, webauthn:virtualAuthenticators: true}&#10;Session ID: 2544260066e7214d73e607460947d161"/>
    <system-out><![CDATA[Trying to find Element By : By.xpath: //div[@class='viewall']
Found Element By : By.xpath: //div[@class='viewall']
Trying to find Element By : By.xpath: //div[@class='viewall']
Found Element By : By.xpath: //div[@class='viewall']
Trying to click on: [[ChromeDriver: chrome on WINDOWS (2544260066e7214d73e607460947d161)] -> xpath: //div[@class='viewall']]
]]></system-out>
  </testcase>
  <testcase name="verifyArrowButtonsOnBanner" classname="SeleniumTesting.AEMhdfc.HomepageTest" time="30.116">
    <failure message="element not interactable&#10;  (Session info: headless chrome=96.0.4664.110)&#10;Build info: version: &apos;3.141.59&apos;, revision: &apos;e82be7d358&apos;, time: &apos;2018-11-14T08:17:03&apos;&#10;System info: host: &apos;LIN24007907&apos;, ip: &apos;192.168.1.13&apos;, os.name: &apos;Windows 10&apos;, os.arch: &apos;amd64&apos;, os.version: &apos;10.0&apos;, java.version: &apos;17&apos;&#10;Driver info: org.openqa.selenium.chrome.ChromeDriver&#10;Capabilities {acceptInsecureCerts: false, browserName: chrome, browserVersion: 96.0.4664.110, chrome: {chromedriverVersion: 96.0.4664.45 (76e4c1bb2ab46..., userDataDir: C:\Users\Akundar\AppData\Lo...}, goog:chromeOptions: {debuggerAddress: localhost:51808}, javascriptEnabled: true, networkConnectionEnabled: false, pageLoadStrategy: normal, platform: WINDOWS, platformName: WINDOWS, proxy: Proxy(), setWindowRect: true, strictFileInteractability: false, timeouts: {implicit: 0, pageLoad: 300000, script: 30000}, unhandledPromptBehavior: dismiss and notify, webauthn:extension:credBlob: true, webauthn:extension:largeBlob: true, webauthn:virtualAuthenticators: true}&#10;Session ID: 2544260066e7214d73e607460947d161" type="org.openqa.selenium.ElementNotInteractableException"><![CDATA[org.openqa.selenium.ElementNotInteractableException: 
element not interactable
  (Session info: headless chrome=96.0.4664.110)
Build info: version: '3.141.59', revision: 'e82be7d358', time: '2018-11-14T08:17:03'
System info: host: 'LIN24007907', ip: '192.168.1.13', os.name: 'Windows 10', os.arch: 'amd64', os.version: '10.0', java.version: '17'
Driver info: org.openqa.selenium.chrome.ChromeDriver
Capabilities {acceptInsecureCerts: false, browserName: chrome, browserVersion: 96.0.4664.110, chrome: {chromedriverVersion: 96.0.4664.45 (76e4c1bb2ab46..., userDataDir: C:\Users\Akundar\AppData\Lo...}, goog:chromeOptions: {debuggerAddress: localhost:51808}, javascriptEnabled: true, networkConnectionEnabled: false, pageLoadStrategy: normal, platform: WINDOWS, platformName: WINDOWS, proxy: Proxy(), setWindowRect: true, strictFileInteractability: false, timeouts: {implicit: 0, pageLoad: 300000, script: 30000}, unhandledPromptBehavior: dismiss and notify, webauthn:extension:credBlob: true, webauthn:extension:largeBlob: true, webauthn:virtualAuthenticators: true}
Session ID: 2544260066e7214d73e607460947d161
	at SeleniumTesting.AEMhdfc.HomepageTest.verifyArrowButtonsOnBanner(HomepageTest.java:150)
]]></failure>
    <system-out><![CDATA[Trying to find Element By : By.xpath: //div[@class='viewall']
Found Element By : By.xpath: //div[@class='viewall']
Trying to find Element By : By.xpath: //div[@class='viewall']
Found Element By : By.xpath: //div[@class='viewall']
Trying to click on: [[ChromeDriver: chrome on WINDOWS (2544260066e7214d73e607460947d161)] -> xpath: //div[@class='viewall']]
]]></system-out>
  </testcase>
  <testcase name="verifyMouseIndicator" classname="SeleniumTesting.AEMhdfc.HomepageTest" time="9.113">
    <system-out><![CDATA[Trying to find Element By : By.xpath: //li[@data-slide-to='0']
Found Element By : By.xpath: //li[@data-slide-to='0']
Trying to find Element By : By.xpath: //img[@src='/content/dam/hdfclifeinsurancecompany/home/banner/mc.svg']
Found Element By : By.xpath: //img[@src='/content/dam/hdfclifeinsurancecompany/home/banner/mc.svg']
Trying to find Element By : By.xpath: //img[@src='/content/dam/hdfclifeinsurancecompany/home/banner/mc.svg']
Found Element By : By.xpath: //img[@src='/content/dam/hdfclifeinsurancecompany/home/banner/mc.svg']
Trying to click on: [[ChromeDriver: chrome on WINDOWS (2544260066e7214d73e607460947d161)] -> xpath: //img[@src='/content/dam/hdfclifeinsurancecompany/home/banner/mc.svg']]
Clicked on: [[ChromeDriver: chrome on WINDOWS (2544260066e7214d73e607460947d161)] -> xpath: //img[@src='/content/dam/hdfclifeinsurancecompany/home/banner/mc.svg']]
]]></system-out>
  </testcase>
  <testcase name="verifyschedulePopupWithValidDataProductPage[Amit Kundar, 9.768462054E9](1)" classname="SeleniumTesting.AEMhdfc.HomepageTest" time="1.088">
    <failure message="element click intercepted: Element is not clickable at point (485, 1348)&#10;  (Session info: headless chrome=96.0.4664.110)&#10;Build info: version: &apos;3.141.59&apos;, revision: &apos;e82be7d358&apos;, time: &apos;2018-11-14T08:17:03&apos;&#10;System info: host: &apos;LIN24007907&apos;, ip: &apos;192.168.1.13&apos;, os.name: &apos;Windows 10&apos;, os.arch: &apos;amd64&apos;, os.version: &apos;10.0&apos;, java.version: &apos;17&apos;&#10;Driver info: org.openqa.selenium.chrome.ChromeDriver&#10;Capabilities {acceptInsecureCerts: false, browserName: chrome, browserVersion: 96.0.4664.110, chrome: {chromedriverVersion: 96.0.4664.45 (76e4c1bb2ab46..., userDataDir: C:\Users\Akundar\AppData\Lo...}, goog:chromeOptions: {debuggerAddress: localhost:51808}, javascriptEnabled: true, networkConnectionEnabled: false, pageLoadStrategy: normal, platform: WINDOWS, platformName: WINDOWS, proxy: Proxy(), setWindowRect: true, strictFileInteractability: false, timeouts: {implicit: 0, pageLoad: 300000, script: 30000}, unhandledPromptBehavior: dismiss and notify, webauthn:extension:credBlob: true, webauthn:extension:largeBlob: true, webauthn:virtualAuthenticators: true}&#10;Session ID: 2544260066e7214d73e607460947d161" type="org.openqa.selenium.ElementClickInterceptedException"><![CDATA[org.openqa.selenium.ElementClickInterceptedException: 
element click intercepted: Element is not clickable at point (485, 1348)
  (Session info: headless chrome=96.0.4664.110)
Build info: version: '3.141.59', revision: 'e82be7d358', time: '2018-11-14T08:17:03'
System info: host: 'LIN24007907', ip: '192.168.1.13', os.name: 'Windows 10', os.arch: 'amd64', os.version: '10.0', java.version: '17'
Driver info: org.openqa.selenium.chrome.ChromeDriver
[...]
  </testcase>
  <testcase name="verifyYourPlanYourBenefitsSection" classname="SeleniumTesting.AEMhdfc.ProductpageTest" time="0">
    <skipped message="Method ProductpageTest.verifyYourPlanYourBenefitsSection()[pri:12, instance:SeleniumTesting.AEMhdfc.ProductpageTest@2cf23c81] depends on not successfully finished methods"/>
  </testcase>
  <testcase name="verifyEligibilityCriteria" classname="SeleniumTesting.AEMhdfc.ProductpageTest" time="33.095">
    <failure message="no such element: Unable to locate element: {&quot;method&quot;:&quot;css selector&quot;,&quot;selector&quot;:&quot;#view\-eligibility\-table&quot;}&#10;  (Session info: headless chrome=96.0.4664.110)&#10;For documentation on this error, please visit: https://www.seleniumhq.org/exceptions/no_such_element.html&#10;Build info: version: &apos;3.141.59&apos;, revision: &apos;e82be7d358&apos;, time: &apos;2018-11-14T08:17:03&apos;&#10;System info: host: &apos;LIN24007907&apos;, ip: &apos;192.168.1.13&apos;, os.name: &apos;Windows 10&apos;, os.arch: &apos;amd64&apos;, os.version: &apos;10.0&apos;, java.version: &apos;17&apos;&#10;Driver info: org.openqa.selenium.chrome.ChromeDriver&#10;Capabilities {acceptInsecureCerts: false, browserName: chrome, browserVersion: 96.0.4664.110, chrome: {chromedriverVersion: 96.0.4664.45 (76e4c1bb2ab46..., userDataDir: C:\Users\Akundar\AppData\Lo...}, goog:chromeOptions: {debuggerAddress: localhost:53686}, javascriptEnabled: true, networkConnectionEnabled: false, pageLoadStrategy: normal, platform: WINDOWS, platformName: WINDOWS, proxy: Proxy(), setWindowRect: true, strictFileInteractability: false, timeouts: {implicit: 0, pageLoad: 300000, script: 30000}, unhandledPromptBehavior: dismiss and notify, webauthn:extension:credBlob: true, webauthn:extension:largeBlob: true, webauthn:virtualAuthenticators: true}&#10;Session ID: c656b495fe1ef37f64bf29af69bb819b&#10;*** Element info: {Using=id, value=view-eligibility-table}" type="org.openqa.selenium.NoSuchElementException"><![CDATA[org.openqa.selenium.NoSuchElementException: 
no such element: Unable to locate element: {"method":"css selector","selector":"#view\-eligibility\-table"}
  (Session info: headless chrome=96.0.4664.110)
For documentation on this error, please visit: https://www.seleniumhq.org/exceptions/no_such_element.html
Build info: version: '3.141.59', revision: 'e82be7d358', time: '2018-11-14T08:17:03'
System info: host: 'LIN24007907', ip: '192.168.1.13', os.name: 'Windows 10', os.arch: 'amd64', os.version: '10.0', java.version: '17'
Driver info: org.openqa.selenium.chrome.ChromeDriver
Capabilities {acceptInsecureCerts: false, browserName: chrome, browserVersion: 96.0.4664.110, chrome: {chromedriverVersion: 96.0.4664.45 (76e4c1bb2ab46..., userDataDir: C:\Users\Akundar\AppData\Lo...}, goog:chromeOptions: {debuggerAddress: localhost:53686}, javascriptEnabled: true, networkConnectionEnabled: false, pageLoadStrategy: normal, platform: WINDOWS, platformName: WINDOWS, proxy: Proxy(), setWindowRect: true, strictFileInteractability: false, timeouts: {implicit: 0, pageLoad: 300000, script: 30000}, unhandledPromptBehavior: dismiss and notify, webauthn:extension:credBlob: true, webauthn:extension:largeBlob: true, webauthn:virtualAuthenticators: true}
Session ID: c656b495fe1ef37f64bf29af69bb819b
*** Element info: {Using=id, value=view-eligibility-table}
	at SeleniumTesting.AEMhdfc.ProductpageTest.verifyEligibilityCriteria(ProductpageTest.java:168)
]]></failure>
    <system-out><![CDATA[Trying to find Element By : By.id: view-eligibility-table
]]></system-out>
  </testcase>
  <testcase name="verifyVideoOnCategoryPage" classname="SeleniumTesting.AEMhdfc.ProductpageTest" time="3.018"/>
  <testcase name="verifyRidersSection" classname="SeleniumTesting.AEMhdfc.ProductpageTest" time="36.056">
    <failure message="no such element: Unable to locate element: {&quot;method&quot;:&quot;xpath&quot;,&quot;selector&quot;:&quot;(//a[@class=&apos;viewMoreBtn&apos;])[3]&quot;}&#10;  (Session info: headless chrome=96.0.4664.110)&#10;For documentation on this error, please visit: https://www.seleniumhq.org/exceptions/no_such_element.html&#10;Build info: version: &apos;3.141.59&apos;, revision: &apos;e82be7d358&apos;, time: &apos;2018-11-14T08:17:03&apos;&#10;System info: host: &apos;LIN24007907&apos;, ip: &apos;192.168.1.13&apos;, os.name: &apos;Windows 10&apos;, os.arch: &apos;amd64&apos;, os.version: &apos;10.0&apos;, java.version: &apos;17&apos;&#10;Driver info: org.openqa.selenium.chrome.ChromeDriver&#10;Capabilities {acceptInsecureCerts: false, browserName: chrome, browserVersion: 96.0.4664.110, chrome: {chromedriverVersion: 96.0.4664.45 (76e4c1bb2ab46..., userDataDir: C:\Users\Akundar\AppData\Lo...}, goog:chromeOptions: {debuggerAddress: localhost:53686}, javascriptEnabled: true, networkConnectionEnabled: false, pageLoadStrategy: normal, platform: WINDOWS, platformName: WINDOWS, proxy: Proxy(), setWindowRect: true, strictFileInteractability: false, timeouts: {implicit: 0, pageLoad: 300000, script: 30000}, unhandledPromptBehavior: dismiss and notify, webauthn:extension:credBlob: true, webauthn:extension:largeBlob: true, webauthn:virtualAuthenticators: true}&#10;Session ID: c656b495fe1ef37f64bf29af69bb819b&#10;*** Element info: {Using=xpath, value=(//a[@class=&apos;viewMoreBtn&apos;])[3]}" type="org.openqa.selenium.NoSuchElementException"><![CDATA[org.openqa.selenium.NoSuchElementException: 
no such element: Unable to locate element: {"method":"xpath","selector":"(//a[@class='viewMoreBtn'])[3]"}
  (Session info: headless chrome=96.0.4664.110)
For documentation on this error, please visit: https://www.seleniumhq.org/exceptions/no_such_element.html
Build info: version: '3.141.59', revision: 'e82be7d358', time: '2018-11-14T08:17:03'
System info: host: 'LIN24007907', ip: '192.168.1.13', os.name: 'Windows 10', os.arch: 'amd64', os.version: '10.0', java.version: '17'
Driver info: org.openqa.selenium.chrome.ChromeDriver
Capabilities {acceptInsecureCerts: false, browserName: chrome, browserVersion: 96.0.4664.110, chrome: {chromedriverVersion: 96.0.4664.45 (76e4c1bb2ab46..., userDataDir: C:\Users\Akundar\AppData\Lo...}, goog:chromeOptions: {debuggerAddress: localhost:53686}, javascriptEnabled: true, networkConnectionEnabled: false, pageLoadStrategy: normal, platform: WINDOWS, platformName: WINDOWS, proxy: Proxy(), setWindowRect: true, strictFileInteractability: false, timeouts: {implicit: 0, pageLoad: 300000, script: 30000}, unhandledPromptBehavior: dismiss and notify, webauthn:extension:credBlob: true, webauthn:extension:largeBlob: true, webauthn:virtualAuthenticators: true}
Session ID: c656b495fe1ef37f64bf29af69bb819b
*** Element info: {Using=xpath, value=(//a[@class='viewMoreBtn'])[3]}
	at SeleniumTesting.AEMhdfc.ProductpageTest.verifyRidersSection(ProductpageTest.java:183)
]]></failure>
    <system-out><![CDATA[Trying to find Element By : By.xpath: (//a[@class='viewMoreBtn'])[3]
]]></system-out>
  </testcase>
  <testcase name="verifyScheduleACallOnProductPage" classname="SeleniumTesting.AEMhdfc.ProductpageTest" time="0">
    <skipped message="Method ProductpageTest.verifyScheduleACallOnProductPage()[pri:16, instance:SeleniumTesting.AEMhdfc.ProductpageTest@2cf23c81] depends on not successfully finished methods"/>
  </testcase>
  <testcase name="verifyFAQSection" classname="SeleniumTesting.AEMhdfc.ProductpageTest" time="0">
    <skipped message="Method ProductpageTest.verifyFAQSection()[pri:17, instance:SeleniumTesting.AEMhdfc.ProductpageTest@2cf23c81] depends on not successfully finished methods"/>
  </testcase>
  <testcase name="verifyDisclaimerOnProductPage" classname="SeleniumTesting.AEMhdfc.ProductpageTest" time="0">
    <skipped message="Method ProductpageTest.verifyDisclaimerOnProductPage()[pri:18, instance:SeleniumTesting.AEMhdfc.ProductpageTest@2cf23c81] depends on not successfully finished methods"/>
  </testcase>
  <testcase name="navigateToCustomerServiceLandingPage" classname="SeleniumTesting.AEMhdfc.CustomerservicelandingTest" time="0">
    <skipped message="element not interactable&#10;  (Session info: headless chrome=96.0.4664.110)&#10;Build info: version: &apos;3.141.59&apos;, revision: &apos;e82be7d358&apos;, time: &apos;2018-11-14T08:17:03&apos;&#10;System info: host: &apos;LIN24007907&apos;, ip: &apos;192.168.1.13&apos;, os.name: &apos;Windows 10&apos;, os.arch: &apos;amd64&apos;, os.version: &apos;10.0&apos;, java.version: &apos;17&apos;&#10;Driver info: org.openqa.selenium.chrome.ChromeDriver&#10;Capabilities {acceptInsecureCerts: false, browserName: chrome, browserVersion: 96.0.4664.110, chrome: {chromedriverVersion: 96.0.4664.45 (76e4c1bb2ab46..., userDataDir: C:\Users\Akundar\AppData\Lo...}, goog:chromeOptions: {debuggerAddress: localhost:54381}, javascriptEnabled: true, networkConnectionEnabled: false, pageLoadStrategy: normal, platform: WINDOWS, platformName: WINDOWS, proxy: Proxy(), setWindowRect: true, strictFileInteractability: false, timeouts: {implicit: 0, pageLoad: 300000, script: 30000}, unhandledPromptBehavior: dismiss and notify, webauthn:extension:credBlob: true, webauthn:extension:largeBlob: true, webauthn:virtualAuthenticators: true}&#10;Session ID: e415993e1d4bce11bcbcdeb55eb42954"/>
    <system-out><![CDATA[15:18:27.399 [main] INFO  SeleniumTesting.AEMhdfc.ProductpageTest - Product page test cases executed
Before navigating to: 'https://www.hdfclife.com/'
Navigated to:'https://www.hdfclife.com/'
15:18:30.473 [main] INFO  SeleniumTesting.AEMhdfc.ProductpageTest - Customer Service Landing Page test cases started
Trying to find Element By : By.xpath: //a[contains(text(),'Customer Service')]
Found Element By : By.xpath: //a[contains(text(),'Customer Service')]
Trying to find Element By : By.xpath: //a[contains(text(),'Customer Service')]
Found Element By : By.xpath: //a[contains(text(),'Customer Service')]
Trying to click on: [[ChromeDriver: chrome on WINDOWS (e415993e1d4bce11bcbcdeb55eb42954)] -> xpath: //a[contains(text(),'Customer Service')]]
]]></system-out>
    <system-err><![CDATA[Starting ChromeDriver 96.0.4664.45 (76e4c1bb2ab4671b8beba3444e61c0f17584b2fc-refs/branch-heads/4664@{#947}) on port 15291
Only local connections are allowed.
Please see https://chromedriver.chromium.org/security-considerations for suggestions on keeping ChromeDriver safe.
ChromeDriver was started successfully.
Jan 06, 2022 3:18:28 PM org.openqa.selenium.remote.ProtocolHandshake createSession
INFO: Detected dialect: W3C
]]></system-err>
  </testcase>
  <testcase name="navigateToCustomerServiceLandingPage" classname="SeleniumTesting.AEMhdfc.CustomerservicelandingTest" time="0">
    <skipped message="element not interactable&#10;  (Session info: headless chrome=96.0.4664.110)&#10;Build info: version: &apos;3.141.59&apos;, revision: &apos;e82be7d358&apos;, time: &apos;2018-11-14T08:17:03&apos;&#10;System info: host: &apos;LIN24007907&apos;, ip: &apos;192.168.1.13&apos;, os.name: &apos;Windows 10&apos;, os.arch: &apos;amd64&apos;, os.version: &apos;10.0&apos;, java.version: &apos;17&apos;&#10;Driver info: org.openqa.selenium.chrome.ChromeDriver&#10;Capabilities {acceptInsecureCerts: false, browserName: chrome, browserVersion: 96.0.4664.110, chrome: {chromedriverVersion: 96.0.4664.45 (76e4c1bb2ab46..., userDataDir: C:\Users\Akundar\AppData\Lo...}, goog:chromeOptions: {debuggerAddress: localhost:54381}, javascriptEnabled: true, networkConnectionEnabled: false, pageLoadStrategy: normal, platform: WINDOWS, platformName: WINDOWS, proxy: Proxy(), setWindowRect: true, strictFileInteractability: false, timeouts: {implicit: 0, pageLoad: 300000, script: 30000}, unhandledPromptBehavior: dismiss and notify, webauthn:extension:credBlob: true, webauthn:extension:largeBlob: true, webauthn:virtualAuthenticators: true}&#10;Session ID: e415993e1d4bce11bcbcdeb55eb42954"/>
    <system-out><![CDATA[Trying to find Element By : By.xpath: //a[contains(text(),'Customer Service')]
Found Element By : By.xpath: //a[contains(text(),'Customer Service')]
Trying to find Element By : By.xpath: //a[contains(text(),'Customer Service')]
Found Element By : By.xpath: //a[contains(text(),'Customer Service')]
Trying to click on: [[ChromeDriver: chrome on WINDOWS (e415993e1d4bce11bcbcdeb55eb42954)] -> xpath: //a[contains(text(),'Customer Service')]]
]]></system-out>
  </testcase>
  <testcase name="navigateToCustomerServiceLandingPage" classname="SeleniumTesting.AEMhdfc.CustomerservicelandingTest" time="0">
    <skipped message="element not interactable&#10;  (Session info: headless chrome=96.0.4664.110)&#10;Build info: version: &apos;3.141.59&apos;, revision: &apos;e82be7d358&apos;, time: &apos;2018-11-14T08:17:03&apos;&#10;System info: host: &apos;LIN24007907&apos;, ip: &apos;192.168.1.13&apos;, os.name: &apos;Windows 10&apos;, os.arch: &apos;amd64&apos;, os.version: &apos;10.0&apos;, java.version: &apos;17&apos;&#10;Driver info: org.openqa.selenium.chrome.ChromeDriver&#10;Capabilities {acceptInsecureCerts: false, browserName: chrome, browserVersion: 96.0.4664.110, chrome: {chromedriverVersion: 96.0.4664.45 (76e4c1bb2ab46..., userDataDir: C:\Users\Akundar\AppData\Lo...}, goog:chromeOptions: {debuggerAddress: localhost:54381}, javascriptEnabled: true, networkConnectionEnabled: false, pageLoadStrategy: normal, platform: WINDOWS, platformName: WINDOWS, proxy: Proxy(), setWindowRect: true, strictFileInteractability: false, timeouts: {implicit: 0, pageLoad: 300000, script: 30000}, unhandledPromptBehavior: dismiss and notify, webauthn:extension:credBlob: true, webauthn:extension:largeBlob: true, webauthn:virtualAuthenticators: true}&#10;Session ID: e415993e1d4bce11bcbcdeb55eb42954"/>
    <system-out><![CDATA[Trying to find Element By : By.xpath: //a[contains(text(),'Customer Service')]
Found Element By : By.xpath: //a[contains(text(),'Customer Service')]
Trying to find Element By : By.xpath: //a[contains(text(),'Customer Service')]
Found Element By : By.xpath: //a[contains(text(),'Customer Service')]
Trying to click on: [[ChromeDriver: chrome on WINDOWS (e415993e1d4bce11bcbcdeb55eb42954)] -> xpath: //a[contains(text(),'Customer Service')]]
]]></system-out>
  </testcase>
  <testcase name="navigateToCustomerServiceLandingPage" classname="SeleniumTesting.AEMhdfc.CustomerservicelandingTest" time="30.073">
    <failure message="element not interactable&#10;  (Session info: headless chrome=96.0.4664.110)&#10;Build info: version: &apos;3.141.59&apos;, revision: &apos;e82be7d358&apos;, time: &apos;2018-11-14T08:17:03&apos;&#10;System info: host: &apos;LIN24007907&apos;, ip: &apos;192.168.1.13&apos;, os.name: &apos;Windows 10&apos;, os.arch: &apos;amd64&apos;, os.version: &apos;10.0&apos;, java.version: &apos;17&apos;&#10;Driver info: org.openqa.selenium.chrome.ChromeDriver&#10;Capabilities {acceptInsecureCerts: false, browserName: chrome, browserVersion: 96.0.4664.110, chrome: {chromedriverVersion: 96.0.4664.45 (76e4c1bb2ab46..., userDataDir: C:\Users\Akundar\AppData\Lo...}, goog:chromeOptions: {debuggerAddress: localhost:54381}, javascriptEnabled: true, networkConnectionEnabled: false, pageLoadStrategy: normal, platform: WINDOWS, platformName: WINDOWS, proxy: Proxy(), setWindowRect: true, strictFileInteractability: false, timeouts: {implicit: 0, pageLoad: 300000, script: 30000}, unhandledPromptBehavior: dismiss and notify, webauthn:extension:credBlob: true, webauthn:extension:largeBlob: true, webauthn:virtualAuthenticators: true}&#10;Session ID: e415993e1d4bce11bcbcdeb55eb42954" type="org.openqa.selenium.ElementNotInteractableException"><![CDATA[org.openqa.selenium.ElementNotInteractableException: 
element not interactable
  (Session info: headless chrome=96.0.4664.110)
Build info: version: '3.141.59', revision: 'e82be7d358', time: '2018-11-14T08:17:03'
System info: host: 'LIN24007907', ip: '192.168.1.13', os.name: 'Windows 10', os.arch: 'amd64', os.version: '10.0', java.version: '17'
Driver info: org.openqa.selenium.chrome.ChromeDriver
Capabilities {acceptInsecureCerts: false, browserName: chrome, browserVersion: 96.0.4664.110, chrome: {chromedriverVersion: 96.0.4664.45 (76e4c1bb2ab46..., userDataDir: C:\Users\Akundar\AppData\Lo...}, goog:chromeOptions: {debuggerAddress: localhost:54381}, javascriptEnabled: true, networkConnectionEnabled: false, pageLoadStrategy: normal, platform: WINDOWS, platformName: WINDOWS, proxy: Proxy(), setWindowRect: true, strictFileInteractability: false, timeouts: {implicit: 0, pageLoad: 300000, script: 30000}, unhandledPromptBehavior: dismiss and notify, webauthn:extension:credBlob: true, webauthn:extension:largeBlob: true, webauthn:virtualAuthenticators: true}
Session ID: e415993e1d4bce11bcbcdeb55eb42954
	at SeleniumTesting.AEMhdfc.CustomerservicelandingTest.navigateToCustomerServiceLandingPage(CustomerservicelandingTest.java:54)
]]></failure>
    <system-out><![CDATA[Trying to find Element By : By.xpath: //a[contains(text(),'Customer Service')]
Found Element By : By.xpath: //a[contains(text(),'Customer Service')]
Trying to find Element By : By.xpath: //a[contains(text(),'Customer Service')]
Found Element By : By.xpath: //a[contains(text(),'Customer Service')]
Trying to click on: [[ChromeDriver: chrome on WINDOWS (e415993e1d4bce11bcbcdeb55eb42954)] -> xpath: //a[contains(text(),'Customer Service')]]
]]></system-out>
  </testcase>
  <testcase name="verifyCustomerServiceLandingPopup" classname="SeleniumTesting.AEMhdfc.CustomerservicelandingTest" time="0">
    <skipped message="Method CustomerservicelandingTest.verifyCustomerServiceLandingPopup()[pri:2, instance:SeleniumTesting.AEMhdfc.CustomerservicelandingTest@3624da92] depends on not successfully finished methods"/>
  </testcase>
  <testcase name="verifyBannerCarousel" classname="SeleniumTesting.AEMhdfc.CustomerservicelandingTest" time="0">
    <skipped message="Method CustomerservicelandingTest.verifyBannerCarousel()[pri:3, instance:SeleniumTesting.AEMhdfc.CustomerservicelandingTest@3624da92] depends on not successfully finished methods"/>
  </testcase>
  <testcase name="verifyBreadcrumb" classname="SeleniumTesting.AEMhdfc.CustomerservicelandingTest" time="0">
    <skipped message="Method CustomerservicelandingTest.verifyBreadcrumb()[pri:4, instance:SeleniumTesting.AEMhdfc.CustomerservicelandingTest@3624da92] depends on not successfully finished methods"/>
  </testcase>
  <testcase name="verifyQuickLinksSection" classname="SeleniumTesting.AEMhdfc.CustomerservicelandingTest" time="0">
    <skipped message="Method CustomerservicelandingTest.verifyQuickLinksSection()[pri:5, instance:SeleniumTesting.AEMhdfc.CustomerservicelandingTest@3624da92] depends on not successfully finished methods"/>
  </testcase>
  <testcase name="verifyFAQSection" classname="SeleniumTesting.AEMhdfc.CustomerservicelandingTest" time="0">
    <skipped message="Method CustomerservicelandingTest.verifyFAQSection()[pri:6, instance:SeleniumTesting.AEMhdfc.CustomerservicelandingTest@3624da92] depends on not successfully finished methods"/>
  </testcase>
  <testcase name="verifyTiles" classname="SeleniumTesting.AEMhdfc.CustomerservicelandingTest" time="0">
    <skipped message="Method CustomerservicelandingTest.verifyTiles()[pri:7, instance:SeleniumTesting.AEMhdfc.CustomerservicelandingTest@3624da92] depends on not successfully finished methods"/>
  </testcase>
  <testcase name="verifyAadharSection" classname="SeleniumTesting.AEMhdfc.CustomerservicelandingTest" time="0">
    <skipped message="Method CustomerservicelandingTest.verifyAadharSection()[pri:8, instance:SeleniumTesting.AEMhdfc.CustomerservicelandingTest@3624da92] depends on not successfully finished methods"/>
  </testcase>
  <testcase name="verifyContactUsSection" classname="SeleniumTesting.AEMhdfc.CustomerservicelandingTest" time="0">
    <skipped message="Method CustomerservicelandingTest.verifyContactUsSection()[pri:9, instance:SeleniumTesting.AEMhdfc.CustomerservicelandingTest@3624da92] depends on not successfully finished methods"/>
  </testcase>
</testsuite>