<?xml version="1.0" encoding="UTF-8"?>
<testsuite xmlns:xsi="http://www.w3.org/2001/XMLSchema-instance" xsi:noNamespaceSchemaLocation="https://maven.apache.org/surefire/maven-surefire-plugin/xsd/surefire-test-report-3.0.xsd" version="3.0" name="TestSuite" time="1,658.251" tests="72" errors="0" skipped="7" failures="3">
  <properties>
[...]
</properties>
  <testcase name="verifyBannerCarousel" classname="SeleniumTesting.AEMhdfc.HomepageTest" time="15.753">
    <system-out><![CDATA[Before navigating to: 'https://www.hdfclife.com/'
Navigated to:'https://www.hdfclife.com/'
14:26:16.087 [main] INFO  SeleniumTesting.AEMhdfc.HomepageTest - Homepage test cases started
Trying to find Element By : By.xpath: //li[@data-slide-to='1']
Found Element By : By.xpath: //li[@data-slide-to='1']
Trying to click on: [[ChromeDriver: chrome on WINDOWS (a0ad3bd54702ef24780c35525994ca46)] -> xpath: //li[@data-slide-to='1']]
Clicked on: [[ChromeDriver: chrome on WINDOWS (a0ad3bd54702ef24780c35525994ca46)] -> xpath: //li[@data-slide-to='1']]
Trying to find Element By : By.xpath: //div[@class='carousel-item active']//img[@class='bg-align']
Found Element By : By.xpath: //div[@class='carousel-item active']//img[@class='bg-align']
Trying to find Element By : By.xpath: //li[@data-slide-to='2']
Found Element By : By.xpath: //li[@data-slide-to='2']
Trying to click on: [[ChromeDriver: chrome on WINDOWS (a0ad3bd54702ef24780c35525994ca46)] -> xpath: //li[@data-slide-to='2']]
Clicked on: [[ChromeDriver: chrome on WINDOWS (a0ad3bd54702ef24780c35525994ca46)] -> xpath: //li[@data-slide-to='2']]
Trying to find Element By : By.xpath: //div[@class='carousel-item active']//img[@class='bg-align']
Found Element By : By.xpath: //div[@class='carousel-item active']//img[@class='bg-align']
Trying to find Element By : By.xpath: //li[@data-slide-to='3']
Found Element By : By.xpath: //li[@data-slide-to='3']
Trying to click on: [[ChromeDriver: chrome on WINDOWS (a0ad3bd54702ef24780c35525994ca46)] -> xpath: //li[@data-slide-to='3']]
Clicked on: [[ChromeDriver: chrome on WINDOWS (a0ad3bd54702ef24780c35525994ca46)] -> xpath: //li[@data-slide-to='3']]
Trying to find Element By : By.xpath: //div[@class='carousel-item active']//img[@class='bg-align']
Found Element By : By.xpath: //div[@class='carousel-item active']//img[@class='bg-align']
Trying to find Element By : By.xpath: //li[@data-slide-to='4']
Found Element By : By.xpath: //li[@data-slide-to='4']
Trying to click on: [[ChromeDriver: chrome on WINDOWS (a0ad3bd54702ef24780c35525994ca46)] -> xpath: //li[@data-slide-to='4']]
Clicked on: [[ChromeDriver: chrome on WINDOWS (a0ad3bd54702ef24780c35525994ca46)] -> xpath: //li[@data-slide-to='4']]
Trying to find Element By : By.xpath: //div[@class='carousel-item active']//img[@class='bg-align']
Found Element By : By.xpath: //div[@class='carousel-item active']//img[@class='bg-align']
Trying to find Element By : By.xpath: //li[@data-slide-to='0']
Found Element By : By.xpath: //li[@data-slide-to='0']
Trying to click on: [[ChromeDriver: chrome on WINDOWS (a0ad3bd54702ef24780c35525994ca46)] -> xpath: //li[@data-slide-to='0']]
Clicked on: [[ChromeDriver: chrome on WINDOWS (a0ad3bd54702ef24780c35525994ca46)] -> xpath: //li[@data-slide-to='0']]
Trying to find Element By : By.xpath: //div[@class='carousel-item active']//img[@class='bg-align']
Found Element By : By.xpath: //div[@class='carousel-item active']//img[@class='bg-align']
]]></system-out>
    <system-err><![CDATA[SLF4J: Failed to load class "org.slf4j.impl.StaticLoggerBinder".
SLF4J: Defaulting to no-operation (NOP) logger implementation
SLF4J: See http://www.slf4j.org/codes.html#StaticLoggerBinder for further details.
Starting ChromeDriver 96.0.4664.45 (76e4c1bb2ab4671b8beba3444e61c0f17584b2fc-refs/branch-heads/4664@{#947}) on port 6657
Only local connections are allowed.
Please see https://chromedriver.chromium.org/security-considerations for suggestions on keeping ChromeDriver safe.
ChromeDriver was started successfully.
Dec 22, 2021 2:26:13 PM org.openqa.selenium.remote.ProtocolHandshake createSession
INFO: Detected dialect: W3C
]]></system-err>
  </testcase>
  <testcase name="verifyTermPlanOnBanner" classname="SeleniumTesting.AEMhdfc.HomepageTest" time="14.815">
    <system-out><![CDATA[Trying to find Element By : By.xpath: //a[@onclick='categoryBox(this)'][1]
Found Element By : By.xpath: //a[@onclick='categoryBox(this)'][1]
Trying to click on: [[ChromeDriver: chrome on WINDOWS (a0ad3bd54702ef24780c35525994ca46)] -> xpath: //a[@onclick='categoryBox(this)'][1]]
Clicked on: [[ChromeDriver: chrome on WINDOWS (a0ad3bd54702ef24780c35525994ca46)] -> xpath: //a[@onclick='categoryBox(this)'][1]]
Navigating back to previous page
Navigated back to previous page
]]></system-out>
  </testcase>
  <testcase name="verifySavingPlansOnBanner" classname="SeleniumTesting.AEMhdfc.HomepageTest" time="11.538">
    <system-out><![CDATA[Trying to find Element By : By.xpath: //a[@href='/savings-plans']//div
Found Element By : By.xpath: //a[@href='/savings-plans']//div
Trying to find Element By : By.xpath: //a[@href='/savings-plans']//div
Found Element By : By.xpath: //a[@href='/savings-plans']//div
Trying to click on: [[ChromeDriver: chrome on WINDOWS (a0ad3bd54702ef24780c35525994ca46)] -> xpath: //a[@href='/savings-plans']//div]
Clicked on: [[ChromeDriver: chrome on WINDOWS (a0ad3bd54702ef24780c35525994ca46)] -> xpath: //a[@href='/savings-plans']//div]
Navigating back to previous page
Navigated back to previous page
]]></system-out>
  </testcase>
  <testcase name="verifyChildrenPlansOnBanner" classname="SeleniumTesting.AEMhdfc.HomepageTest" time="12.014">
    <system-out><![CDATA[Trying to find Element By : By.xpath: //a[@href='/children-insurance-plans']//div
Found Element By : By.xpath: //a[@href='/children-insurance-plans']//div
Trying to find Element By : By.xpath: //a[@href='/children-insurance-plans']//div
Found Element By : By.xpath: //a[@href='/children-insurance-plans']//div
Trying to click on: [[ChromeDriver: chrome on WINDOWS (a0ad3bd54702ef24780c35525994ca46)] -> xpath: //a[@href='/children-insurance-plans']//div]
Clicked on: [[ChromeDriver: chrome on WINDOWS (a0ad3bd54702ef24780c35525994ca46)] -> xpath: //a[@href='/children-insurance-plans']//div]
Navigating back to previous page
Navigated back to previous page
]]></system-out>
  </testcase>
  <testcase name="verifyRetirementPlansOnBanner" classname="SeleniumTesting.AEMhdfc.HomepageTest" time="11.581">
    <system-out><![CDATA[Trying to find Element By : By.xpath: //a[@href='/retirement-and-pension-plans']//div//h2[@class='h5']
Found Element By : By.xpath: //a[@href='/retirement-and-pension-plans']//div//h2[@class='h5']
Trying to find Element By : By.xpath: //a[@href='/retirement-and-pension-plans']//div//h2[@class='h5']
Found Element By : By.xpath: //a[@href='/retirement-and-pension-plans']//div//h2[@class='h5']
Trying to click on: [[ChromeDriver: chrome on WINDOWS (a0ad3bd54702ef24780c35525994ca46)] -> xpath: //a[@href='/retirement-and-pension-plans']//div//h2[@class='h5']]
Clicked on: [[ChromeDriver: chrome on WINDOWS (a0ad3bd54702ef24780c35525994ca46)] -> xpath: //a[@href='/retirement-and-pension-plans']//div//h2[@class='h5']]
Navigating back to previous page
Navigated back to previous page
]]></system-out>
  </testcase>
  <testcase name="verifyViewAllButton" classname="SeleniumTesting.AEMhdfc.HomepageTest" time="3.193">
    <system-out><![CDATA[Trying to find Element By : By.xpath: //div[@class='viewall']
Found Element By : By.xpath: //div[@class='viewall']
Trying to find Element By : By.xpath: //div[@class='viewall']
Found Element By : By.xpath: //div[@class='viewall']
Trying to click on: [[ChromeDriver: chrome on WINDOWS (a0ad3bd54702ef24780c35525994ca46)] -> xpath: //div[@class='viewall']]
Clicked on: [[ChromeDriver: chrome on WINDOWS (a0ad3bd54702ef24780c35525994ca46)] -> xpath: //div[@class='viewall']]
]]></system-out>
  </testcase>
  <testcase name="verifyULIPPlansOnBanner" classname="SeleniumTesting.AEMhdfc.HomepageTest" time="11.647">
    <system-out><![CDATA[Trying to find Element By : By.xpath: //a[@class='tile']//div//span[@class='bg-Term_plans bg-plans-4']
Found Element By : By.xpath: //a[@class='tile']//div//span[@class='bg-Term_plans bg-plans-4']
Trying to find Element By : By.xpath: //a[@class='tile']//div//span[@class='bg-Term_plans bg-plans-4']
Found Element By : By.xpath: //a[@class='tile']//div//span[@class='bg-Term_plans bg-plans-4']
Trying to click on: [[ChromeDriver: chrome on WINDOWS (a0ad3bd54702ef24780c35525994ca46)] -> xpath: //a[@class='tile']//div//span[@class='bg-Term_plans bg-plans-4']]
Clicked on: [[ChromeDriver: chrome on WINDOWS (a0ad3bd54702ef24780c35525994ca46)] -> xpath: //a[@class='tile']//div//span[@class='bg-Term_plans bg-plans-4']]
Navigating back to previous page
Navigated back to previous page
]]></system-out>
  </testcase>
  <testcase name="verifyFixedMaturityPlanOnBanner" classname="SeleniumTesting.AEMhdfc.HomepageTest" time="15.906">
    <system-out><![CDATA[Trying to find Element By : By.xpath: //div[@class='viewall']
Found Element By : By.xpath: //div[@class='viewall']
Trying to find Element By : By.xpath: //div[@class='viewall']
Found Element By : By.xpath: //div[@class='viewall']
Trying to click on: [[ChromeDriver: chrome on WINDOWS (a0ad3bd54702ef24780c35525994ca46)] -> xpath: //div[@class='viewall']]
Clicked on: [[ChromeDriver: chrome on WINDOWS (a0ad3bd54702ef24780c35525994ca46)] -> xpath: //div[@class='viewall']]
Trying to find Element By : By.xpath: //a[@href='/savings-plans/sanchay-fixed-maturity-plan']//div
Found Element By : By.xpath: //a[@href='/savings-plans/sanchay-fixed-maturity-plan']//div
Trying to find Element By : By.xpath: //a[@href='/savings-plans/sanchay-fixed-maturity-plan']//div
Found Element By : By.xpath: //a[@href='/savings-plans/sanchay-fixed-maturity-plan']//div
Trying to click on: [[ChromeDriver: chrome on WINDOWS (a0ad3bd54702ef24780c35525994ca46)] -> xpath: //a[@href='/savings-plans/sanchay-fixed-maturity-plan']//div]
Clicked on: [[ChromeDriver: chrome on WINDOWS (a0ad3bd54702ef24780c35525994ca46)] -> xpath: //a[@href='/savings-plans/sanchay-fixed-maturity-plan']//div]
Navigating back to previous page
Navigated back to previous page
]]></system-out>
  </testcase>
  <testcase name="verifyHealthPlansOnBanner" classname="SeleniumTesting.AEMhdfc.HomepageTest" time="14.569">
    <system-out><![CDATA[Trying to find Element By : By.xpath: //div[@class='viewall']
Found Element By : By.xpath: //div[@class='viewall']
Trying to find Element By : By.xpath: //div[@class='viewall']
Found Element By : By.xpath: //div[@class='viewall']
Trying to click on: [[ChromeDriver: chrome on WINDOWS (a0ad3bd54702ef24780c35525994ca46)] -> xpath: //div[@class='viewall']]
Clicked on: [[ChromeDriver: chrome on WINDOWS (a0ad3bd54702ef24780c35525994ca46)] -> xpath: //div[@class='viewall']]
Trying to find Element By : By.xpath: //a[@href='/health-insurance-plans']//div//h2[@class='h5']
Found Element By : By.xpath: //a[@href='/health-insurance-plans']//div//h2[@class='h5']
Trying to find Element By : By.xpath: //a[@href='/health-insurance-plans']//div//h2[@class='h5']
Found Element By : By.xpath: //a[@href='/health-insurance-plans']//div//h2[@class='h5']
Trying to click on: [[ChromeDriver: chrome on WINDOWS (a0ad3bd54702ef24780c35525994ca46)] -> xpath: //a[@href='/health-insurance-plans']//div//h2[@class='h5']]
Clicked on: [[ChromeDriver: chrome on WINDOWS (a0ad3bd54702ef24780c35525994ca46)] -> xpath: //a[@href='/health-insurance-plans']//div//h2[@class='h5']]
Navigating back to previous page
Navigated back to previous page
]]></system-out>
  </testcase>
  <testcase name="verifyPosPlansOnBanner" classname="SeleniumTesting.AEMhdfc.HomepageTest" time="14.923">
    <system-out><![CDATA[Trying to find Element By : By.xpath: //div[@class='viewall']
Found Element By : By.xpath: //div[@class='viewall']
Trying to find Element By : By.xpath: //div[@class='viewall']
Found Element By : By.xpath: //div[@class='viewall']
Trying to click on: [[ChromeDriver: chrome on WINDOWS (a0ad3bd54702ef24780c35525994ca46)] -> xpath: //div[@class='viewall']]
Clicked on: [[ChromeDriver: chrome on WINDOWS (a0ad3bd54702ef24780c35525994ca46)] -> xpath: //div[@class='viewall']]
Trying to find Element By : By.xpath: //a[@href='/savings-plans/pos-guaranteed-savings-plan']//div//h2[@class='h5']
Found Element By : By.xpath: //a[@href='/savings-plans/pos-guaranteed-savings-plan']//div//h2[@class='h5']
Trying to find Element By : By.xpath: //a[@href='/savings-plans/pos-guaranteed-savings-plan']//div//h2[@class='h5']
Found Element By : By.xpath: //a[@href='/savings-plans/pos-guaranteed-savings-plan']//div//h2[@class='h5']
Trying to click on: [[ChromeDriver: chrome on WINDOWS (a0ad3bd54702ef24780c35525994ca46)] -> xpath: //a[@href='/savings-plans/pos-guaranteed-savings-plan']//div//h2[@class='h5']]
Clicked on: [[ChromeDriver: chrome on WINDOWS (a0ad3bd54702ef24780c35525994ca46)] -> xpath: //a[@href='/savings-plans/pos-guaranteed-savings-plan']//div//h2[@class='h5']]
Navigating back to previous page
Navigated back to previous page
]]></system-out>
  </testcase>
  <testcase name="verifyComboPlansOnBanner" classname="SeleniumTesting.AEMhdfc.HomepageTest" time="20.201">
    <system-out><![CDATA[Trying to find Element By : By.xpath: //div[@class='viewall']
Found Element By : By.xpath: //div[@class='viewall']
Trying to find Element By : By.xpath: //div[@class='viewall']
Found Element By : By.xpath: //div[@class='viewall']
Trying to click on: [[ChromeDriver: chrome on WINDOWS (a0ad3bd54702ef24780c35525994ca46)] -> xpath: //div[@class='viewall']]
Clicked on: [[ChromeDriver: chrome on WINDOWS (a0ad3bd54702ef24780c35525994ca46)] -> xpath: //div[@class='viewall']]
Trying to find Element By : By.xpath: //div[@class='swiper-button-next']
Found Element By : By.xpath: //div[@class='swiper-button-next']
Trying to click on: [[ChromeDriver: chrome on WINDOWS (a0ad3bd54702ef24780c35525994ca46)] -> xpath: //div[@class='swiper-button-next']]
Clicked on: [[ChromeDriver: chrome on WINDOWS (a0ad3bd54702ef24780c35525994ca46)] -> xpath: //div[@class='swiper-button-next']]
Trying to find Element By : By.xpath: //a[@class='tile']//div//span[@class='bg-Term_plans bg-plans-8']
Found Element By : By.xpath: //a[@class='tile']//div//span[@class='bg-Term_plans bg-plans-8']
Trying to find Element By : By.xpath: //a[@class='tile']//div//span[@class='bg-Term_plans bg-plans-8']
Found Element By : By.xpath: //a[@class='tile']//div//span[@class='bg-Term_plans bg-plans-8']
Trying to click on: [[ChromeDriver: chrome on WINDOWS (a0ad3bd54702ef24780c35525994ca46)] -> xpath: //a[@class='tile']//div//span[@class='bg-Term_plans bg-plans-8']]
Clicked on: [[ChromeDriver: chrome on WINDOWS (a0ad3bd54702ef24780c35525994ca46)] -> xpath: //a[@class='tile']//div//span[@class='bg-Term_plans bg-plans-8']]
Navigating back to previous page
Navigated back to previous page
]]></system-out>
  </testcase>
  <testcase name="verifyGroupPlansOnBanner" classname="SeleniumTesting.AEMhdfc.HomepageTest" time="33.283">
    <system-out><![CDATA[Trying to find Element By : By.xpath: //div[@class='viewall']
Found Element By : By.xpath: //div[@class='viewall']
Trying to find Element By : By.xpath: //div[@class='viewall']
Found Element By : By.xpath: //div[@class='viewall']
Trying to click on: [[ChromeDriver: chrome on WINDOWS (a0ad3bd54702ef24780c35525994ca46)] -> xpath: //div[@class='viewall']]
Clicked on: [[ChromeDriver: chrome on WINDOWS (a0ad3bd54702ef24780c35525994ca46)] -> xpath: //div[@class='viewall']]
Trying to find Element By : By.xpath: //div[@class='swiper-button-next']
Found Element By : By.xpath: //div[@class='swiper-button-next']
Trying to find Element By : By.xpath: //div[@class='swiper-button-next']
Found Element By : By.xpath: //div[@class='swiper-button-next']
Trying to click on: [[ChromeDriver: chrome on WINDOWS (a0ad3bd54702ef24780c35525994ca46)] -> xpath: //div[@class='swiper-button-next']]
Clicked on: [[ChromeDriver: chrome on WINDOWS (a0ad3bd54702ef24780c35525994ca46)] -> xpath: //div[@class='swiper-button-next']]
Trying to find Element By : By.xpath: //div[@class='swiper-button-next']
Found Element By : By.xpath: //div[@class='swiper-button-next']
Trying to find Element By : By.xpath: //div[@class='swiper-button-next']
Found Element By : By.xpath: //div[@class='swiper-button-next']
Trying to click on: [[ChromeDriver: chrome on WINDOWS (a0ad3bd54702ef24780c35525994ca46)] -> xpath: //div[@class='swiper-button-next']]
Clicked on: [[ChromeDriver: chrome on WINDOWS (a0ad3bd54702ef24780c35525994ca46)] -> xpath: //div[@class='swiper-button-next']]
Trying to find Element By : By.xpath: //div[@class='swiper-button-next']
Found Element By : By.xpath: //div[@class='swiper-button-next']
Trying to find Element By : By.xpath: //div[@class='swiper-button-next']
Found Element By : By.xpath: //div[@class='swiper-button-next']
Trying to click on: [[ChromeDriver: chrome on WINDOWS (a0ad3bd54702ef24780c35525994ca46)] -> xpath: //div[@class='swiper-button-next']]
Clicked on: [[ChromeDriver: chrome on WINDOWS (a0ad3bd54702ef24780c35525994ca46)] -> xpath: //div[@class='swiper-button-next']]
Trying to find Element By : By.xpath: //div[@class='swiper-button-next']
Found Element By : By.xpath: //div[@class='swiper-button-next']
Trying to find Element By : By.xpath: //div[@class='swiper-button-next']
Found Element By : By.xpath: //div[@class='swiper-button-next']
Trying to click on: [[ChromeDriver: chrome on WINDOWS (a0ad3bd54702ef24780c35525994ca46)] -> xpath: //div[@class='swiper-button-next']]
Clicked on: [[ChromeDriver: chrome on WINDOWS (a0ad3bd54702ef24780c35525994ca46)] -> xpath: //div[@class='swiper-button-next']]
Trying to find Element By : By.xpath: //div[@class='swiper-button-next']
Found Element By : By.xpath: //div[@class='swiper-button-next']
Trying to find Element By : By.xpath: //div[@class='swiper-button-next']
Found Element By : By.xpath: //div[@class='swiper-button-next']
Trying to click on: [[ChromeDriver: chrome on WINDOWS (a0ad3bd54702ef24780c35525994ca46)] -> xpath: //div[@class='swiper-button-next']]
Clicked on: [[ChromeDriver: chrome on WINDOWS (a0ad3bd54702ef24780c35525994ca46)] -> xpath: //div[@class='swiper-button-next']]
Trying to find Element By : By.xpath: //a[@class='tile']//div//span[@class='bg-Term_plans bg-plans-9']
Found Element By : By.xpath: //a[@class='tile']//div//span[@class='bg-Term_plans bg-plans-9']
Trying to find Element By : By.xpath: //a[@class='tile']//div//span[@class='bg-Term_plans bg-plans-9']
Found Element By : By.xpath: //a[@class='tile']//div//span[@class='bg-Term_plans bg-plans-9']
Trying to click on: [[ChromeDriver: chrome on WINDOWS (a0ad3bd54702ef24780c35525994ca46)] -> xpath: //a[@class='tile']//div//span[@class='bg-Term_plans bg-plans-9']]
Clicked on: [[ChromeDriver: chrome on WINDOWS (a0ad3bd54702ef24780c35525994ca46)] -> xpath: //a[@class='tile']//div//span[@class='bg-Term_plans bg-plans-9']]
Navigating back to previous page
Navigated back to previous page
]]></system-out>
  </testcase>
  <testcase name="verifyArrowButtonsOnBanner" classname="SeleniumTesting.AEMhdfc.HomepageTest" time="43.195">
    <system-out><![CDATA[Trying to find Element By : By.xpath: //div[@class='viewall']
Found Element By : By.xpath: //div[@class='viewall']
Trying to find Element By : By.xpath: //div[@class='viewall']
Found Element By : By.xpath: //div[@class='viewall']
Trying to click on: [[ChromeDriver: chrome on WINDOWS (a0ad3bd54702ef24780c35525994ca46)] -> xpath: //div[@class='viewall']]
Clicked on: [[ChromeDriver: chrome on WINDOWS (a0ad3bd54702ef24780c35525994ca46)] -> xpath: //div[@class='viewall']]
Trying to find Element By : By.xpath: //div[@class='swiper-button-next']
Found Element By : By.xpath: //div[@class='swiper-button-next']
Trying to find Element By : By.xpath: //div[@class='swiper-button-next']
Found Element By : By.xpath: //div[@class='swiper-button-next']
Trying to click on: [[ChromeDriver: chrome on WINDOWS (a0ad3bd54702ef24780c35525994ca46)] -> xpath: //div[@class='swiper-button-next']]
Clicked on: [[ChromeDriver: chrome on WINDOWS (a0ad3bd54702ef24780c35525994ca46)] -> xpath: //div[@class='swiper-button-next']]
Trying to find Element By : By.xpath: //div[@class='swiper-button-next']
Found Element By : By.xpath: //div[@class='swiper-button-next']
Trying to find Element By : By.xpath: //div[@class='swiper-button-next']
Found Element By : By.xpath: //div[@class='swiper-button-next']
Trying to click on: [[ChromeDriver: chrome on WINDOWS (a0ad3bd54702ef24780c35525994ca46)] -> xpath: //div[@class='swiper-button-next']]
Clicked on: [[ChromeDriver: chrome on WINDOWS (a0ad3bd54702ef24780c35525994ca46)] -> xpath: //div[@class='swiper-button-next']]
Trying to find Element By : By.xpath: //div[@class='swiper-button-next']
Found Element By : By.xpath: //div[@class='swiper-button-next']
Trying to find Element By : By.xpath: //div[@class='swiper-button-next']
Found Element By : By.xpath: //div[@class='swiper-button-next']
Trying to click on: [[ChromeDriver: chrome on WINDOWS (a0ad3bd54702ef24780c35525994ca46)] -> xpath: //div[@class='swiper-button-next']]
Clicked on: [[ChromeDriver: chrome on WINDOWS (a0ad3bd54702ef24780c35525994ca46)] -> xpath: //div[@class='swiper-button-next']]
Trying to find Element By : By.xpath: //div[@class='swiper-button-next']
Found Element By : By.xpath: //div[@class='swiper-button-next']
Trying to find Element By : By.xpath: //div[@class='swiper-button-next']
Found Element By : By.xpath: //div[@class='swiper-button-next']
Trying to click on: [[ChromeDriver: chrome on WINDOWS (a0ad3bd54702ef24780c35525994ca46)] -> xpath: //div[@class='swiper-button-next']]
Clicked on: [[ChromeDriver: chrome on WINDOWS (a0ad3bd54702ef24780c35525994ca46)] -> xpath: //div[@class='swiper-button-next']]
Trying to find Element By : By.xpath: //div[@class='swiper-button-next']
Found Element By : By.xpath: //div[@class='swiper-button-next']
Trying to find Element By : By.xpath: //div[@class='swiper-button-next']
Found Element By : By.xpath: //div[@class='swiper-button-next']
Trying to click on: [[ChromeDriver: chrome on WINDOWS (a0ad3bd54702ef24780c35525994ca46)] -> xpath: //div[@class='swiper-button-next']]
Clicked on: [[ChromeDriver: chrome on WINDOWS (a0ad3bd54702ef24780c35525994ca46)] -> xpath: //div[@class='swiper-button-next']]
Trying to find Element By : By.xpath: //div[@class='swiper-button-next swiper-button-disabled']
Found Element By : By.xpath: //div[@class='swiper-button-next swiper-button-disabled']
Trying to find Element By : By.xpath: //div[@class='swiper-button-prev']
Found Element By : By.xpath: //div[@class='swiper-button-prev']
Trying to find Element By : By.xpath: //div[@class='swiper-button-prev']
Found Element By : By.xpath: //div[@class='swiper-button-prev']
Trying to click on: [[ChromeDriver: chrome on WINDOWS (a0ad3bd54702ef24780c35525994ca46)] -> xpath: //div[@class='swiper-button-prev']]
Clicked on: [[ChromeDriver: chrome on WINDOWS (a0ad3bd54702ef24780c35525994ca46)] -> xpath: //div[@class='swiper-button-prev']]
Trying to find Element By : By.xpath: //div[@class='swiper-button-prev']
Found Element By : By.xpath: //div[@class='swiper-button-prev']
Trying to find Element By : By.xpath: //div[@class='swiper-button-prev']
Found Element By : By.xpath: //div[@class='swiper-button-prev']
Trying to click on: [[ChromeDriver: chrome on WINDOWS (a0ad3bd54702ef24780c35525994ca46)] -> xpath: //div[@class='swiper-button-prev']]
Clicked on: [[ChromeDriver: chrome on WINDOWS (a0ad3bd54702ef24780c35525994ca46)] -> xpath: //div[@class='swiper-button-prev']]
Trying to find Element By : By.xpath: //div[@class='swiper-button-prev']
Found Element By : By.xpath: //div[@class='swiper-button-prev']
Trying to find Element By : By.xpath: //div[@class='swiper-button-prev']
Found Element By : By.xpath: //div[@class='swiper-button-prev']
Trying to click on: [[ChromeDriver: chrome on WINDOWS (a0ad3bd54702ef24780c35525994ca46)] -> xpath: //div[@class='swiper-button-prev']]
Clicked on: [[ChromeDriver: chrome on WINDOWS (a0ad3bd54702ef24780c35525994ca46)] -> xpath: //div[@class='swiper-button-prev']]
Trying to find Element By : By.xpath: //div[@class='swiper-button-prev']
Found Element By : By.xpath: //div[@class='swiper-button-prev']
Trying to find Element By : By.xpath: //div[@class='swiper-button-prev']
Found Element By : By.xpath: //div[@class='swiper-button-prev']
Trying to click on: [[ChromeDriver: chrome on WINDOWS (a0ad3bd54702ef24780c35525994ca46)] -> xpath: //div[@class='swiper-button-prev']]
Clicked on: [[ChromeDriver: chrome on WINDOWS (a0ad3bd54702ef24780c35525994ca46)] -> xpath: //div[@class='swiper-button-prev']]
Trying to find Element By : By.xpath: //div[@class='swiper-button-prev']
Found Element By : By.xpath: //div[@class='swiper-button-prev']
Trying to find Element By : By.xpath: //div[@class='swiper-button-prev']
Found Element By : By.xpath: //div[@class='swiper-button-prev']
Trying to click on: [[ChromeDriver: chrome on WINDOWS (a0ad3bd54702ef24780c35525994ca46)] -> xpath: //div[@class='swiper-button-prev']]
Clicked on: [[ChromeDriver: chrome on WINDOWS (a0ad3bd54702ef24780c35525994ca46)] -> xpath: //div[@class='swiper-button-prev']]
Trying to find Element By : By.xpath: //div[@class='swiper-button-prev swiper-button-disabled']
Found Element By : By.xpath: //div[@class='swiper-button-prev swiper-button-disabled']
Trying to find Element By : By.xpath: //div[@class='swiper-button-next']
Found Element By : By.xpath: //div[@class='swiper-button-next']
Trying to find Element By : By.xpath: //div[@class='swiper-button-next']
Found Element By : By.xpath: //div[@class='swiper-button-next']
Trying to click on: [[ChromeDriver: chrome on WINDOWS (a0ad3bd54702ef24780c35525994ca46)] -> xpath: //div[@class='swiper-button-next']]
Clicked on: [[ChromeDriver: chrome on WINDOWS (a0ad3bd54702ef24780c35525994ca46)] -> xpath: //div[@class='swiper-button-next']]
Trying to find Element By : By.xpath: //div[@class='swiper-button-prev']
Found Element By : By.xpath: //div[@class='swiper-button-prev']
]]></system-out>
  </testcase>
  <testcase name="verifyMouseIndicator" classname="SeleniumTesting.AEMhdfc.HomepageTest" time="9.114">
    <system-out><![CDATA[Trying to find Element By : By.xpath: //li[@data-slide-to='0']
Found Element By : By.xpath: //li[@data-slide-to='0']
Trying to find Element By : By.xpath: //img[@src='/content/dam/hdfclifeinsurancecompany/home/banner/mc.svg']
Found Element By : By.xpath: //img[@src='/content/dam/hdfclifeinsurancecompany/home/banner/mc.svg']
Trying to find Element By : By.xpath: //img[@src='/content/dam/hdfclifeinsurancecompany/home/banner/mc.svg']
Found Element By : By.xpath: //img[@src='/content/dam/hdfclifeinsurancecompany/home/banner/mc.svg']
Trying to click on: [[ChromeDriver: chrome on WINDOWS (a0ad3bd54702ef24780c35525994ca46)] -> xpath: //img[@src='/content/dam/hdfclifeinsurancecompany/home/banner/mc.svg']]
Clicked on: [[ChromeDriver: chrome on WINDOWS (a0ad3bd54702ef24780c35525994ca46)] -> xpath: //img[@src='/content/dam/hdfclifeinsurancecompany/home/banner/mc.svg']]
]]></system-out>
  </testcase>
  <testcase name="verifyschedulePopupWithValidDataProductPage[Amit Kundar, 9.768462054E9](1)" classname="SeleniumTesting.AEMhdfc.HomepageTest" time="8.52">
    <system-out><![CDATA[14:30:08.094 [main] TRACE org.apache.xmlbeans.impl.common.XBeanDebug - Loading type system org.apache.poi.schemas.ooxml.system.ooxml
14:30:08.097 [main] TRACE org.apache.xmlbeans.impl.common.XBeanDebug - Loading type system org.apache.xmlbeans.metadata.system.sXMLCONFIG
14:30:08.097 [main] TRACE org.apache.xmlbeans.impl.common.XBeanDebug - Loading type system org.apache.xmlbeans.metadata.system.sXMLLANG
14:30:08.098 [main] TRACE org.apache.xmlbeans.impl.common.XBeanDebug - Loading type system org.apache.xmlbeans.metadata.system.sXMLSCHEMA
14:30:08.099 [main] TRACE org.apache.xmlbeans.impl.common.XBeanDebug - Loading type system org.apache.xmlbeans.metadata.system.sXMLTOOLS
14:30:08.100 [main] TRACE org.apache.xmlbeans.impl.common.XBeanDebug - Reading unresolved handles for type system org.apache.xmlbeans.metadata.system.sXMLTOOLS
14:30:08.114 [main] TRACE org.apache.xmlbeans.impl.common.XBeanDebug - Finished loading type system org.apache.xmlbeans.metadata.system.sXMLTOOLS
14:30:08.115 [main] TRACE org.apache.xmlbeans.impl.common.XBeanDebug - Reading unresolved handles for type system org.apache.xmlbeans.metadata.system.sXMLSCHEMA
14:30:08.120 [main] TRACE org.apache.xmlbeans.impl.common.XBeanDebug - Finished loading type system org.apache.xmlbeans.metadata.system.sXMLSCHEMA
14:30:08.121 [main] TRACE org.apache.xmlbeans.impl.common.XBeanDebug - Reading unresolved handles for type system org.apache.xmlbeans.metadata.system.sXMLLANG
14:30:08.122 [main] TRACE org.apache.xmlbeans.impl.common.XBeanDebug - Finished loading type system org.apache.xmlbeans.metadata.system.sXMLLANG
14:30:08.123 [main] TRACE org.apache.xmlbeans.impl.common.XBeanDebug - Reading unresolved handles for type system org.apache.xmlbeans.metadata.system.sXMLCONFIG
14:30:08.124 [main] TRACE org.apache.xmlbeans.impl.common.XBeanDebug - Finished loading type system org.apache.xmlbeans.metadata.system.sXMLCONFIG
14:30:08.125 [main] TRACE org.apache.xmlbeans.impl.common.XBeanDebug - Reading unresolved handles for type system org.apache.poi.schemas.ooxml.system.ooxml
14:30:08.184 [main] TRACE org.apache.xmlbeans.impl.common.XBeanDebug - Finished loading type system org.apache.poi.schemas.ooxml.system.ooxml
14:30:08.188 [main] TRACE org.apache.xmlbeans.impl.common.XBeanDebug - Resolving type for handle themefd26doctype
14:30:08.243 [main] TRACE org.apache.xmlbeans.impl.common.XBeanDebug - Resolving type for handle stylesheet5d8bdoctype
14:30:08.248 [main] TRACE org.apache.xmlbeans.impl.common.XBeanDebug - Resolving type for handle ctstylesheet4257type
14:30:08.254 [main] TRACE org.apache.xmlbeans.impl.common.XBeanDebug - Resolving type for handle ctfonts6623type
14:30:08.258 [main] TRACE org.apache.xmlbeans.impl.common.XBeanDebug - Resolving type for handle ctfont14d8type
14:30:08.261 [main] TRACE org.apache.xmlbeans.impl.common.XBeanDebug - Resolving type for handle ctfills2c6ftype
14:30:08.263 [main] TRACE org.apache.xmlbeans.impl.common.XBeanDebug - Resolving type for handle ctfill550ctype
14:30:08.264 [main] TRACE org.apache.xmlbeans.impl.common.XBeanDebug - Resolving type for handle ctborders0d66type
14:30:08.267 [main] TRACE org.apache.xmlbeans.impl.common.XBeanDebug - Resolving type for handle ctborderf935type
14:30:08.270 [main] TRACE org.apache.xmlbeans.impl.common.XBeanDebug - Resolving type for handle ctcellxfs1322type
14:30:08.273 [main] TRACE org.apache.xmlbeans.impl.common.XBeanDebug - Resolving type for handle ctxf97f7type
14:30:08.276 [main] TRACE org.apache.xmlbeans.impl.common.XBeanDebug - Resolving type for handle ctcellstylexfsa81ftype
14:30:08.278 [main] TRACE org.apache.xmlbeans.impl.common.XBeanDebug - Resolving type for handle ctdxfsb26atype
14:30:08.281 [main] TRACE org.apache.xmlbeans.impl.common.XBeanDebug - Resolving type for handle cttablestyles872ftype
14:30:08.286 [main] TRACE org.apache.xmlbeans.impl.common.XBeanDebug - Resolving type for handle sstf81fdoctype
14:30:08.290 [main] TRACE org.apache.xmlbeans.impl.common.XBeanDebug - Resolving type for handle ctsst44f3type
14:30:08.297 [main] TRACE org.apache.xmlbeans.impl.common.XBeanDebug - Resolving type for handle ctrsta472type
14:30:08.314 [main] TRACE org.apache.xmlbeans.impl.common.XBeanDebug - Resolving type for handle workbookec17doctype
14:30:08.320 [main] TRACE org.apache.xmlbeans.impl.common.XBeanDebug - Resolving type for handle ctworkbook83c3type
14:30:08.325 [main] TRACE org.apache.xmlbeans.impl.common.XBeanDebug - Resolving type for handle ctsheets49fdtype
14:30:08.327 [main] TRACE org.apache.xmlbeans.impl.common.XBeanDebug - Resolving type for handle ctsheet4dbetype
14:30:08.328 [main] TRACE org.apache.xmlbeans.impl.common.XBeanDebug - Resolving type for handle strelationshipid1e94type
14:30:08.331 [main] TRACE org.apache.xmlbeans.impl.common.XBeanDebug - Resolving type for handle worksheetf539doctype
14:30:08.337 [main] TRACE org.apache.xmlbeans.impl.common.XBeanDebug - Resolving type for handle ctworksheet530dtype
14:30:08.344 [main] TRACE org.apache.xmlbeans.impl.common.XBeanDebug - Resolving type for handle ctsheetdata8408type
14:30:08.347 [main] TRACE org.apache.xmlbeans.impl.common.XBeanDebug - Resolving type for handle ctrowdd39type
14:30:08.354 [main] TRACE org.apache.xmlbeans.impl.common.XBeanDebug - Resolving type for handle ctcell842btype
14:30:08.361 [main] TRACE org.apache.xmlbeans.impl.common.XBeanDebug - Resolving type for handle stcellrefe4e0type
14:30:08.370 [main] TRACE org.apache.xmlbeans.impl.common.XBeanDebug - Resolving type for handle ctcols627ctype
14:30:08.373 [main] TRACE org.apache.xmlbeans.impl.common.XBeanDebug - Resolving type for handle ctcola95ftype
14:30:08.393 [main] TRACE org.apache.xmlbeans.impl.common.XBeanDebug - Resolving type for handle stxstringf179type
14:30:08.396 [main] TRACE org.apache.xmlbeans.impl.common.XBeanDebug - Resolving type for handle stcelltypebf95type
14:30:08.411 [main] TRACE org.apache.xmlbeans.impl.common.XBeanDebug - Resolving type for handle stcellstylexfid70c7type
14:30:08.415 [main] TRACE org.apache.xmlbeans.impl.common.XBeanDebug - Resolving type for handle stnumfmtid76fbtype
Trying to find Element By : By.xpath: //button[@class='btn btn-primary btnred schedule-btn scb-data-layer']
Found Element By : By.xpath: //button[@class='btn btn-primary btnred schedule-btn scb-data-layer']
Trying to click on: [[ChromeDriver: chrome on WINDOWS (a0ad3bd54702ef24780c35525994ca46)] -> xpath: //button[@class='btn btn-primary btnred schedule-btn scb-data-layer']]
Clicked on: [[ChromeDriver: chrome on WINDOWS (a0ad3bd54702ef24780c35525994ca46)] -> xpath: //button[@class='btn btn-primary btnred schedule-btn scb-data-layer']]
Trying to find Element By : By.xpath: //input[@class='first-name']
Found Element By : By.xpath: //input[@class='first-name']
Trying to find Element By : By.xpath: //input[@class='modilewidth']
Found Element By : By.xpath: //input[@class='modilewidth']
Trying to find Element By : By.id: insurance_category
Found Element By : By.id: insurance_category
Trying to find Element By : By.id: insurance_category
Found Element By : By.id: insurance_category
Trying to find Element By : By.id: insurance_category
Found Element By : By.id: insurance_category
Trying to find Element By : By.xpath: .//option[@value = "Health Plans"]
Found Element By : By.xpath: .//option[@value = "Health Plans"]
Trying to click on: [[[[ChromeDriver: chrome on WINDOWS (a0ad3bd54702ef24780c35525994ca46)] -> id: insurance_category]] -> xpath: .//option[@value = "Health Plans"]]
Clicked on: [[[[ChromeDriver: chrome on WINDOWS (a0ad3bd54702ef24780c35525994ca46)] -> id: insurance_category]] -> xpath: .//option[@value = "Health Plans"]]
Trying to find Element By : By.xpath: //span[@class='close-icon1']
Found Element By : By.xpath: //span[@class='close-icon1']
Trying to find Element By : By.xpath: //span[@class='close-icon1']
Found Element By : By.xpath: //span[@class='close-icon1']
Trying to click on: [[ChromeDriver: chrome on WINDOWS (a0ad3bd54702ef24780c35525994ca46)] -> xpath: //span[@class='close-icon1']]
Clicked on: [[ChromeDriver: chrome on WINDOWS (a0ad3bd54702ef24780c35525994ca46)] -> xpath: //span[@class='close-icon1']]
]]></system-out>
  </testcase>
  <testcase name="verifyschedulepopupblankSubmit" classname="SeleniumTesting.AEMhdfc.HomepageTest" time="9.697">
    <system-out><![CDATA[Trying to find Element By : By.xpath: //button[@class='btn btn-primary btnred schedule-btn scb-data-layer']
Found Element By : By.xpath: //button[@class='btn btn-primary btnred schedule-btn scb-data-layer']
Trying to click on: [[ChromeDriver: chrome on WINDOWS (a0ad3bd54702ef24780c35525994ca46)] -> xpath: //button[@class='btn btn-primary btnred schedule-btn scb-data-layer']]
Clicked on: [[ChromeDriver: chrome on WINDOWS (a0ad3bd54702ef24780c35525994ca46)] -> xpath: //button[@class='btn btn-primary btnred schedule-btn scb-data-layer']]
Trying to find Element By : By.id: scheduleCallBtn
Found Element By : By.id: scheduleCallBtn
Trying to click on: [[ChromeDriver: chrome on WINDOWS (a0ad3bd54702ef24780c35525994ca46)] -> id: scheduleCallBtn]
Clicked on: [[ChromeDriver: chrome on WINDOWS (a0ad3bd54702ef24780c35525994ca46)] -> id: scheduleCallBtn]
Trying to find Element By : By.xpath: //span[contains(text(),'Please enter valid name')]
Found Element By : By.xpath: //span[contains(text(),'Please enter valid name')]
Trying to find Element By : By.xpath: //span[contains(text(),'Please enter valid name')]
Found Element By : By.xpath: //span[contains(text(),'Please enter valid name')]
Trying to find Element By : By.xpath: //span[contains(text(),'Please enter mobile number')]
Found Element By : By.xpath: //span[contains(text(),'Please enter mobile number')]
Trying to find Element By : By.xpath: //span[contains(text(),'Please enter mobile number')]
Found Element By : By.xpath: //span[contains(text(),'Please enter mobile number')]
Trying to find Element By : By.xpath: //span[contains(text(),'Please select plan type')]
Found Element By : By.xpath: //span[contains(text(),'Please select plan type')]
Trying to find Element By : By.xpath: //span[contains(text(),'Please select plan type')]
Found Element By : By.xpath: //span[contains(text(),'Please select plan type')]
Trying to find Element By : By.className: scb-checkbox
Found Element By : By.className: scb-checkbox
Trying to find Element By : By.className: scb-checkbox
Found Element By : By.className: scb-checkbox
Trying to click on: [[ChromeDriver: chrome on WINDOWS (a0ad3bd54702ef24780c35525994ca46)] -> class name: scb-checkbox]
Clicked on: [[ChromeDriver: chrome on WINDOWS (a0ad3bd54702ef24780c35525994ca46)] -> class name: scb-checkbox]
Trying to find Element By : By.xpath: //span[@class='scb-checkbox-error error-txt']
Found Element By : By.xpath: //span[@class='scb-checkbox-error error-txt']
Trying to find Element By : By.xpath: //span[@class='close-icon1']
Found Element By : By.xpath: //span[@class='close-icon1']
Trying to find Element By : By.xpath: //span[@class='close-icon1']
Found Element By : By.xpath: //span[@class='close-icon1']
Trying to click on: [[ChromeDriver: chrome on WINDOWS (a0ad3bd54702ef24780c35525994ca46)] -> xpath: //span[@class='close-icon1']]
Clicked on: [[ChromeDriver: chrome on WINDOWS (a0ad3bd54702ef24780c35525994ca46)] -> xpath: //span[@class='close-icon1']]
]]></system-out>
  </testcase>
  <testcase name="verifyschedulePopupwithoutmindata" classname="SeleniumTesting.AEMhdfc.HomepageTest" time="6.56">
    <system-out><![CDATA[Trying to find Element By : By.xpath: //button[@class='btn btn-primary btnred schedule-btn scb-data-layer']
Found Element By : By.xpath: //button[@class='btn btn-primary btnred schedule-btn scb-data-layer']
Trying to click on: [[ChromeDriver: chrome on WINDOWS (a0ad3bd54702ef24780c35525994ca46)] -> xpath: //button[@class='btn btn-primary btnred schedule-btn scb-data-layer']]
Clicked on: [[ChromeDriver: chrome on WINDOWS (a0ad3bd54702ef24780c35525994ca46)] -> xpath: //button[@class='btn btn-primary btnred schedule-btn scb-data-layer']]
Trying to find Element By : By.xpath: //input[@class='first-name']
Found Element By : By.xpath: //input[@class='first-name']
Trying to find Element By : By.xpath: //input[@class='modilewidth']
Found Element By : By.xpath: //input[@class='modilewidth']
Trying to find Element By : By.xpath: //span[contains(text(),'Field should contain minimum 3 and max 50 characters')]
Found Element By : By.xpath: //span[contains(text(),'Field should contain minimum 3 and max 50 characters')]
Trying to find Element By : By.xpath: //span[contains(text(),'Field should contain minimum 3 and max 50 characters')]
Found Element By : By.xpath: //span[contains(text(),'Field should contain minimum 3 and max 50 characters')]
Trying to find Element By : By.xpath: //span[contains(text(),'Field should contain minimum 3 and max 50 characters')]
Found Element By : By.xpath: //span[contains(text(),'Field should contain minimum 3 and max 50 characters')]
Trying to find Element By : By.xpath: //span[contains(text(),'Please enter valid mobile number')]
Found Element By : By.xpath: //span[contains(text(),'Please enter valid mobile number')]
Trying to find Element By : By.xpath: //span[@class='close-icon1']
Found Element By : By.xpath: //span[@class='close-icon1']
Trying to find Element By : By.xpath: //span[@class='close-icon1']
Found Element By : By.xpath: //span[@class='close-icon1']
Trying to click on: [[ChromeDriver: chrome on WINDOWS (a0ad3bd54702ef24780c35525994ca46)] -> xpath: //span[@class='close-icon1']]
Clicked on: [[ChromeDriver: chrome on WINDOWS (a0ad3bd54702ef24780c35525994ca46)] -> xpath: //span[@class='close-icon1']]
]]></system-out>
  </testcase>
  <testcase name="verifycalculatorWithValidData" classname="SeleniumTesting.AEMhdfc.HomepageTest" time="41.058">
    <system-out><![CDATA[Trying to find Element By : By.xpath: //h5[contains(text(),'How Much Life Insurance')]
Found Element By : By.xpath: //h5[contains(text(),'How Much Life Insurance')]
Trying to find Element By : By.xpath: //button[@class='calculate-btn btn btn-primary btnred cal-data-layer']
Found Element By : By.xpath: //button[@class='calculate-btn btn btn-primary btnred cal-data-layer']
Trying to click on: [[ChromeDriver: chrome on WINDOWS (a0ad3bd54702ef24780c35525994ca46)] -> xpath: //button[@class='calculate-btn btn btn-primary btnred cal-data-layer']]
Clicked on: [[ChromeDriver: chrome on WINDOWS (a0ad3bd54702ef24780c35525994ca46)] -> xpath: //button[@class='calculate-btn btn btn-primary btnred cal-data-layer']]
Trying to find Element By : By.xpath: (//input[@class='years'])[1]
Found Element By : By.xpath: (//input[@class='years'])[1]
Trying to find Element By : By.xpath: (//input[@class='years'])[2]
Found Element By : By.xpath: (//input[@class='years'])[2]
Trying to find Element By : By.id: annual-income
Found Element By : By.id: annual-income
Trying to find Element By : By.id: monthly-expenses
Found Element By : By.id: monthly-expenses
Trying to find Element By : By.id: insurance-cover
Found Element By : By.id: insurance-cover
Trying to find Element By : By.id: qualification
Found Element By : By.id: qualification
Trying to find Element By : By.xpath: .//option[@value = "graduate"]
Found Element By : By.xpath: .//option[@value = "graduate"]
Trying to find Element By : By.id: liabilities
Found Element By : By.id: liabilities
Trying to find Element By : By.xpath: .//option[@value = "0"]
Found Element By : By.xpath: .//option[@value = "0"]
Trying to find Element By : By.id: calculateHlv
Found Element By : By.id: calculateHlv
Trying to click on: [[ChromeDriver: chrome on WINDOWS (a0ad3bd54702ef24780c35525994ca46)] -> id: calculateHlv]
Clicked on: [[ChromeDriver: chrome on WINDOWS (a0ad3bd54702ef24780c35525994ca46)] -> id: calculateHlv]
Trying to find Element By : By.xpath: //section[@class='calculator-section calculateSection']//h2[1]
Found Element By : By.xpath: //section[@class='calculator-section calculateSection']//h2[1]
Trying to find Element By : By.xpath: //p[contains(text(),'Your Required life cover to protect your family’s ')]
Found Element By : By.xpath: //p[contains(text(),'Your Required life cover to protect your family’s ')]
Trying to find Element By : By.xpath: //a[@class='siteButton btnred']
Found Element By : By.xpath: //a[@class='siteButton btnred']
Trying to find Element By : By.xpath: //div[@class='recomendPlans']//a[1]
Found Element By : By.xpath: //div[@class='recomendPlans']//a[1]
Trying to find Element By : By.xpath: //div[@class='recomendPlans']//a[1]
Found Element By : By.xpath: //div[@class='recomendPlans']//a[1]
Trying to click on: [[ChromeDriver: chrome on WINDOWS (a0ad3bd54702ef24780c35525994ca46)] -> xpath: //div[@class='recomendPlans']//a[1]]
Clicked on: [[ChromeDriver: chrome on WINDOWS (a0ad3bd54702ef24780c35525994ca46)] -> xpath: //div[@class='recomendPlans']//a[1]]
Navigating back to previous page
Navigated back to previous page
Trying to find Element By : By.xpath: //button[@class='calculate-btn btn btn-primary btnred cal-data-layer']
Found Element By : By.xpath: //button[@class='calculate-btn btn btn-primary btnred cal-data-layer']
Trying to click on: [[ChromeDriver: chrome on WINDOWS (a0ad3bd54702ef24780c35525994ca46)] -> xpath: //button[@class='calculate-btn btn btn-primary btnred cal-data-layer']]
Clicked on: [[ChromeDriver: chrome on WINDOWS (a0ad3bd54702ef24780c35525994ca46)] -> xpath: //button[@class='calculate-btn btn btn-primary btnred cal-data-layer']]
Trying to find Element By : By.xpath: (//input[@class='years'])[1]
Found Element By : By.xpath: (//input[@class='years'])[1]
Trying to find Element By : By.xpath: (//input[@class='years'])[2]
Found Element By : By.xpath: (//input[@class='years'])[2]
Trying to find Element By : By.id: annual-income
Found Element By : By.id: annual-income
Trying to find Element By : By.id: monthly-expenses
Found Element By : By.id: monthly-expenses
Trying to find Element By : By.id: insurance-cover
Found Element By : By.id: insurance-cover
Trying to find Element By : By.id: qualification
Found Element By : By.id: qualification
Trying to find Element By : By.xpath: .//option[@value = "graduate"]
Found Element By : By.xpath: .//option[@value = "graduate"]
Trying to find Element By : By.id: liabilities
Found Element By : By.id: liabilities
Trying to find Element By : By.xpath: .//option[@value = "0"]
Found Element By : By.xpath: .//option[@value = "0"]
Trying to find Element By : By.id: calculateHlv
Found Element By : By.id: calculateHlv
Trying to click on: [[ChromeDriver: chrome on WINDOWS (a0ad3bd54702ef24780c35525994ca46)] -> id: calculateHlv]
Clicked on: [[ChromeDriver: chrome on WINDOWS (a0ad3bd54702ef24780c35525994ca46)] -> id: calculateHlv]
Trying to find Element By : By.xpath: //a[@class='siteButton btnred']
Found Element By : By.xpath: //a[@class='siteButton btnred']
Trying to click on: [[ChromeDriver: chrome on WINDOWS (a0ad3bd54702ef24780c35525994ca46)] -> xpath: //a[@class='siteButton btnred']]
Clicked on: [[ChromeDriver: chrome on WINDOWS (a0ad3bd54702ef24780c35525994ca46)] -> xpath: //a[@class='siteButton btnred']]
Navigating back to previous page
Navigated back to previous page
]]></system-out>
  </testcase>
  <testcase name="verifyCalculatorCloseBtn" classname="SeleniumTesting.AEMhdfc.HomepageTest" time="9.295">
    <system-out><![CDATA[Trying to find Element By : By.xpath: //button[@class='calculate-btn btn btn-primary btnred cal-data-layer']
Found Element By : By.xpath: //button[@class='calculate-btn btn btn-primary btnred cal-data-layer']
Trying to click on: [[ChromeDriver: chrome on WINDOWS (a0ad3bd54702ef24780c35525994ca46)] -> xpath: //button[@class='calculate-btn btn btn-primary btnred cal-data-layer']]
Clicked on: [[ChromeDriver: chrome on WINDOWS (a0ad3bd54702ef24780c35525994ca46)] -> xpath: //button[@class='calculate-btn btn btn-primary btnred cal-data-layer']]
Trying to find Element By : By.xpath: //span[@class='close-icon calculateClose']
Found Element By : By.xpath: //span[@class='close-icon calculateClose']
Trying to find Element By : By.xpath: //span[@class='close-icon calculateClose']
Found Element By : By.xpath: //span[@class='close-icon calculateClose']
Trying to click on: [[ChromeDriver: chrome on WINDOWS (a0ad3bd54702ef24780c35525994ca46)] -> xpath: //span[@class='close-icon calculateClose']]
Clicked on: [[ChromeDriver: chrome on WINDOWS (a0ad3bd54702ef24780c35525994ca46)] -> xpath: //span[@class='close-icon calculateClose']]
]]></system-out>
  </testcase>
  <testcase name="verifySanchayPlusBuyNowBtn" classname="SeleniumTesting.AEMhdfc.HomepageTest" time="12.699">
    <system-out><![CDATA[Trying to find Element By : By.xpath: //a[@data-button-name='BUY NOW']
Found Element By : By.xpath: //a[@data-button-name='BUY NOW']
Trying to find Element By : By.xpath: //a[@data-button-name='BUY NOW']
Found Element By : By.xpath: //a[@data-button-name='BUY NOW']
Trying to click on: [[ChromeDriver: chrome on WINDOWS (a0ad3bd54702ef24780c35525994ca46)] -> xpath: //a[@data-button-name='BUY NOW']]
Clicked on: [[ChromeDriver: chrome on WINDOWS (a0ad3bd54702ef24780c35525994ca46)] -> xpath: //a[@data-button-name='BUY NOW']]
]]></system-out>
  </testcase>
  <testcase name="verifyDisclaimer" classname="SeleniumTesting.AEMhdfc.HomepageTest" time="15.165">
    <system-out><![CDATA[Trying to find Element By : By.xpath: //a[@data-toggle='collapse']
Found Element By : By.xpath: //a[@data-toggle='collapse']
Trying to find Element By : By.xpath: //a[@data-toggle='collapse']
Found Element By : By.xpath: //a[@data-toggle='collapse']
Trying to find Element By : By.xpath: //a[@data-toggle='collapse']
Found Element By : By.xpath: //a[@data-toggle='collapse']
Trying to click on: [[ChromeDriver: chrome on WINDOWS (a0ad3bd54702ef24780c35525994ca46)] -> xpath: //a[@data-toggle='collapse']]
Clicked on: [[ChromeDriver: chrome on WINDOWS (a0ad3bd54702ef24780c35525994ca46)] -> xpath: //a[@data-toggle='collapse']]
]]></system-out>
  </testcase>
  <testcase name="verifyProductAndPopularLinks" classname="SeleniumTesting.AEMhdfc.HomepageTest" time="6.283">
    <system-out><![CDATA[14:31:54.465 [main] INFO  PageObjects.Homepage - Popular and Product Listing Footer link check started
Trying to find Element By : By.cssSelector: .wrapper.footerMenuSec a
Found Element By : By.cssSelector: .wrapper.footerMenuSec a
14:31:55.141 [main] INFO  PageObjects.Homepage - https://www.hdfclife.com/term-insurance-plans------>OK
14:31:55.251 [main] INFO  PageObjects.Homepage - https://www.hdfclife.com/ulip-plans------>OK
14:31:55.399 [main] INFO  PageObjects.Homepage - https://onlinepayments.hdfclife.com/HDFCLife/quick_pay.html?source=NW_HP_PP_POPLinks&agentcode=00399206&utm_medium=website&utm_source=home-page&utm_campaign&utm_content=banner&prod=PP------>OK
14:31:55.521 [main] INFO  PageObjects.Homepage - https://myaccount.hdfclife.com/?source=NW_HP_MyACC_POPLinks&agentcode=00399206&utm_medium=website&utm_source=home-page&utm_campaign&utm_content=banner&prod=MyACC------>OK
14:31:55.635 [main] INFO  PageObjects.Homepage - https://www.hdfclife.com/fund-performance------>OK
14:31:55.711 [main] INFO  PageObjects.Homepage - https://www.hdfclife.com/term-insurance-plans/click-2-protect-life------>OK
14:31:55.786 [main] INFO  PageObjects.Homepage - https://www.hdfclife.com/term-insurance-plans/saral-jeevan-bima------>OK
14:31:55.852 [main] INFO  PageObjects.Homepage - https://www.hdfclife.com/term-insurance-plans------>OK
14:31:55.948 [main] INFO  PageObjects.Homepage - https://www.hdfclife.com/ulip-plans/click-2-wealth-ulip-plan------>OK
14:31:56.059 [main] INFO  PageObjects.Homepage - https://www.hdfclife.com/ulip-plans/click-2-invest-ulip-plan------>OK
14:31:56.131 [main] INFO  PageObjects.Homepage - https://www.hdfclife.com/ulip-plans/progrowth-plus-ulip-plan------>OK
14:31:56.214 [main] INFO  PageObjects.Homepage - https://www.hdfclife.com/ulip-plans------>OK
14:31:56.297 [main] INFO  PageObjects.Homepage - https://www.hdfclife.com/children-insurance-plans/youngstar-super-premium------>OK
14:31:56.402 [main] INFO  PageObjects.Homepage - https://www.hdfclife.com/children-insurance-plans/youngstar-udaan------>OK
14:31:56.485 [main] INFO  PageObjects.Homepage - https://www.hdfclife.com/children-insurance-plans------>OK
14:31:56.561 [main] INFO  PageObjects.Homepage - https://www.hdfclife.com/savings-plans/pos-guaranteed-savings-plan------>OK
14:31:56.641 [main] INFO  PageObjects.Homepage - https://www.hdfclife.com/retirement-and-pension-plans/pension-guaranteed-plan------>OK
14:31:56.729 [main] INFO  PageObjects.Homepage - https://www.hdfclife.com/retirement-and-pension-plans/new-immediate-annuity-plan------>OK
14:31:56.799 [main] INFO  PageObjects.Homepage - https://www.hdfclife.com/retirement-and-pension-plans/guaranteed-pension-plan------>OK
14:31:56.886 [main] INFO  PageObjects.Homepage - https://www.hdfclife.com/retirement-and-pension-plans/click-2-retire------>OK
14:31:56.967 [main] INFO  PageObjects.Homepage - https://www.hdfclife.com/retirement-and-pension-plans------>OK
14:31:57.058 [main] INFO  PageObjects.Homepage - https://www.hdfclife.com/savings-plans/sanchay-fixed-maturity-plan------>OK
14:31:57.126 [main] INFO  PageObjects.Homepage - https://www.hdfclife.com/savings-plans/sanchay-par-advantage------>OK
14:31:57.196 [main] INFO  PageObjects.Homepage - https://www.hdfclife.com/savings-plans/sanchay-plus------>OK
14:31:57.270 [main] INFO  PageObjects.Homepage - https://www.hdfclife.com/savings-plans------>OK
14:31:57.334 [main] INFO  PageObjects.Homepage - https://www.hdfclife.com/health-insurance-plans/click-2-protect-corona-kavach------>OK
14:31:57.397 [main] INFO  PageObjects.Homepage - https://www.hdfclife.com/health-insurance-plans/click-2-protect-health-plan------>OK
14:31:57.483 [main] INFO  PageObjects.Homepage - https://www.hdfclife.com/health-insurance-plans/cancer-care-insurance------>OK
14:31:57.560 [main] INFO  PageObjects.Homepage - https://www.hdfclife.com/health-insurance-plans/cardiac-care------>OK
14:31:57.631 [main] INFO  PageObjects.Homepage - https://www.hdfclife.com/health-insurance-plans------>OK
14:31:57.712 [main] INFO  PageObjects.Homepage - https://www.hdfclife.com/sanchay-maximiser------>OK
14:31:57.712 [main] INFO  PageObjects.Homepage - Popular and Product Listing Footer link check ended
]]></system-out>
  </testcase>
  <testcase name="verifyStayConnectedwithUs" classname="SeleniumTesting.AEMhdfc.HomepageTest" time="8.42">
    <system-out><![CDATA[14:32:00.719 [main] INFO  PageObjects.Homepage - Stay Connected With Us Footer link check started
Trying to find Element By : By.cssSelector: .stayConnectedSec.footerFormBlk a
Found Element By : By.cssSelector: .stayConnectedSec.footerFormBlk a
Trying to find Element By : By.cssSelector: .stayConnectedSec.footerFormBlk a
Found Element By : By.cssSelector: .stayConnectedSec.footerFormBlk a
Trying to find Element By : By.cssSelector: .stayConnectedSec.footerFormBlk a
Found Element By : By.cssSelector: .stayConnectedSec.footerFormBlk a
Trying to find Element By : By.cssSelector: .stayConnectedSec.footerFormBlk a
Found Element By : By.cssSelector: .stayConnectedSec.footerFormBlk a
Trying to find Element By : By.cssSelector: .stayConnectedSec.footerFormBlk a
Found Element By : By.cssSelector: .stayConnectedSec.footerFormBlk a
Trying to find Element By : By.cssSelector: .stayConnectedSec.footerFormBlk a
Found Element By : By.cssSelector: .stayConnectedSec.footerFormBlk a
Trying to find Element By : By.cssSelector: .stayConnectedSec.footerFormBlk a
Found Element By : By.cssSelector: .stayConnectedSec.footerFormBlk a
Trying to find Element By : By.cssSelector: .stayConnectedSec.footerFormBlk a
Found Element By : By.cssSelector: .stayConnectedSec.footerFormBlk a
Trying to find Element By : By.cssSelector: .stayConnectedSec.footerFormBlk a
Found Element By : By.cssSelector: .stayConnectedSec.footerFormBlk a
Trying to find Element By : By.cssSelector: .stayConnectedSec.footerFormBlk a
Found Element By : By.cssSelector: .stayConnectedSec.footerFormBlk a
Trying to find Element By : By.cssSelector: .stayConnectedSec.footerFormBlk a
Found Element By : By.cssSelector: .stayConnectedSec.footerFormBlk a
Trying to find Element By : By.cssSelector: .stayConnectedSec.footerFormBlk a
Found Element By : By.cssSelector: .stayConnectedSec.footerFormBlk a
Trying to find Element By : By.cssSelector: .stayConnectedSec.footerFormBlk a
Found Element By : By.cssSelector: .stayConnectedSec.footerFormBlk a
Trying to find Element By : By.cssSelector: .stayConnectedSec.footerFormBlk a
Found Element By : By.cssSelector: .stayConnectedSec.footerFormBlk a
Trying to find Element By : By.cssSelector: .stayConnectedSec.footerFormBlk a
Found Element By : By.cssSelector: .stayConnectedSec.footerFormBlk a
Trying to find Element By : By.cssSelector: .stayConnectedSec.footerFormBlk a
Found Element By : By.cssSelector: .stayConnectedSec.footerFormBlk a
Trying to find Element By : By.cssSelector: .stayConnectedSec.footerFormBlk a
Found Element By : By.cssSelector: .stayConnectedSec.footerFormBlk a
Trying to find Element By : By.cssSelector: .stayConnectedSec.footerFormBlk a
Found Element By : By.cssSelector: .stayConnectedSec.footerFormBlk a
Trying to find Element By : By.cssSelector: .stayConnectedSec.footerFormBlk a
Found Element By : By.cssSelector: .stayConnectedSec.footerFormBlk a
Trying to find Element By : By.cssSelector: .stayConnectedSec.footerFormBlk a
Found Element By : By.cssSelector: .stayConnectedSec.footerFormBlk a
Trying to find Element By : By.cssSelector: .stayConnectedSec.footerFormBlk a
Found Element By : By.cssSelector: .stayConnectedSec.footerFormBlk a
Trying to find Element By : By.cssSelector: .stayConnectedSec.footerFormBlk a
Found Element By : By.cssSelector: .stayConnectedSec.footerFormBlk a
Trying to find Element By : By.cssSelector: .stayConnectedSec.footerFormBlk a
Found Element By : By.cssSelector: .stayConnectedSec.footerFormBlk a
Trying to find Element By : By.cssSelector: .stayConnectedSec.footerFormBlk a
Found Element By : By.cssSelector: .stayConnectedSec.footerFormBlk a
Trying to find Element By : By.cssSelector: .stayConnectedSec.footerFormBlk a
Found Element By : By.cssSelector: .stayConnectedSec.footerFormBlk a
14:32:02.229 [main] INFO  PageObjects.Homepage - https://www.facebook.com/HDFClife------>OK
14:32:02.564 [main] INFO  PageObjects.Homepage - https://www.linkedin.com/company/hdfc-life------>Request denied
14:32:02.969 [main] INFO  PageObjects.Homepage - https://twitter.com/HDFClife------>OK
14:32:03.308 [main] INFO  PageObjects.Homepage - https://www.youtube.com/user/hdfclife10------>OK
14:32:04.735 [main] INFO  PageObjects.Homepage - https://www.instagram.com/hdfclife/------>OK
14:32:06.129 [main] INFO  PageObjects.Homepage - https://www.slideshare.net/hdfclife------>OK
14:32:06.130 [main] INFO  PageObjects.Homepage - Stay Connected With Us Footer link check ended
]]></system-out>
  </testcase>
  <testcase name="verifyDownloadLinks" classname="SeleniumTesting.AEMhdfc.HomepageTest" time="12.532">
    <system-out><![CDATA[Trying to find Element By : By.xpath: //a[@class='appleIcon']
Found Element By : By.xpath: //a[@class='appleIcon']
Trying to click on: [[ChromeDriver: chrome on WINDOWS (a0ad3bd54702ef24780c35525994ca46)] -> xpath: //a[@class='appleIcon']]
Clicked on: [[ChromeDriver: chrome on WINDOWS (a0ad3bd54702ef24780c35525994ca46)] -> xpath: //a[@class='appleIcon']]
Trying to find Element By : By.xpath: (//a[@data-position='Download App Icon'])[2]
Found Element By : By.xpath: (//a[@data-position='Download App Icon'])[2]
Trying to click on: [[ChromeDriver: chrome on WINDOWS (a0ad3bd54702ef24780c35525994ca46)] -> xpath: (//a[@data-position='Download App Icon'])[2]]
Clicked on: [[ChromeDriver: chrome on WINDOWS (a0ad3bd54702ef24780c35525994ca46)] -> xpath: (//a[@data-position='Download App Icon'])[2]]
]]></system-out>
  </testcase>
  <testcase name="verifySubscribeOptionWithValidData" classname="SeleniumTesting.AEMhdfc.HomepageTest" time="9.334">
    <system-out><![CDATA[Trying to find Element By : By.className: emailAddress
Found Element By : By.className: emailAddress
Trying to find Element By : By.className: emailAddress
Found Element By : By.className: emailAddress
Trying to click on: [[ChromeDriver: chrome on WINDOWS (a0ad3bd54702ef24780c35525994ca46)] -> class name: emailAddress]
Clicked on: [[ChromeDriver: chrome on WINDOWS (a0ad3bd54702ef24780c35525994ca46)] -> class name: emailAddress]
Trying to find Element By : By.id: subscribeButton
Found Element By : By.id: subscribeButton
Trying to find Element By : By.className: emailAddress
Found Element By : By.className: emailAddress
Trying to find Element By : By.id: subscribeButton
Found Element By : By.id: subscribeButton
Trying to click on: [[ChromeDriver: chrome on WINDOWS (a0ad3bd54702ef24780c35525994ca46)] -> id: subscribeButton]
Clicked on: [[ChromeDriver: chrome on WINDOWS (a0ad3bd54702ef24780c35525994ca46)] -> id: subscribeButton]
Trying to find Element By : By.xpath: //span[@class='message-success-subscribe']
Found Element By : By.xpath: //span[@class='message-success-subscribe']
Trying to find Element By : By.xpath: //span[@class='message-success-subscribe']
Found Element By : By.xpath: //span[@class='message-success-subscribe']
]]></system-out>
  </testcase>
  <testcase name="verifyGroupWebsitesLinks" classname="SeleniumTesting.AEMhdfc.HomepageTest" time="13.468">
    <system-out><![CDATA[14:32:31.026 [main] INFO  PageObjects.Homepage - Group Websites link check started
Trying to find Element By : By.cssSelector: .wrapper.externalLinks a
Found Element By : By.cssSelector: .wrapper.externalLinks a
Trying to find Element By : By.cssSelector: .wrapper.externalLinks a
Found Element By : By.cssSelector: .wrapper.externalLinks a
Trying to find Element By : By.cssSelector: .wrapper.externalLinks a
Found Element By : By.cssSelector: .wrapper.externalLinks a
Trying to find Element By : By.cssSelector: .wrapper.externalLinks a
Found Element By : By.cssSelector: .wrapper.externalLinks a
Trying to find Element By : By.cssSelector: .wrapper.externalLinks a
Found Element By : By.cssSelector: .wrapper.externalLinks a
Trying to find Element By : By.cssSelector: .wrapper.externalLinks a
Found Element By : By.cssSelector: .wrapper.externalLinks a
Trying to find Element By : By.cssSelector: .wrapper.externalLinks a
Found Element By : By.cssSelector: .wrapper.externalLinks a
Trying to find Element By : By.cssSelector: .wrapper.externalLinks a
Found Element By : By.cssSelector: .wrapper.externalLinks a
Trying to find Element By : By.cssSelector: .wrapper.externalLinks a
Found Element By : By.cssSelector: .wrapper.externalLinks a
Trying to find Element By : By.cssSelector: .wrapper.externalLinks a
Found Element By : By.cssSelector: .wrapper.externalLinks a
Trying to find Element By : By.cssSelector: .wrapper.externalLinks a
Found Element By : By.cssSelector: .wrapper.externalLinks a
Trying to find Element By : By.cssSelector: .wrapper.externalLinks a
Found Element By : By.cssSelector: .wrapper.externalLinks a
Trying to find Element By : By.cssSelector: .wrapper.externalLinks a
Found Element By : By.cssSelector: .wrapper.externalLinks a
Trying to find Element By : By.cssSelector: .wrapper.externalLinks a
Found Element By : By.cssSelector: .wrapper.externalLinks a
Trying to find Element By : By.cssSelector: .wrapper.externalLinks a
Found Element By : By.cssSelector: .wrapper.externalLinks a
Trying to find Element By : By.cssSelector: .wrapper.externalLinks a
Found Element By : By.cssSelector: .wrapper.externalLinks a
Trying to find Element By : By.cssSelector: .wrapper.externalLinks a
Found Element By : By.cssSelector: .wrapper.externalLinks a
Trying to find Element By : By.cssSelector: .wrapper.externalLinks a
Found Element By : By.cssSelector: .wrapper.externalLinks a
Trying to find Element By : By.cssSelector: .wrapper.externalLinks a
Found Element By : By.cssSelector: .wrapper.externalLinks a
Trying to find Element By : By.cssSelector: .wrapper.externalLinks a
Found Element By : By.cssSelector: .wrapper.externalLinks a
Trying to find Element By : By.cssSelector: .wrapper.externalLinks a
Found Element By : By.cssSelector: .wrapper.externalLinks a
Trying to find Element By : By.cssSelector: .wrapper.externalLinks a
Found Element By : By.cssSelector: .wrapper.externalLinks a
Trying to find Element By : By.cssSelector: .wrapper.externalLinks a
Found Element By : By.cssSelector: .wrapper.externalLinks a
Trying to find Element By : By.cssSelector: .wrapper.externalLinks a
Found Element By : By.cssSelector: .wrapper.externalLinks a
Trying to find Element By : By.cssSelector: .wrapper.externalLinks a
Found Element By : By.cssSelector: .wrapper.externalLinks a
Trying to find Element By : By.cssSelector: .wrapper.externalLinks a
Found Element By : By.cssSelector: .wrapper.externalLinks a
Trying to find Element By : By.cssSelector: .wrapper.externalLinks a
Found Element By : By.cssSelector: .wrapper.externalLinks a
Trying to find Element By : By.cssSelector: .wrapper.externalLinks a
Found Element By : By.cssSelector: .wrapper.externalLinks a
Trying to find Element By : By.cssSelector: .wrapper.externalLinks a
Found Element By : By.cssSelector: .wrapper.externalLinks a
Trying to find Element By : By.cssSelector: .wrapper.externalLinks a
Found Element By : By.cssSelector: .wrapper.externalLinks a
Trying to find Element By : By.cssSelector: .wrapper.externalLinks a
Found Element By : By.cssSelector: .wrapper.externalLinks a
Trying to find Element By : By.cssSelector: .wrapper.externalLinks a
Found Element By : By.cssSelector: .wrapper.externalLinks a
Trying to find Element By : By.cssSelector: .wrapper.externalLinks a
Found Element By : By.cssSelector: .wrapper.externalLinks a
Trying to find Element By : By.cssSelector: .wrapper.externalLinks a
Found Element By : By.cssSelector: .wrapper.externalLinks a
Trying to find Element By : By.cssSelector: .wrapper.externalLinks a
Found Element By : By.cssSelector: .wrapper.externalLinks a
Trying to find Element By : By.cssSelector: .wrapper.externalLinks a
Found Element By : By.cssSelector: .wrapper.externalLinks a
Trying to find Element By : By.cssSelector: .wrapper.externalLinks a
Found Element By : By.cssSelector: .wrapper.externalLinks a
Trying to find Element By : By.cssSelector: .wrapper.externalLinks a
Found Element By : By.cssSelector: .wrapper.externalLinks a
Trying to find Element By : By.cssSelector: .wrapper.externalLinks a
Found Element By : By.cssSelector: .wrapper.externalLinks a
Trying to find Element By : By.cssSelector: .wrapper.externalLinks a
Found Element By : By.cssSelector: .wrapper.externalLinks a
Trying to find Element By : By.cssSelector: .wrapper.externalLinks a
Found Element By : By.cssSelector: .wrapper.externalLinks a
Trying to find Element By : By.cssSelector: .wrapper.externalLinks a
Found Element By : By.cssSelector: .wrapper.externalLinks a
Trying to find Element By : By.cssSelector: .wrapper.externalLinks a
Found Element By : By.cssSelector: .wrapper.externalLinks a
Trying to find Element By : By.cssSelector: .wrapper.externalLinks a
Found Element By : By.cssSelector: .wrapper.externalLinks a
Trying to find Element By : By.cssSelector: .wrapper.externalLinks a
Found Element By : By.cssSelector: .wrapper.externalLinks a
Trying to find Element By : By.cssSelector: .wrapper.externalLinks a
Found Element By : By.cssSelector: .wrapper.externalLinks a
Trying to find Element By : By.cssSelector: .wrapper.externalLinks a
Found Element By : By.cssSelector: .wrapper.externalLinks a
Trying to find Element By : By.cssSelector: .wrapper.externalLinks a
Found Element By : By.cssSelector: .wrapper.externalLinks a
Trying to find Element By : By.cssSelector: .wrapper.externalLinks a
Found Element By : By.cssSelector: .wrapper.externalLinks a
Trying to find Element By : By.cssSelector: .wrapper.externalLinks a
Found Element By : By.cssSelector: .wrapper.externalLinks a
Trying to find Element By : By.cssSelector: .wrapper.externalLinks a
Found Element By : By.cssSelector: .wrapper.externalLinks a
Trying to find Element By : By.cssSelector: .wrapper.externalLinks a
Found Element By : By.cssSelector: .wrapper.externalLinks a
Trying to find Element By : By.cssSelector: .wrapper.externalLinks a
Found Element By : By.cssSelector: .wrapper.externalLinks a
Trying to find Element By : By.cssSelector: .wrapper.externalLinks a
Found Element By : By.cssSelector: .wrapper.externalLinks a
Trying to find Element By : By.cssSelector: .wrapper.externalLinks a
Found Element By : By.cssSelector: .wrapper.externalLinks a
Trying to find Element By : By.cssSelector: .wrapper.externalLinks a
Found Element By : By.cssSelector: .wrapper.externalLinks a
Trying to find Element By : By.cssSelector: .wrapper.externalLinks a
Found Element By : By.cssSelector: .wrapper.externalLinks a
Trying to find Element By : By.cssSelector: .wrapper.externalLinks a
Found Element By : By.cssSelector: .wrapper.externalLinks a
Trying to find Element By : By.cssSelector: .wrapper.externalLinks a
Found Element By : By.cssSelector: .wrapper.externalLinks a
Trying to find Element By : By.cssSelector: .wrapper.externalLinks a
Found Element By : By.cssSelector: .wrapper.externalLinks a
Trying to find Element By : By.cssSelector: .wrapper.externalLinks a
Found Element By : By.cssSelector: .wrapper.externalLinks a
Trying to find Element By : By.cssSelector: .wrapper.externalLinks a
Found Element By : By.cssSelector: .wrapper.externalLinks a
Trying to find Element By : By.cssSelector: .wrapper.externalLinks a
Found Element By : By.cssSelector: .wrapper.externalLinks a
Trying to find Element By : By.cssSelector: .wrapper.externalLinks a
Found Element By : By.cssSelector: .wrapper.externalLinks a
Trying to find Element By : By.cssSelector: .wrapper.externalLinks a
Found Element By : By.cssSelector: .wrapper.externalLinks a
Trying to find Element By : By.cssSelector: .wrapper.externalLinks a
Found Element By : By.cssSelector: .wrapper.externalLinks a
Trying to find Element By : By.cssSelector: .wrapper.externalLinks a
Found Element By : By.cssSelector: .wrapper.externalLinks a
Trying to find Element By : By.cssSelector: .wrapper.externalLinks a
Found Element By : By.cssSelector: .wrapper.externalLinks a
Trying to find Element By : By.cssSelector: .wrapper.externalLinks a
Found Element By : By.cssSelector: .wrapper.externalLinks a
Trying to find Element By : By.cssSelector: .wrapper.externalLinks a
Found Element By : By.cssSelector: .wrapper.externalLinks a
Trying to find Element By : By.cssSelector: .wrapper.externalLinks a
Found Element By : By.cssSelector: .wrapper.externalLinks a
Trying to find Element By : By.cssSelector: .wrapper.externalLinks a
Found Element By : By.cssSelector: .wrapper.externalLinks a
Trying to find Element By : By.cssSelector: .wrapper.externalLinks a
Found Element By : By.cssSelector: .wrapper.externalLinks a
Trying to find Element By : By.cssSelector: .wrapper.externalLinks a
Found Element By : By.cssSelector: .wrapper.externalLinks a
Trying to find Element By : By.cssSelector: .wrapper.externalLinks a
Found Element By : By.cssSelector: .wrapper.externalLinks a
Trying to find Element By : By.cssSelector: .wrapper.externalLinks a
Found Element By : By.cssSelector: .wrapper.externalLinks a
Trying to find Element By : By.cssSelector: .wrapper.externalLinks a
Found Element By : By.cssSelector: .wrapper.externalLinks a
Trying to find Element By : By.cssSelector: .wrapper.externalLinks a
Found Element By : By.cssSelector: .wrapper.externalLinks a
Trying to find Element By : By.cssSelector: .wrapper.externalLinks a
Found Element By : By.cssSelector: .wrapper.externalLinks a
Trying to find Element By : By.cssSelector: .wrapper.externalLinks a
Found Element By : By.cssSelector: .wrapper.externalLinks a
Trying to find Element By : By.cssSelector: .wrapper.externalLinks a
Found Element By : By.cssSelector: .wrapper.externalLinks a
Trying to find Element By : By.cssSelector: .wrapper.externalLinks a
Found Element By : By.cssSelector: .wrapper.externalLinks a
Trying to find Element By : By.cssSelector: .wrapper.externalLinks a
Found Element By : By.cssSelector: .wrapper.externalLinks a
Trying to find Element By : By.cssSelector: .wrapper.externalLinks a
Found Element By : By.cssSelector: .wrapper.externalLinks a
Trying to find Element By : By.cssSelector: .wrapper.externalLinks a
Found Element By : By.cssSelector: .wrapper.externalLinks a
Trying to find Element By : By.cssSelector: .wrapper.externalLinks a
Found Element By : By.cssSelector: .wrapper.externalLinks a
Trying to find Element By : By.cssSelector: .wrapper.externalLinks a
Found Element By : By.cssSelector: .wrapper.externalLinks a
Trying to find Element By : By.cssSelector: .wrapper.externalLinks a
Found Element By : By.cssSelector: .wrapper.externalLinks a
Trying to find Element By : By.cssSelector: .wrapper.externalLinks a
Found Element By : By.cssSelector: .wrapper.externalLinks a
Trying to find Element By : By.cssSelector: .wrapper.externalLinks a
Found Element By : By.cssSelector: .wrapper.externalLinks a
Trying to find Element By : By.cssSelector: .wrapper.externalLinks a
Found Element By : By.cssSelector: .wrapper.externalLinks a
Trying to find Element By : By.cssSelector: .wrapper.externalLinks a
Found Element By : By.cssSelector: .wrapper.externalLinks a
Trying to find Element By : By.cssSelector: .wrapper.externalLinks a
Found Element By : By.cssSelector: .wrapper.externalLinks a
Trying to find Element By : By.cssSelector: .wrapper.externalLinks a
Found Element By : By.cssSelector: .wrapper.externalLinks a
Trying to find Element By : By.cssSelector: .wrapper.externalLinks a
Found Element By : By.cssSelector: .wrapper.externalLinks a
Trying to find Element By : By.cssSelector: .wrapper.externalLinks a
Found Element By : By.cssSelector: .wrapper.externalLinks a
Trying to find Element By : By.cssSelector: .wrapper.externalLinks a
Found Element By : By.cssSelector: .wrapper.externalLinks a
Trying to find Element By : By.cssSelector: .wrapper.externalLinks a
Found Element By : By.cssSelector: .wrapper.externalLinks a
Trying to find Element By : By.cssSelector: .wrapper.externalLinks a
Found Element By : By.cssSelector: .wrapper.externalLinks a
Trying to find Element By : By.cssSelector: .wrapper.externalLinks a
Found Element By : By.cssSelector: .wrapper.externalLinks a
Trying to find Element By : By.cssSelector: .wrapper.externalLinks a
Found Element By : By.cssSelector: .wrapper.externalLinks a
Trying to find Element By : By.cssSelector: .wrapper.externalLinks a
Found Element By : By.cssSelector: .wrapper.externalLinks a
Trying to find Element By : By.cssSelector: .wrapper.externalLinks a
Found Element By : By.cssSelector: .wrapper.externalLinks a
Trying to find Element By : By.cssSelector: .wrapper.externalLinks a
Found Element By : By.cssSelector: .wrapper.externalLinks a
Trying to find Element By : By.cssSelector: .wrapper.externalLinks a
Found Element By : By.cssSelector: .wrapper.externalLinks a
Trying to find Element By : By.cssSelector: .wrapper.externalLinks a
Found Element By : By.cssSelector: .wrapper.externalLinks a
Trying to find Element By : By.cssSelector: .wrapper.externalLinks a
Found Element By : By.cssSelector: .wrapper.externalLinks a
Trying to find Element By : By.cssSelector: .wrapper.externalLinks a
Found Element By : By.cssSelector: .wrapper.externalLinks a
Trying to find Element By : By.cssSelector: .wrapper.externalLinks a
Found Element By : By.cssSelector: .wrapper.externalLinks a
Trying to find Element By : By.cssSelector: .wrapper.externalLinks a
Found Element By : By.cssSelector: .wrapper.externalLinks a
Trying to find Element By : By.cssSelector: .wrapper.externalLinks a
Found Element By : By.cssSelector: .wrapper.externalLinks a
Trying to find Element By : By.cssSelector: .wrapper.externalLinks a
Found Element By : By.cssSelector: .wrapper.externalLinks a
Trying to find Element By : By.cssSelector: .wrapper.externalLinks a
Found Element By : By.cssSelector: .wrapper.externalLinks a
Trying to find Element By : By.cssSelector: .wrapper.externalLinks a
Found Element By : By.cssSelector: .wrapper.externalLinks a
Trying to find Element By : By.cssSelector: .wrapper.externalLinks a
Found Element By : By.cssSelector: .wrapper.externalLinks a
Trying to find Element By : By.cssSelector: .wrapper.externalLinks a
Found Element By : By.cssSelector: .wrapper.externalLinks a
Trying to find Element By : By.cssSelector: .wrapper.externalLinks a
Found Element By : By.cssSelector: .wrapper.externalLinks a
Trying to find Element By : By.cssSelector: .wrapper.externalLinks a
Found Element By : By.cssSelector: .wrapper.externalLinks a
Trying to find Element By : By.cssSelector: .wrapper.externalLinks a
Found Element By : By.cssSelector: .wrapper.externalLinks a
Trying to find Element By : By.cssSelector: .wrapper.externalLinks a
Found Element By : By.cssSelector: .wrapper.externalLinks a
Trying to find Element By : By.cssSelector: .wrapper.externalLinks a
Found Element By : By.cssSelector: .wrapper.externalLinks a
Trying to find Element By : By.cssSelector: .wrapper.externalLinks a
Found Element By : By.cssSelector: .wrapper.externalLinks a
Trying to find Element By : By.cssSelector: .wrapper.externalLinks a
Found Element By : By.cssSelector: .wrapper.externalLinks a
Trying to find Element By : By.cssSelector: .wrapper.externalLinks a
Found Element By : By.cssSelector: .wrapper.externalLinks a
Trying to find Element By : By.cssSelector: .wrapper.externalLinks a
Found Element By : By.cssSelector: .wrapper.externalLinks a
Trying to find Element By : By.cssSelector: .wrapper.externalLinks a
Found Element By : By.cssSelector: .wrapper.externalLinks a
Trying to find Element By : By.cssSelector: .wrapper.externalLinks a
Found Element By : By.cssSelector: .wrapper.externalLinks a
Trying to find Element By : By.cssSelector: .wrapper.externalLinks a
Found Element By : By.cssSelector: .wrapper.externalLinks a
Trying to find Element By : By.cssSelector: .wrapper.externalLinks a
Found Element By : By.cssSelector: .wrapper.externalLinks a
Trying to find Element By : By.cssSelector: .wrapper.externalLinks a
Found Element By : By.cssSelector: .wrapper.externalLinks a
Trying to find Element By : By.cssSelector: .wrapper.externalLinks a
Found Element By : By.cssSelector: .wrapper.externalLinks a
Trying to find Element By : By.cssSelector: .wrapper.externalLinks a
Found Element By : By.cssSelector: .wrapper.externalLinks a
Trying to find Element By : By.cssSelector: .wrapper.externalLinks a
Found Element By : By.cssSelector: .wrapper.externalLinks a
Trying to find Element By : By.cssSelector: .wrapper.externalLinks a
Found Element By : By.cssSelector: .wrapper.externalLinks a
Trying to find Element By : By.cssSelector: .wrapper.externalLinks a
Found Element By : By.cssSelector: .wrapper.externalLinks a
Trying to find Element By : By.cssSelector: .wrapper.externalLinks a
Found Element By : By.cssSelector: .wrapper.externalLinks a
Trying to find Element By : By.cssSelector: .wrapper.externalLinks a
Found Element By : By.cssSelector: .wrapper.externalLinks a
Trying to find Element By : By.cssSelector: .wrapper.externalLinks a
Found Element By : By.cssSelector: .wrapper.externalLinks a
Trying to find Element By : By.cssSelector: .wrapper.externalLinks a
Found Element By : By.cssSelector: .wrapper.externalLinks a
Trying to find Element By : By.cssSelector: .wrapper.externalLinks a
Found Element By : By.cssSelector: .wrapper.externalLinks a
Trying to find Element By : By.cssSelector: .wrapper.externalLinks a
Found Element By : By.cssSelector: .wrapper.externalLinks a
Trying to find Element By : By.cssSelector: .wrapper.externalLinks a
Found Element By : By.cssSelector: .wrapper.externalLinks a
Trying to find Element By : By.cssSelector: .wrapper.externalLinks a
Found Element By : By.cssSelector: .wrapper.externalLinks a
Trying to find Element By : By.cssSelector: .wrapper.externalLinks a
Found Element By : By.cssSelector: .wrapper.externalLinks a
Trying to find Element By : By.cssSelector: .wrapper.externalLinks a
Found Element By : By.cssSelector: .wrapper.externalLinks a
Trying to find Element By : By.cssSelector: .wrapper.externalLinks a
Found Element By : By.cssSelector: .wrapper.externalLinks a
Trying to find Element By : By.cssSelector: .wrapper.externalLinks a
Found Element By : By.cssSelector: .wrapper.externalLinks a
Trying to find Element By : By.cssSelector: .wrapper.externalLinks a
Found Element By : By.cssSelector: .wrapper.externalLinks a
[...]
Trying to find Element By : By.xpath: (//div[@class='rt-blue-bg']//a)[9]
Found Element By : By.xpath: (//div[@class='rt-blue-bg']//a)[9]
Trying to find Element By : By.xpath: (//div[@class='rt-blue-bg']//a)[9]
Found Element By : By.xpath: (//div[@class='rt-blue-bg']//a)[9]
Trying to click on: [[ChromeDriver: chrome on WINDOWS (eee757dfbd25363fff536c096a54a786)] -> xpath: (//div[@class='rt-blue-bg']//a)[9]]
Clicked on: [[ChromeDriver: chrome on WINDOWS (eee757dfbd25363fff536c096a54a786)] -> xpath: (//div[@class='rt-blue-bg']//a)[9]]
Navigating back to previous page
Navigated back to previous page
Trying to find Element By : By.xpath: //img[@class='at-element-click-tracking']
Found Element By : By.xpath: //img[@class='at-element-click-tracking']
Trying to find Element By : By.xpath: //img[@class='at-element-click-tracking']
Found Element By : By.xpath: //img[@class='at-element-click-tracking']
Trying to find Element By : By.xpath: //img[@class='at-element-click-tracking']
Found Element By : By.xpath: //img[@class='at-element-click-tracking']
Trying to click on: [[ChromeDriver: chrome on WINDOWS (eee757dfbd25363fff536c096a54a786)] -> xpath: //img[@class='at-element-click-tracking']]
Clicked on: [[ChromeDriver: chrome on WINDOWS (eee757dfbd25363fff536c096a54a786)] -> xpath: //img[@class='at-element-click-tracking']]
Trying to find Element By : By.xpath: (//div[@class='rt-blue-bg']//a)[10]
Found Element By : By.xpath: (//div[@class='rt-blue-bg']//a)[10]
Trying to find Element By : By.xpath: (//div[@class='rt-blue-bg']//a)[10]
Found Element By : By.xpath: (//div[@class='rt-blue-bg']//a)[10]
Trying to click on: [[ChromeDriver: chrome on WINDOWS (eee757dfbd25363fff536c096a54a786)] -> xpath: (//div[@class='rt-blue-bg']//a)[10]]
Clicked on: [[ChromeDriver: chrome on WINDOWS (eee757dfbd25363fff536c096a54a786)] -> xpath: (//div[@class='rt-blue-bg']//a)[10]]
Navigating back to previous page
Navigated back to previous page
Trying to find Element By : By.xpath: //img[@class='at-element-click-tracking']
Found Element By : By.xpath: //img[@class='at-element-click-tracking']
Trying to find Element By : By.xpath: //img[@class='at-element-click-tracking']
Found Element By : By.xpath: //img[@class='at-element-click-tracking']
Trying to find Element By : By.xpath: //img[@class='at-element-click-tracking']
Found Element By : By.xpath: //img[@class='at-element-click-tracking']
Trying to click on: [[ChromeDriver: chrome on WINDOWS (eee757dfbd25363fff536c096a54a786)] -> xpath: //img[@class='at-element-click-tracking']]
Clicked on: [[ChromeDriver: chrome on WINDOWS (eee757dfbd25363fff536c096a54a786)] -> xpath: //img[@class='at-element-click-tracking']]
]]></system-out>
  </testcase>
  <testcase name="verifyFAQSection" classname="SeleniumTesting.AEMhdfc.CustomerservicelandingTest" time="7.222">
    <system-out><![CDATA[Trying to find Element By : By.xpath: //a[@data-modaltarget='service-when']
Found Element By : By.xpath: //a[@data-modaltarget='service-when']
Trying to find Element By : By.xpath: //a[@data-modaltarget='service-when']
Found Element By : By.xpath: //a[@data-modaltarget='service-when']
Trying to click on: [[ChromeDriver: chrome on WINDOWS (eee757dfbd25363fff536c096a54a786)] -> xpath: //a[@data-modaltarget='service-when']]
Clicked on: [[ChromeDriver: chrome on WINDOWS (eee757dfbd25363fff536c096a54a786)] -> xpath: //a[@data-modaltarget='service-when']]
Trying to find Element By : By.xpath: //div[@id='service-when']//a[@class='modalCloseBtn']
Found Element By : By.xpath: //div[@id='service-when']//a[@class='modalCloseBtn']
Trying to find Element By : By.xpath: //div[@id='service-when']//a[@class='modalCloseBtn']
Found Element By : By.xpath: //div[@id='service-when']//a[@class='modalCloseBtn']
Trying to click on: [[ChromeDriver: chrome on WINDOWS (eee757dfbd25363fff536c096a54a786)] -> xpath: //div[@id='service-when']//a[@class='modalCloseBtn']]
Clicked on: [[ChromeDriver: chrome on WINDOWS (eee757dfbd25363fff536c096a54a786)] -> xpath: //div[@id='service-when']//a[@class='modalCloseBtn']]
]]></system-out>
  </testcase>
  <testcase name="verifyTiles" classname="SeleniumTesting.AEMhdfc.CustomerservicelandingTest" time="211.964">
    <system-out><![CDATA[Trying to find Element By : By.cssSelector: a[class='btn btnwhite btn-white-data-layer']
Found Element By : By.cssSelector: a[class='btn btnwhite btn-white-data-layer']
Trying to click on: [[ChromeDriver: chrome on WINDOWS (eee757dfbd25363fff536c096a54a786)] -> css selector: a[class='btn btnwhite btn-white-data-layer']]
Clicked on: [[ChromeDriver: chrome on WINDOWS (eee757dfbd25363fff536c096a54a786)] -> css selector: a[class='btn btnwhite btn-white-data-layer']]
Navigating back to previous page
Navigated back to previous page
Trying to find Element By : By.xpath: //img[@class='at-element-click-tracking']
Found Element By : By.xpath: //img[@class='at-element-click-tracking']
Trying to find Element By : By.xpath: //img[@class='at-element-click-tracking']
Found Element By : By.xpath: //img[@class='at-element-click-tracking']
Trying to find Element By : By.xpath: //img[@class='at-element-click-tracking']
Found Element By : By.xpath: //img[@class='at-element-click-tracking']
Trying to click on: [[ChromeDriver: chrome on WINDOWS (eee757dfbd25363fff536c096a54a786)] -> xpath: //img[@class='at-element-click-tracking']]
Clicked on: [[ChromeDriver: chrome on WINDOWS (eee757dfbd25363fff536c096a54a786)] -> xpath: //img[@class='at-element-click-tracking']]
Trying to find Element By : By.cssSelector: a[class='btn btnwhite btn-white-data-layer']
Found Element By : By.cssSelector: a[class='btn btnwhite btn-white-data-layer']
Trying to click on: [[ChromeDriver: chrome on WINDOWS (eee757dfbd25363fff536c096a54a786)] -> css selector: a[class='btn btnwhite btn-white-data-layer']]
Clicked on: [[ChromeDriver: chrome on WINDOWS (eee757dfbd25363fff536c096a54a786)] -> css selector: a[class='btn btnwhite btn-white-data-layer']]
Navigating back to previous page
Navigated back to previous page
Trying to find Element By : By.xpath: //img[@class='at-element-click-tracking']
Found Element By : By.xpath: //img[@class='at-element-click-tracking']
Trying to find Element By : By.xpath: //img[@class='at-element-click-tracking']
Found Element By : By.xpath: //img[@class='at-element-click-tracking']
Trying to find Element By : By.xpath: //img[@class='at-element-click-tracking']
Found Element By : By.xpath: //img[@class='at-element-click-tracking']
Trying to click on: [[ChromeDriver: chrome on WINDOWS (eee757dfbd25363fff536c096a54a786)] -> xpath: //img[@class='at-element-click-tracking']]
Clicked on: [[ChromeDriver: chrome on WINDOWS (eee757dfbd25363fff536c096a54a786)] -> xpath: //img[@class='at-element-click-tracking']]
Trying to find Element By : By.cssSelector: a[class='btn btnwhite btn-white-data-layer']
Found Element By : By.cssSelector: a[class='btn btnwhite btn-white-data-layer']
Trying to click on: [[ChromeDriver: chrome on WINDOWS (eee757dfbd25363fff536c096a54a786)] -> css selector: a[class='btn btnwhite btn-white-data-layer']]
Clicked on: [[ChromeDriver: chrome on WINDOWS (eee757dfbd25363fff536c096a54a786)] -> css selector: a[class='btn btnwhite btn-white-data-layer']]
Navigating back to previous page
Navigated back to previous page
Trying to find Element By : By.xpath: //img[@class='at-element-click-tracking']
Found Element By : By.xpath: //img[@class='at-element-click-tracking']
Trying to find Element By : By.xpath: //img[@class='at-element-click-tracking']
Found Element By : By.xpath: //img[@class='at-element-click-tracking']
Trying to find Element By : By.xpath: //img[@class='at-element-click-tracking']
Found Element By : By.xpath: //img[@class='at-element-click-tracking']
Trying to click on: [[ChromeDriver: chrome on WINDOWS (eee757dfbd25363fff536c096a54a786)] -> xpath: //img[@class='at-element-click-tracking']]
Clicked on: [[ChromeDriver: chrome on WINDOWS (eee757dfbd25363fff536c096a54a786)] -> xpath: //img[@class='at-element-click-tracking']]
Trying to find Element By : By.cssSelector: button[class='info-blue-button info-blue-button-data-layer']
Found Element By : By.cssSelector: button[class='info-blue-button info-blue-button-data-layer']
Trying to click on: [[ChromeDriver: chrome on WINDOWS (eee757dfbd25363fff536c096a54a786)] -> css selector: button[class='info-blue-button info-blue-button-data-layer']]
Clicked on: [[ChromeDriver: chrome on WINDOWS (eee757dfbd25363fff536c096a54a786)] -> css selector: button[class='info-blue-button info-blue-button-data-layer']]
Navigating back to previous page
Navigated back to previous page
Trying to find Element By : By.xpath: //img[@class='at-element-click-tracking']
Found Element By : By.xpath: //img[@class='at-element-click-tracking']
Trying to find Element By : By.xpath: //img[@class='at-element-click-tracking']
Found Element By : By.xpath: //img[@class='at-element-click-tracking']
Trying to find Element By : By.xpath: //img[@class='at-element-click-tracking']
Found Element By : By.xpath: //img[@class='at-element-click-tracking']
Trying to click on: [[ChromeDriver: chrome on WINDOWS (eee757dfbd25363fff536c096a54a786)] -> xpath: //img[@class='at-element-click-tracking']]
Clicked on: [[ChromeDriver: chrome on WINDOWS (eee757dfbd25363fff536c096a54a786)] -> xpath: //img[@class='at-element-click-tracking']]
Trying to find Element By : By.cssSelector: a[class='btn btnwhite btn-white-data-layer']
Found Element By : By.cssSelector: a[class='btn btnwhite btn-white-data-layer']
Trying to click on: [[ChromeDriver: chrome on WINDOWS (eee757dfbd25363fff536c096a54a786)] -> css selector: a[class='btn btnwhite btn-white-data-layer']]
Clicked on: [[ChromeDriver: chrome on WINDOWS (eee757dfbd25363fff536c096a54a786)] -> css selector: a[class='btn btnwhite btn-white-data-layer']]
Navigating back to previous page
Navigated back to previous page
Trying to find Element By : By.xpath: //img[@class='at-element-click-tracking']
Found Element By : By.xpath: //img[@class='at-element-click-tracking']
Trying to find Element By : By.xpath: //img[@class='at-element-click-tracking']
Found Element By : By.xpath: //img[@class='at-element-click-tracking']
Trying to find Element By : By.xpath: //img[@class='at-element-click-tracking']
Found Element By : By.xpath: //img[@class='at-element-click-tracking']
Trying to click on: [[ChromeDriver: chrome on WINDOWS (eee757dfbd25363fff536c096a54a786)] -> xpath: //img[@class='at-element-click-tracking']]
Clicked on: [[ChromeDriver: chrome on WINDOWS (eee757dfbd25363fff536c096a54a786)] -> xpath: //img[@class='at-element-click-tracking']]
Trying to find Element By : By.cssSelector: a[class='btn btnwhite btn-white-data-layer']
Found Element By : By.cssSelector: a[class='btn btnwhite btn-white-data-layer']
Trying to click on: [[ChromeDriver: chrome on WINDOWS (eee757dfbd25363fff536c096a54a786)] -> css selector: a[class='btn btnwhite btn-white-data-layer']]
Clicked on: [[ChromeDriver: chrome on WINDOWS (eee757dfbd25363fff536c096a54a786)] -> css selector: a[class='btn btnwhite btn-white-data-layer']]
Navigating back to previous page
Navigated back to previous page
Trying to find Element By : By.xpath: //img[@class='at-element-click-tracking']
Found Element By : By.xpath: //img[@class='at-element-click-tracking']
Trying to find Element By : By.xpath: //img[@class='at-element-click-tracking']
Found Element By : By.xpath: //img[@class='at-element-click-tracking']
Trying to find Element By : By.xpath: //img[@class='at-element-click-tracking']
Found Element By : By.xpath: //img[@class='at-element-click-tracking']
Trying to click on: [[ChromeDriver: chrome on WINDOWS (eee757dfbd25363fff536c096a54a786)] -> xpath: //img[@class='at-element-click-tracking']]
Clicked on: [[ChromeDriver: chrome on WINDOWS (eee757dfbd25363fff536c096a54a786)] -> xpath: //img[@class='at-element-click-tracking']]
Trying to find Element By : By.cssSelector: a[class='btn btnwhite btn-white-data-layer']
Found Element By : By.cssSelector: a[class='btn btnwhite btn-white-data-layer']
Trying to click on: [[ChromeDriver: chrome on WINDOWS (eee757dfbd25363fff536c096a54a786)] -> css selector: a[class='btn btnwhite btn-white-data-layer']]
Clicked on: [[ChromeDriver: chrome on WINDOWS (eee757dfbd25363fff536c096a54a786)] -> css selector: a[class='btn btnwhite btn-white-data-layer']]
Navigating back to previous page
Navigated back to previous page
Trying to find Element By : By.xpath: //img[@class='at-element-click-tracking']
Found Element By : By.xpath: //img[@class='at-element-click-tracking']
Trying to find Element By : By.xpath: //img[@class='at-element-click-tracking']
Found Element By : By.xpath: //img[@class='at-element-click-tracking']
Trying to find Element By : By.xpath: //img[@class='at-element-click-tracking']
Found Element By : By.xpath: //img[@class='at-element-click-tracking']
Trying to click on: [[ChromeDriver: chrome on WINDOWS (eee757dfbd25363fff536c096a54a786)] -> xpath: //img[@class='at-element-click-tracking']]
Clicked on: [[ChromeDriver: chrome on WINDOWS (eee757dfbd25363fff536c096a54a786)] -> xpath: //img[@class='at-element-click-tracking']]
Trying to find Element By : By.cssSelector: a[class='btn btnwhite btn-white-data-layer']
Found Element By : By.cssSelector: a[class='btn btnwhite btn-white-data-layer']
Trying to click on: [[ChromeDriver: chrome on WINDOWS (eee757dfbd25363fff536c096a54a786)] -> css selector: a[class='btn btnwhite btn-white-data-layer']]
Clicked on: [[ChromeDriver: chrome on WINDOWS (eee757dfbd25363fff536c096a54a786)] -> css selector: a[class='btn btnwhite btn-white-data-layer']]
Navigating back to previous page
Navigated back to previous page
Trying to find Element By : By.xpath: //img[@class='at-element-click-tracking']
Found Element By : By.xpath: //img[@class='at-element-click-tracking']
Trying to find Element By : By.xpath: //img[@class='at-element-click-tracking']
Found Element By : By.xpath: //img[@class='at-element-click-tracking']
Trying to find Element By : By.xpath: //img[@class='at-element-click-tracking']
Found Element By : By.xpath: //img[@class='at-element-click-tracking']
Trying to click on: [[ChromeDriver: chrome on WINDOWS (eee757dfbd25363fff536c096a54a786)] -> xpath: //img[@class='at-element-click-tracking']]
Clicked on: [[ChromeDriver: chrome on WINDOWS (eee757dfbd25363fff536c096a54a786)] -> xpath: //img[@class='at-element-click-tracking']]
Trying to find Element By : By.cssSelector: button[class='info-blue-button info-blue-button-data-layer']
Found Element By : By.cssSelector: button[class='info-blue-button info-blue-button-data-layer']
Trying to click on: [[ChromeDriver: chrome on WINDOWS (eee757dfbd25363fff536c096a54a786)] -> css selector: button[class='info-blue-button info-blue-button-data-layer']]
Clicked on: [[ChromeDriver: chrome on WINDOWS (eee757dfbd25363fff536c096a54a786)] -> css selector: button[class='info-blue-button info-blue-button-data-layer']]
Navigating back to previous page
Navigated back to previous page
Trying to find Element By : By.xpath: //img[@class='at-element-click-tracking']
Found Element By : By.xpath: //img[@class='at-element-click-tracking']
Trying to find Element By : By.xpath: //img[@class='at-element-click-tracking']
Found Element By : By.xpath: //img[@class='at-element-click-tracking']
Trying to find Element By : By.xpath: //img[@class='at-element-click-tracking']
Found Element By : By.xpath: //img[@class='at-element-click-tracking']
Trying to click on: [[ChromeDriver: chrome on WINDOWS (eee757dfbd25363fff536c096a54a786)] -> xpath: //img[@class='at-element-click-tracking']]
Clicked on: [[ChromeDriver: chrome on WINDOWS (eee757dfbd25363fff536c096a54a786)] -> xpath: //img[@class='at-element-click-tracking']]
Trying to find Element By : By.cssSelector: a[class='btn btnwhite btn-white-data-layer']
Found Element By : By.cssSelector: a[class='btn btnwhite btn-white-data-layer']
Trying to click on: [[ChromeDriver: chrome on WINDOWS (eee757dfbd25363fff536c096a54a786)] -> css selector: a[class='btn btnwhite btn-white-data-layer']]
Clicked on: [[ChromeDriver: chrome on WINDOWS (eee757dfbd25363fff536c096a54a786)] -> css selector: a[class='btn btnwhite btn-white-data-layer']]
Navigating back to previous page
Navigated back to previous page
Trying to find Element By : By.xpath: //img[@class='at-element-click-tracking']
Found Element By : By.xpath: //img[@class='at-element-click-tracking']
Trying to find Element By : By.xpath: //img[@class='at-element-click-tracking']
Found Element By : By.xpath: //img[@class='at-element-click-tracking']
Trying to find Element By : By.xpath: //img[@class='at-element-click-tracking']
Found Element By : By.xpath: //img[@class='at-element-click-tracking']
Trying to click on: [[ChromeDriver: chrome on WINDOWS (eee757dfbd25363fff536c096a54a786)] -> xpath: //img[@class='at-element-click-tracking']]
Clicked on: [[ChromeDriver: chrome on WINDOWS (eee757dfbd25363fff536c096a54a786)] -> xpath: //img[@class='at-element-click-tracking']]
Trying to find Element By : By.cssSelector: a[class='btn btnwhite btn-white-data-layer']
Found Element By : By.cssSelector: a[class='btn btnwhite btn-white-data-layer']
Trying to click on: [[ChromeDriver: chrome on WINDOWS (eee757dfbd25363fff536c096a54a786)] -> css selector: a[class='btn btnwhite btn-white-data-layer']]
Clicked on: [[ChromeDriver: chrome on WINDOWS (eee757dfbd25363fff536c096a54a786)] -> css selector: a[class='btn btnwhite btn-white-data-layer']]
Navigating back to previous page
Navigated back to previous page
Trying to find Element By : By.xpath: //img[@class='at-element-click-tracking']
Found Element By : By.xpath: //img[@class='at-element-click-tracking']
Trying to find Element By : By.xpath: //img[@class='at-element-click-tracking']
Found Element By : By.xpath: //img[@class='at-element-click-tracking']
Trying to find Element By : By.xpath: //img[@class='at-element-click-tracking']
Found Element By : By.xpath: //img[@class='at-element-click-tracking']
Trying to click on: [[ChromeDriver: chrome on WINDOWS (eee757dfbd25363fff536c096a54a786)] -> xpath: //img[@class='at-element-click-tracking']]
Clicked on: [[ChromeDriver: chrome on WINDOWS (eee757dfbd25363fff536c096a54a786)] -> xpath: //img[@class='at-element-click-tracking']]
]]></system-out>
  </testcase>
  <testcase name="verifyAadharSection" classname="SeleniumTesting.AEMhdfc.CustomerservicelandingTest" time="10.664">
    <system-out><![CDATA[Trying to find Element By : By.xpath: //button[@class='btn btn-primary btnred btn-auto toggleBtnClick']
Found Element By : By.xpath: //button[@class='btn btn-primary btnred btn-auto toggleBtnClick']
Trying to find Element By : By.xpath: //button[@class='btn btn-primary btnred btn-auto toggleBtnClick']
Found Element By : By.xpath: //button[@class='btn btn-primary btnred btn-auto toggleBtnClick']
Trying to click on: [[ChromeDriver: chrome on WINDOWS (eee757dfbd25363fff536c096a54a786)] -> xpath: //button[@class='btn btn-primary btnred btn-auto toggleBtnClick']]
Clicked on: [[ChromeDriver: chrome on WINDOWS (eee757dfbd25363fff536c096a54a786)] -> xpath: //button[@class='btn btn-primary btnred btn-auto toggleBtnClick']]
]]></system-out>
  </testcase>
  <testcase name="verifyContactUsSection" classname="SeleniumTesting.AEMhdfc.CustomerservicelandingTest" time="10.292">
    <system-out><![CDATA[Trying to find Element By : By.xpath: //a[@class='bannerAdBtn siteButton']
Found Element By : By.xpath: //a[@class='bannerAdBtn siteButton']
Trying to find Element By : By.xpath: //a[@class='bannerAdBtn siteButton']
Found Element By : By.xpath: //a[@class='bannerAdBtn siteButton']
Trying to click on: [[ChromeDriver: chrome on WINDOWS (eee757dfbd25363fff536c096a54a786)] -> xpath: //a[@class='bannerAdBtn siteButton']]
Clicked on: [[ChromeDriver: chrome on WINDOWS (eee757dfbd25363fff536c096a54a786)] -> xpath: //a[@class='bannerAdBtn siteButton']]
]]></system-out>
  </testcase>
</testsuite>