<?xml version="1.0" encoding="UTF-8"?>
<testng-results retried="4" ignored="0" total="73" passed="59" failed="5" skipped="5">
  <reporter-output>
  </reporter-output>
  <suite started-at="2021-12-20T09:39:33 IST" name="Suite" finished-at="2021-12-20T10:02:48 IST" duration-ms="1395114">
    <groups>
    </groups>
    <test started-at="2021-12-20T09:39:33 IST" name="Test" finished-at="2021-12-20T10:02:48 IST" duration-ms="1395114">
      <class name="SeleniumTesting.AEMhdfc.CustomerservicelandingTest">
        <test-method is-config="true" signature="setUp()[pri:0, instance:SeleniumTesting.AEMhdfc.CustomerservicelandingTest@76a36b71]" started-at="2021-12-20T10:00:24 IST" name="setUp" finished-at="2021-12-20T10:00:29 IST" duration-ms="4758" status="PASS">
          <reporter-output>
          </reporter-output>
        </test-method> <!-- setUp -->
        <test-method signature="navigateToCustomerServiceLandingPage()[pri:1, instance:SeleniumTesting.AEMhdfc.CustomerservicelandingTest@76a36b71]" started-at="2021-12-20T10:00:29 IST" name="navigateToCustomerServiceLandingPage" finished-at="2021-12-20T10:00:34 IST" duration-ms="5149" status="PASS">
          <reporter-output>
          </reporter-output>
        </test-method> <!-- navigateToCustomerServiceLandingPage -->
        <test-method retried="true" signature="verifyCustomerServiceLandingPopup()[pri:2, instance:SeleniumTesting.AEMhdfc.CustomerservicelandingTest@76a36b71]" started-at="2021-12-20T10:00:34 IST" name="verifyCustomerServiceLandingPopup" finished-at="2021-12-20T10:01:04 IST" depends-on-methods="SeleniumTesting.AEMhdfc.CustomerservicelandingTest.navigateToCustomerServiceLandingPage" duration-ms="30054" status="SKIP">
          <exception class="org.openqa.selenium.NoSuchElementException">
            <message>
              <![CDATA[no such element: Unable to locate element: {"method":"xpath","selector":"//img[@class='closeAll regulatorypopupAImg']"}
  (Session info: chrome=96.0.4664.110)
For documentation on this error, please visit: https://www.seleniumhq.org/exceptions/no_such_element.html
Build info: version: '3.141.59', revision: 'e82be7d358', time: '2018-11-14T08:17:03'
System info: host: 'LIN24007907', ip: '192.168.1.13', os.name: 'Windows 10', os.arch: 'amd64', os.version: '10.0', java.version: '17'
Driver info: org.openqa.selenium.chrome.ChromeDriver
Capabilities {acceptInsecureCerts: false, browserName: chrome, browserVersion: 96.0.4664.110, chrome: {chromedriverVersion: 96.0.4664.45 (76e4c1bb2ab46..., userDataDir: C:\Users\Akundar\AppData\Lo...}, goog:chromeOptions: {debuggerAddress: localhost:65472}, javascriptEnabled: true, networkConnectionEnabled: false, pageLoadStrategy: normal, platform: WINDOWS, platformName: WINDOWS, proxy: Proxy(), setWindowRect: true, strictFileInteractability: false, timeouts: {implicit: 0, pageLoad: 300000, script: 30000}, unhandledPromptBehavior: dismiss and notify, webauthn:extension:credBlob: true, webauthn:extension:largeBlob: true, webauthn:virtualAuthenticators: true}
Session ID: bbb827b855a276b810086dbf9bd4c707
*** Element info: {Using=xpath, value=//img[@class='closeAll regulatorypopupAImg']}]]>
            </message>
            <full-stacktrace>
              <![CDATA[org.openqa.selenium.NoSuchElementException: no such element: Unable to locate element: {"method":"xpath","selector":"//img[@class='closeAll regulatorypopupAImg']"}
  (Session info: chrome=96.0.4664.110)
For documentation on this error, please visit: https://www.seleniumhq.org/exceptions/no_such_element.html
Build info: version: '3.141.59', revision: 'e82be7d358', time: '2018-11-14T08:17:03'
System info: host: 'LIN24007907', ip: '192.168.1.13', os.name: 'Windows 10', os.arch: 'amd64', os.version: '10.0', java.version: '17'
Driver info: org.openqa.selenium.chrome.ChromeDriver
Capabilities {acceptInsecureCerts: false, browserName: chrome, browserVersion: 96.0.4664.110, chrome: {chromedriverVersion: 96.0.4664.45 (76e4c1bb2ab46..., userDataDir: C:\Users\Akundar\AppData\Lo...}, goog:chromeOptions: {debuggerAddress: localhost:65472}, javascriptEnabled: true, networkConnectionEnabled: false, pageLoadStrategy: normal, platform: WINDOWS, platformName: WINDOWS, proxy: Proxy(), setWindowRect: true, strictFileInteractability: false, timeouts: {implicit: 0, pageLoad: 300000, script: 30000}, unhandledPromptBehavior: dismiss and notify, webauthn:extension:credBlob: true, webauthn:extension:largeBlob: true, webauthn:virtualAuthenticators: true}
Session ID: bbb827b855a276b810086dbf9bd4c707
*** Element info: {Using=xpath, value=//img[@class='closeAll regulatorypopupAImg']}
at java.base/jdk.internal.reflect.NativeConstructorAccessorImpl.newInstance0(Native Method)
at java.base/jdk.internal.reflect.NativeConstructorAccessorImpl.newInstance(NativeConstructorAccessorImpl.java:77)
at java.base/jdk.internal.reflect.DelegatingConstructorAccessorImpl.newInstance(DelegatingConstructorAccessorImpl.java:45)
at java.base/java.lang.reflect.Constructor.newInstanceWithCaller(Constructor.java:499)
at java.base/java.lang.reflect.Constructor.newInstance(Constructor.java:480)
at org.openqa.selenium.remote.http.W3CHttpResponseCodec.createException(W3CHttpResponseCodec.java:187)
at org.openqa.selenium.remote.http.W3CHttpResponseCodec.decode(W3CHttpResponseCodec.java:122)
at org.openqa.selenium.remote.http.W3CHttpResponseCodec.decode(W3CHttpResponseCodec.java:49)
at org.openqa.selenium.remote.HttpCommandExecutor.execute(HttpCommandExecutor.java:158)
at org.openqa.selenium.remote.service.DriverCommandExecutor.execute(DriverCommandExecutor.java:83)
at org.openqa.selenium.remote.RemoteWebDriver.execute(RemoteWebDriver.java:552)
at org.openqa.selenium.remote.RemoteWebDriver.findElement(RemoteWebDriver.java:323)
at org.openqa.selenium.remote.RemoteWebDriver.findElementByXPath(RemoteWebDriver.java:428)
at org.openqa.selenium.By$ByXPath.findElement(By.java:353)
at org.openqa.selenium.remote.RemoteWebDriver.findElement(RemoteWebDriver.java:315)
at jdk.internal.reflect.GeneratedMethodAccessor3.invoke(Unknown Source)
at java.base/jdk.internal.reflect.DelegatingMethodAccessorImpl.invoke(DelegatingMethodAccessorImpl.java:43)
at java.base/java.lang.reflect.Method.invoke(Method.java:568)
at org.openqa.selenium.support.events.EventFiringWebDriver.lambda$new$1(EventFiringWebDriver.java:105)
at jdk.proxy2/jdk.proxy2.$Proxy25.findElement(Unknown Source)
at org.openqa.selenium.support.events.EventFiringWebDriver.findElement(EventFiringWebDriver.java:194)
at org.openqa.selenium.support.pagefactory.DefaultElementLocator.findElement(DefaultElementLocator.java:69)
at org.openqa.selenium.support.pagefactory.internal.LocatingElementHandler.invoke(LocatingElementHandler.java:38)
at jdk.proxy2/jdk.proxy2.$Proxy28.isDisplayed(Unknown Source)
at PageObjects.Customerservicelanding.clickDownloadBtn(Customerservicelanding.java:139)
at SeleniumTesting.AEMhdfc.CustomerservicelandingTest.verifyCustomerServiceLandingPopup(CustomerservicelandingTest.java:60)
at java.base/jdk.internal.reflect.NativeMethodAccessorImpl.invoke0(Native Method)
at java.base/jdk.internal.reflect.NativeMethodAccessorImpl.invoke(NativeMethodAccessorImpl.java:77)
at java.base/jdk.internal.reflect.DelegatingMethodAccessorImpl.invoke(DelegatingMethodAccessorImpl.java:43)
at java.base/java.lang.reflect.Method.invoke(Method.java:568)
at org.testng.internal.MethodInvocationHelper.invokeMethod(MethodInvocationHelper.java:133)
at org.testng.internal.TestInvoker.invokeMethod(TestInvoker.java:598)
at org.testng.internal.TestInvoker.invokeTestMethod(TestInvoker.java:173)
at org.testng.internal.MethodRunner.runInSequence(MethodRunner.java:46)
at org.testng.internal.TestInvoker$MethodInvocationAgent.invoke(TestInvoker.java:824)
at org.testng.internal.TestInvoker.invokeTestMethods(TestInvoker.java:146)
at org.testng.internal.TestMethodWorker.invokeTestMethods(TestMethodWorker.java:146)
at org.testng.internal.TestMethodWorker.run(TestMethodWorker.java:128)
at java.base/java.util.ArrayList.forEach(ArrayList.java:1511)
at org.testng.TestRunner.privateRun(TestRunner.java:794)
at org.testng.TestRunner.run(TestRunner.java:596)
at org.testng.SuiteRunner.runTest(SuiteRunner.java:377)
at org.testng.SuiteRunner.runSequentially(SuiteRunner.java:371)
at org.testng.SuiteRunner.privateRun(SuiteRunner.java:332)
at org.testng.SuiteRunner.run(SuiteRunner.java:276)
at org.testng.SuiteRunnerWorker.runSuite(SuiteRunnerWorker.java:53)
at org.testng.SuiteRunnerWorker.run(SuiteRunnerWorker.java:96)
at org.testng.TestNG.runSuitesSequentially(TestNG.java:1212)
at org.testng.TestNG.runSuitesLocally(TestNG.java:1134)
at org.testng.TestNG.runSuites(TestNG.java:1063)
at org.testng.TestNG.run(TestNG.java:1031)
at org.apache.maven.surefire.testng.TestNGExecutor.run(TestNGExecutor.java:284)
at org.apache.maven.surefire.testng.TestNGXmlTestSuite.execute(TestNGXmlTestSuite.java:75)
at org.apache.maven.surefire.testng.TestNGProvider.invoke(TestNGProvider.java:119)
at org.apache.maven.surefire.booter.ForkedBooter.runSuitesInProcess(ForkedBooter.java:428)
at org.apache.maven.surefire.booter.ForkedBooter.execute(ForkedBooter.java:162)
at org.apache.maven.surefire.booter.ForkedBooter.run(ForkedBooter.java:562)
at org.apache.maven.surefire.booter.ForkedBooter.main(ForkedBooter.java:548)
]]>
            </full-stacktrace>
          </exception> <!-- org.openqa.selenium.NoSuchElementException -->
          <reporter-output>
          </reporter-output>
        </test-method> <!-- verifyCustomerServiceLandingPopup -->
        <test-method retried="true" signature="verifyCustomerServiceLandingPopup()[pri:2, instance:SeleniumTesting.AEMhdfc.CustomerservicelandingTest@76a36b71]" started-at="2021-12-20T10:01:04 IST" name="verifyCustomerServiceLandingPopup" finished-at="2021-12-20T10:01:34 IST" depends-on-methods="SeleniumTesting.AEMhdfc.CustomerservicelandingTest.navigateToCustomerServiceLandingPage" duration-ms="30007" status="SKIP">
          <exception class="org.openqa.selenium.NoSuchElementException">
            <message>
              <![CDATA[no such element: Unable to locate element: {"method":"xpath","selector":"//img[@class='closeAll regulatorypopupAImg']"}
  (Session info: chrome=96.0.4664.110)
For documentation on this error, please visit: https://www.seleniumhq.org/exceptions/no_such_element.html
Build info: version: '3.141.59', revision: 'e82be7d358', time: '2018-11-14T08:17:03'
System info: host: 'LIN24007907', ip: '192.168.1.13', os.name: 'Windows 10', os.arch: 'amd64', os.version: '10.0', java.version: '17'
Driver info: org.openqa.selenium.chrome.ChromeDriver
Capabilities {acceptInsecureCerts: false, browserName: chrome, browserVersion: 96.0.4664.110, chrome: {chromedriverVersion: 96.0.4664.45 (76e4c1bb2ab46..., userDataDir: C:\Users\Akundar\AppData\Lo...}, goog:chromeOptions: {debuggerAddress: localhost:65472}, javascriptEnabled: true, networkConnectionEnabled: false, pageLoadStrategy: normal, platform: WINDOWS, platformName: WINDOWS, proxy: Proxy(), setWindowRect: true, strictFileInteractability: false, timeouts: {implicit: 0, pageLoad: 300000, script: 30000}, unhandledPromptBehavior: dismiss and notify, webauthn:extension:credBlob: true, webauthn:extension:largeBlob: true, webauthn:virtualAuthenticators: true}
Session ID: bbb827b855a276b810086dbf9bd4c707
*** Element info: {Using=xpath, value=//img[@class='closeAll regulatorypopupAImg']}]]>
            </message>
            <full-stacktrace>
              <![CDATA[org.openqa.selenium.NoSuchElementException: no such element: Unable to locate element: {"method":"xpath","selector":"//img[@class='closeAll regulatorypopupAImg']"}
  (Session info: chrome=96.0.4664.110)
For documentation on this error, please visit: https://www.seleniumhq.org/exceptions/no_such_element.html
Build info: version: '3.141.59', revision: 'e82be7d358', time: '2018-11-14T08:17:03'
System info: host: 'LIN24007907', ip: '192.168.1.13', os.name: 'Windows 10', os.arch: 'amd64', os.version: '10.0', java.version: '17'
Driver info: org.openqa.selenium.chrome.ChromeDriver
Capabilities {acceptInsecureCerts: false, browserName: chrome, browserVersion: 96.0.4664.110, chrome: {chromedriverVersion: 96.0.4664.45 (76e4c1bb2ab46..., userDataDir: C:\Users\Akundar\AppData\Lo...}, goog:chromeOptions: {debuggerAddress: localhost:65472}, javascriptEnabled: true, networkConnectionEnabled: false, pageLoadStrategy: normal, platform: WINDOWS, platformName: WINDOWS, proxy: Proxy(), setWindowRect: true, strictFileInteractability: false, timeouts: {implicit: 0, pageLoad: 300000, script: 30000}, unhandledPromptBehavior: dismiss and notify, webauthn:extension:credBlob: true, webauthn:extension:largeBlob: true, webauthn:virtualAuthenticators: true}
Session ID: bbb827b855a276b810086dbf9bd4c707
*** Element info: {Using=xpath, value=//img[@class='closeAll regulatorypopupAImg']}
at java.base/jdk.internal.reflect.NativeConstructorAccessorImpl.newInstance0(Native Method)
at java.base/jdk.internal.reflect.NativeConstructorAccessorImpl.newInstance(NativeConstructorAccessorImpl.java:77)
at java.base/jdk.internal.reflect.DelegatingConstructorAccessorImpl.newInstance(DelegatingConstructorAccessorImpl.java:45)
at java.base/java.lang.reflect.Constructor.newInstanceWithCaller(Constructor.java:499)
at java.base/java.lang.reflect.Constructor.newInstance(Constructor.java:480)
at org.openqa.selenium.remote.http.W3CHttpResponseCodec.createException(W3CHttpResponseCodec.java:187)
at org.openqa.selenium.remote.http.W3CHttpResponseCodec.decode(W3CHttpResponseCodec.java:122)
at org.openqa.selenium.remote.http.W3CHttpResponseCodec.decode(W3CHttpResponseCodec.java:49)
at org.openqa.selenium.remote.HttpCommandExecutor.execute(HttpCommandExecutor.java:158)
at org.openqa.selenium.remote.service.DriverCommandExecutor.execute(DriverCommandExecutor.java:83)
at org.openqa.selenium.remote.RemoteWebDriver.execute(RemoteWebDriver.java:552)
at org.openqa.selenium.remote.RemoteWebDriver.findElement(RemoteWebDriver.java:323)
at org.openqa.selenium.remote.RemoteWebDriver.findElementByXPath(RemoteWebDriver.java:428)
at org.openqa.selenium.By$ByXPath.findElement(By.java:353)
at org.openqa.selenium.remote.RemoteWebDriver.findElement(RemoteWebDriver.java:315)
at jdk.internal.reflect.GeneratedMethodAccessor3.invoke(Unknown Source)
at java.base/jdk.internal.reflect.DelegatingMethodAccessorImpl.invoke(DelegatingMethodAccessorImpl.java:43)
at java.base/java.lang.reflect.Method.invoke(Method.java:568)
at org.openqa.selenium.support.events.EventFiringWebDriver.lambda$new$1(EventFiringWebDriver.java:105)
at jdk.proxy2/jdk.proxy2.$Proxy25.findElement(Unknown Source)
at org.openqa.selenium.support.events.EventFiringWebDriver.findElement(EventFiringWebDriver.java:194)
at org.openqa.selenium.support.pagefactory.DefaultElementLocator.findElement(DefaultElementLocator.java:69)
at org.openqa.selenium.support.pagefactory.internal.LocatingElementHandler.invoke(LocatingElementHandler.java:38)
at jdk.proxy2/jdk.proxy2.$Proxy28.isDisplayed(Unknown Source)
at PageObjects.Customerservicelanding.clickDownloadBtn(Customerservicelanding.java:139)
at SeleniumTesting.AEMhdfc.CustomerservicelandingTest.verifyCustomerServiceLandingPopup(CustomerservicelandingTest.java:60)
at java.base/jdk.internal.reflect.NativeMethodAccessorImpl.invoke0(Native Method)
at java.base/jdk.internal.reflect.NativeMethodAccessorImpl.invoke(NativeMethodAccessorImpl.java:77)
at java.base/jdk.internal.reflect.DelegatingMethodAccessorImpl.invoke(DelegatingMethodAccessorImpl.java:43)
at java.base/java.lang.reflect.Method.invoke(Method.java:568)
at org.testng.internal.MethodInvocationHelper.invokeMethod(MethodInvocationHelper.java:133)
at org.testng.internal.TestInvoker.invokeMethod(TestInvoker.java:598)
at org.testng.internal.TestInvoker.retryFailed(TestInvoker.java:213)
at org.testng.internal.MethodRunner.runInSequence(MethodRunner.java:58)
at org.testng.internal.TestInvoker$MethodInvocationAgent.invoke(TestInvoker.java:824)
at org.testng.internal.TestInvoker.invokeTestMethods(TestInvoker.java:146)
at org.testng.internal.TestMethodWorker.invokeTestMethods(TestMethodWorker.java:146)
at org.testng.internal.TestMethodWorker.run(TestMethodWorker.java:128)
at java.base/java.util.ArrayList.forEach(ArrayList.java:1511)
at org.testng.TestRunner.privateRun(TestRunner.java:794)
at org.testng.TestRunner.run(TestRunner.java:596)
at org.testng.SuiteRunner.runTest(SuiteRunner.java:377)
at org.testng.SuiteRunner.runSequentially(SuiteRunner.java:371)
at org.testng.SuiteRunner.privateRun(SuiteRunner.java:332)
at org.testng.SuiteRunner.run(SuiteRunner.java:276)
at org.testng.SuiteRunnerWorker.runSuite(SuiteRunnerWorker.java:53)
at org.testng.SuiteRunnerWorker.run(SuiteRunnerWorker.java:96)
at org.testng.TestNG.runSuitesSequentially(TestNG.java:1212)
at org.testng.TestNG.runSuitesLocally(TestNG.java:1134)
at org.testng.TestNG.runSuites(TestNG.java:1063)
at org.testng.TestNG.run(TestNG.java:1031)
at org.apache.maven.surefire.testng.TestNGExecutor.run(TestNGExecutor.java:284)
at org.apache.maven.surefire.testng.TestNGXmlTestSuite.execute(TestNGXmlTestSuite.java:75)
at org.apache.maven.surefire.testng.TestNGProvider.invoke(TestNGProvider.java:119)
at org.apache.maven.surefire.booter.ForkedBooter.runSuitesInProcess(ForkedBooter.java:428)
at org.apache.maven.surefire.booter.ForkedBooter.execute(ForkedBooter.java:162)
at org.apache.maven.surefire.booter.ForkedBooter.run(ForkedBooter.java:562)
at org.apache.maven.surefire.booter.ForkedBooter.main(ForkedBooter.java:548)
]]>
            </full-stacktrace>
          </exception> <!-- org.openqa.selenium.NoSuchElementException -->
          <reporter-output>
          </reporter-output>
        </test-method> <!-- verifyCustomerServiceLandingPopup -->
        <test-method retried="true" signature="verifyCustomerServiceLandingPopup()[pri:2, instance:SeleniumTesting.AEMhdfc.CustomerservicelandingTest@76a36b71]" started-at="2021-12-20T10:01:34 IST" name="verifyCustomerServiceLandingPopup" finished-at="2021-12-20T10:02:04 IST" depends-on-methods="SeleniumTesting.AEMhdfc.CustomerservicelandingTest.navigateToCustomerServiceLandingPage" duration-ms="30051" status="SKIP">
          <exception class="org.openqa.selenium.NoSuchElementException">
            <message>
              <![CDATA[no such element: Unable to locate element: {"method":"xpath","selector":"//img[@class='closeAll regulatorypopupAImg']"}
  (Session info: chrome=96.0.4664.110)
For documentation on this error, please visit: https://www.seleniumhq.org/exceptions/no_such_element.html
Build info: version: '3.141.59', revision: 'e82be7d358', time: '2018-11-14T08:17:03'
System info: host: 'LIN24007907', ip: '192.168.1.13', os.name: 'Windows 10', os.arch: 'amd64', os.version: '10.0', java.version: '17'
Driver info: org.openqa.selenium.chrome.ChromeDriver
Capabilities {acceptInsecureCerts: false, browserName: chrome, browserVersion: 96.0.4664.110, chrome: {chromedriverVersion: 96.0.4664.45 (76e4c1bb2ab46..., userDataDir: C:\Users\Akundar\AppData\Lo...}, goog:chromeOptions: {debuggerAddress: localhost:65472}, javascriptEnabled: true, networkConnectionEnabled: false, pageLoadStrategy: normal, platform: WINDOWS, platformName: WINDOWS, proxy: Proxy(), setWindowRect: true, strictFileInteractability: false, timeouts: {implicit: 0, pageLoad: 300000, script: 30000}, unhandledPromptBehavior: dismiss and notify, webauthn:extension:credBlob: true, webauthn:extension:largeBlob: true, webauthn:virtualAuthenticators: true}
Session ID: bbb827b855a276b810086dbf9bd4c707
*** Element info: {Using=xpath, value=//img[@class='closeAll regulatorypopupAImg']}]]>
            </message>
            <full-stacktrace>
              <![CDATA[org.openqa.selenium.NoSuchElementException: no such element: Unable to locate element: {"method":"xpath","selector":"//img[@class='closeAll regulatorypopupAImg']"}
  (Session info: chrome=96.0.4664.110)
For documentation on this error, please visit: https://www.seleniumhq.org/exceptions/no_such_element.html
Build info: version: '3.141.59', revision: 'e82be7d358', time: '2018-11-14T08:17:03'
System info: host: 'LIN24007907', ip: '192.168.1.13', os.name: 'Windows 10', os.arch: 'amd64', os.version: '10.0', java.version: '17'
Driver info: org.openqa.selenium.chrome.ChromeDriver
Capabilities {acceptInsecureCerts: false, browserName: chrome, browserVersion: 96.0.4664.110, chrome: {chromedriverVersion: 96.0.4664.45 (76e4c1bb2ab46..., userDataDir: C:\Users\Akundar\AppData\Lo...}, goog:chromeOptions: {debuggerAddress: localhost:65472}, javascriptEnabled: true, networkConnectionEnabled: false, pageLoadStrategy: normal, platform: WINDOWS, platformName: WINDOWS, proxy: Proxy(), setWindowRect: true, strictFileInteractability: false, timeouts: {implicit: 0, pageLoad: 300000, script: 30000}, unhandledPromptBehavior: dismiss and notify, webauthn:extension:credBlob: true, webauthn:extension:largeBlob: true, webauthn:virtualAuthenticators: true}
Session ID: bbb827b855a276b810086dbf9bd4c707
*** Element info: {Using=xpath, value=//img[@class='closeAll regulatorypopupAImg']}
at java.base/jdk.internal.reflect.NativeConstructorAccessorImpl.newInstance0(Native Method)
at java.base/jdk.internal.reflect.NativeConstructorAccessorImpl.newInstance(NativeConstructorAccessorImpl.java:77)
at java.base/jdk.internal.reflect.DelegatingConstructorAccessorImpl.newInstance(DelegatingConstructorAccessorImpl.java:45)
at java.base/java.lang.reflect.Constructor.newInstanceWithCaller(Constructor.java:499)
at java.base/java.lang.reflect.Constructor.newInstance(Constructor.java:480)
at org.openqa.selenium.remote.http.W3CHttpResponseCodec.createException(W3CHttpResponseCodec.java:187)
at org.openqa.selenium.remote.http.W3CHttpResponseCodec.decode(W3CHttpResponseCodec.java:122)
at org.openqa.selenium.remote.http.W3CHttpResponseCodec.decode(W3CHttpResponseCodec.java:49)
at org.openqa.selenium.remote.HttpCommandExecutor.execute(HttpCommandExecutor.java:158)
at org.openqa.selenium.remote.service.DriverCommandExecutor.execute(DriverCommandExecutor.java:83)
at org.openqa.selenium.remote.RemoteWebDriver.execute(RemoteWebDriver.java:552)
at org.openqa.selenium.remote.RemoteWebDriver.findElement(RemoteWebDriver.java:323)
at org.openqa.selenium.remote.RemoteWebDriver.findElementByXPath(RemoteWebDriver.java:428)
at org.openqa.selenium.By$ByXPath.findElement(By.java:353)
at org.openqa.selenium.remote.RemoteWebDriver.findElement(RemoteWebDriver.java:315)
at jdk.internal.reflect.GeneratedMethodAccessor3.invoke(Unknown Source)
at java.base/jdk.internal.reflect.DelegatingMethodAccessorImpl.invoke(DelegatingMethodAccessorImpl.java:43)
at java.base/java.lang.reflect.Method.invoke(Method.java:568)
at org.openqa.selenium.support.events.EventFiringWebDriver.lambda$new$1(EventFiringWebDriver.java:105)
at jdk.proxy2/jdk.proxy2.$Proxy25.findElement(Unknown Source)
at org.openqa.selenium.support.events.EventFiringWebDriver.findElement(EventFiringWebDriver.java:194)
at org.openqa.selenium.support.pagefactory.DefaultElementLocator.findElement(DefaultElementLocator.java:69)
at org.openqa.selenium.support.pagefactory.internal.LocatingElementHandler.invoke(LocatingElementHandler.java:38)
at jdk.proxy2/jdk.proxy2.$Proxy28.isDisplayed(Unknown Source)
at PageObjects.Customerservicelanding.clickDownloadBtn(Customerservicelanding.java:139)
at SeleniumTesting.AEMhdfc.CustomerservicelandingTest.verifyCustomerServiceLandingPopup(CustomerservicelandingTest.java:60)
at java.base/jdk.internal.reflect.NativeMethodAccessorImpl.invoke0(Native Method)
at java.base/jdk.internal.reflect.NativeMethodAccessorImpl.invoke(NativeMethodAccessorImpl.java:77)
at java.base/jdk.internal.reflect.DelegatingMethodAccessorImpl.invoke(DelegatingMethodAccessorImpl.java:43)
at java.base/java.lang.reflect.Method.invoke(Method.java:568)
at org.testng.internal.MethodInvocationHelper.invokeMethod(MethodInvocationHelper.java:133)
at org.testng.internal.TestInvoker.invokeMethod(TestInvoker.java:598)
at org.testng.internal.TestInvoker.retryFailed(TestInvoker.java:213)
at org.testng.internal.MethodRunner.runInSequence(MethodRunner.java:58)
at org.testng.internal.TestInvoker$MethodInvocationAgent.invoke(TestInvoker.java:824)
at org.testng.internal.TestInvoker.invokeTestMethods(TestInvoker.java:146)
at org.testng.internal.TestMethodWorker.invokeTestMethods(TestMethodWorker.java:146)
at org.testng.internal.TestMethodWorker.run(TestMethodWorker.java:128)
at java.base/java.util.ArrayList.forEach(ArrayList.java:1511)
at org.testng.TestRunner.privateRun(TestRunner.java:794)
at org.testng.TestRunner.run(TestRunner.java:596)
at org.testng.SuiteRunner.runTest(SuiteRunner.java:377)
at org.testng.SuiteRunner.runSequentially(SuiteRunner.java:371)
at org.testng.SuiteRunner.privateRun(SuiteRunner.java:332)
at org.testng.SuiteRunner.run(SuiteRunner.java:276)
at org.testng.SuiteRunnerWorker.runSuite(SuiteRunnerWorker.java:53)
at org.testng.SuiteRunnerWorker.run(SuiteRunnerWorker.java:96)
at org.testng.TestNG.runSuitesSequentially(TestNG.java:1212)
at org.testng.TestNG.runSuitesLocally(TestNG.java:1134)
at org.testng.TestNG.runSuites(TestNG.java:1063)
at org.testng.TestNG.run(TestNG.java:1031)
at org.apache.maven.surefire.testng.TestNGExecutor.run(TestNGExecutor.java:284)
at org.apache.maven.surefire.testng.TestNGXmlTestSuite.execute(TestNGXmlTestSuite.java:75)
at org.apache.maven.surefire.testng.TestNGProvider.invoke(TestNGProvider.java:119)
at org.apache.maven.surefire.booter.ForkedBooter.runSuitesInProcess(ForkedBooter.java:428)
at org.apache.maven.surefire.booter.ForkedBooter.execute(ForkedBooter.java:162)
at org.apache.maven.surefire.booter.ForkedBooter.run(ForkedBooter.java:562)
at org.apache.maven.surefire.booter.ForkedBooter.main(ForkedBooter.java:548)
]]>
            </full-stacktrace>
          </exception> <!-- org.openqa.selenium.NoSuchElementException -->
          <reporter-output>
          </reporter-output>
        </test-method> <!-- verifyCustomerServiceLandingPopup -->
        <test-method signature="verifyCustomerServiceLandingPopup()[pri:2, instance:SeleniumTesting.AEMhdfc.CustomerservicelandingTest@76a36b71]" started-at="2021-12-20T10:02:04 IST" name="verifyCustomerServiceLandingPopup" finished-at="2021-12-20T10:02:34 IST" depends-on-methods="SeleniumTesting.AEMhdfc.CustomerservicelandingTest.navigateToCustomerServiceLandingPage" duration-ms="30078" status="FAIL">
          <exception class="org.openqa.selenium.NoSuchElementException">
            <message>
              <![CDATA[no such element: Unable to locate element: {"method":"xpath","selector":"//img[@class='closeAll regulatorypopupAImg']"}
  (Session info: chrome=96.0.4664.110)
For documentation on this error, please visit: https://www.seleniumhq.org/exceptions/no_such_element.html
Build info: version: '3.141.59', revision: 'e82be7d358', time: '2018-11-14T08:17:03'
System info: host: 'LIN24007907', ip: '192.168.1.13', os.name: 'Windows 10', os.arch: 'amd64', os.version: '10.0', java.version: '17'
Driver info: org.openqa.selenium.chrome.ChromeDriver
Capabilities {acceptInsecureCerts: false, browserName: chrome, browserVersion: 96.0.4664.110, chrome: {chromedriverVersion: 96.0.4664.45 (76e4c1bb2ab46..., userDataDir: C:\Users\Akundar\AppData\Lo...}, goog:chromeOptions: {debuggerAddress: localhost:65472}, javascriptEnabled: true, networkConnectionEnabled: false, pageLoadStrategy: normal, platform: WINDOWS, platformName: WINDOWS, proxy: Proxy(), setWindowRect: true, strictFileInteractability: false, timeouts: {implicit: 0, pageLoad: 300000, script: 30000}, unhandledPromptBehavior: dismiss and notify, webauthn:extension:credBlob: true, webauthn:extension:largeBlob: true, webauthn:virtualAuthenticators: true}
Session ID: bbb827b855a276b810086dbf9bd4c707
*** Element info: {Using=xpath, value=//img[@class='closeAll regulatorypopupAImg']}]]>
            </message>
            <full-stacktrace>
              <![CDATA[org.openqa.selenium.NoSuchElementException: no such element: Unable to locate element: {"method":"xpath","selector":"//img[@class='closeAll regulatorypopupAImg']"}
  (Session info: chrome=96.0.4664.110)
For documentation on this error, please visit: https://www.seleniumhq.org/exceptions/no_such_element.html
Build info: version: '3.141.59', revision: 'e82be7d358', time: '2018-11-14T08:17:03'
System info: host: 'LIN24007907', ip: '192.168.1.13', os.name: 'Windows 10', os.arch: 'amd64', os.version: '10.0', java.version: '17'
Driver info: org.openqa.selenium.chrome.ChromeDriver
Capabilities {acceptInsecureCerts: false, browserName: chrome, browserVersion: 96.0.4664.110, chrome: {chromedriverVersion: 96.0.4664.45 (76e4c1bb2ab46..., userDataDir: C:\Users\Akundar\AppData\Lo...}, goog:chromeOptions: {debuggerAddress: localhost:65472}, javascriptEnabled: true, networkConnectionEnabled: false, pageLoadStrategy: normal, platform: WINDOWS, platformName: WINDOWS, proxy: Proxy(), setWindowRect: true, strictFileInteractability: false, timeouts: {implicit: 0, pageLoad: 300000, script: 30000}, unhandledPromptBehavior: dismiss and notify, webauthn:extension:credBlob: true, webauthn:extension:largeBlob: true, webauthn:virtualAuthenticators: true}
Session ID: bbb827b855a276b810086dbf9bd4c707
*** Element info: {Using=xpath, value=//img[@class='closeAll regulatorypopupAImg']}
at java.base/jdk.internal.reflect.NativeConstructorAccessorImpl.newInstance0(Native Method)
at java.base/jdk.internal.reflect.NativeConstructorAccessorImpl.newInstance(NativeConstructorAccessorImpl.java:77)
at java.base/jdk.internal.reflect.DelegatingConstructorAccessorImpl.newInstance(DelegatingConstructorAccessorImpl.java:45)
at java.base/java.lang.reflect.Constructor.newInstanceWithCaller(Constructor.java:499)
at java.base/java.lang.reflect.Constructor.newInstance(Constructor.java:480)
at org.openqa.selenium.remote.http.W3CHttpResponseCodec.createException(W3CHttpResponseCodec.java:187)
at org.openqa.selenium.remote.http.W3CHttpResponseCodec.decode(W3CHttpResponseCodec.java:122)
at org.openqa.selenium.remote.http.W3CHttpResponseCodec.decode(W3CHttpResponseCodec.java:49)
at org.openqa.selenium.remote.HttpCommandExecutor.execute(HttpCommandExecutor.java:158)
at org.openqa.selenium.remote.service.DriverCommandExecutor.execute(DriverCommandExecutor.java:83)
at org.openqa.selenium.remote.RemoteWebDriver.execute(RemoteWebDriver.java:552)
at org.openqa.selenium.remote.RemoteWebDriver.findElement(RemoteWebDriver.java:323)
at org.openqa.selenium.remote.RemoteWebDriver.findElementByXPath(RemoteWebDriver.java:428)
at org.openqa.selenium.By$ByXPath.findElement(By.java:353)
at org.openqa.selenium.remote.RemoteWebDriver.findElement(RemoteWebDriver.java:315)
at jdk.internal.reflect.GeneratedMethodAccessor3.invoke(Unknown Source)
at java.base/jdk.internal.reflect.DelegatingMethodAccessorImpl.invoke(DelegatingMethodAccessorImpl.java:43)
at java.base/java.lang.reflect.Method.invoke(Method.java:568)
at org.openqa.selenium.support.events.EventFiringWebDriver.lambda$new$1(EventFiringWebDriver.java:105)
at jdk.proxy2/jdk.proxy2.$Proxy25.findElement(Unknown Source)
at org.openqa.selenium.support.events.EventFiringWebDriver.findElement(EventFiringWebDriver.java:194)
at org.openqa.selenium.support.pagefactory.DefaultElementLocator.findElement(DefaultElementLocator.java:69)
at org.openqa.selenium.support.pagefactory.internal.LocatingElementHandler.invoke(LocatingElementHandler.java:38)
at jdk.proxy2/jdk.proxy2.$Proxy28.isDisplayed(Unknown Source)
at PageObjects.Customerservicelanding.clickDownloadBtn(Customerservicelanding.java:139)
at SeleniumTesting.AEMhdfc.CustomerservicelandingTest.verifyCustomerServiceLandingPopup(CustomerservicelandingTest.java:60)
at java.base/jdk.internal.reflect.NativeMethodAccessorImpl.invoke0(Native Method)
at java.base/jdk.internal.reflect.NativeMethodAccessorImpl.invoke(NativeMethodAccessorImpl.java:77)
at java.base/jdk.internal.reflect.DelegatingMethodAccessorImpl.invoke(DelegatingMethodAccessorImpl.java:43)
at java.base/java.lang.reflect.Method.invoke(Method.java:568)
at org.testng.internal.MethodInvocationHelper.invokeMethod(MethodInvocationHelper.java:133)
at org.testng.internal.TestInvoker.invokeMethod(TestInvoker.java:598)
at org.testng.internal.TestInvoker.retryFailed(TestInvoker.java:213)
at org.testng.internal.MethodRunner.runInSequence(MethodRunner.java:58)
at org.testng.internal.TestInvoker$MethodInvocationAgent.invoke(TestInvoker.java:824)
at org.testng.internal.TestInvoker.invokeTestMethods(TestInvoker.java:146)
at org.testng.internal.TestMethodWorker.invokeTestMethods(TestMethodWorker.java:146)
at org.testng.internal.TestMethodWorker.run(TestMethodWorker.java:128)
at java.base/java.util.ArrayList.forEach(ArrayList.java:1511)
at org.testng.TestRunner.privateRun(TestRunner.java:794)
at org.testng.TestRunner.run(TestRunner.java:596)
at org.testng.SuiteRunner.runTest(SuiteRunner.java:377)
at org.testng.SuiteRunner.runSequentially(SuiteRunner.java:371)
at org.testng.SuiteRunner.privateRun(SuiteRunner.java:332)
at org.testng.SuiteRunner.run(SuiteRunner.java:276)
at org.testng.SuiteRunnerWorker.runSuite(SuiteRunnerWorker.java:53)
at org.testng.SuiteRunnerWorker.run(SuiteRunnerWorker.java:96)
at org.testng.TestNG.runSuitesSequentially(TestNG.java:1212)
at org.testng.TestNG.runSuitesLocally(TestNG.java:1134)
at org.testng.TestNG.runSuites(TestNG.java:1063)
at org.testng.TestNG.run(TestNG.java:1031)
at org.apache.maven.surefire.testng.TestNGExecutor.run(TestNGExecutor.java:284)
at org.apache.maven.surefire.testng.TestNGXmlTestSuite.execute(TestNGXmlTestSuite.java:75)
at org.apache.maven.surefire.testng.TestNGProvider.invoke(TestNGProvider.java:119)
at org.apache.maven.surefire.booter.ForkedBooter.runSuitesInProcess(ForkedBooter.java:428)
at org.apache.maven.surefire.booter.ForkedBooter.execute(ForkedBooter.java:162)
at org.apache.maven.surefire.booter.ForkedBooter.run(ForkedBooter.java:562)
at org.apache.maven.surefire.booter.ForkedBooter.main(ForkedBooter.java:548)
]]>
            </full-stacktrace>
          </exception> <!-- org.openqa.selenium.NoSuchElementException -->
          <reporter-output>
          </reporter-output>
        </test-method> <!-- verifyCustomerServiceLandingPopup -->
        <test-method signature="verifyBannerCarousel()[pri:3, instance:SeleniumTesting.AEMhdfc.CustomerservicelandingTest@76a36b71]" started-at="2021-12-20T10:02:34 IST" name="verifyBannerCarousel" finished-at="2021-12-20T10:02:34 IST" depends-on-methods="SeleniumTesting.AEMhdfc.CustomerservicelandingTest.verifyCustomerServiceLandingPopup" duration-ms="0" status="SKIP">
          <exception class="java.lang.Throwable">
            <message>
              <![CDATA[Method CustomerservicelandingTest.verifyBannerCarousel()[pri:3, instance:SeleniumTesting.AEMhdfc.CustomerservicelandingTest@76a36b71] depends on not successfully finished methods]]>
            </message>
            <full-stacktrace>
              <![CDATA[java.lang.Throwable: Method CustomerservicelandingTest.verifyBannerCarousel()[pri:3, instance:SeleniumTesting.AEMhdfc.CustomerservicelandingTest@76a36b71] depends on not successfully finished methods
at org.testng.internal.TestInvoker.invokeTestMethods(TestInvoker.java:102)
at org.testng.internal.TestMethodWorker.invokeTestMethods(TestMethodWorker.java:146)
at org.testng.internal.TestMethodWorker.run(TestMethodWorker.java:128)
at java.base/java.util.ArrayList.forEach(ArrayList.java:1511)
at org.testng.TestRunner.privateRun(TestRunner.java:794)
at org.testng.TestRunner.run(TestRunner.java:596)
at org.testng.SuiteRunner.runTest(SuiteRunner.java:377)
at org.testng.SuiteRunner.runSequentially(SuiteRunner.java:371)
at org.testng.SuiteRunner.privateRun(SuiteRunner.java:332)
at org.testng.SuiteRunner.run(SuiteRunner.java:276)
at org.testng.SuiteRunnerWorker.runSuite(SuiteRunnerWorker.java:53)
at org.testng.SuiteRunnerWorker.run(SuiteRunnerWorker.java:96)
at org.testng.TestNG.runSuitesSequentially(TestNG.java:1212)
at org.testng.TestNG.runSuitesLocally(TestNG.java:1134)
at org.testng.TestNG.runSuites(TestNG.java:1063)
at org.testng.TestNG.run(TestNG.java:1031)
at org.apache.maven.surefire.testng.TestNGExecutor.run(TestNGExecutor.java:284)
at org.apache.maven.surefire.testng.TestNGXmlTestSuite.execute(TestNGXmlTestSuite.java:75)
at org.apache.maven.surefire.testng.TestNGProvider.invoke(TestNGProvider.java:119)
at org.apache.maven.surefire.booter.ForkedBooter.runSuitesInProcess(ForkedBooter.java:428)
at org.apache.maven.surefire.booter.ForkedBooter.execute(ForkedBooter.java:162)
at org.apache.maven.surefire.booter.ForkedBooter.run(ForkedBooter.java:562)
at org.apache.maven.surefire.booter.ForkedBooter.main(ForkedBooter.java:548)
]]>
            </full-stacktrace>
          </exception> <!-- java.lang.Throwable -->
          <reporter-output>
          </reporter-output>
        </test-method> <!-- verifyBannerCarousel -->
        <test-method signature="verifyQuickLinksSection()[pri:5, instance:SeleniumTesting.AEMhdfc.CustomerservicelandingTest@76a36b71]" started-at="2021-12-20T10:02:34 IST" name="verifyQuickLinksSection" finished-at="2021-12-20T10:02:34 IST" depends-on-methods="SeleniumTesting.AEMhdfc.CustomerservicelandingTest.verifyCustomerServiceLandingPopup" duration-ms="0" status="SKIP">
          <exception class="java.lang.Throwable">
            <message>
              <![CDATA[Method CustomerservicelandingTest.verifyQuickLinksSection()[pri:5, instance:SeleniumTesting.AEMhdfc.CustomerservicelandingTest@76a36b71] depends on not successfully finished methods]]>
            </message>
            <full-stacktrace>
              <![CDATA[java.lang.Throwable: Method CustomerservicelandingTest.verifyQuickLinksSection()[pri:5, instance:SeleniumTesting.AEMhdfc.CustomerservicelandingTest@76a36b71] depends on not successfully finished methods
at org.testng.internal.TestInvoker.invokeTestMethods(TestInvoker.java:102)
at org.testng.internal.TestMethodWorker.invokeTestMethods(TestMethodWorker.java:146)
at org.testng.internal.TestMethodWorker.run(TestMethodWorker.java:128)
at java.base/java.util.ArrayList.forEach(ArrayList.java:1511)
at org.testng.TestRunner.privateRun(TestRunner.java:794)
at org.testng.TestRunner.run(TestRunner.java:596)
at org.testng.SuiteRunner.runTest(SuiteRunner.java:377)
at org.testng.SuiteRunner.runSequentially(SuiteRunner.java:371)
at org.testng.SuiteRunner.privateRun(SuiteRunner.java:332)
at org.testng.SuiteRunner.run(SuiteRunner.java:276)
at org.testng.SuiteRunnerWorker.runSuite(SuiteRunnerWorker.java:53)
at org.testng.SuiteRunnerWorker.run(SuiteRunnerWorker.java:96)
at org.testng.TestNG.runSuitesSequentially(TestNG.java:1212)
at org.testng.TestNG.runSuitesLocally(TestNG.java:1134)
at org.testng.TestNG.runSuites(TestNG.java:1063)
at org.testng.TestNG.run(TestNG.java:1031)
at org.apache.maven.surefire.testng.TestNGExecutor.run(TestNGExecutor.java:284)
at org.apache.maven.surefire.testng.TestNGXmlTestSuite.execute(TestNGXmlTestSuite.java:75)
at org.apache.maven.surefire.testng.TestNGProvider.invoke(TestNGProvider.java:119)
at org.apache.maven.surefire.booter.ForkedBooter.runSuitesInProcess(ForkedBooter.java:428)
at org.apache.maven.surefire.booter.ForkedBooter.execute(ForkedBooter.java:162)
at org.apache.maven.surefire.booter.ForkedBooter.run(ForkedBooter.java:562)
at org.apache.maven.surefire.booter.ForkedBooter.main(ForkedBooter.java:548)
]]>
            </full-stacktrace>
          </exception> <!-- java.lang.Throwable -->
          <reporter-output>
          </reporter-output>
        </test-method> <!-- verifyQuickLinksSection -->
        <test-method signature="verifyTiles()[pri:7, instance:SeleniumTesting.AEMhdfc.CustomerservicelandingTest@76a36b71]" started-at="2021-12-20T10:02:34 IST" name="verifyTiles" finished-at="2021-12-20T10:02:34 IST" depends-on-methods="SeleniumTesting.AEMhdfc.CustomerservicelandingTest.verifyCustomerServiceLandingPopup" duration-ms="0" status="SKIP">
          <exception class="java.lang.Throwable">
            <message>
              <![CDATA[Method CustomerservicelandingTest.verifyTiles()[pri:7, instance:SeleniumTesting.AEMhdfc.CustomerservicelandingTest@76a36b71] depends on not successfully finished methods]]>
            </message>
            <full-stacktrace>
              <![CDATA[java.lang.Throwable: Method CustomerservicelandingTest.verifyTiles()[pri:7, instance:SeleniumTesting.AEMhdfc.CustomerservicelandingTest@76a36b71] depends on not successfully finished methods
at org.testng.internal.TestInvoker.invokeTestMethods(TestInvoker.java:102)
at org.testng.internal.TestMethodWorker.invokeTestMethods(TestMethodWorker.java:146)
at org.testng.internal.TestMethodWorker.run(TestMethodWorker.java:128)
at java.base/java.util.ArrayList.forEach(ArrayList.java:1511)
at org.testng.TestRunner.privateRun(TestRunner.java:794)
at org.testng.TestRunner.run(TestRunner.java:596)
at org.testng.SuiteRunner.runTest(SuiteRunner.java:377)
at org.testng.SuiteRunner.runSequentially(SuiteRunner.java:371)
at org.testng.SuiteRunner.privateRun(SuiteRunner.java:332)
at org.testng.SuiteRunner.run(SuiteRunner.java:276)
at org.testng.SuiteRunnerWorker.runSuite(SuiteRunnerWorker.java:53)
at org.testng.SuiteRunnerWorker.run(SuiteRunnerWorker.java:96)
at org.testng.TestNG.runSuitesSequentially(TestNG.java:1212)
at org.testng.TestNG.runSuitesLocally(TestNG.java:1134)
at org.testng.TestNG.runSuites(TestNG.java:1063)
at org.testng.TestNG.run(TestNG.java:1031)
at org.apache.maven.surefire.testng.TestNGExecutor.run(TestNGExecutor.java:284)
at org.apache.maven.surefire.testng.TestNGXmlTestSuite.execute(TestNGXmlTestSuite.java:75)
at org.apache.maven.surefire.testng.TestNGProvider.invoke(TestNGProvider.java:119)
at org.apache.maven.surefire.booter.ForkedBooter.runSuitesInProcess(ForkedBooter.java:428)
at org.apache.maven.surefire.booter.ForkedBooter.execute(ForkedBooter.java:162)
at org.apache.maven.surefire.booter.ForkedBooter.run(ForkedBooter.java:562)
at org.apache.maven.surefire.booter.ForkedBooter.main(ForkedBooter.java:548)
]]>
            </full-stacktrace>
          </exception> <!-- java.lang.Throwable -->
          <reporter-output>
          </reporter-output>
        </test-method> <!-- verifyTiles -->
        <test-method signature="verifyBreadcrumb()[pri:4, instance:SeleniumTesting.AEMhdfc.CustomerservicelandingTest@76a36b71]" started-at="2021-12-20T10:02:34 IST" name="verifyBreadcrumb" finished-at="2021-12-20T10:02:34 IST" depends-on-methods="SeleniumTesting.AEMhdfc.CustomerservicelandingTest.verifyCustomerServiceLandingPopup" duration-ms="0" status="SKIP">
          <exception class="java.lang.Throwable">
            <message>
              <![CDATA[Method CustomerservicelandingTest.verifyBreadcrumb()[pri:4, instance:SeleniumTesting.AEMhdfc.CustomerservicelandingTest@76a36b71] depends on not successfully finished methods]]>
            </message>
            <full-stacktrace>
              <![CDATA[java.lang.Throwable: Method CustomerservicelandingTest.verifyBreadcrumb()[pri:4, instance:SeleniumTesting.AEMhdfc.CustomerservicelandingTest@76a36b71] depends on not successfully finished methods
at org.testng.internal.TestInvoker.invokeTestMethods(TestInvoker.java:102)
at org.testng.internal.TestMethodWorker.invokeTestMethods(TestMethodWorker.java:146)
at org.testng.internal.TestMethodWorker.run(TestMethodWorker.java:128)
at java.base/java.util.ArrayList.forEach(ArrayList.java:1511)
at org.testng.TestRunner.privateRun(TestRunner.java:794)
at org.testng.TestRunner.run(TestRunner.java:596)
at org.testng.SuiteRunner.runTest(SuiteRunner.java:377)
at org.testng.SuiteRunner.runSequentially(SuiteRunner.java:371)
at org.testng.SuiteRunner.privateRun(SuiteRunner.java:332)
at org.testng.SuiteRunner.run(SuiteRunner.java:276)
at org.testng.SuiteRunnerWorker.runSuite(SuiteRunnerWorker.java:53)
at org.testng.SuiteRunnerWorker.run(SuiteRunnerWorker.java:96)
at org.testng.TestNG.runSuitesSequentially(TestNG.java:1212)
at org.testng.TestNG.runSuitesLocally(TestNG.java:1134)
at org.testng.TestNG.runSuites(TestNG.java:1063)
at org.testng.TestNG.run(TestNG.java:1031)
at org.apache.maven.surefire.testng.TestNGExecutor.run(TestNGExecutor.java:284)
at org.apache.maven.surefire.testng.TestNGXmlTestSuite.execute(TestNGXmlTestSuite.java:75)
at org.apache.maven.surefire.testng.TestNGProvider.invoke(TestNGProvider.java:119)
at org.apache.maven.surefire.booter.ForkedBooter.runSuitesInProcess(ForkedBooter.java:428)
at org.apache.maven.surefire.booter.ForkedBooter.execute(ForkedBooter.java:162)
at org.apache.maven.surefire.booter.ForkedBooter.run(ForkedBooter.java:562)
at org.apache.maven.surefire.booter.ForkedBooter.main(ForkedBooter.java:548)
]]>
            </full-stacktrace>
          </exception> <!-- java.lang.Throwable -->
          <reporter-output>
          </reporter-output>
        </test-method> <!-- verifyBreadcrumb -->
        <test-method signature="verifyAadharSection()[pri:8, instance:SeleniumTesting.AEMhdfc.CustomerservicelandingTest@76a36b71]" started-at="2021-12-20T10:02:34 IST" name="verifyAadharSection" finished-at="2021-12-20T10:02:37 IST" depends-on-methods="SeleniumTesting.AEMhdfc.CustomerservicelandingTest.navigateToCustomerServiceLandingPage" duration-ms="3160" status="FAIL">
          <exception class="org.openqa.selenium.ElementClickInterceptedException">
            <message>
              <![CDATA[element click intercepted: Element is not clickable at point (847, 3072)
  (Session info: chrome=96.0.4664.110)
Build info: version: '3.141.59', revision: 'e82be7d358', time: '2018-11-14T08:17:03'
System info: host: 'LIN24007907', ip: '192.168.1.13', os.name: 'Windows 10', os.arch: 'amd64', os.version: '10.0', java.version: '17'
Driver info: org.openqa.selenium.chrome.ChromeDriver
Capabilities {acceptInsecureCerts: false, browserName: chrome, browserVersion: 96.0.4664.110, chrome: {chromedriverVersion: 96.0.4664.45 (76e4c1bb2ab46..., userDataDir: C:\Users\Akundar\AppData\Lo...}, goog:chromeOptions: {debuggerAddress: localhost:65472}, javascriptEnabled: true, networkConnectionEnabled: false, pageLoadStrategy: normal, platform: WINDOWS, platformName: WINDOWS, proxy: Proxy(), setWindowRect: true, strictFileInteractability: false, timeouts: {implicit: 0, pageLoad: 300000, script: 30000}, unhandledPromptBehavior: dismiss and notify, webauthn:extension:credBlob: true, webauthn:extension:largeBlob: true, webauthn:virtualAuthenticators: true}
Session ID: bbb827b855a276b810086dbf9bd4c707]]>
            </message>
            <full-stacktrace>
              <![CDATA[org.openqa.selenium.ElementClickInterceptedException: element click intercepted: Element is not clickable at point (847, 3072)
  (Session info: chrome=96.0.4664.110)
Build info: version: '3.141.59', revision: 'e82be7d358', time: '2018-11-14T08:17:03'
System info: host: 'LIN24007907', ip: '192.168.1.13', os.name: 'Windows 10', os.arch: 'amd64', os.version: '10.0', java.version: '17'
Driver info: org.openqa.selenium.chrome.ChromeDriver
Capabilities {acceptInsecureCerts: false, browserName: chrome, browserVersion: 96.0.4664.110, chrome: {chromedriverVersion: 96.0.4664.45 (76e4c1bb2ab46..., userDataDir: C:\Users\Akundar\AppData\Lo...}, goog:chromeOptions: {debuggerAddress: localhost:65472}, javascriptEnabled: true, networkConnectionEnabled: false, pageLoadStrategy: normal, platform: WINDOWS, platformName: WINDOWS, proxy: Proxy(), setWindowRect: true, strictFileInteractability: false, timeouts: {implicit: 0, pageLoad: 300000, script: 30000}, unhandledPromptBehavior: dismiss and notify, webauthn:extension:credBlob: true, webauthn:extension:largeBlob: true, webauthn:virtualAuthenticators: true}
Session ID: bbb827b855a276b810086dbf9bd4c707
at java.base/jdk.internal.reflect.NativeConstructorAccessorImpl.newInstance0(Native Method)
at java.base/jdk.internal.reflect.NativeConstructorAccessorImpl.newInstance(NativeConstructorAccessorImpl.java:77)
at java.base/jdk.internal.reflect.DelegatingConstructorAccessorImpl.newInstance(DelegatingConstructorAccessorImpl.java:45)
at java.base/java.lang.reflect.Constructor.newInstanceWithCaller(Constructor.java:499)
at java.base/java.lang.reflect.Constructor.newInstance(Constructor.java:480)
at org.openqa.selenium.remote.http.W3CHttpResponseCodec.createException(W3CHttpResponseCodec.java:187)
at org.openqa.selenium.remote.http.W3CHttpResponseCodec.decode(W3CHttpResponseCodec.java:122)
at org.openqa.selenium.remote.http.W3CHttpResponseCodec.decode(W3CHttpResponseCodec.java:49)
at org.openqa.selenium.remote.HttpCommandExecutor.execute(HttpCommandExecutor.java:158)
at org.openqa.selenium.remote.service.DriverCommandExecutor.execute(DriverCommandExecutor.java:83)
at org.openqa.selenium.remote.RemoteWebDriver.execute(RemoteWebDriver.java:552)
at org.openqa.selenium.remote.RemoteWebElement.execute(RemoteWebElement.java:285)
at org.openqa.selenium.remote.RemoteWebElement.click(RemoteWebElement.java:84)
at jdk.internal.reflect.GeneratedMethodAccessor6.invoke(Unknown Source)
at java.base/jdk.internal.reflect.DelegatingMethodAccessorImpl.invoke(DelegatingMethodAccessorImpl.java:43)
at java.base/java.lang.reflect.Method.invoke(Method.java:568)
at org.openqa.selenium.support.events.EventFiringWebDriver$EventFiringWebElement.lambda$new$0(EventFiringWebDriver.java:404)
at jdk.proxy2/jdk.proxy2.$Proxy30.click(Unknown Source)
at org.openqa.selenium.support.events.EventFiringWebDriver$EventFiringWebElement.click(EventFiringWebDriver.java:417)
at jdk.internal.reflect.GeneratedMethodAccessor6.invoke(Unknown Source)
at java.base/jdk.internal.reflect.DelegatingMethodAccessorImpl.invoke(DelegatingMethodAccessorImpl.java:43)
at java.base/java.lang.reflect.Method.invoke(Method.java:568)
at org.openqa.selenium.support.pagefactory.internal.LocatingElementHandler.invoke(LocatingElementHandler.java:51)
at jdk.proxy2/jdk.proxy2.$Proxy28.click(Unknown Source)
at PageObjects.Customerservicelanding.clickAadharBtn(Customerservicelanding.java:339)
at SeleniumTesting.AEMhdfc.CustomerservicelandingTest.verifyAadharSection(CustomerservicelandingTest.java:113)
at java.base/jdk.internal.reflect.NativeMethodAccessorImpl.invoke0(Native Method)
at java.base/jdk.internal.reflect.NativeMethodAccessorImpl.invoke(NativeMethodAccessorImpl.java:77)
at java.base/jdk.internal.reflect.DelegatingMethodAccessorImpl.invoke(DelegatingMethodAccessorImpl.java:43)
at java.base/java.lang.reflect.Method.invoke(Method.java:568)
at org.testng.internal.MethodInvocationHelper.invokeMethod(MethodInvocationHelper.java:133)
at org.testng.internal.TestInvoker.invokeMethod(TestInvoker.java:598)
at org.testng.internal.TestInvoker.invokeTestMethod(TestInvoker.java:173)
at org.testng.internal.MethodRunner.runInSequence(MethodRunner.java:46)
at org.testng.internal.TestInvoker$MethodInvocationAgent.invoke(TestInvoker.java:824)
at org.testng.internal.TestInvoker.invokeTestMethods(TestInvoker.java:146)
at org.testng.internal.TestMethodWorker.invokeTestMethods(TestMethodWorker.java:146)
at org.testng.internal.TestMethodWorker.run(TestMethodWorker.java:128)
at java.base/java.util.ArrayList.forEach(ArrayList.java:1511)
at org.testng.TestRunner.privateRun(TestRunner.java:794)
at org.testng.TestRunner.run(TestRunner.java:596)
at org.testng.SuiteRunner.runTest(SuiteRunner.java:377)
at org.testng.SuiteRunner.runSequentially(SuiteRunner.java:371)
at org.testng.SuiteRunner.privateRun(SuiteRunner.java:332)
at org.testng.SuiteRunner.run(SuiteRunner.java:276)
at org.testng.SuiteRunnerWorker.runSuite(SuiteRunnerWorker.java:53)
at org.testng.SuiteRunnerWorker.run(SuiteRunnerWorker.java:96)
at org.testng.TestNG.runSuitesSequentially(TestNG.java:1212)
at org.testng.TestNG.runSuitesLocally(TestNG.java:1134)
at org.testng.TestNG.runSuites(TestNG.java:1063)
at org.testng.TestNG.run(TestNG.java:1031)
at org.apache.maven.surefire.testng.TestNGExecutor.run(TestNGExecutor.java:284)
at org.apache.maven.surefire.testng.TestNGXmlTestSuite.execute(TestNGXmlTestSuite.java:75)
at org.apache.maven.surefire.testng.TestNGProvider.invoke(TestNGProvider.java:119)
at org.apache.maven.surefire.booter.ForkedBooter.runSuitesInProcess(ForkedBooter.java:428)
at org.apache.maven.surefire.booter.ForkedBooter.execute(ForkedBooter.java:162)
at org.apache.maven.surefire.booter.ForkedBooter.run(ForkedBooter.java:562)
at org.apache.maven.surefire.booter.ForkedBooter.main(ForkedBooter.java:548)
]]>
            </full-stacktrace>
          </exception> <!-- org.openqa.selenium.ElementClickInterceptedException -->
          <reporter-output>
          </reporter-output>
        </test-method> <!-- verifyAadharSection -->
        <test-method signature="verifyFAQSection()[pri:6, instance:SeleniumTesting.AEMhdfc.CustomerservicelandingTest@76a36b71]" started-at="2021-12-20T10:02:34 IST" name="verifyFAQSection" finished-at="2021-12-20T10:02:34 IST" depends-on-methods="SeleniumTesting.AEMhdfc.CustomerservicelandingTest.verifyQuickLinksSection" duration-ms="0" status="SKIP">
          <exception class="java.lang.Throwable">
            <message>
              <![CDATA[Method CustomerservicelandingTest.verifyFAQSection()[pri:6, instance:SeleniumTesting.AEMhdfc.CustomerservicelandingTest@76a36b71] depends on not successfully finished methods]]>
            </message>
            <full-stacktrace>
              <![CDATA[java.lang.Throwable: Method CustomerservicelandingTest.verifyFAQSection()[pri:6, instance:SeleniumTesting.AEMhdfc.CustomerservicelandingTest@76a36b71] depends on not successfully finished methods
at org.testng.internal.TestInvoker.invokeTestMethods(TestInvoker.java:102)
at org.testng.internal.TestMethodWorker.invokeTestMethods(TestMethodWorker.java:146)
at org.testng.internal.TestMethodWorker.run(TestMethodWorker.java:128)
at java.base/java.util.ArrayList.forEach(ArrayList.java:1511)
at org.testng.TestRunner.privateRun(TestRunner.java:794)
at org.testng.TestRunner.run(TestRunner.java:596)
at org.testng.SuiteRunner.runTest(SuiteRunner.java:377)
at org.testng.SuiteRunner.runSequentially(SuiteRunner.java:371)
at org.testng.SuiteRunner.privateRun(SuiteRunner.java:332)
at org.testng.SuiteRunner.run(SuiteRunner.java:276)
at org.testng.SuiteRunnerWorker.runSuite(SuiteRunnerWorker.java:53)
at org.testng.SuiteRunnerWorker.run(SuiteRunnerWorker.java:96)
at org.testng.TestNG.runSuitesSequentially(TestNG.java:1212)
at org.testng.TestNG.runSuitesLocally(TestNG.java:1134)
at org.testng.TestNG.runSuites(TestNG.java:1063)
at org.testng.TestNG.run(TestNG.java:1031)
at org.apache.maven.surefire.testng.TestNGExecutor.run(TestNGExecutor.java:284)
at org.apache.maven.surefire.testng.TestNGXmlTestSuite.execute(TestNGXmlTestSuite.java:75)
at org.apache.maven.surefire.testng.TestNGProvider.invoke(TestNGProvider.java:119)
at org.apache.maven.surefire.booter.ForkedBooter.runSuitesInProcess(ForkedBooter.java:428)
at org.apache.maven.surefire.booter.ForkedBooter.execute(ForkedBooter.java:162)
at org.apache.maven.surefire.booter.ForkedBooter.run(ForkedBooter.java:562)
at org.apache.maven.surefire.booter.ForkedBooter.main(ForkedBooter.java:548)
]]>
            </full-stacktrace>
          </exception> <!-- java.lang.Throwable -->
          <reporter-output>
          </reporter-output>
        </test-method> <!-- verifyFAQSection -->
        <test-method signature="verifyContactUsSection()[pri:9, instance:SeleniumTesting.AEMhdfc.CustomerservicelandingTest@76a36b71]" started-at="2021-12-20T10:02:38 IST" name="verifyContactUsSection" finished-at="2021-12-20T10:02:48 IST" depends-on-methods="SeleniumTesting.AEMhdfc.CustomerservicelandingTest.navigateToCustomerServiceLandingPage" duration-ms="10311" status="PASS">
          <reporter-output>
          </reporter-output>
        </test-method> <!-- verifyContactUsSection -->
        <test-method is-config="true" signature="tearDown()[pri:0, instance:SeleniumTesting.AEMhdfc.CustomerservicelandingTest@76a36b71]" started-at="2021-12-20T10:02:48 IST" name="tearDown" finished-at="2021-12-20T10:02:48 IST" duration-ms="254" status="PASS">
          <reporter-output>
          </reporter-output>
        </test-method> <!-- tearDown -->
      </class> <!-- SeleniumTesting.AEMhdfc.CustomerservicelandingTest -->
      <class name="SeleniumTesting.AEMhdfc.HomepageTest">
        <test-method is-config="true" signature="setUp()[pri:0, instance:SeleniumTesting.AEMhdfc.HomepageTest@3d8bbcdc]" started-at="2021-12-20T09:39:33 IST" name="setUp" finished-at="2021-12-20T09:39:38 IST" duration-ms="4985" status="PASS">
          <reporter-output>
          </reporter-output>
        </test-method> <!-- setUp -->
        <test-method signature="verifyBannerCarousel()[pri:1, instance:SeleniumTesting.AEMhdfc.HomepageTest@3d8bbcdc]" started-at="2021-12-20T09:39:38 IST" name="verifyBannerCarousel" finished-at="2021-12-20T09:39:54 IST" duration-ms="15818" status="PASS">
          <reporter-output>
          </reporter-output>
        </test-method> <!-- verifyBannerCarousel -->
        <test-method signature="verifyTermPlanOnBanner()[pri:2, instance:SeleniumTesting.AEMhdfc.HomepageTest@3d8bbcdc]" started-at="2021-12-20T09:39:54 IST" name="verifyTermPlanOnBanner" finished-at="2021-12-20T09:40:08 IST" duration-ms="14371" status="PASS">
          <reporter-output>
          </reporter-output>
        </test-method> <!-- verifyTermPlanOnBanner -->
        <test-method signature="verifySavingPlansOnBanner()[pri:3, instance:SeleniumTesting.AEMhdfc.HomepageTest@3d8bbcdc]" started-at="2021-12-20T09:40:08 IST" name="verifySavingPlansOnBanner" finished-at="2021-12-20T09:40:20 IST" duration-ms="11881" status="PASS">
          <reporter-output>
          </reporter-output>
        </test-method> <!-- verifySavingPlansOnBanner -->
        <test-method signature="verifyChildrenPlansOnBanner()[pri:4, instance:SeleniumTesting.AEMhdfc.HomepageTest@3d8bbcdc]" started-at="2021-12-20T09:40:20 IST" name="verifyChildrenPlansOnBanner" finished-at="2021-12-20T09:40:32 IST" duration-ms="11958" status="PASS">
          <reporter-output>
          </reporter-output>
        </test-method> <!-- verifyChildrenPlansOnBanner -->
        <test-method signature="verifyRetirementPlansOnBanner()[pri:5, instance:SeleniumTesting.AEMhdfc.HomepageTest@3d8bbcdc]" started-at="2021-12-20T09:40:32 IST" name="verifyRetirementPlansOnBanner" finished-at="2021-12-20T09:40:44 IST" duration-ms="11824" status="PASS">
          <reporter-output>
          </reporter-output>
        </test-method> <!-- verifyRetirementPlansOnBanner -->
        <test-method signature="verifyViewAllButton()[pri:6, instance:SeleniumTesting.AEMhdfc.HomepageTest@3d8bbcdc]" started-at="2021-12-20T09:40:44 IST" name="verifyViewAllButton" finished-at="2021-12-20T09:40:47 IST" duration-ms="3236" status="PASS">
          <reporter-output>
          </reporter-output>
        </test-method> <!-- verifyViewAllButton -->
        <test-method signature="verifyULIPPlansOnBanner()[pri:7, instance:SeleniumTesting.AEMhdfc.HomepageTest@3d8bbcdc]" started-at="2021-12-20T09:40:47 IST" name="verifyULIPPlansOnBanner" finished-at="2021-12-20T09:40:59 IST" duration-ms="12088" status="PASS">
          <reporter-output>
          </reporter-output>
        </test-method> <!-- verifyULIPPlansOnBanner -->
        <test-method signature="verifyFixedMaturityPlanOnBanner()[pri:8, instance:SeleniumTesting.AEMhdfc.HomepageTest@3d8bbcdc]" started-at="2021-12-20T09:40:59 IST" name="verifyFixedMaturityPlanOnBanner" finished-at="2021-12-20T09:41:16 IST" duration-ms="16590" status="PASS">
          <reporter-output>
          </reporter-output>
        </test-method> <!-- verifyFixedMaturityPlanOnBanner -->
        <test-method signature="verifyHealthPlansOnBanner()[pri:9, instance:SeleniumTesting.AEMhdfc.HomepageTest@3d8bbcdc]" started-at="2021-12-20T09:41:16 IST" name="verifyHealthPlansOnBanner" finished-at="2021-12-20T09:41:31 IST" duration-ms="14953" status="PASS">
          <reporter-output>
          </reporter-output>
        </test-method> <!-- verifyHealthPlansOnBanner -->
        <test-method signature="verifyPosPlansOnBanner()[pri:10, instance:SeleniumTesting.AEMhdfc.HomepageTest@3d8bbcdc]" started-at="2021-12-20T09:41:31 IST" name="verifyPosPlansOnBanner" finished-at="2021-12-20T09:41:46 IST" duration-ms="15127" status="PASS">
          <reporter-output>
          </reporter-output>
        </test-method> <!-- verifyPosPlansOnBanner -->
        <test-method signature="verifyComboPlansOnBanner()[pri:11, instance:SeleniumTesting.AEMhdfc.HomepageTest@3d8bbcdc]" started-at="2021-12-20T09:41:46 IST" name="verifyComboPlansOnBanner" finished-at="2021-12-20T09:42:07 IST" duration-ms="21033" status="PASS">
          <reporter-output>
          </reporter-output>
        </test-method> <!-- verifyComboPlansOnBanner -->
        <test-method signature="verifyGroupPlansOnBanner()[pri:12, instance:SeleniumTesting.AEMhdfc.HomepageTest@3d8bbcdc]" started-at="2021-12-20T09:42:07 IST" name="verifyGroupPlansOnBanner" finished-at="2021-12-20T09:42:41 IST" duration-ms="34041" status="PASS">
          <reporter-output>
          </reporter-output>
        </test-method> <!-- verifyGroupPlansOnBanner -->
        <test-method signature="verifyArrowButtonsOnBanner()[pri:13, instance:SeleniumTesting.AEMhdfc.HomepageTest@3d8bbcdc]" started-at="2021-12-20T09:42:41 IST" name="verifyArrowButtonsOnBanner" finished-at="2021-12-20T09:43:25 IST" duration-ms="43976" status="PASS">
          <reporter-output>
          </reporter-output>
        </test-method> <!-- verifyArrowButtonsOnBanner -->
        <test-method signature="verifyMouseIndicator()[pri:14, instance:SeleniumTesting.AEMhdfc.HomepageTest@3d8bbcdc]" started-at="2021-12-20T09:43:25 IST" name="verifyMouseIndicator" finished-at="2021-12-20T09:43:34 IST" duration-ms="9201" status="PASS">
          <reporter-output>
          </reporter-output>
        </test-method> <!-- verifyMouseIndicator -->
        <test-method signature="verifyschedulePopupWithValidDataProductPage(java.lang.String,java.lang.String)[pri:15, instance:SeleniumTesting.AEMhdfc.HomepageTest@3d8bbcdc]" started-at="2021-12-20T09:43:35 IST" name="verifyschedulePopupWithValidDataProductPage" data-provider="getscheduleformData1" finished-at="2021-12-20T09:43:44 IST" depends-on-methods="SeleniumTesting.AEMhdfc.HomepageTest.verifyMouseIndicator" duration-ms="8597" status="PASS">
          <params>
            <param index="0">
              <value>
                <![CDATA[Amit Kundar]]>
              </value>
            </param>
            <param index="1">
              <value>
                <![CDATA[9.768462054E9]]>
              </value>
            </param>
          </params>
          <reporter-output>
          </reporter-output>
        </test-method> <!-- verifyschedulePopupWithValidDataProductPage -->
        <test-method signature="verifyschedulepopupblankSubmit()[pri:16, instance:SeleniumTesting.AEMhdfc.HomepageTest@3d8bbcdc]" started-at="2021-12-20T09:43:44 IST" name="verifyschedulepopupblankSubmit" finished-at="2021-12-20T09:43:53 IST" depends-on-methods="SeleniumTesting.AEMhdfc.HomepageTest.verifyMouseIndicator" duration-ms="9785" status="PASS">
          <reporter-output>
          </reporter-output>
        </test-method> <!-- verifyschedulepopupblankSubmit -->
        <test-method signature="verifyschedulePopupwithoutmindata()[pri:17, instance:SeleniumTesting.AEMhdfc.HomepageTest@3d8bbcdc]" started-at="2021-12-20T09:43:53 IST" name="verifyschedulePopupwithoutmindata" finished-at="2021-12-20T09:44:00 IST" depends-on-methods="SeleniumTesting.AEMhdfc.HomepageTest.verifyMouseIndicator" duration-ms="6725" status="PASS">
          <reporter-output>
          </reporter-output>
        </test-method> <!-- verifyschedulePopupwithoutmindata -->
        <test-method signature="verifycalculatorWithValidData()[pri:18, instance:SeleniumTesting.AEMhdfc.HomepageTest@3d8bbcdc]" started-at="2021-12-20T09:44:00 IST" name="verifycalculatorWithValidData" finished-at="2021-12-20T09:44:44 IST" depends-on-methods="SeleniumTesting.AEMhdfc.HomepageTest.verifyMouseIndicator" duration-ms="43776" status="PASS">
          <reporter-output>
          </reporter-output>
        </test-method> <!-- verifycalculatorWithValidData -->
        <test-method signature="verifyCalculatorCloseBtn()[pri:19, instance:SeleniumTesting.AEMhdfc.HomepageTest@3d8bbcdc]" started-at="2021-12-20T09:44:44 IST" name="verifyCalculatorCloseBtn" finished-at="2021-12-20T09:44:53 IST" depends-on-methods="SeleniumTesting.AEMhdfc.HomepageTest.verifyMouseIndicator, SeleniumTesting.AEMhdfc.HomepageTest.verifycalculatorWithValidData" duration-ms="9521" status="PASS">
          <reporter-output>
          </reporter-output>
        </test-method> <!-- verifyCalculatorCloseBtn -->
        <test-method signature="verifySanchayPlusBuyNowBtn()[pri:20, instance:SeleniumTesting.AEMhdfc.HomepageTest@3d8bbcdc]" started-at="2021-12-20T09:44:53 IST" name="verifySanchayPlusBuyNowBtn" finished-at="2021-12-20T09:45:06 IST" depends-on-methods="SeleniumTesting.AEMhdfc.HomepageTest.verifyMouseIndicator, SeleniumTesting.AEMhdfc.HomepageTest.verifycalculatorWithValidData" duration-ms="13057" status="PASS">
          <reporter-output>
          </reporter-output>
        </test-method> <!-- verifySanchayPlusBuyNowBtn -->
        <test-method signature="verifyDisclaimer()[pri:21, instance:SeleniumTesting.AEMhdfc.HomepageTest@3d8bbcdc]" started-at="2021-12-20T09:45:06 IST" name="verifyDisclaimer" finished-at="2021-12-20T09:45:22 IST" depends-on-methods="SeleniumTesting.AEMhdfc.HomepageTest.verifyMouseIndicator, SeleniumTesting.AEMhdfc.HomepageTest.verifycalculatorWithValidData" duration-ms="15185" status="PASS">
          <reporter-output>
          </reporter-output>
        </test-method> <!-- verifyDisclaimer -->
        <test-method signature="verifyProductAndPopularLinks()[pri:22, instance:SeleniumTesting.AEMhdfc.HomepageTest@3d8bbcdc]" started-at="2021-12-20T09:45:22 IST" name="verifyProductAndPopularLinks" finished-at="2021-12-20T09:45:28 IST" depends-on-methods="SeleniumTesting.AEMhdfc.HomepageTest.verifyDisclaimer, SeleniumTesting.AEMhdfc.HomepageTest.verifyMouseIndicator, SeleniumTesting.AEMhdfc.HomepageTest.verifycalculatorWithValidData" duration-ms="6296" status="PASS">
          <reporter-output>
          </reporter-output>
        </test-method> <!-- verifyProductAndPopularLinks -->
        <test-method signature="verifyStayConnectedwithUs()[pri:23, instance:SeleniumTesting.AEMhdfc.HomepageTest@3d8bbcdc]" started-at="2021-12-20T09:45:28 IST" name="verifyStayConnectedwithUs" finished-at="2021-12-20T09:45:41 IST" depends-on-methods="SeleniumTesting.AEMhdfc.HomepageTest.verifyDisclaimer, SeleniumTesting.AEMhdfc.HomepageTest.verifyMouseIndicator, SeleniumTesting.AEMhdfc.HomepageTest.verifycalculatorWithValidData" duration-ms="13159" status="PASS">
          <reporter-output>
          </reporter-output>
        </test-method> <!-- verifyStayConnectedwithUs -->
        <test-method signature="verifyDownloadLinks()[pri:24, instance:SeleniumTesting.AEMhdfc.HomepageTest@3d8bbcdc]" started-at="2021-12-20T09:45:41 IST" name="verifyDownloadLinks" finished-at="2021-12-20T09:45:54 IST" depends-on-methods="SeleniumTesting.AEMhdfc.HomepageTest.verifyStayConnectedwithUs" duration-ms="12899" status="PASS">
          <reporter-output>
          </reporter-output>
        </test-method> <!-- verifyDownloadLinks -->
        <test-method signature="verifySubscribeOptionWithValidData()[pri:25, instance:SeleniumTesting.AEMhdfc.HomepageTest@3d8bbcdc]" started-at="2021-12-20T09:45:54 IST" name="verifySubscribeOptionWithValidData" finished-at="2021-12-20T09:46:03 IST" depends-on-methods="SeleniumTesting.AEMhdfc.HomepageTest.verifyStayConnectedwithUs" duration-ms="9314" status="PASS">
          <reporter-output>
          </reporter-output>
        </test-method> <!-- verifySubscribeOptionWithValidData -->
        <test-method signature="verifyGroupWebsitesLinks()[pri:26, instance:SeleniumTesting.AEMhdfc.HomepageTest@3d8bbcdc]" started-at="2021-12-20T09:46:03 IST" name="verifyGroupWebsitesLinks" finished-at="2021-12-20T09:46:20 IST" duration-ms="16943" status="PASS">
          <reporter-output>
          </reporter-output>
        </test-method> <!-- verifyGroupWebsitesLinks -->
        <test-method signature="verifyArticlesOnHomePage()[pri:27, instance:SeleniumTesting.AEMhdfc.HomepageTest@3d8bbcdc]" started-at="2021-12-20T09:46:20 IST" name="verifyArticlesOnHomePage" finished-at="2021-12-20T09:47:57 IST" depends-on-methods="SeleniumTesting.AEMhdfc.HomepageTest.verifyGroupWebsitesLinks" duration-ms="96422" status="PASS">
          <reporter-output>
          </reporter-output>
        </test-method> <!-- verifyArticlesOnHomePage -->
        <test-method is-config="true" signature="tearDown()[pri:0, instance:SeleniumTesting.AEMhdfc.HomepageTest@3d8bbcdc]" started-at="2021-12-20T09:47:57 IST" name="tearDown" finished-at="2021-12-20T09:47:57 IST" duration-ms="340" status="PASS">
          <reporter-output>
          </reporter-output>
        </test-method> <!-- tearDown -->
      </class> <!-- SeleniumTesting.AEMhdfc.HomepageTest -->
      <class name="SeleniumTesting.AEMhdfc.CategorypageTest">
        <test-method is-config="true" signature="setUp()[pri:0, instance:SeleniumTesting.AEMhdfc.CategorypageTest@452ba1db]" started-at="2021-12-20T09:47:57 IST" name="setUp" finished-at="2021-12-20T09:48:01 IST" duration-ms="4063" status="PASS">
          <reporter-output>
          </reporter-output>
        </test-method> <!-- setUp -->
        <test-method signature="navigateToPage()[pri:1, instance:SeleniumTesting.AEMhdfc.CategorypageTest@452ba1db]" started-at="2021-12-20T09:48:01 IST" name="navigateToPage" finished-at="2021-12-20T09:48:13 IST" duration-ms="11722" status="PASS">
          <reporter-output>
          </reporter-output>
        </test-method> <!-- navigateToPage -->
        <test-method signature="verifyCalculatePremiumBtn()[pri:2, instance:SeleniumTesting.AEMhdfc.CategorypageTest@452ba1db]" started-at="2021-12-20T09:48:13 IST" name="verifyCalculatePremiumBtn" finished-at="2021-12-20T09:48:25 IST" duration-ms="12556" status="PASS">
          <reporter-output>
          </reporter-output>
        </test-method> <!-- verifyCalculatePremiumBtn -->
        <test-method signature="verifyTalkToAdvisor()[pri:3, instance:SeleniumTesting.AEMhdfc.CategorypageTest@452ba1db]" started-at="2021-12-20T09:48:25 IST" name="verifyTalkToAdvisor" finished-at="2021-12-20T09:48:32 IST" duration-ms="6270" status="PASS">
          <reporter-output>
          </reporter-output>
        </test-method> <!-- verifyTalkToAdvisor -->
        <test-method signature="verifyTalkToAdvisorPopup()[pri:4, instance:SeleniumTesting.AEMhdfc.CategorypageTest@452ba1db]" started-at="2021-12-20T09:48:32 IST" name="verifyTalkToAdvisorPopup" finished-at="2021-12-20T09:48:41 IST" duration-ms="9631" status="PASS">
          <reporter-output>
          </reporter-output>
        </test-method> <!-- verifyTalkToAdvisorPopup -->
        <test-method signature="verifyHomeIconInBreadCrumb()[pri:5, instance:SeleniumTesting.AEMhdfc.CategorypageTest@452ba1db]" started-at="2021-12-20T09:48:41 IST" name="verifyHomeIconInBreadCrumb" finished-at="2021-12-20T09:48:51 IST" duration-ms="9654" status="PASS">
          <reporter-output>
          </reporter-output>
        </test-method> <!-- verifyHomeIconInBreadCrumb -->
        <test-method signature="verifyC2PLProduct()[pri:6, instance:SeleniumTesting.AEMhdfc.CategorypageTest@452ba1db]" started-at="2021-12-20T09:48:51 IST" name="verifyC2PLProduct" finished-at="2021-12-20T09:49:24 IST" duration-ms="32714" status="PASS">
          <reporter-output>
          </reporter-output>
        </test-method> <!-- verifyC2PLProduct -->
        <test-method signature="verifySJBProduct()[pri:7, instance:SeleniumTesting.AEMhdfc.CategorypageTest@452ba1db]" started-at="2021-12-20T09:49:24 IST" name="verifySJBProduct" finished-at="2021-12-20T09:49:50 IST" depends-on-methods="SeleniumTesting.AEMhdfc.CategorypageTest.verifyC2PLProduct" duration-ms="26306" status="PASS">
          <reporter-output>
          </reporter-output>
        </test-method> <!-- verifySJBProduct -->
        <test-method signature="verifyLetsCalculateBtn()[pri:8, instance:SeleniumTesting.AEMhdfc.CategorypageTest@452ba1db]" started-at="2021-12-20T09:49:50 IST" name="verifyLetsCalculateBtn" finished-at="2021-12-20T09:50:03 IST" depends-on-methods="SeleniumTesting.AEMhdfc.CategorypageTest.verifySJBProduct, SeleniumTesting.AEMhdfc.CategorypageTest.verifyC2PLProduct" duration-ms="12706" status="PASS">
          <reporter-output>
          </reporter-output>
        </test-method> <!-- verifyLetsCalculateBtn -->
        <test-method signature="verifyVideoOnCategoryPage()[pri:9, instance:SeleniumTesting.AEMhdfc.CategorypageTest@452ba1db]" started-at="2021-12-20T09:50:03 IST" name="verifyVideoOnCategoryPage" finished-at="2021-12-20T09:50:09 IST" depends-on-methods="SeleniumTesting.AEMhdfc.CategorypageTest.verifySJBProduct, SeleniumTesting.AEMhdfc.CategorypageTest.verifyLetsCalculateBtn, SeleniumTesting.AEMhdfc.CategorypageTest.verifyC2PLProduct" duration-ms="6019" status="PASS">
          <reporter-output>
          </reporter-output>
        </test-method> <!-- verifyVideoOnCategoryPage -->
        <test-method signature="verifyWhySection()[pri:10, instance:SeleniumTesting.AEMhdfc.CategorypageTest@452ba1db]" started-at="2021-12-20T09:50:09 IST" name="verifyWhySection" finished-at="2021-12-20T09:50:18 IST" depends-on-methods="SeleniumTesting.AEMhdfc.CategorypageTest.verifyVideoOnCategoryPage" duration-ms="9520" status="PASS">
          <reporter-output>
          </reporter-output>
        </test-method> <!-- verifyWhySection -->
        <test-method signature="verifyTermInsuranceGuideFaqSection()[pri:11, instance:SeleniumTesting.AEMhdfc.CategorypageTest@452ba1db]" started-at="2021-12-20T09:50:18 IST" name="verifyTermInsuranceGuideFaqSection" finished-at="2021-12-20T09:50:40 IST" duration-ms="21737" status="PASS">
          <reporter-output>
          </reporter-output>
        </test-method> <!-- verifyTermInsuranceGuideFaqSection -->
        <test-method signature="verifyRidersSection()[pri:12, instance:SeleniumTesting.AEMhdfc.CategorypageTest@452ba1db]" started-at="2021-12-20T09:50:40 IST" name="verifyRidersSection" finished-at="2021-12-20T09:51:32 IST" duration-ms="52013" status="PASS">
          <reporter-output>
          </reporter-output>
        </test-method> <!-- verifyRidersSection -->
        <test-method signature="verifyContactUs()[pri:13, instance:SeleniumTesting.AEMhdfc.CategorypageTest@452ba1db]" started-at="2021-12-20T09:51:32 IST" name="verifyContactUs" finished-at="2021-12-20T09:51:49 IST" duration-ms="16738" status="PASS">
          <reporter-output>
          </reporter-output>
        </test-method> <!-- verifyContactUs -->
        <test-method signature="verifyArticlesSection()[pri:14, instance:SeleniumTesting.AEMhdfc.CategorypageTest@452ba1db]" started-at="2021-12-20T09:51:49 IST" name="verifyArticlesSection" finished-at="2021-12-20T09:52:56 IST" duration-ms="66940" status="FAIL">
          <exception class="org.openqa.selenium.TimeoutException">
            <message>
              <![CDATA[timeout: Timed out receiving message from renderer: 29.990
  (Session info: chrome=96.0.4664.110)
Build info: version: '3.141.59', revision: 'e82be7d358', time: '2018-11-14T08:17:03'
System info: host: 'LIN24007907', ip: '192.168.1.13', os.name: 'Windows 10', os.arch: 'amd64', os.version: '10.0', java.version: '17'
Driver info: org.openqa.selenium.chrome.ChromeDriver
Capabilities {acceptInsecureCerts: false, browserName: chrome, browserVersion: 96.0.4664.110, chrome: {chromedriverVersion: 96.0.4664.45 (76e4c1bb2ab46..., userDataDir: C:\Users\Akundar\AppData\Lo...}, goog:chromeOptions: {debuggerAddress: localhost:64427}, javascriptEnabled: true, networkConnectionEnabled: false, pageLoadStrategy: normal, platform: WINDOWS, platformName: WINDOWS, proxy: Proxy(), setWindowRect: true, strictFileInteractability: false, timeouts: {implicit: 0, pageLoad: 300000, script: 30000}, unhandledPromptBehavior: dismiss and notify, webauthn:extension:credBlob: true, webauthn:extension:largeBlob: true, webauthn:virtualAuthenticators: true}
Session ID: 135cef408e6a5f14b2b99f59c6aad94c]]>
            </message>
            <full-stacktrace>
              <![CDATA[org.openqa.selenium.TimeoutException: timeout: Timed out receiving message from renderer: 29.990
  (Session info: chrome=96.0.4664.110)
Build info: version: '3.141.59', revision: 'e82be7d358', time: '2018-11-14T08:17:03'
System info: host: 'LIN24007907', ip: '192.168.1.13', os.name: 'Windows 10', os.arch: 'amd64', os.version: '10.0', java.version: '17'
Driver info: org.openqa.selenium.chrome.ChromeDriver
Capabilities {acceptInsecureCerts: false, browserName: chrome, browserVersion: 96.0.4664.110, chrome: {chromedriverVersion: 96.0.4664.45 (76e4c1bb2ab46..., userDataDir: C:\Users\Akundar\AppData\Lo...}, goog:chromeOptions: {debuggerAddress: localhost:64427}, javascriptEnabled: true, networkConnectionEnabled: false, pageLoadStrategy: normal, platform: WINDOWS, platformName: WINDOWS, proxy: Proxy(), setWindowRect: true, strictFileInteractability: false, timeouts: {implicit: 0, pageLoad: 300000, script: 30000}, unhandledPromptBehavior: dismiss and notify, webauthn:extension:credBlob: true, webauthn:extension:largeBlob: true, webauthn:virtualAuthenticators: true}
Session ID: 135cef408e6a5f14b2b99f59c6aad94c
at java.base/jdk.internal.reflect.NativeConstructorAccessorImpl.newInstance0(Native Method)
at java.base/jdk.internal.reflect.NativeConstructorAccessorImpl.newInstance(NativeConstructorAccessorImpl.java:77)
at java.base/jdk.internal.reflect.DelegatingConstructorAccessorImpl.newInstance(DelegatingConstructorAccessorImpl.java:45)
at java.base/java.lang.reflect.Constructor.newInstanceWithCaller(Constructor.java:499)
at java.base/java.lang.reflect.Constructor.newInstance(Constructor.java:480)
at org.openqa.selenium.remote.http.W3CHttpResponseCodec.createException(W3CHttpResponseCodec.java:187)
at org.openqa.selenium.remote.http.W3CHttpResponseCodec.decode(W3CHttpResponseCodec.java:122)
at org.openqa.selenium.remote.http.W3CHttpResponseCodec.decode(W3CHttpResponseCodec.java:49)
at org.openqa.selenium.remote.HttpCommandExecutor.execute(HttpCommandExecutor.java:158)
at org.openqa.selenium.remote.service.DriverCommandExecutor.execute(DriverCommandExecutor.java:83)
at org.openqa.selenium.remote.RemoteWebDriver.execute(RemoteWebDriver.java:552)
at org.openqa.selenium.remote.RemoteWebDriver.execute(RemoteWebDriver.java:609)
at org.openqa.selenium.remote.RemoteWebDriver$RemoteNavigation.back(RemoteWebDriver.java:849)
at org.openqa.selenium.support.events.EventFiringWebDriver$EventFiringNavigation.back(EventFiringWebDriver.java:581)
at PageObjects.Categorypage.verifyArticles(Categorypage.java:457)
at SeleniumTesting.AEMhdfc.CategorypageTest.verifyArticlesSection(CategorypageTest.java:167)
at java.base/jdk.internal.reflect.NativeMethodAccessorImpl.invoke0(Native Method)
at java.base/jdk.internal.reflect.NativeMethodAccessorImpl.invoke(NativeMethodAccessorImpl.java:77)
at java.base/jdk.internal.reflect.DelegatingMethodAccessorImpl.invoke(DelegatingMethodAccessorImpl.java:43)
at java.base/java.lang.reflect.Method.invoke(Method.java:568)
at org.testng.internal.MethodInvocationHelper.invokeMethod(MethodInvocationHelper.java:133)
at org.testng.internal.TestInvoker.invokeMethod(TestInvoker.java:598)
at org.testng.internal.TestInvoker.invokeTestMethod(TestInvoker.java:173)
at org.testng.internal.MethodRunner.runInSequence(MethodRunner.java:46)
at org.testng.internal.TestInvoker$MethodInvocationAgent.invoke(TestInvoker.java:824)
at org.testng.internal.TestInvoker.invokeTestMethods(TestInvoker.java:146)
at org.testng.internal.TestMethodWorker.invokeTestMethods(TestMethodWorker.java:146)
at org.testng.internal.TestMethodWorker.run(TestMethodWorker.java:128)
[...]
  (Session info: chrome=96.0.4664.110)
Build info: version: '3.141.59', revision: 'e82be7d358', time: '2018-11-14T08:17:03'
System info: host: 'LIN24007907', ip: '192.168.1.13', os.name: 'Windows 10', os.arch: 'amd64', os.version: '10.0', java.version: '17'
Driver info: org.openqa.selenium.chrome.ChromeDriver
Capabilities {acceptInsecureCerts: false, browserName: chrome, browserVersion: 96.0.4664.110, chrome: {chromedriverVersion: 96.0.4664.45 (76e4c1bb2ab46..., userDataDir: C:\Users\Akundar\AppData\Lo...}, goog:chromeOptions: {debuggerAddress: localhost:64826}, javascriptEnabled: true, networkConnectionEnabled: false, pageLoadStrategy: normal, platform: WINDOWS, platformName: WINDOWS, proxy: Proxy(), setWindowRect: true, strictFileInteractability: false, timeouts: {implicit: 0, pageLoad: 300000, script: 30000}, unhandledPromptBehavior: dismiss and notify, webauthn:extension:credBlob: true, webauthn:extension:largeBlob: true, webauthn:virtualAuthenticators: true}
Session ID: 57546323a5bc7c585511f26cb251e195
at java.base/jdk.internal.reflect.NativeConstructorAccessorImpl.newInstance0(Native Method)
at java.base/jdk.internal.reflect.NativeConstructorAccessorImpl.newInstance(NativeConstructorAccessorImpl.java:77)
at java.base/jdk.internal.reflect.DelegatingConstructorAccessorImpl.newInstance(DelegatingConstructorAccessorImpl.java:45)
at java.base/java.lang.reflect.Constructor.newInstanceWithCaller(Constructor.java:499)
at java.base/java.lang.reflect.Constructor.newInstance(Constructor.java:480)
at org.openqa.selenium.remote.http.W3CHttpResponseCodec.createException(W3CHttpResponseCodec.java:187)
at org.openqa.selenium.remote.http.W3CHttpResponseCodec.decode(W3CHttpResponseCodec.java:122)
at org.openqa.selenium.remote.http.W3CHttpResponseCodec.decode(W3CHttpResponseCodec.java:49)
at org.openqa.selenium.remote.HttpCommandExecutor.execute(HttpCommandExecutor.java:158)
at org.openqa.selenium.remote.service.DriverCommandExecutor.execute(DriverCommandExecutor.java:83)
at org.openqa.selenium.remote.RemoteWebDriver.execute(RemoteWebDriver.java:552)
at org.openqa.selenium.remote.RemoteWebDriver.execute(RemoteWebDriver.java:609)
at org.openqa.selenium.remote.RemoteWebDriver$RemoteNavigation.back(RemoteWebDriver.java:849)
at org.openqa.selenium.support.events.EventFiringWebDriver$EventFiringNavigation.back(EventFiringWebDriver.java:581)
at PageObjects.Categorypage.clickHomeIconInBreadcrumb(Categorypage.java:166)
at SeleniumTesting.AEMhdfc.ProductpageTest.verifyProductPageBreadcrumb(ProductpageTest.java:70)
at java.base/jdk.internal.reflect.NativeMethodAccessorImpl.invoke0(Native Method)
at java.base/jdk.internal.reflect.NativeMethodAccessorImpl.invoke(NativeMethodAccessorImpl.java:77)
at java.base/jdk.internal.reflect.DelegatingMethodAccessorImpl.invoke(DelegatingMethodAccessorImpl.java:43)
at java.base/java.lang.reflect.Method.invoke(Method.java:568)
at org.testng.internal.MethodInvocationHelper.invokeMethod(MethodInvocationHelper.java:133)
at org.testng.internal.TestInvoker.invokeMethod(TestInvoker.java:598)
at org.testng.internal.TestInvoker.invokeTestMethod(TestInvoker.java:173)
at org.testng.internal.MethodRunner.runInSequence(MethodRunner.java:46)
at org.testng.internal.TestInvoker$MethodInvocationAgent.invoke(TestInvoker.java:824)
at org.testng.internal.TestInvoker.invokeTestMethods(TestInvoker.java:146)
at org.testng.internal.TestMethodWorker.invokeTestMethods(TestMethodWorker.java:146)
at org.testng.internal.TestMethodWorker.run(TestMethodWorker.java:128)
at java.base/java.util.ArrayList.forEach(ArrayList.java:1511)
at org.testng.TestRunner.privateRun(TestRunner.java:794)
at org.testng.TestRunner.run(TestRunner.java:596)
at org.testng.SuiteRunner.runTest(SuiteRunner.java:377)
at org.testng.SuiteRunner.runSequentially(SuiteRunner.java:371)
at org.testng.SuiteRunner.privateRun(SuiteRunner.java:332)
at org.testng.SuiteRunner.run(SuiteRunner.java:276)
at org.testng.SuiteRunnerWorker.runSuite(SuiteRunnerWorker.java:53)
at org.testng.SuiteRunnerWorker.run(SuiteRunnerWorker.java:96)
at org.testng.TestNG.runSuitesSequentially(TestNG.java:1212)
at org.testng.TestNG.runSuitesLocally(TestNG.java:1134)
at org.testng.TestNG.runSuites(TestNG.java:1063)
at org.testng.TestNG.run(TestNG.java:1031)
at org.apache.maven.surefire.testng.TestNGExecutor.run(TestNGExecutor.java:284)
at org.apache.maven.surefire.testng.TestNGXmlTestSuite.execute(TestNGXmlTestSuite.java:75)
at org.apache.maven.surefire.testng.TestNGProvider.invoke(TestNGProvider.java:119)
at org.apache.maven.surefire.booter.ForkedBooter.runSuitesInProcess(ForkedBooter.java:428)
at org.apache.maven.surefire.booter.ForkedBooter.execute(ForkedBooter.java:162)
at org.apache.maven.surefire.booter.ForkedBooter.run(ForkedBooter.java:562)
at org.apache.maven.surefire.booter.ForkedBooter.main(ForkedBooter.java:548)
]]>
            </full-stacktrace>
          </exception> <!-- org.openqa.selenium.TimeoutException -->
          <reporter-output>
          </reporter-output>
        </test-method> <!-- verifyProductPageBreadcrumb -->
        <test-method signature="verifyProductPageBreadcrumb()[pri:3, instance:SeleniumTesting.AEMhdfc.ProductpageTest@2289aca5]" started-at="2021-12-20T09:54:28 IST" name="verifyProductPageBreadcrumb" finished-at="2021-12-20T09:54:53 IST" depends-on-methods="SeleniumTesting.AEMhdfc.ProductpageTest.navigateToProductPage" duration-ms="24853" status="PASS">
          <reporter-output>
          </reporter-output>
        </test-method> <!-- verifyProductPageBreadcrumb -->
        <test-method signature="verifyRatingOption()[pri:4, instance:SeleniumTesting.AEMhdfc.ProductpageTest@2289aca5]" started-at="2021-12-20T09:54:53 IST" name="verifyRatingOption" finished-at="2021-12-20T09:55:02 IST" depends-on-methods="SeleniumTesting.AEMhdfc.ProductpageTest.navigateToProductPage" duration-ms="9515" status="PASS">
          <reporter-output>
          </reporter-output>
        </test-method> <!-- verifyRatingOption -->
        <test-method signature="verifyPrintBtn()[pri:5, instance:SeleniumTesting.AEMhdfc.ProductpageTest@2289aca5]" started-at="2021-12-20T09:55:02 IST" name="verifyPrintBtn" finished-at="2021-12-20T09:55:12 IST" duration-ms="9563" status="PASS">
          <reporter-output>
          </reporter-output>
        </test-method> <!-- verifyPrintBtn -->
        <test-method signature="verifyShareOption()[pri:6, instance:SeleniumTesting.AEMhdfc.ProductpageTest@2289aca5]" started-at="2021-12-20T09:55:12 IST" name="verifyShareOption" finished-at="2021-12-20T09:56:02 IST" depends-on-methods="SeleniumTesting.AEMhdfc.ProductpageTest.verifyPrintBtn" duration-ms="49958" status="PASS">
          <reporter-output>
          </reporter-output>
        </test-method> <!-- verifyShareOption -->
        <test-method signature="verifyRatingsFromAPI()[pri:7, instance:SeleniumTesting.AEMhdfc.ProductpageTest@2289aca5]" started-at="2021-12-20T09:56:02 IST" name="verifyRatingsFromAPI" finished-at="2021-12-20T09:56:05 IST" depends-on-methods="SeleniumTesting.AEMhdfc.ProductpageTest.verifyPrintBtn" duration-ms="3044" status="PASS">
          <reporter-output>
          </reporter-output>
        </test-method> <!-- verifyRatingsFromAPI -->
        <test-method signature="verifyDownloadBrochure()[pri:8, instance:SeleniumTesting.AEMhdfc.ProductpageTest@2289aca5]" started-at="2021-12-20T09:56:05 IST" name="verifyDownloadBrochure" finished-at="2021-12-20T09:56:11 IST" depends-on-methods="SeleniumTesting.AEMhdfc.ProductpageTest.verifyPrintBtn" duration-ms="6195" status="PASS">
          <reporter-output>
          </reporter-output>
        </test-method> <!-- verifyDownloadBrochure -->
        <test-method signature="verifyCalculatePremiumBtn()[pri:9, instance:SeleniumTesting.AEMhdfc.ProductpageTest@2289aca5]" started-at="2021-12-20T09:56:11 IST" name="verifyCalculatePremiumBtn" finished-at="2021-12-20T09:56:22 IST" depends-on-methods="SeleniumTesting.AEMhdfc.ProductpageTest.verifyPrintBtn" duration-ms="11492" status="PASS">
          <reporter-output>
          </reporter-output>
        </test-method> <!-- verifyCalculatePremiumBtn -->
        <test-method signature="verifyBuyNowBtn()[pri:10, instance:SeleniumTesting.AEMhdfc.ProductpageTest@2289aca5]" started-at="2021-12-20T09:56:22 IST" name="verifyBuyNowBtn" finished-at="2021-12-20T09:56:32 IST" depends-on-methods="SeleniumTesting.AEMhdfc.ProductpageTest.verifyPrintBtn" duration-ms="9458" status="PASS">
          <reporter-output>
          </reporter-output>
        </test-method> <!-- verifyBuyNowBtn -->
        <test-method signature="verifyDownloadsSectionAfterScroll()[pri:11, instance:SeleniumTesting.AEMhdfc.ProductpageTest@2289aca5]" started-at="2021-12-20T09:56:32 IST" name="verifyDownloadsSectionAfterScroll" finished-at="2021-12-20T09:58:21 IST" depends-on-methods="SeleniumTesting.AEMhdfc.ProductpageTest.navigateToProductPage" duration-ms="108910" status="PASS">
          <reporter-output>
          </reporter-output>
        </test-method> <!-- verifyDownloadsSectionAfterScroll -->
        <test-method signature="verifyYourPlanYourBenefitsSection()[pri:12, instance:SeleniumTesting.AEMhdfc.ProductpageTest@2289aca5]" started-at="2021-12-20T09:58:21 IST" name="verifyYourPlanYourBenefitsSection" finished-at="2021-12-20T09:58:34 IST" depends-on-methods="SeleniumTesting.AEMhdfc.ProductpageTest.verifyDownloadsSectionAfterScroll" duration-ms="13505" status="FAIL">
          <exception class="org.openqa.selenium.ElementClickInterceptedException">
            <message>
              <![CDATA[element click intercepted: Element is not clickable at point (689, -1778)
  (Session info: chrome=96.0.4664.110)
Build info: version: '3.141.59', revision: 'e82be7d358', time: '2018-11-14T08:17:03'
System info: host: 'LIN24007907', ip: '192.168.1.13', os.name: 'Windows 10', os.arch: 'amd64', os.version: '10.0', java.version: '17'
Driver info: org.openqa.selenium.chrome.ChromeDriver
Capabilities {acceptInsecureCerts: false, browserName: chrome, browserVersion: 96.0.4664.110, chrome: {chromedriverVersion: 96.0.4664.45 (76e4c1bb2ab46..., userDataDir: C:\Users\Akundar\AppData\Lo...}, goog:chromeOptions: {debuggerAddress: localhost:64826}, javascriptEnabled: true, networkConnectionEnabled: false, pageLoadStrategy: normal, platform: WINDOWS, platformName: WINDOWS, proxy: Proxy(), setWindowRect: true, strictFileInteractability: false, timeouts: {implicit: 0, pageLoad: 300000, script: 30000}, unhandledPromptBehavior: dismiss and notify, webauthn:extension:credBlob: true, webauthn:extension:largeBlob: true, webauthn:virtualAuthenticators: true}
Session ID: 57546323a5bc7c585511f26cb251e195]]>
            </message>
            <full-stacktrace>
              <![CDATA[org.openqa.selenium.ElementClickInterceptedException: element click intercepted: Element is not clickable at point (689, -1778)
  (Session info: chrome=96.0.4664.110)
Build info: version: '3.141.59', revision: 'e82be7d358', time: '2018-11-14T08:17:03'
System info: host: 'LIN24007907', ip: '192.168.1.13', os.name: 'Windows 10', os.arch: 'amd64', os.version: '10.0', java.version: '17'
Driver info: org.openqa.selenium.chrome.ChromeDriver
Capabilities {acceptInsecureCerts: false, browserName: chrome, browserVersion: 96.0.4664.110, chrome: {chromedriverVersion: 96.0.4664.45 (76e4c1bb2ab46..., userDataDir: C:\Users\Akundar\AppData\Lo...}, goog:chromeOptions: {debuggerAddress: localhost:64826}, javascriptEnabled: true, networkConnectionEnabled: false, pageLoadStrategy: normal, platform: WINDOWS, platformName: WINDOWS, proxy: Proxy(), setWindowRect: true, strictFileInteractability: false, timeouts: {implicit: 0, pageLoad: 300000, script: 30000}, unhandledPromptBehavior: dismiss and notify, webauthn:extension:credBlob: true, webauthn:extension:largeBlob: true, webauthn:virtualAuthenticators: true}
Session ID: 57546323a5bc7c585511f26cb251e195
at java.base/jdk.internal.reflect.NativeConstructorAccessorImpl.newInstance0(Native Method)
at java.base/jdk.internal.reflect.NativeConstructorAccessorImpl.newInstance(NativeConstructorAccessorImpl.java:77)
at java.base/jdk.internal.reflect.DelegatingConstructorAccessorImpl.newInstance(DelegatingConstructorAccessorImpl.java:45)
at java.base/java.lang.reflect.Constructor.newInstanceWithCaller(Constructor.java:499)
at java.base/java.lang.reflect.Constructor.newInstance(Constructor.java:480)
at org.openqa.selenium.remote.http.W3CHttpResponseCodec.createException(W3CHttpResponseCodec.java:187)
at org.openqa.selenium.remote.http.W3CHttpResponseCodec.decode(W3CHttpResponseCodec.java:122)
at org.openqa.selenium.remote.http.W3CHttpResponseCodec.decode(W3CHttpResponseCodec.java:49)
at org.openqa.selenium.remote.HttpCommandExecutor.execute(HttpCommandExecutor.java:158)
at org.openqa.selenium.remote.service.DriverCommandExecutor.execute(DriverCommandExecutor.java:83)
at org.openqa.selenium.remote.RemoteWebDriver.execute(RemoteWebDriver.java:552)
at org.openqa.selenium.remote.RemoteWebElement.execute(RemoteWebElement.java:285)
at org.openqa.selenium.remote.RemoteWebElement.click(RemoteWebElement.java:84)
at jdk.internal.reflect.GeneratedMethodAccessor6.invoke(Unknown Source)
at java.base/jdk.internal.reflect.DelegatingMethodAccessorImpl.invoke(DelegatingMethodAccessorImpl.java:43)
at java.base/java.lang.reflect.Method.invoke(Method.java:568)
at org.openqa.selenium.support.events.EventFiringWebDriver$EventFiringWebElement.lambda$new$0(EventFiringWebDriver.java:404)
at jdk.proxy2/jdk.proxy2.$Proxy30.click(Unknown Source)
at org.openqa.selenium.support.events.EventFiringWebDriver$EventFiringWebElement.click(EventFiringWebDriver.java:417)
at jdk.internal.reflect.GeneratedMethodAccessor6.invoke(Unknown Source)
at java.base/jdk.internal.reflect.DelegatingMethodAccessorImpl.invoke(DelegatingMethodAccessorImpl.java:43)
at java.base/java.lang.reflect.Method.invoke(Method.java:568)
at org.openqa.selenium.support.pagefactory.internal.LocatingElementHandler.invoke(LocatingElementHandler.java:51)
at jdk.proxy2/jdk.proxy2.$Proxy28.click(Unknown Source)
at PageObjects.Productpage.verifyBenefitsSection(Productpage.java:397)
at SeleniumTesting.AEMhdfc.ProductpageTest.verifyYourPlanYourBenefitsSection(ProductpageTest.java:157)
at java.base/jdk.internal.reflect.NativeMethodAccessorImpl.invoke0(Native Method)
at java.base/jdk.internal.reflect.NativeMethodAccessorImpl.invoke(NativeMethodAccessorImpl.java:77)
at java.base/jdk.internal.reflect.DelegatingMethodAccessorImpl.invoke(DelegatingMethodAccessorImpl.java:43)
at java.base/java.lang.reflect.Method.invoke(Method.java:568)
at org.testng.internal.MethodInvocationHelper.invokeMethod(MethodInvocationHelper.java:133)
at org.testng.internal.TestInvoker.invokeMethod(TestInvoker.java:598)
at org.testng.internal.TestInvoker.invokeTestMethod(TestInvoker.java:173)
at org.testng.internal.MethodRunner.runInSequence(MethodRunner.java:46)
at org.testng.internal.TestInvoker$MethodInvocationAgent.invoke(TestInvoker.java:824)
at org.testng.internal.TestInvoker.invokeTestMethods(TestInvoker.java:146)
at org.testng.internal.TestMethodWorker.invokeTestMethods(TestMethodWorker.java:146)
at org.testng.internal.TestMethodWorker.run(TestMethodWorker.java:128)
at java.base/java.util.ArrayList.forEach(ArrayList.java:1511)
at org.testng.TestRunner.privateRun(TestRunner.java:794)
at org.testng.TestRunner.run(TestRunner.java:596)
at org.testng.SuiteRunner.runTest(SuiteRunner.java:377)
at org.testng.SuiteRunner.runSequentially(SuiteRunner.java:371)
at org.testng.SuiteRunner.privateRun(SuiteRunner.java:332)
at org.testng.SuiteRunner.run(SuiteRunner.java:276)
at org.testng.SuiteRunnerWorker.runSuite(SuiteRunnerWorker.java:53)
at org.testng.SuiteRunnerWorker.run(SuiteRunnerWorker.java:96)
at org.testng.TestNG.runSuitesSequentially(TestNG.java:1212)
at org.testng.TestNG.runSuitesLocally(TestNG.java:1134)
at org.testng.TestNG.runSuites(TestNG.java:1063)
at org.testng.TestNG.run(TestNG.java:1031)
at org.apache.maven.surefire.testng.TestNGExecutor.run(TestNGExecutor.java:284)
at org.apache.maven.surefire.testng.TestNGXmlTestSuite.execute(TestNGXmlTestSuite.java:75)
at org.apache.maven.surefire.testng.TestNGProvider.invoke(TestNGProvider.java:119)
at org.apache.maven.surefire.booter.ForkedBooter.runSuitesInProcess(ForkedBooter.java:428)
at org.apache.maven.surefire.booter.ForkedBooter.execute(ForkedBooter.java:162)
at org.apache.maven.surefire.booter.ForkedBooter.run(ForkedBooter.java:562)
at org.apache.maven.surefire.booter.ForkedBooter.main(ForkedBooter.java:548)
]]>
            </full-stacktrace>
          </exception> <!-- org.openqa.selenium.ElementClickInterceptedException -->
          <reporter-output>
          </reporter-output>
        </test-method> <!-- verifyYourPlanYourBenefitsSection -->
        <test-method signature="verifyEligibilityCriteria()[pri:13, instance:SeleniumTesting.AEMhdfc.ProductpageTest@2289aca5]" started-at="2021-12-20T09:58:34 IST" name="verifyEligibilityCriteria" finished-at="2021-12-20T09:58:44 IST" duration-ms="9341" status="PASS">
          <reporter-output>
          </reporter-output>
        </test-method> <!-- verifyEligibilityCriteria -->
        <test-method signature="verifyVideoOnCategoryPage()[pri:14, instance:SeleniumTesting.AEMhdfc.ProductpageTest@2289aca5]" started-at="2021-12-20T09:58:44 IST" name="verifyVideoOnCategoryPage" finished-at="2021-12-20T09:58:47 IST" duration-ms="3015" status="PASS">
          <reporter-output>
          </reporter-output>
        </test-method> <!-- verifyVideoOnCategoryPage -->
        <test-method signature="verifyRidersSection()[pri:15, instance:SeleniumTesting.AEMhdfc.ProductpageTest@2289aca5]" started-at="2021-12-20T09:58:47 IST" name="verifyRidersSection" finished-at="2021-12-20T09:59:45 IST" depends-on-methods="SeleniumTesting.AEMhdfc.ProductpageTest.verifyVideoOnCategoryPage" duration-ms="57868" status="PASS">
          <reporter-output>
          </reporter-output>
        </test-method> <!-- verifyRidersSection -->
        <test-method signature="verifyScheduleACallOnProductPage()[pri:16, instance:SeleniumTesting.AEMhdfc.ProductpageTest@2289aca5]" started-at="2021-12-20T09:59:45 IST" name="verifyScheduleACallOnProductPage" finished-at="2021-12-20T10:00:02 IST" depends-on-methods="SeleniumTesting.AEMhdfc.ProductpageTest.verifyRidersSection" duration-ms="17244" status="PASS">
          <reporter-output>
          </reporter-output>
        </test-method> <!-- verifyScheduleACallOnProductPage -->
        <test-method signature="verifyFAQSection()[pri:17, instance:SeleniumTesting.AEMhdfc.ProductpageTest@2289aca5]" started-at="2021-12-20T10:00:02 IST" name="verifyFAQSection" finished-at="2021-12-20T10:00:14 IST" depends-on-methods="SeleniumTesting.AEMhdfc.ProductpageTest.verifyScheduleACallOnProductPage" duration-ms="12581" status="PASS">
          <reporter-output>
          </reporter-output>
        </test-method> <!-- verifyFAQSection -->
        <test-method signature="verifyDisclaimerOnProductPage()[pri:18, instance:SeleniumTesting.AEMhdfc.ProductpageTest@2289aca5]" started-at="2021-12-20T10:00:14 IST" name="verifyDisclaimerOnProductPage" finished-at="2021-12-20T10:00:24 IST" depends-on-methods="SeleniumTesting.AEMhdfc.ProductpageTest.verifyFAQSection" duration-ms="9165" status="PASS">
          <reporter-output>
          </reporter-output>
        </test-method> <!-- verifyDisclaimerOnProductPage -->
        <test-method is-config="true" signature="tearDown()[pri:0, instance:SeleniumTesting.AEMhdfc.ProductpageTest@2289aca5]" started-at="2021-12-20T10:00:24 IST" name="tearDown" finished-at="2021-12-20T10:00:24 IST" duration-ms="407" status="PASS">
          <reporter-output>
          </reporter-output>
        </test-method> <!-- tearDown -->
      </class> <!-- SeleniumTesting.AEMhdfc.ProductpageTest -->
    </test> <!-- Test -->
  </suite> <!-- Suite -->
</testng-results>
