<?xml version="1.0" encoding="UTF-8"?>
<testng-results ignored="0" total="11" passed="11" failed="0" skipped="0">
  <reporter-output>
  </reporter-output>
  <suite started-at="2021-12-01T14:00:25Z" name="Default suite" finished-at="2021-12-01T14:03:38Z" duration-ms="192614">
    <groups>
    </groups>
    <test started-at="2021-12-01T14:00:25Z" name="Default test" finished-at="2021-12-01T14:03:38Z" duration-ms="192614">
      <class name="SeleniumTesting.AEMhdfc.CategorypageTest">
        <test-method is-config="true" signature="setUp()[pri:0, instance:SeleniumTesting.AEMhdfc.CategorypageTest@15eb5ee5]" started-at="2021-12-01T19:30:25Z" name="setUp" finished-at="2021-12-01T19:30:38Z" duration-ms="12745" status="PASS">
          <reporter-output>
          </reporter-output>
        </test-method> <!-- setUp -->
        <test-method signature="navigateToPage()[pri:1, instance:SeleniumTesting.AEMhdfc.CategorypageTest@15eb5ee5]" started-at="2021-12-01T19:30:38Z" name="navigateToPage" finished-at="2021-12-01T19:30:46Z" duration-ms="8482" status="PASS">
          <reporter-output>
          </reporter-output>
        </test-method> <!-- navigateToPage -->
        <test-method signature="verifyCalculatePremiumBtn()[pri:2, instance:SeleniumTesting.AEMhdfc.CategorypageTest@15eb5ee5]" started-at="2021-12-01T19:30:46Z" name="verifyCalculatePremiumBtn" finished-at="2021-12-01T19:31:05Z" duration-ms="18824" status="PASS">
          <reporter-output>
          </reporter-output>
        </test-method> <!-- verifyCalculatePremiumBtn -->
        <test-method signature="verifyTalkToAdvisor()[pri:3, instance:SeleniumTesting.AEMhdfc.CategorypageTest@15eb5ee5]" started-at="2021-12-01T19:31:05Z" name="verifyTalkToAdvisor" finished-at="2021-12-01T19:31:15Z" duration-ms="9352" status="PASS">
          <reporter-output>
          </reporter-output>
        </test-method> <!-- verifyTalkToAdvisor -->
        <test-method signature="verifyTalkToAdvisorPopup()[pri:4, instance:SeleniumTesting.AEMhdfc.CategorypageTest@15eb5ee5]" started-at="2021-12-01T19:31:15Z" name="verifyTalkToAdvisorPopup" finished-at="2021-12-01T19:31:30Z" duration-ms="15482" status="PASS">
          <reporter-output>
          </reporter-output>
        </test-method> <!-- verifyTalkToAdvisorPopup -->
        <test-method signature="verifyHomeIconInBreadCrumb()[pri:5, instance:SeleniumTesting.AEMhdfc.CategorypageTest@15eb5ee5]" started-at="2021-12-01T19:31:30Z" name="verifyHomeIconInBreadCrumb" finished-at="2021-12-01T19:31:45Z" duration-ms="14962" status="PASS">
          <reporter-output>
          </reporter-output>
        </test-method> <!-- verifyHomeIconInBreadCrumb -->
        <test-method signature="verifyC2PLProduct()[pri:6, instance:SeleniumTesting.AEMhdfc.CategorypageTest@15eb5ee5]" started-at="2021-12-01T19:31:45Z" name="verifyC2PLProduct" finished-at="2021-12-01T19:32:30Z" duration-ms="44852" status="PASS">
          <reporter-output>
          </reporter-output>
        </test-method> <!-- verifyC2PLProduct -->
        <test-method signature="verifySJBProduct()[pri:7, instance:SeleniumTesting.AEMhdfc.CategorypageTest@15eb5ee5]" started-at="2021-12-01T19:32:30Z" name="verifySJBProduct" finished-at="2021-12-01T19:32:59Z" depends-on-methods="SeleniumTesting.AEMhdfc.CategorypageTest.verifyC2PLProduct" duration-ms="29542" status="PASS">
          <reporter-output>
          </reporter-output>
        </test-method> <!-- verifySJBProduct -->
        <test-method signature="verifyLetsCalculateWithValidData()[pri:8, instance:SeleniumTesting.AEMhdfc.CategorypageTest@15eb5ee5]" started-at="2021-12-01T19:32:59Z" name="verifyLetsCalculateWithValidData" finished-at="2021-12-01T19:33:14Z" depends-on-methods="SeleniumTesting.AEMhdfc.CategorypageTest.verifySJBProduct, SeleniumTesting.AEMhdfc.CategorypageTest.verifyC2PLProduct" duration-ms="14186" status="PASS">
          <reporter-output>
          </reporter-output>
        </test-method> <!-- verifyLetsCalculateWithValidData -->
        <test-method signature="verifyVideoOnCategoryPage()[pri:9, instance:SeleniumTesting.AEMhdfc.CategorypageTest@15eb5ee5]" started-at="2021-12-01T19:33:14Z" name="verifyVideoOnCategoryPage" finished-at="2021-12-01T19:33:20Z" depends-on-methods="SeleniumTesting.AEMhdfc.CategorypageTest.verifySJBProduct, SeleniumTesting.AEMhdfc.CategorypageTest.verifyLetsCalculateWithValidData, SeleniumTesting.AEMhdfc.CategorypageTest.verifyC2PLProduct" duration-ms="6449" status="PASS">
          <reporter-output>
          </reporter-output>
        </test-method> <!-- verifyVideoOnCategoryPage -->
        <test-method signature="verifyWhySection()[pri:10, instance:SeleniumTesting.AEMhdfc.CategorypageTest@15eb5ee5]" started-at="2021-12-01T19:33:20Z" name="verifyWhySection" finished-at="2021-12-01T19:33:33Z" depends-on-methods="SeleniumTesting.AEMhdfc.CategorypageTest.verifyVideoOnCategoryPage" duration-ms="12411" status="PASS">
          <reporter-output>
          </reporter-output>
        </test-method> <!-- verifyWhySection -->
        <test-method signature="verifyFaqAccordions()[pri:11, instance:SeleniumTesting.AEMhdfc.CategorypageTest@15eb5ee5]" started-at="2021-12-01T19:33:33Z" name="verifyFaqAccordions" finished-at="2021-12-01T19:33:38Z" depends-on-methods="SeleniumTesting.AEMhdfc.CategorypageTest.verifyWhySection" duration-ms="5011" status="PASS">
          <reporter-output>
          </reporter-output>
        </test-method> <!-- verifyFaqAccordions -->
        <test-method is-config="true" signature="tear()[pri:0, instance:SeleniumTesting.AEMhdfc.CategorypageTest@15eb5ee5]" started-at="2021-12-01T19:33:38Z" name="tear" finished-at="2021-12-01T19:33:38Z" duration-ms="281" status="PASS">
          <reporter-output>
          </reporter-output>
        </test-method> <!-- tear -->
      </class> <!-- SeleniumTesting.AEMhdfc.CategorypageTest -->
    </test> <!-- Default test -->
  </suite> <!-- Default suite -->
</testng-results>
